Using TensorFlow backend.
_________________________________________________________________
Layer (type)                 Output Shape              Param #   
=================================================================
batch_normalization_1 (Batch (None, 16)                64        
_________________________________________________________________
dense_1 (Dense)              (None, 12)                204       
_________________________________________________________________
dropout_1 (Dropout)          (None, 12)                0         
_________________________________________________________________
dense_2 (Dense)              (None, 8)                 104       
_________________________________________________________________
dropout_2 (Dropout)          (None, 8)                 0         
_________________________________________________________________
dense_3 (Dense)              (None, 1)                 9         
=================================================================
Total params: 381
Trainable params: 349
Non-trainable params: 32
_________________________________________________________________
None
Train on 496 samples, validate on 128 samples
Epoch 1/1
2018-08-01 14:16:36.988692: I tensorflow/core/platform/cpu_feature_guard.cc:141] Your CPU supports instructions that this TensorFlow binary was not compiled to use: AVX2 FMA
2018-08-01 14:16:37.196898: I tensorflow/core/common_runtime/gpu/gpu_device.cc:1392] Found device 0 with properties: 
name: GeForce GTX 1060 6GB major: 6 minor: 1 memoryClockRate(GHz): 1.759
pciBusID: 0000:03:00.0
totalMemory: 5.93GiB freeMemory: 5.52GiB
2018-08-01 14:16:37.196937: I tensorflow/core/common_runtime/gpu/gpu_device.cc:1471] Adding visible gpu devices: 0
2018-08-01 14:16:37.470411: I tensorflow/core/common_runtime/gpu/gpu_device.cc:952] Device interconnect StreamExecutor with strength 1 edge matrix:
2018-08-01 14:16:37.470463: I tensorflow/core/common_runtime/gpu/gpu_device.cc:958]      0 
2018-08-01 14:16:37.470470: I tensorflow/core/common_runtime/gpu/gpu_device.cc:971] 0:   N 
2018-08-01 14:16:37.470651: I tensorflow/core/common_runtime/gpu/gpu_device.cc:1084] Created TensorFlow device (/job:localhost/replica:0/task:0/device:GPU:0 with 5293 MB memory) -> physical GPU (device: 0, name: GeForce GTX 1060 6GB, pci bus id: 0000:03:00.0, compute capability: 6.1)
496/496 [==============================] - 1s 2ms/step - loss: 0.3759 - mean_absolute_error: 0.4759 - val_loss: 0.2666 - val_mean_absolute_error: 0.4028
Data saved at /home/brendonm/ap_simulation_time1533147398_epoch0.json
Train on 496 samples, validate on 128 samples
Epoch 1/1
496/496 [==============================] - 0s 184us/step - loss: 0.2097 - mean_absolute_error: 0.3635 - val_loss: 0.1539 - val_mean_absolute_error: 0.3089
Data saved at /home/brendonm/ap_simulation_time1533147398_epoch1.json
Train on 496 samples, validate on 128 samples
Epoch 1/1
496/496 [==============================] - 0s 186us/step - loss: 0.1334 - mean_absolute_error: 0.2851 - val_loss: 0.0927 - val_mean_absolute_error: 0.2440
Data saved at /home/brendonm/ap_simulation_time1533147398_epoch2.json
Train on 496 samples, validate on 128 samples
Epoch 1/1
496/496 [==============================] - 0s 200us/step - loss: 0.0903 - mean_absolute_error: 0.2299 - val_loss: 0.0609 - val_mean_absolute_error: 0.1992
Data saved at /home/brendonm/ap_simulation_time1533147398_epoch3.json
Train on 496 samples, validate on 128 samples
Epoch 1/1
496/496 [==============================] - 0s 202us/step - loss: 0.0673 - mean_absolute_error: 0.2028 - val_loss: 0.0433 - val_mean_absolute_error: 0.1654
Data saved at /home/brendonm/ap_simulation_time1533147398_epoch4.json
Train on 496 samples, validate on 128 samples
Epoch 1/1
496/496 [==============================] - 0s 206us/step - loss: 0.0574 - mean_absolute_error: 0.1906 - val_loss: 0.0348 - val_mean_absolute_error: 0.1467
Data saved at /home/brendonm/ap_simulation_time1533147398_epoch5.json
Train on 496 samples, validate on 128 samples
Epoch 1/1
496/496 [==============================] - 0s 198us/step - loss: 0.0454 - mean_absolute_error: 0.1652 - val_loss: 0.0297 - val_mean_absolute_error: 0.1357
Data saved at /home/brendonm/ap_simulation_time1533147398_epoch6.json
Train on 496 samples, validate on 128 samples
Epoch 1/1
496/496 [==============================] - 0s 203us/step - loss: 0.0449 - mean_absolute_error: 0.1646 - val_loss: 0.0259 - val_mean_absolute_error: 0.1267
Data saved at /home/brendonm/ap_simulation_time1533147398_epoch7.json
Train on 496 samples, validate on 128 samples
Epoch 1/1
496/496 [==============================] - 0s 190us/step - loss: 0.0356 - mean_absolute_error: 0.1462 - val_loss: 0.0237 - val_mean_absolute_error: 0.1216
Data saved at /home/brendonm/ap_simulation_time1533147399_epoch8.json
Train on 496 samples, validate on 128 samples
Epoch 1/1
496/496 [==============================] - 0s 197us/step - loss: 0.0345 - mean_absolute_error: 0.1453 - val_loss: 0.0223 - val_mean_absolute_error: 0.1177
Data saved at /home/brendonm/ap_simulation_time1533147399_epoch9.json
Train on 496 samples, validate on 128 samples
Epoch 1/1
496/496 [==============================] - 0s 190us/step - loss: 0.0366 - mean_absolute_error: 0.1509 - val_loss: 0.0209 - val_mean_absolute_error: 0.1131
Data saved at /home/brendonm/ap_simulation_time1533147399_epoch10.json
Train on 496 samples, validate on 128 samples
Epoch 1/1
496/496 [==============================] - 0s 185us/step - loss: 0.0310 - mean_absolute_error: 0.1383 - val_loss: 0.0201 - val_mean_absolute_error: 0.1113
Data saved at /home/brendonm/ap_simulation_time1533147399_epoch11.json
Train on 496 samples, validate on 128 samples
Epoch 1/1
496/496 [==============================] - 0s 198us/step - loss: 0.0282 - mean_absolute_error: 0.1292 - val_loss: 0.0186 - val_mean_absolute_error: 0.1058
Data saved at /home/brendonm/ap_simulation_time1533147399_epoch12.json
Train on 496 samples, validate on 128 samples
Epoch 1/1
496/496 [==============================] - 0s 205us/step - loss: 0.0265 - mean_absolute_error: 0.1260 - val_loss: 0.0177 - val_mean_absolute_error: 0.1034
Data saved at /home/brendonm/ap_simulation_time1533147399_epoch13.json
Train on 496 samples, validate on 128 samples
Epoch 1/1
496/496 [==============================] - 0s 199us/step - loss: 0.0338 - mean_absolute_error: 0.1408 - val_loss: 0.0179 - val_mean_absolute_error: 0.1043
Data saved at /home/brendonm/ap_simulation_time1533147399_epoch14.json
Train on 496 samples, validate on 128 samples
Epoch 1/1
496/496 [==============================] - 0s 203us/step - loss: 0.0270 - mean_absolute_error: 0.1308 - val_loss: 0.0167 - val_mean_absolute_error: 0.1000
Data saved at /home/brendonm/ap_simulation_time1533147399_epoch15.json
Train on 496 samples, validate on 128 samples
Epoch 1/1
496/496 [==============================] - 0s 193us/step - loss: 0.0248 - mean_absolute_error: 0.1246 - val_loss: 0.0163 - val_mean_absolute_error: 0.0977
Data saved at /home/brendonm/ap_simulation_time1533147399_epoch16.json
Train on 496 samples, validate on 128 samples
Epoch 1/1
496/496 [==============================] - 0s 205us/step - loss: 0.0298 - mean_absolute_error: 0.1394 - val_loss: 0.0166 - val_mean_absolute_error: 0.0993
Data saved at /home/brendonm/ap_simulation_time1533147400_epoch17.json
Train on 496 samples, validate on 128 samples
Epoch 1/1
496/496 [==============================] - 0s 203us/step - loss: 0.0295 - mean_absolute_error: 0.1345 - val_loss: 0.0163 - val_mean_absolute_error: 0.0987
Data saved at /home/brendonm/ap_simulation_time1533147400_epoch18.json
Train on 496 samples, validate on 128 samples
Epoch 1/1
496/496 [==============================] - 0s 210us/step - loss: 0.0301 - mean_absolute_error: 0.1361 - val_loss: 0.0159 - val_mean_absolute_error: 0.0969
Data saved at /home/brendonm/ap_simulation_time1533147400_epoch19.json
Train on 496 samples, validate on 128 samples
Epoch 1/1
496/496 [==============================] - 0s 194us/step - loss: 0.0211 - mean_absolute_error: 0.1146 - val_loss: 0.0148 - val_mean_absolute_error: 0.0922
Data saved at /home/brendonm/ap_simulation_time1533147400_epoch20.json
Train on 496 samples, validate on 128 samples
Epoch 1/1
496/496 [==============================] - 0s 203us/step - loss: 0.0271 - mean_absolute_error: 0.1253 - val_loss: 0.0153 - val_mean_absolute_error: 0.0942
Data saved at /home/brendonm/ap_simulation_time1533147400_epoch21.json
Train on 496 samples, validate on 128 samples
Epoch 1/1
496/496 [==============================] - 0s 207us/step - loss: 0.0225 - mean_absolute_error: 0.1191 - val_loss: 0.0147 - val_mean_absolute_error: 0.0927
Data saved at /home/brendonm/ap_simulation_time1533147400_epoch22.json
Train on 496 samples, validate on 128 samples
Epoch 1/1
496/496 [==============================] - 0s 193us/step - loss: 0.0232 - mean_absolute_error: 0.1172 - val_loss: 0.0135 - val_mean_absolute_error: 0.0878
Data saved at /home/brendonm/ap_simulation_time1533147400_epoch23.json
Train on 496 samples, validate on 128 samples
Epoch 1/1
496/496 [==============================] - 0s 202us/step - loss: 0.0229 - mean_absolute_error: 0.1173 - val_loss: 0.0131 - val_mean_absolute_error: 0.0861
Data saved at /home/brendonm/ap_simulation_time1533147400_epoch24.json
Train on 496 samples, validate on 128 samples
Epoch 1/1
496/496 [==============================] - 0s 204us/step - loss: 0.0182 - mean_absolute_error: 0.1034 - val_loss: 0.0134 - val_mean_absolute_error: 0.0876
Data saved at /home/brendonm/ap_simulation_time1533147400_epoch25.json
Train on 496 samples, validate on 128 samples
Epoch 1/1
496/496 [==============================] - 0s 189us/step - loss: 0.0271 - mean_absolute_error: 0.1282 - val_loss: 0.0128 - val_mean_absolute_error: 0.0858
Data saved at /home/brendonm/ap_simulation_time1533147401_epoch26.json
Train on 496 samples, validate on 128 samples
Epoch 1/1
496/496 [==============================] - 0s 196us/step - loss: 0.0274 - mean_absolute_error: 0.1291 - val_loss: 0.0143 - val_mean_absolute_error: 0.0934
Data saved at /home/brendonm/ap_simulation_time1533147401_epoch27.json
Train on 496 samples, validate on 128 samples
Epoch 1/1
496/496 [==============================] - 0s 201us/step - loss: 0.0188 - mean_absolute_error: 0.1061 - val_loss: 0.0130 - val_mean_absolute_error: 0.0866
Data saved at /home/brendonm/ap_simulation_time1533147401_epoch28.json
Train on 496 samples, validate on 128 samples
Epoch 1/1
496/496 [==============================] - 0s 199us/step - loss: 0.0206 - mean_absolute_error: 0.1153 - val_loss: 0.0122 - val_mean_absolute_error: 0.0836
Data saved at /home/brendonm/ap_simulation_time1533147401_epoch29.json
Train on 496 samples, validate on 128 samples
Epoch 1/1
496/496 [==============================] - 0s 192us/step - loss: 0.0250 - mean_absolute_error: 0.1241 - val_loss: 0.0132 - val_mean_absolute_error: 0.0881
Data saved at /home/brendonm/ap_simulation_time1533147401_epoch30.json
Train on 496 samples, validate on 128 samples
Epoch 1/1
496/496 [==============================] - 0s 205us/step - loss: 0.0182 - mean_absolute_error: 0.1013 - val_loss: 0.0123 - val_mean_absolute_error: 0.0841
Data saved at /home/brendonm/ap_simulation_time1533147401_epoch31.json
Train on 496 samples, validate on 128 samples
Epoch 1/1
496/496 [==============================] - 0s 202us/step - loss: 0.0175 - mean_absolute_error: 0.1018 - val_loss: 0.0116 - val_mean_absolute_error: 0.0811
Data saved at /home/brendonm/ap_simulation_time1533147401_epoch32.json
Train on 496 samples, validate on 128 samples
Epoch 1/1
496/496 [==============================] - 0s 200us/step - loss: 0.0215 - mean_absolute_error: 0.1153 - val_loss: 0.0116 - val_mean_absolute_error: 0.0811
Data saved at /home/brendonm/ap_simulation_time1533147401_epoch33.json
Train on 496 samples, validate on 128 samples
Epoch 1/1
496/496 [==============================] - 0s 197us/step - loss: 0.0242 - mean_absolute_error: 0.1257 - val_loss: 0.0124 - val_mean_absolute_error: 0.0856
Data saved at /home/brendonm/ap_simulation_time1533147401_epoch34.json
Train on 496 samples, validate on 128 samples
Epoch 1/1
496/496 [==============================] - 0s 197us/step - loss: 0.0214 - mean_absolute_error: 0.1144 - val_loss: 0.0140 - val_mean_absolute_error: 0.0922
Data saved at /home/brendonm/ap_simulation_time1533147401_epoch35.json
Train on 496 samples, validate on 128 samples
Epoch 1/1
496/496 [==============================] - 0s 187us/step - loss: 0.0167 - mean_absolute_error: 0.1001 - val_loss: 0.0115 - val_mean_absolute_error: 0.0805
Data saved at /home/brendonm/ap_simulation_time1533147402_epoch36.json
Train on 496 samples, validate on 128 samples
Epoch 1/1
496/496 [==============================] - 0s 196us/step - loss: 0.0242 - mean_absolute_error: 0.1243 - val_loss: 0.0122 - val_mean_absolute_error: 0.0842
Data saved at /home/brendonm/ap_simulation_time1533147402_epoch37.json
Train on 496 samples, validate on 128 samples
Epoch 1/1
496/496 [==============================] - 0s 197us/step - loss: 0.0146 - mean_absolute_error: 0.0944 - val_loss: 0.0107 - val_mean_absolute_error: 0.0767
Data saved at /home/brendonm/ap_simulation_time1533147402_epoch38.json
Train on 496 samples, validate on 128 samples
Epoch 1/1
496/496 [==============================] - 0s 203us/step - loss: 0.0233 - mean_absolute_error: 0.1208 - val_loss: 0.0116 - val_mean_absolute_error: 0.0816
Data saved at /home/brendonm/ap_simulation_time1533147402_epoch39.json
Train on 496 samples, validate on 128 samples
Epoch 1/1
496/496 [==============================] - 0s 198us/step - loss: 0.0203 - mean_absolute_error: 0.1080 - val_loss: 0.0132 - val_mean_absolute_error: 0.0878
Data saved at /home/brendonm/ap_simulation_time1533147402_epoch40.json
Train on 496 samples, validate on 128 samples
Epoch 1/1
496/496 [==============================] - 0s 205us/step - loss: 0.0234 - mean_absolute_error: 0.1211 - val_loss: 0.0117 - val_mean_absolute_error: 0.0813
Data saved at /home/brendonm/ap_simulation_time1533147402_epoch41.json
Train on 496 samples, validate on 128 samples
Epoch 1/1
496/496 [==============================] - 0s 195us/step - loss: 0.0203 - mean_absolute_error: 0.1142 - val_loss: 0.0110 - val_mean_absolute_error: 0.0790
Data saved at /home/brendonm/ap_simulation_time1533147402_epoch42.json
Train on 496 samples, validate on 128 samples
Epoch 1/1
496/496 [==============================] - 0s 201us/step - loss: 0.0161 - mean_absolute_error: 0.1007 - val_loss: 0.0111 - val_mean_absolute_error: 0.0794
Data saved at /home/brendonm/ap_simulation_time1533147402_epoch43.json
Train on 496 samples, validate on 128 samples
Epoch 1/1
496/496 [==============================] - 0s 206us/step - loss: 0.0172 - mean_absolute_error: 0.0993 - val_loss: 0.0097 - val_mean_absolute_error: 0.0725
Data saved at /home/brendonm/ap_simulation_time1533147402_epoch44.json
Train on 496 samples, validate on 128 samples
Epoch 1/1
496/496 [==============================] - 0s 202us/step - loss: 0.0243 - mean_absolute_error: 0.1169 - val_loss: 0.0109 - val_mean_absolute_error: 0.0786
Data saved at /home/brendonm/ap_simulation_time1533147403_epoch45.json
Train on 496 samples, validate on 128 samples
Epoch 1/1
496/496 [==============================] - 0s 206us/step - loss: 0.0265 - mean_absolute_error: 0.1305 - val_loss: 0.0113 - val_mean_absolute_error: 0.0809
Data saved at /home/brendonm/ap_simulation_time1533147403_epoch46.json
Train on 496 samples, validate on 128 samples
Epoch 1/1
496/496 [==============================] - 0s 208us/step - loss: 0.0180 - mean_absolute_error: 0.1078 - val_loss: 0.0097 - val_mean_absolute_error: 0.0726
Data saved at /home/brendonm/ap_simulation_time1533147403_epoch47.json
Train on 496 samples, validate on 128 samples
Epoch 1/1
496/496 [==============================] - 0s 197us/step - loss: 0.0230 - mean_absolute_error: 0.1191 - val_loss: 0.0094 - val_mean_absolute_error: 0.0717
Data saved at /home/brendonm/ap_simulation_time1533147403_epoch48.json
Train on 496 samples, validate on 128 samples
Epoch 1/1
496/496 [==============================] - 0s 207us/step - loss: 0.0178 - mean_absolute_error: 0.1072 - val_loss: 0.0093 - val_mean_absolute_error: 0.0713
Data saved at /home/brendonm/ap_simulation_time1533147403_epoch49.json
Train on 496 samples, validate on 128 samples
Epoch 1/1
496/496 [==============================] - 0s 203us/step - loss: 0.0181 - mean_absolute_error: 0.1012 - val_loss: 0.0103 - val_mean_absolute_error: 0.0761
Data saved at /home/brendonm/ap_simulation_time1533147403_epoch50.json
Train on 496 samples, validate on 128 samples
Epoch 1/1
496/496 [==============================] - 0s 203us/step - loss: 0.0174 - mean_absolute_error: 0.1062 - val_loss: 0.0108 - val_mean_absolute_error: 0.0780
Data saved at /home/brendonm/ap_simulation_time1533147403_epoch51.json
Train on 496 samples, validate on 128 samples
Epoch 1/1
496/496 [==============================] - 0s 202us/step - loss: 0.0136 - mean_absolute_error: 0.0910 - val_loss: 0.0092 - val_mean_absolute_error: 0.0701
Data saved at /home/brendonm/ap_simulation_time1533147403_epoch52.json
Train on 496 samples, validate on 128 samples
Epoch 1/1
496/496 [==============================] - 0s 202us/step - loss: 0.0218 - mean_absolute_error: 0.1160 - val_loss: 0.0107 - val_mean_absolute_error: 0.0781
Data saved at /home/brendonm/ap_simulation_time1533147403_epoch53.json
Train on 496 samples, validate on 128 samples
Epoch 1/1
496/496 [==============================] - 0s 206us/step - loss: 0.0192 - mean_absolute_error: 0.1099 - val_loss: 0.0117 - val_mean_absolute_error: 0.0822
Data saved at /home/brendonm/ap_simulation_time1533147404_epoch54.json
Train on 496 samples, validate on 128 samples
Epoch 1/1
496/496 [==============================] - 0s 205us/step - loss: 0.0211 - mean_absolute_error: 0.1118 - val_loss: 0.0104 - val_mean_absolute_error: 0.0765
Data saved at /home/brendonm/ap_simulation_time1533147404_epoch55.json
Train on 496 samples, validate on 128 samples
Epoch 1/1
496/496 [==============================] - 0s 219us/step - loss: 0.0192 - mean_absolute_error: 0.1076 - val_loss: 0.0097 - val_mean_absolute_error: 0.0729
Data saved at /home/brendonm/ap_simulation_time1533147404_epoch56.json
Train on 496 samples, validate on 128 samples
Epoch 1/1
496/496 [==============================] - 0s 206us/step - loss: 0.0229 - mean_absolute_error: 0.1225 - val_loss: 0.0092 - val_mean_absolute_error: 0.0703
Data saved at /home/brendonm/ap_simulation_time1533147404_epoch57.json
Train on 496 samples, validate on 128 samples
Epoch 1/1
496/496 [==============================] - 0s 196us/step - loss: 0.0182 - mean_absolute_error: 0.1084 - val_loss: 0.0099 - val_mean_absolute_error: 0.0733
Data saved at /home/brendonm/ap_simulation_time1533147404_epoch58.json
Train on 496 samples, validate on 128 samples
Epoch 1/1
496/496 [==============================] - 0s 206us/step - loss: 0.0182 - mean_absolute_error: 0.1077 - val_loss: 0.0086 - val_mean_absolute_error: 0.0671
Data saved at /home/brendonm/ap_simulation_time1533147404_epoch59.json
Train on 496 samples, validate on 128 samples
Epoch 1/1
496/496 [==============================] - 0s 206us/step - loss: 0.0194 - mean_absolute_error: 0.1119 - val_loss: 0.0096 - val_mean_absolute_error: 0.0723
Data saved at /home/brendonm/ap_simulation_time1533147404_epoch60.json
Train on 496 samples, validate on 128 samples
Epoch 1/1
496/496 [==============================] - 0s 205us/step - loss: 0.0174 - mean_absolute_error: 0.1038 - val_loss: 0.0085 - val_mean_absolute_error: 0.0667
Data saved at /home/brendonm/ap_simulation_time1533147404_epoch61.json
Train on 496 samples, validate on 128 samples
Epoch 1/1
496/496 [==============================] - 0s 207us/step - loss: 0.0165 - mean_absolute_error: 0.1026 - val_loss: 0.0084 - val_mean_absolute_error: 0.0664
Data saved at /home/brendonm/ap_simulation_time1533147404_epoch62.json
Train on 496 samples, validate on 128 samples
Epoch 1/1
496/496 [==============================] - 0s 193us/step - loss: 0.0164 - mean_absolute_error: 0.1004 - val_loss: 0.0096 - val_mean_absolute_error: 0.0721
Data saved at /home/brendonm/ap_simulation_time1533147405_epoch63.json
Train on 496 samples, validate on 128 samples
Epoch 1/1
496/496 [==============================] - 0s 204us/step - loss: 0.0209 - mean_absolute_error: 0.1136 - val_loss: 0.0095 - val_mean_absolute_error: 0.0718
Data saved at /home/brendonm/ap_simulation_time1533147405_epoch64.json
Train on 496 samples, validate on 128 samples
Epoch 1/1
496/496 [==============================] - 0s 210us/step - loss: 0.0173 - mean_absolute_error: 0.1055 - val_loss: 0.0091 - val_mean_absolute_error: 0.0698
Data saved at /home/brendonm/ap_simulation_time1533147405_epoch65.json
Train on 496 samples, validate on 128 samples
Epoch 1/1
496/496 [==============================] - 0s 197us/step - loss: 0.0130 - mean_absolute_error: 0.0912 - val_loss: 0.0083 - val_mean_absolute_error: 0.0656
Data saved at /home/brendonm/ap_simulation_time1533147405_epoch66.json
Train on 496 samples, validate on 128 samples
Epoch 1/1
496/496 [==============================] - 0s 201us/step - loss: 0.0168 - mean_absolute_error: 0.0993 - val_loss: 0.0081 - val_mean_absolute_error: 0.0648
Data saved at /home/brendonm/ap_simulation_time1533147405_epoch67.json
Train on 496 samples, validate on 128 samples
Epoch 1/1
496/496 [==============================] - 0s 203us/step - loss: 0.0143 - mean_absolute_error: 0.0939 - val_loss: 0.0084 - val_mean_absolute_error: 0.0665
Data saved at /home/brendonm/ap_simulation_time1533147405_epoch68.json
Train on 496 samples, validate on 128 samples
Epoch 1/1
496/496 [==============================] - 0s 199us/step - loss: 0.0143 - mean_absolute_error: 0.0926 - val_loss: 0.0077 - val_mean_absolute_error: 0.0629
Data saved at /home/brendonm/ap_simulation_time1533147405_epoch69.json
Train on 496 samples, validate on 128 samples
Epoch 1/1
496/496 [==============================] - 0s 216us/step - loss: 0.0183 - mean_absolute_error: 0.1073 - val_loss: 0.0081 - val_mean_absolute_error: 0.0647
Data saved at /home/brendonm/ap_simulation_time1533147405_epoch70.json
Train on 496 samples, validate on 128 samples
Epoch 1/1
496/496 [==============================] - 0s 215us/step - loss: 0.0139 - mean_absolute_error: 0.0954 - val_loss: 0.0089 - val_mean_absolute_error: 0.0693
Data saved at /home/brendonm/ap_simulation_time1533147405_epoch71.json
Train on 496 samples, validate on 128 samples
Epoch 1/1
496/496 [==============================] - 0s 212us/step - loss: 0.0164 - mean_absolute_error: 0.1015 - val_loss: 0.0081 - val_mean_absolute_error: 0.0653
Data saved at /home/brendonm/ap_simulation_time1533147406_epoch72.json
Train on 496 samples, validate on 128 samples
Epoch 1/1
496/496 [==============================] - 0s 202us/step - loss: 0.0157 - mean_absolute_error: 0.1004 - val_loss: 0.0083 - val_mean_absolute_error: 0.0658
Data saved at /home/brendonm/ap_simulation_time1533147406_epoch73.json
Train on 496 samples, validate on 128 samples
Epoch 1/1
496/496 [==============================] - 0s 202us/step - loss: 0.0193 - mean_absolute_error: 0.1096 - val_loss: 0.0100 - val_mean_absolute_error: 0.0746
Data saved at /home/brendonm/ap_simulation_time1533147406_epoch74.json
Train on 496 samples, validate on 128 samples
Epoch 1/1
496/496 [==============================] - 0s 195us/step - loss: 0.0175 - mean_absolute_error: 0.1055 - val_loss: 0.0083 - val_mean_absolute_error: 0.0656
Data saved at /home/brendonm/ap_simulation_time1533147406_epoch75.json
Train on 496 samples, validate on 128 samples
Epoch 1/1
496/496 [==============================] - 0s 208us/step - loss: 0.0192 - mean_absolute_error: 0.1090 - val_loss: 0.0086 - val_mean_absolute_error: 0.0668
Data saved at /home/brendonm/ap_simulation_time1533147406_epoch76.json
Train on 496 samples, validate on 128 samples
Epoch 1/1
496/496 [==============================] - 0s 213us/step - loss: 0.0186 - mean_absolute_error: 0.1076 - val_loss: 0.0089 - val_mean_absolute_error: 0.0688
Data saved at /home/brendonm/ap_simulation_time1533147406_epoch77.json
Train on 496 samples, validate on 128 samples
Epoch 1/1
496/496 [==============================] - 0s 207us/step - loss: 0.0179 - mean_absolute_error: 0.1067 - val_loss: 0.0081 - val_mean_absolute_error: 0.0638
Data saved at /home/brendonm/ap_simulation_time1533147406_epoch78.json
Train on 496 samples, validate on 128 samples
Epoch 1/1
496/496 [==============================] - 0s 201us/step - loss: 0.0170 - mean_absolute_error: 0.1015 - val_loss: 0.0082 - val_mean_absolute_error: 0.0652
Data saved at /home/brendonm/ap_simulation_time1533147406_epoch79.json
Train on 496 samples, validate on 128 samples
Epoch 1/1
496/496 [==============================] - 0s 210us/step - loss: 0.0155 - mean_absolute_error: 0.0982 - val_loss: 0.0074 - val_mean_absolute_error: 0.0609
Data saved at /home/brendonm/ap_simulation_time1533147406_epoch80.json
Train on 496 samples, validate on 128 samples
Epoch 1/1
496/496 [==============================] - 0s 195us/step - loss: 0.0176 - mean_absolute_error: 0.1036 - val_loss: 0.0074 - val_mean_absolute_error: 0.0615
Data saved at /home/brendonm/ap_simulation_time1533147407_epoch81.json
Train on 496 samples, validate on 128 samples
Epoch 1/1
496/496 [==============================] - 0s 211us/step - loss: 0.0128 - mean_absolute_error: 0.0900 - val_loss: 0.0076 - val_mean_absolute_error: 0.0616
Data saved at /home/brendonm/ap_simulation_time1533147407_epoch82.json
Train on 496 samples, validate on 128 samples
Epoch 1/1
496/496 [==============================] - 0s 203us/step - loss: 0.0189 - mean_absolute_error: 0.1070 - val_loss: 0.0075 - val_mean_absolute_error: 0.0620
Data saved at /home/brendonm/ap_simulation_time1533147407_epoch83.json
Train on 496 samples, validate on 128 samples
Epoch 1/1
496/496 [==============================] - 0s 208us/step - loss: 0.0185 - mean_absolute_error: 0.1070 - val_loss: 0.0078 - val_mean_absolute_error: 0.0630
Data saved at /home/brendonm/ap_simulation_time1533147407_epoch84.json
Train on 496 samples, validate on 128 samples
Epoch 1/1
496/496 [==============================] - 0s 211us/step - loss: 0.0189 - mean_absolute_error: 0.1107 - val_loss: 0.0081 - val_mean_absolute_error: 0.0648
Data saved at /home/brendonm/ap_simulation_time1533147407_epoch85.json
Train on 496 samples, validate on 128 samples
Epoch 1/1
496/496 [==============================] - 0s 201us/step - loss: 0.0158 - mean_absolute_error: 0.1006 - val_loss: 0.0078 - val_mean_absolute_error: 0.0635
Data saved at /home/brendonm/ap_simulation_time1533147407_epoch86.json
Train on 496 samples, validate on 128 samples
Epoch 1/1
496/496 [==============================] - 0s 200us/step - loss: 0.0132 - mean_absolute_error: 0.0928 - val_loss: 0.0075 - val_mean_absolute_error: 0.0617
Data saved at /home/brendonm/ap_simulation_time1533147407_epoch87.json
Train on 496 samples, validate on 128 samples
Epoch 1/1
496/496 [==============================] - 0s 199us/step - loss: 0.0157 - mean_absolute_error: 0.0968 - val_loss: 0.0073 - val_mean_absolute_error: 0.0606
Data saved at /home/brendonm/ap_simulation_time1533147407_epoch88.json
Train on 496 samples, validate on 128 samples
Epoch 1/1
496/496 [==============================] - 0s 199us/step - loss: 0.0218 - mean_absolute_error: 0.1100 - val_loss: 0.0073 - val_mean_absolute_error: 0.0610
Data saved at /home/brendonm/ap_simulation_time1533147407_epoch89.json
Train on 496 samples, validate on 128 samples
Epoch 1/1
496/496 [==============================] - 0s 212us/step - loss: 0.0175 - mean_absolute_error: 0.1041 - val_loss: 0.0074 - val_mean_absolute_error: 0.0616
Data saved at /home/brendonm/ap_simulation_time1533147408_epoch90.json
Train on 496 samples, validate on 128 samples
Epoch 1/1
496/496 [==============================] - 0s 195us/step - loss: 0.0200 - mean_absolute_error: 0.1089 - val_loss: 0.0076 - val_mean_absolute_error: 0.0620
Data saved at /home/brendonm/ap_simulation_time1533147408_epoch91.json
Train on 496 samples, validate on 128 samples
Epoch 1/1
496/496 [==============================] - 0s 200us/step - loss: 0.0161 - mean_absolute_error: 0.1006 - val_loss: 0.0073 - val_mean_absolute_error: 0.0603
Data saved at /home/brendonm/ap_simulation_time1533147408_epoch92.json
Train on 496 samples, validate on 128 samples
Epoch 1/1
496/496 [==============================] - 0s 199us/step - loss: 0.0130 - mean_absolute_error: 0.0909 - val_loss: 0.0070 - val_mean_absolute_error: 0.0588
Data saved at /home/brendonm/ap_simulation_time1533147408_epoch93.json
Train on 496 samples, validate on 128 samples
Epoch 1/1
496/496 [==============================] - 0s 197us/step - loss: 0.0155 - mean_absolute_error: 0.0973 - val_loss: 0.0071 - val_mean_absolute_error: 0.0593
Data saved at /home/brendonm/ap_simulation_time1533147408_epoch94.json
Train on 496 samples, validate on 128 samples
Epoch 1/1
496/496 [==============================] - 0s 200us/step - loss: 0.0166 - mean_absolute_error: 0.1021 - val_loss: 0.0083 - val_mean_absolute_error: 0.0659
Data saved at /home/brendonm/ap_simulation_time1533147408_epoch95.json
Train on 496 samples, validate on 128 samples
Epoch 1/1
496/496 [==============================] - 0s 202us/step - loss: 0.0126 - mean_absolute_error: 0.0882 - val_loss: 0.0072 - val_mean_absolute_error: 0.0601
Data saved at /home/brendonm/ap_simulation_time1533147408_epoch96.json
Train on 496 samples, validate on 128 samples
Epoch 1/1
496/496 [==============================] - 0s 192us/step - loss: 0.0148 - mean_absolute_error: 0.0948 - val_loss: 0.0068 - val_mean_absolute_error: 0.0589
Data saved at /home/brendonm/ap_simulation_time1533147408_epoch97.json
Train on 496 samples, validate on 128 samples
Epoch 1/1
496/496 [==============================] - 0s 197us/step - loss: 0.0176 - mean_absolute_error: 0.1080 - val_loss: 0.0077 - val_mean_absolute_error: 0.0628
Data saved at /home/brendonm/ap_simulation_time1533147408_epoch98.json
Train on 496 samples, validate on 128 samples
Epoch 1/1
496/496 [==============================] - 0s 204us/step - loss: 0.0127 - mean_absolute_error: 0.0879 - val_loss: 0.0070 - val_mean_absolute_error: 0.0594
Data saved at /home/brendonm/ap_simulation_time1533147409_epoch99.json
Train on 496 samples, validate on 128 samples
Epoch 1/1
496/496 [==============================] - 0s 199us/step - loss: 0.0142 - mean_absolute_error: 0.0897 - val_loss: 0.0076 - val_mean_absolute_error: 0.0618
Data saved at /home/brendonm/ap_simulation_time1533147409_epoch100.json
Train on 496 samples, validate on 128 samples
Epoch 1/1
496/496 [==============================] - 0s 200us/step - loss: 0.0156 - mean_absolute_error: 0.0987 - val_loss: 0.0087 - val_mean_absolute_error: 0.0660
Data saved at /home/brendonm/ap_simulation_time1533147409_epoch101.json
Train on 496 samples, validate on 128 samples
Epoch 1/1
496/496 [==============================] - 0s 203us/step - loss: 0.0155 - mean_absolute_error: 0.1008 - val_loss: 0.0078 - val_mean_absolute_error: 0.0622
Data saved at /home/brendonm/ap_simulation_time1533147409_epoch102.json
Train on 496 samples, validate on 128 samples
Epoch 1/1
496/496 [==============================] - 0s 211us/step - loss: 0.0219 - mean_absolute_error: 0.1143 - val_loss: 0.0087 - val_mean_absolute_error: 0.0666
Data saved at /home/brendonm/ap_simulation_time1533147409_epoch103.json
Train on 496 samples, validate on 128 samples
Epoch 1/1
496/496 [==============================] - 0s 202us/step - loss: 0.0149 - mean_absolute_error: 0.0944 - val_loss: 0.0086 - val_mean_absolute_error: 0.0662
Data saved at /home/brendonm/ap_simulation_time1533147409_epoch104.json
Train on 496 samples, validate on 128 samples
Epoch 1/1
496/496 [==============================] - 0s 205us/step - loss: 0.0195 - mean_absolute_error: 0.1057 - val_loss: 0.0085 - val_mean_absolute_error: 0.0657
Data saved at /home/brendonm/ap_simulation_time1533147409_epoch105.json
Train on 496 samples, validate on 128 samples
Epoch 1/1
496/496 [==============================] - 0s 202us/step - loss: 0.0112 - mean_absolute_error: 0.0820 - val_loss: 0.0070 - val_mean_absolute_error: 0.0601
Data saved at /home/brendonm/ap_simulation_time1533147409_epoch106.json
Train on 496 samples, validate on 128 samples
Epoch 1/1
496/496 [==============================] - 0s 207us/step - loss: 0.0150 - mean_absolute_error: 0.0936 - val_loss: 0.0071 - val_mean_absolute_error: 0.0595
Data saved at /home/brendonm/ap_simulation_time1533147409_epoch107.json
Train on 496 samples, validate on 128 samples
Epoch 1/1
496/496 [==============================] - 0s 206us/step - loss: 0.0184 - mean_absolute_error: 0.1074 - val_loss: 0.0072 - val_mean_absolute_error: 0.0599
Data saved at /home/brendonm/ap_simulation_time1533147410_epoch108.json
Train on 496 samples, validate on 128 samples
Epoch 1/1
496/496 [==============================] - 0s 198us/step - loss: 0.0171 - mean_absolute_error: 0.1043 - val_loss: 0.0079 - val_mean_absolute_error: 0.0633
Data saved at /home/brendonm/ap_simulation_time1533147410_epoch109.json
Train on 496 samples, validate on 128 samples
Epoch 1/1
496/496 [==============================] - 0s 205us/step - loss: 0.0163 - mean_absolute_error: 0.0973 - val_loss: 0.0074 - val_mean_absolute_error: 0.0612
Data saved at /home/brendonm/ap_simulation_time1533147410_epoch110.json
Train on 496 samples, validate on 128 samples
Epoch 1/1
496/496 [==============================] - 0s 201us/step - loss: 0.0215 - mean_absolute_error: 0.1110 - val_loss: 0.0078 - val_mean_absolute_error: 0.0626
Data saved at /home/brendonm/ap_simulation_time1533147410_epoch111.json
Train on 496 samples, validate on 128 samples
Epoch 1/1
496/496 [==============================] - 0s 203us/step - loss: 0.0151 - mean_absolute_error: 0.0972 - val_loss: 0.0079 - val_mean_absolute_error: 0.0639
Data saved at /home/brendonm/ap_simulation_time1533147410_epoch112.json
Train on 496 samples, validate on 128 samples
Epoch 1/1
496/496 [==============================] - 0s 198us/step - loss: 0.0155 - mean_absolute_error: 0.0957 - val_loss: 0.0080 - val_mean_absolute_error: 0.0639
Data saved at /home/brendonm/ap_simulation_time1533147410_epoch113.json
Train on 496 samples, validate on 128 samples
Epoch 1/1
496/496 [==============================] - 0s 205us/step - loss: 0.0203 - mean_absolute_error: 0.1083 - val_loss: 0.0072 - val_mean_absolute_error: 0.0594
Data saved at /home/brendonm/ap_simulation_time1533147410_epoch114.json
Train on 496 samples, validate on 128 samples
Epoch 1/1
496/496 [==============================] - 0s 204us/step - loss: 0.0162 - mean_absolute_error: 0.0990 - val_loss: 0.0073 - val_mean_absolute_error: 0.0603
Data saved at /home/brendonm/ap_simulation_time1533147410_epoch115.json
Train on 496 samples, validate on 128 samples
Epoch 1/1
496/496 [==============================] - 0s 202us/step - loss: 0.0200 - mean_absolute_error: 0.1122 - val_loss: 0.0076 - val_mean_absolute_error: 0.0622
Data saved at /home/brendonm/ap_simulation_time1533147410_epoch116.json
Train on 496 samples, validate on 128 samples
Epoch 1/1
496/496 [==============================] - 0s 201us/step - loss: 0.0174 - mean_absolute_error: 0.1069 - val_loss: 0.0083 - val_mean_absolute_error: 0.0666
Data saved at /home/brendonm/ap_simulation_time1533147411_epoch117.json
Train on 496 samples, validate on 128 samples
Epoch 1/1
496/496 [==============================] - 0s 210us/step - loss: 0.0149 - mean_absolute_error: 0.0936 - val_loss: 0.0070 - val_mean_absolute_error: 0.0590
Data saved at /home/brendonm/ap_simulation_time1533147411_epoch118.json
Train on 496 samples, validate on 128 samples
Epoch 1/1
496/496 [==============================] - 0s 201us/step - loss: 0.0136 - mean_absolute_error: 0.0928 - val_loss: 0.0068 - val_mean_absolute_error: 0.0585
Data saved at /home/brendonm/ap_simulation_time1533147411_epoch119.json
Train on 496 samples, validate on 128 samples
Epoch 1/1
496/496 [==============================] - 0s 207us/step - loss: 0.0162 - mean_absolute_error: 0.1018 - val_loss: 0.0078 - val_mean_absolute_error: 0.0631
Data saved at /home/brendonm/ap_simulation_time1533147411_epoch120.json
Train on 496 samples, validate on 128 samples
Epoch 1/1
496/496 [==============================] - 0s 202us/step - loss: 0.0159 - mean_absolute_error: 0.0987 - val_loss: 0.0068 - val_mean_absolute_error: 0.0584
Data saved at /home/brendonm/ap_simulation_time1533147411_epoch121.json
Train on 496 samples, validate on 128 samples
Epoch 1/1
496/496 [==============================] - 0s 210us/step - loss: 0.0133 - mean_absolute_error: 0.0926 - val_loss: 0.0069 - val_mean_absolute_error: 0.0594
Data saved at /home/brendonm/ap_simulation_time1533147411_epoch122.json
Train on 496 samples, validate on 128 samples
Epoch 1/1
496/496 [==============================] - 0s 204us/step - loss: 0.0141 - mean_absolute_error: 0.0937 - val_loss: 0.0065 - val_mean_absolute_error: 0.0578
Data saved at /home/brendonm/ap_simulation_time1533147411_epoch123.json
Train on 496 samples, validate on 128 samples
Epoch 1/1
496/496 [==============================] - 0s 201us/step - loss: 0.0138 - mean_absolute_error: 0.0944 - val_loss: 0.0070 - val_mean_absolute_error: 0.0595
Data saved at /home/brendonm/ap_simulation_time1533147411_epoch124.json
Train on 496 samples, validate on 128 samples
Epoch 1/1
496/496 [==============================] - 0s 204us/step - loss: 0.0171 - mean_absolute_error: 0.1040 - val_loss: 0.0071 - val_mean_absolute_error: 0.0598
Data saved at /home/brendonm/ap_simulation_time1533147411_epoch125.json
Train on 496 samples, validate on 128 samples
Epoch 1/1
496/496 [==============================] - 0s 205us/step - loss: 0.0127 - mean_absolute_error: 0.0900 - val_loss: 0.0070 - val_mean_absolute_error: 0.0592
Data saved at /home/brendonm/ap_simulation_time1533147412_epoch126.json
Train on 496 samples, validate on 128 samples
Epoch 1/1
496/496 [==============================] - 0s 206us/step - loss: 0.0219 - mean_absolute_error: 0.1126 - val_loss: 0.0079 - val_mean_absolute_error: 0.0635
Data saved at /home/brendonm/ap_simulation_time1533147412_epoch127.json
Train on 496 samples, validate on 128 samples
Epoch 1/1
496/496 [==============================] - 0s 204us/step - loss: 0.0141 - mean_absolute_error: 0.0950 - val_loss: 0.0075 - val_mean_absolute_error: 0.0616
Data saved at /home/brendonm/ap_simulation_time1533147412_epoch128.json
Train on 496 samples, validate on 128 samples
Epoch 1/1
496/496 [==============================] - 0s 200us/step - loss: 0.0128 - mean_absolute_error: 0.0847 - val_loss: 0.0069 - val_mean_absolute_error: 0.0586
Data saved at /home/brendonm/ap_simulation_time1533147412_epoch129.json
Train on 496 samples, validate on 128 samples
Epoch 1/1
496/496 [==============================] - 0s 199us/step - loss: 0.0146 - mean_absolute_error: 0.0946 - val_loss: 0.0069 - val_mean_absolute_error: 0.0602
Data saved at /home/brendonm/ap_simulation_time1533147412_epoch130.json
Train on 496 samples, validate on 128 samples
Epoch 1/1
496/496 [==============================] - 0s 200us/step - loss: 0.0177 - mean_absolute_error: 0.1056 - val_loss: 0.0071 - val_mean_absolute_error: 0.0600
Data saved at /home/brendonm/ap_simulation_time1533147412_epoch131.json
Train on 496 samples, validate on 128 samples
Epoch 1/1
496/496 [==============================] - 0s 196us/step - loss: 0.0140 - mean_absolute_error: 0.0926 - val_loss: 0.0071 - val_mean_absolute_error: 0.0592
Data saved at /home/brendonm/ap_simulation_time1533147412_epoch132.json
Train on 496 samples, validate on 128 samples
Epoch 1/1
496/496 [==============================] - 0s 198us/step - loss: 0.0119 - mean_absolute_error: 0.0859 - val_loss: 0.0067 - val_mean_absolute_error: 0.0577
Data saved at /home/brendonm/ap_simulation_time1533147412_epoch133.json
Train on 496 samples, validate on 128 samples
Epoch 1/1
496/496 [==============================] - 0s 197us/step - loss: 0.0157 - mean_absolute_error: 0.0983 - val_loss: 0.0074 - val_mean_absolute_error: 0.0611
Data saved at /home/brendonm/ap_simulation_time1533147412_epoch134.json
Train on 496 samples, validate on 128 samples
Epoch 1/1
496/496 [==============================] - 0s 208us/step - loss: 0.0156 - mean_absolute_error: 0.0965 - val_loss: 0.0070 - val_mean_absolute_error: 0.0608
Data saved at /home/brendonm/ap_simulation_time1533147412_epoch135.json
Train on 496 samples, validate on 128 samples
Epoch 1/1
496/496 [==============================] - 0s 211us/step - loss: 0.0128 - mean_absolute_error: 0.0843 - val_loss: 0.0074 - val_mean_absolute_error: 0.0613
Data saved at /home/brendonm/ap_simulation_time1533147413_epoch136.json
Train on 496 samples, validate on 128 samples
Epoch 1/1
496/496 [==============================] - 0s 204us/step - loss: 0.0191 - mean_absolute_error: 0.1049 - val_loss: 0.0069 - val_mean_absolute_error: 0.0598
Data saved at /home/brendonm/ap_simulation_time1533147413_epoch137.json
Train on 496 samples, validate on 128 samples
Epoch 1/1
496/496 [==============================] - 0s 197us/step - loss: 0.0128 - mean_absolute_error: 0.0883 - val_loss: 0.0072 - val_mean_absolute_error: 0.0607
Data saved at /home/brendonm/ap_simulation_time1533147413_epoch138.json
Train on 496 samples, validate on 128 samples
Epoch 1/1
496/496 [==============================] - 0s 200us/step - loss: 0.0118 - mean_absolute_error: 0.0865 - val_loss: 0.0071 - val_mean_absolute_error: 0.0612
Data saved at /home/brendonm/ap_simulation_time1533147413_epoch139.json
Train on 496 samples, validate on 128 samples
Epoch 1/1
496/496 [==============================] - 0s 194us/step - loss: 0.0145 - mean_absolute_error: 0.0925 - val_loss: 0.0078 - val_mean_absolute_error: 0.0637
Data saved at /home/brendonm/ap_simulation_time1533147413_epoch140.json
Train on 496 samples, validate on 128 samples
Epoch 1/1
496/496 [==============================] - 0s 212us/step - loss: 0.0214 - mean_absolute_error: 0.1127 - val_loss: 0.0068 - val_mean_absolute_error: 0.0596
Data saved at /home/brendonm/ap_simulation_time1533147413_epoch141.json
Train on 496 samples, validate on 128 samples
Epoch 1/1
496/496 [==============================] - 0s 199us/step - loss: 0.0152 - mean_absolute_error: 0.0975 - val_loss: 0.0069 - val_mean_absolute_error: 0.0600
Data saved at /home/brendonm/ap_simulation_time1533147413_epoch142.json
Train on 496 samples, validate on 128 samples
Epoch 1/1
496/496 [==============================] - 0s 205us/step - loss: 0.0125 - mean_absolute_error: 0.0891 - val_loss: 0.0069 - val_mean_absolute_error: 0.0600
Data saved at /home/brendonm/ap_simulation_time1533147413_epoch143.json
Train on 496 samples, validate on 128 samples
Epoch 1/1
496/496 [==============================] - 0s 211us/step - loss: 0.0100 - mean_absolute_error: 0.0775 - val_loss: 0.0071 - val_mean_absolute_error: 0.0601
Data saved at /home/brendonm/ap_simulation_time1533147413_epoch144.json
Train on 496 samples, validate on 128 samples
Epoch 1/1
496/496 [==============================] - 0s 203us/step - loss: 0.0178 - mean_absolute_error: 0.1068 - val_loss: 0.0072 - val_mean_absolute_error: 0.0603
Data saved at /home/brendonm/ap_simulation_time1533147414_epoch145.json
Train on 496 samples, validate on 128 samples
Epoch 1/1
496/496 [==============================] - 0s 203us/step - loss: 0.0199 - mean_absolute_error: 0.1161 - val_loss: 0.0074 - val_mean_absolute_error: 0.0622
Data saved at /home/brendonm/ap_simulation_time1533147414_epoch146.json
Train on 496 samples, validate on 128 samples
Epoch 1/1
496/496 [==============================] - 0s 197us/step - loss: 0.0106 - mean_absolute_error: 0.0819 - val_loss: 0.0068 - val_mean_absolute_error: 0.0591
Data saved at /home/brendonm/ap_simulation_time1533147414_epoch147.json
Train on 496 samples, validate on 128 samples
Epoch 1/1
496/496 [==============================] - 0s 193us/step - loss: 0.0144 - mean_absolute_error: 0.0910 - val_loss: 0.0070 - val_mean_absolute_error: 0.0596
Data saved at /home/brendonm/ap_simulation_time1533147414_epoch148.json
Train on 496 samples, validate on 128 samples
Epoch 1/1
496/496 [==============================] - 0s 199us/step - loss: 0.0140 - mean_absolute_error: 0.0938 - val_loss: 0.0069 - val_mean_absolute_error: 0.0595
Data saved at /home/brendonm/ap_simulation_time1533147414_epoch149.json
Train on 496 samples, validate on 128 samples
Epoch 1/1
496/496 [==============================] - 0s 204us/step - loss: 0.0111 - mean_absolute_error: 0.0835 - val_loss: 0.0066 - val_mean_absolute_error: 0.0586
Data saved at /home/brendonm/ap_simulation_time1533147414_epoch150.json
Train on 496 samples, validate on 128 samples
Epoch 1/1
496/496 [==============================] - 0s 197us/step - loss: 0.0149 - mean_absolute_error: 0.0960 - val_loss: 0.0075 - val_mean_absolute_error: 0.0627
Data saved at /home/brendonm/ap_simulation_time1533147414_epoch151.json
Train on 496 samples, validate on 128 samples
Epoch 1/1
496/496 [==============================] - 0s 205us/step - loss: 0.0141 - mean_absolute_error: 0.0928 - val_loss: 0.0085 - val_mean_absolute_error: 0.0675
Data saved at /home/brendonm/ap_simulation_time1533147414_epoch152.json
Train on 496 samples, validate on 128 samples
Epoch 1/1
496/496 [==============================] - 0s 201us/step - loss: 0.0164 - mean_absolute_error: 0.0979 - val_loss: 0.0069 - val_mean_absolute_error: 0.0595
Data saved at /home/brendonm/ap_simulation_time1533147414_epoch153.json
Train on 496 samples, validate on 128 samples
Epoch 1/1
496/496 [==============================] - 0s 202us/step - loss: 0.0093 - mean_absolute_error: 0.0750 - val_loss: 0.0069 - val_mean_absolute_error: 0.0598
Data saved at /home/brendonm/ap_simulation_time1533147415_epoch154.json
Train on 496 samples, validate on 128 samples
Epoch 1/1
496/496 [==============================] - 0s 199us/step - loss: 0.0118 - mean_absolute_error: 0.0854 - val_loss: 0.0068 - val_mean_absolute_error: 0.0598
Data saved at /home/brendonm/ap_simulation_time1533147415_epoch155.json
Train on 496 samples, validate on 128 samples
Epoch 1/1
496/496 [==============================] - 0s 198us/step - loss: 0.0117 - mean_absolute_error: 0.0830 - val_loss: 0.0066 - val_mean_absolute_error: 0.0582
Data saved at /home/brendonm/ap_simulation_time1533147415_epoch156.json
Train on 496 samples, validate on 128 samples
Epoch 1/1
496/496 [==============================] - 0s 193us/step - loss: 0.0108 - mean_absolute_error: 0.0799 - val_loss: 0.0078 - val_mean_absolute_error: 0.0645
Data saved at /home/brendonm/ap_simulation_time1533147415_epoch157.json
Train on 496 samples, validate on 128 samples
Epoch 1/1
496/496 [==============================] - 0s 201us/step - loss: 0.0189 - mean_absolute_error: 0.1058 - val_loss: 0.0072 - val_mean_absolute_error: 0.0612
Data saved at /home/brendonm/ap_simulation_time1533147415_epoch158.json
Train on 496 samples, validate on 128 samples
Epoch 1/1
496/496 [==============================] - 0s 205us/step - loss: 0.0143 - mean_absolute_error: 0.0914 - val_loss: 0.0065 - val_mean_absolute_error: 0.0585
Data saved at /home/brendonm/ap_simulation_time1533147415_epoch159.json
Train on 496 samples, validate on 128 samples
Epoch 1/1
496/496 [==============================] - 0s 195us/step - loss: 0.0134 - mean_absolute_error: 0.0915 - val_loss: 0.0069 - val_mean_absolute_error: 0.0596
Data saved at /home/brendonm/ap_simulation_time1533147415_epoch160.json
Train on 496 samples, validate on 128 samples
Epoch 1/1
496/496 [==============================] - 0s 192us/step - loss: 0.0120 - mean_absolute_error: 0.0871 - val_loss: 0.0073 - val_mean_absolute_error: 0.0622
Data saved at /home/brendonm/ap_simulation_time1533147415_epoch161.json
Train on 496 samples, validate on 128 samples
Epoch 1/1
496/496 [==============================] - 0s 209us/step - loss: 0.0131 - mean_absolute_error: 0.0917 - val_loss: 0.0068 - val_mean_absolute_error: 0.0594
Data saved at /home/brendonm/ap_simulation_time1533147415_epoch162.json
Train on 496 samples, validate on 128 samples
Epoch 1/1
496/496 [==============================] - 0s 205us/step - loss: 0.0137 - mean_absolute_error: 0.0943 - val_loss: 0.0067 - val_mean_absolute_error: 0.0590
Data saved at /home/brendonm/ap_simulation_time1533147416_epoch163.json
Train on 496 samples, validate on 128 samples
Epoch 1/1
496/496 [==============================] - 0s 190us/step - loss: 0.0135 - mean_absolute_error: 0.0897 - val_loss: 0.0073 - val_mean_absolute_error: 0.0614
Data saved at /home/brendonm/ap_simulation_time1533147416_epoch164.json
Train on 496 samples, validate on 128 samples
Epoch 1/1
496/496 [==============================] - 0s 198us/step - loss: 0.0134 - mean_absolute_error: 0.0925 - val_loss: 0.0077 - val_mean_absolute_error: 0.0636
Data saved at /home/brendonm/ap_simulation_time1533147416_epoch165.json
Train on 496 samples, validate on 128 samples
Epoch 1/1
496/496 [==============================] - 0s 201us/step - loss: 0.0165 - mean_absolute_error: 0.0985 - val_loss: 0.0073 - val_mean_absolute_error: 0.0620
Data saved at /home/brendonm/ap_simulation_time1533147416_epoch166.json
Train on 496 samples, validate on 128 samples
Epoch 1/1
496/496 [==============================] - 0s 197us/step - loss: 0.0121 - mean_absolute_error: 0.0847 - val_loss: 0.0074 - val_mean_absolute_error: 0.0622
Data saved at /home/brendonm/ap_simulation_time1533147416_epoch167.json
Train on 496 samples, validate on 128 samples
Epoch 1/1
496/496 [==============================] - 0s 208us/step - loss: 0.0130 - mean_absolute_error: 0.0900 - val_loss: 0.0071 - val_mean_absolute_error: 0.0608
Data saved at /home/brendonm/ap_simulation_time1533147416_epoch168.json
Train on 496 samples, validate on 128 samples
Epoch 1/1
496/496 [==============================] - 0s 207us/step - loss: 0.0119 - mean_absolute_error: 0.0855 - val_loss: 0.0081 - val_mean_absolute_error: 0.0657
Data saved at /home/brendonm/ap_simulation_time1533147416_epoch169.json
Train on 496 samples, validate on 128 samples
Epoch 1/1
496/496 [==============================] - 0s 197us/step - loss: 0.0183 - mean_absolute_error: 0.1072 - val_loss: 0.0066 - val_mean_absolute_error: 0.0586
Data saved at /home/brendonm/ap_simulation_time1533147416_epoch170.json
Train on 496 samples, validate on 128 samples
Epoch 1/1
496/496 [==============================] - 0s 206us/step - loss: 0.0138 - mean_absolute_error: 0.0894 - val_loss: 0.0074 - val_mean_absolute_error: 0.0623
Data saved at /home/brendonm/ap_simulation_time1533147416_epoch171.json
Train on 496 samples, validate on 128 samples
Epoch 1/1
496/496 [==============================] - 0s 210us/step - loss: 0.0128 - mean_absolute_error: 0.0881 - val_loss: 0.0068 - val_mean_absolute_error: 0.0608
Data saved at /home/brendonm/ap_simulation_time1533147417_epoch172.json
Train on 496 samples, validate on 128 samples
Epoch 1/1
496/496 [==============================] - 0s 203us/step - loss: 0.0132 - mean_absolute_error: 0.0892 - val_loss: 0.0066 - val_mean_absolute_error: 0.0590
Data saved at /home/brendonm/ap_simulation_time1533147417_epoch173.json
Train on 496 samples, validate on 128 samples
Epoch 1/1
496/496 [==============================] - 0s 195us/step - loss: 0.0102 - mean_absolute_error: 0.0801 - val_loss: 0.0077 - val_mean_absolute_error: 0.0635
Data saved at /home/brendonm/ap_simulation_time1533147417_epoch174.json
Train on 496 samples, validate on 128 samples
Epoch 1/1
496/496 [==============================] - 0s 194us/step - loss: 0.0149 - mean_absolute_error: 0.0943 - val_loss: 0.0074 - val_mean_absolute_error: 0.0622
Data saved at /home/brendonm/ap_simulation_time1533147417_epoch175.json
Train on 496 samples, validate on 128 samples
Epoch 1/1
496/496 [==============================] - 0s 199us/step - loss: 0.0128 - mean_absolute_error: 0.0834 - val_loss: 0.0067 - val_mean_absolute_error: 0.0600
Data saved at /home/brendonm/ap_simulation_time1533147417_epoch176.json
Train on 496 samples, validate on 128 samples
Epoch 1/1
496/496 [==============================] - 0s 206us/step - loss: 0.0141 - mean_absolute_error: 0.0900 - val_loss: 0.0077 - val_mean_absolute_error: 0.0642
Data saved at /home/brendonm/ap_simulation_time1533147417_epoch177.json
Train on 496 samples, validate on 128 samples
Epoch 1/1
496/496 [==============================] - 0s 203us/step - loss: 0.0138 - mean_absolute_error: 0.0953 - val_loss: 0.0072 - val_mean_absolute_error: 0.0616
Data saved at /home/brendonm/ap_simulation_time1533147417_epoch178.json
Train on 496 samples, validate on 128 samples
Epoch 1/1
496/496 [==============================] - 0s 210us/step - loss: 0.0125 - mean_absolute_error: 0.0895 - val_loss: 0.0065 - val_mean_absolute_error: 0.0588
Data saved at /home/brendonm/ap_simulation_time1533147417_epoch179.json
Train on 496 samples, validate on 128 samples
Epoch 1/1
496/496 [==============================] - 0s 210us/step - loss: 0.0112 - mean_absolute_error: 0.0833 - val_loss: 0.0066 - val_mean_absolute_error: 0.0592
Data saved at /home/brendonm/ap_simulation_time1533147417_epoch180.json
Train on 496 samples, validate on 128 samples
Epoch 1/1
496/496 [==============================] - 0s 199us/step - loss: 0.0105 - mean_absolute_error: 0.0837 - val_loss: 0.0069 - val_mean_absolute_error: 0.0606
Data saved at /home/brendonm/ap_simulation_time1533147418_epoch181.json
Train on 496 samples, validate on 128 samples
Epoch 1/1
496/496 [==============================] - 0s 197us/step - loss: 0.0130 - mean_absolute_error: 0.0882 - val_loss: 0.0066 - val_mean_absolute_error: 0.0594
Data saved at /home/brendonm/ap_simulation_time1533147418_epoch182.json
Train on 496 samples, validate on 128 samples
Epoch 1/1
496/496 [==============================] - 0s 203us/step - loss: 0.0163 - mean_absolute_error: 0.0970 - val_loss: 0.0072 - val_mean_absolute_error: 0.0617
Data saved at /home/brendonm/ap_simulation_time1533147418_epoch183.json
Train on 496 samples, validate on 128 samples
Epoch 1/1
496/496 [==============================] - 0s 212us/step - loss: 0.0122 - mean_absolute_error: 0.0855 - val_loss: 0.0074 - val_mean_absolute_error: 0.0624
Data saved at /home/brendonm/ap_simulation_time1533147418_epoch184.json
Train on 496 samples, validate on 128 samples
Epoch 1/1
496/496 [==============================] - 0s 216us/step - loss: 0.0116 - mean_absolute_error: 0.0836 - val_loss: 0.0073 - val_mean_absolute_error: 0.0626
Data saved at /home/brendonm/ap_simulation_time1533147418_epoch185.json
Train on 496 samples, validate on 128 samples
Epoch 1/1
496/496 [==============================] - 0s 198us/step - loss: 0.0127 - mean_absolute_error: 0.0884 - val_loss: 0.0068 - val_mean_absolute_error: 0.0603
Data saved at /home/brendonm/ap_simulation_time1533147418_epoch186.json
Train on 496 samples, validate on 128 samples
Epoch 1/1
496/496 [==============================] - 0s 211us/step - loss: 0.0128 - mean_absolute_error: 0.0875 - val_loss: 0.0079 - val_mean_absolute_error: 0.0652
Data saved at /home/brendonm/ap_simulation_time1533147418_epoch187.json
Train on 496 samples, validate on 128 samples
Epoch 1/1
496/496 [==============================] - 0s 209us/step - loss: 0.0138 - mean_absolute_error: 0.0914 - val_loss: 0.0077 - val_mean_absolute_error: 0.0643
Data saved at /home/brendonm/ap_simulation_time1533147418_epoch188.json
Train on 496 samples, validate on 128 samples
Epoch 1/1
496/496 [==============================] - 0s 210us/step - loss: 0.0094 - mean_absolute_error: 0.0767 - val_loss: 0.0073 - val_mean_absolute_error: 0.0623
Data saved at /home/brendonm/ap_simulation_time1533147418_epoch189.json
Train on 496 samples, validate on 128 samples
Epoch 1/1
496/496 [==============================] - 0s 203us/step - loss: 0.0176 - mean_absolute_error: 0.0970 - val_loss: 0.0070 - val_mean_absolute_error: 0.0611
Data saved at /home/brendonm/ap_simulation_time1533147419_epoch190.json
Train on 496 samples, validate on 128 samples
Epoch 1/1
496/496 [==============================] - 0s 209us/step - loss: 0.0127 - mean_absolute_error: 0.0906 - val_loss: 0.0075 - val_mean_absolute_error: 0.0631
Data saved at /home/brendonm/ap_simulation_time1533147419_epoch191.json
Train on 496 samples, validate on 128 samples
Epoch 1/1
496/496 [==============================] - 0s 211us/step - loss: 0.0121 - mean_absolute_error: 0.0870 - val_loss: 0.0066 - val_mean_absolute_error: 0.0598
Data saved at /home/brendonm/ap_simulation_time1533147419_epoch192.json
Train on 496 samples, validate on 128 samples
Epoch 1/1
496/496 [==============================] - 0s 210us/step - loss: 0.0102 - mean_absolute_error: 0.0789 - val_loss: 0.0067 - val_mean_absolute_error: 0.0595
Data saved at /home/brendonm/ap_simulation_time1533147419_epoch193.json
Train on 496 samples, validate on 128 samples
Epoch 1/1
496/496 [==============================] - 0s 205us/step - loss: 0.0126 - mean_absolute_error: 0.0898 - val_loss: 0.0068 - val_mean_absolute_error: 0.0599
Data saved at /home/brendonm/ap_simulation_time1533147419_epoch194.json
Train on 496 samples, validate on 128 samples
Epoch 1/1
496/496 [==============================] - 0s 212us/step - loss: 0.0109 - mean_absolute_error: 0.0795 - val_loss: 0.0069 - val_mean_absolute_error: 0.0602
Data saved at /home/brendonm/ap_simulation_time1533147419_epoch195.json
Train on 496 samples, validate on 128 samples
Epoch 1/1
496/496 [==============================] - 0s 206us/step - loss: 0.0138 - mean_absolute_error: 0.0862 - val_loss: 0.0068 - val_mean_absolute_error: 0.0605
Data saved at /home/brendonm/ap_simulation_time1533147419_epoch196.json
Train on 496 samples, validate on 128 samples
Epoch 1/1
496/496 [==============================] - 0s 202us/step - loss: 0.0126 - mean_absolute_error: 0.0866 - val_loss: 0.0073 - val_mean_absolute_error: 0.0619
Data saved at /home/brendonm/ap_simulation_time1533147419_epoch197.json
Train on 496 samples, validate on 128 samples
Epoch 1/1
496/496 [==============================] - 0s 186us/step - loss: 0.0105 - mean_absolute_error: 0.0791 - val_loss: 0.0071 - val_mean_absolute_error: 0.0613
Data saved at /home/brendonm/ap_simulation_time1533147419_epoch198.json
Train on 496 samples, validate on 128 samples
Epoch 1/1
496/496 [==============================] - 0s 205us/step - loss: 0.0106 - mean_absolute_error: 0.0805 - val_loss: 0.0070 - val_mean_absolute_error: 0.0610
Data saved at /home/brendonm/ap_simulation_time1533147420_epoch199.json
Train on 496 samples, validate on 128 samples
Epoch 1/1
496/496 [==============================] - 0s 204us/step - loss: 0.0111 - mean_absolute_error: 0.0792 - val_loss: 0.0067 - val_mean_absolute_error: 0.0596
Data saved at /home/brendonm/ap_simulation_time1533147420_epoch200.json
Train on 496 samples, validate on 128 samples
Epoch 1/1
496/496 [==============================] - 0s 204us/step - loss: 0.0102 - mean_absolute_error: 0.0782 - val_loss: 0.0070 - val_mean_absolute_error: 0.0610
Data saved at /home/brendonm/ap_simulation_time1533147420_epoch201.json
Train on 496 samples, validate on 128 samples
Epoch 1/1
496/496 [==============================] - 0s 200us/step - loss: 0.0105 - mean_absolute_error: 0.0780 - val_loss: 0.0072 - val_mean_absolute_error: 0.0619
Data saved at /home/brendonm/ap_simulation_time1533147420_epoch202.json
Train on 496 samples, validate on 128 samples
Epoch 1/1
496/496 [==============================] - 0s 209us/step - loss: 0.0116 - mean_absolute_error: 0.0819 - val_loss: 0.0070 - val_mean_absolute_error: 0.0607
Data saved at /home/brendonm/ap_simulation_time1533147420_epoch203.json
Train on 496 samples, validate on 128 samples
Epoch 1/1
496/496 [==============================] - 0s 207us/step - loss: 0.0113 - mean_absolute_error: 0.0845 - val_loss: 0.0068 - val_mean_absolute_error: 0.0600
Data saved at /home/brendonm/ap_simulation_time1533147420_epoch204.json
Train on 496 samples, validate on 128 samples
Epoch 1/1
496/496 [==============================] - 0s 208us/step - loss: 0.0087 - mean_absolute_error: 0.0719 - val_loss: 0.0066 - val_mean_absolute_error: 0.0602
Data saved at /home/brendonm/ap_simulation_time1533147420_epoch205.json
Train on 496 samples, validate on 128 samples
Epoch 1/1
496/496 [==============================] - 0s 194us/step - loss: 0.0143 - mean_absolute_error: 0.0944 - val_loss: 0.0070 - val_mean_absolute_error: 0.0611
Data saved at /home/brendonm/ap_simulation_time1533147420_epoch206.json
Train on 496 samples, validate on 128 samples
Epoch 1/1
496/496 [==============================] - 0s 204us/step - loss: 0.0141 - mean_absolute_error: 0.0877 - val_loss: 0.0072 - val_mean_absolute_error: 0.0619
Data saved at /home/brendonm/ap_simulation_time1533147420_epoch207.json
Train on 496 samples, validate on 128 samples
Epoch 1/1
496/496 [==============================] - 0s 214us/step - loss: 0.0139 - mean_absolute_error: 0.0865 - val_loss: 0.0077 - val_mean_absolute_error: 0.0639
Data saved at /home/brendonm/ap_simulation_time1533147421_epoch208.json
Train on 496 samples, validate on 128 samples
Epoch 1/1
496/496 [==============================] - 0s 206us/step - loss: 0.0139 - mean_absolute_error: 0.0876 - val_loss: 0.0073 - val_mean_absolute_error: 0.0625
Data saved at /home/brendonm/ap_simulation_time1533147421_epoch209.json
Train on 496 samples, validate on 128 samples
Epoch 1/1
496/496 [==============================] - 0s 193us/step - loss: 0.0102 - mean_absolute_error: 0.0793 - val_loss: 0.0067 - val_mean_absolute_error: 0.0604
Data saved at /home/brendonm/ap_simulation_time1533147421_epoch210.json
Train on 496 samples, validate on 128 samples
Epoch 1/1
496/496 [==============================] - 0s 195us/step - loss: 0.0136 - mean_absolute_error: 0.0930 - val_loss: 0.0077 - val_mean_absolute_error: 0.0650
Data saved at /home/brendonm/ap_simulation_time1533147421_epoch211.json
Train on 496 samples, validate on 128 samples
Epoch 1/1
496/496 [==============================] - 0s 194us/step - loss: 0.0129 - mean_absolute_error: 0.0888 - val_loss: 0.0071 - val_mean_absolute_error: 0.0624
Data saved at /home/brendonm/ap_simulation_time1533147421_epoch212.json
Train on 496 samples, validate on 128 samples
Epoch 1/1
496/496 [==============================] - 0s 202us/step - loss: 0.0106 - mean_absolute_error: 0.0822 - val_loss: 0.0068 - val_mean_absolute_error: 0.0608
Data saved at /home/brendonm/ap_simulation_time1533147421_epoch213.json
Train on 496 samples, validate on 128 samples
Epoch 1/1
496/496 [==============================] - 0s 203us/step - loss: 0.0108 - mean_absolute_error: 0.0808 - val_loss: 0.0071 - val_mean_absolute_error: 0.0619
Data saved at /home/brendonm/ap_simulation_time1533147421_epoch214.json
Train on 496 samples, validate on 128 samples
Epoch 1/1
496/496 [==============================] - 0s 214us/step - loss: 0.0100 - mean_absolute_error: 0.0791 - val_loss: 0.0070 - val_mean_absolute_error: 0.0614
Data saved at /home/brendonm/ap_simulation_time1533147421_epoch215.json
Train on 496 samples, validate on 128 samples
Epoch 1/1
496/496 [==============================] - 0s 195us/step - loss: 0.0151 - mean_absolute_error: 0.0951 - val_loss: 0.0074 - val_mean_absolute_error: 0.0628
Data saved at /home/brendonm/ap_simulation_time1533147421_epoch216.json
Train on 496 samples, validate on 128 samples
Epoch 1/1
496/496 [==============================] - 0s 192us/step - loss: 0.0121 - mean_absolute_error: 0.0817 - val_loss: 0.0070 - val_mean_absolute_error: 0.0611
Data saved at /home/brendonm/ap_simulation_time1533147422_epoch217.json
Train on 496 samples, validate on 128 samples
Epoch 1/1
496/496 [==============================] - 0s 193us/step - loss: 0.0102 - mean_absolute_error: 0.0756 - val_loss: 0.0069 - val_mean_absolute_error: 0.0611
Data saved at /home/brendonm/ap_simulation_time1533147422_epoch218.json
Train on 496 samples, validate on 128 samples
Epoch 1/1
496/496 [==============================] - 0s 201us/step - loss: 0.0108 - mean_absolute_error: 0.0793 - val_loss: 0.0076 - val_mean_absolute_error: 0.0634
Data saved at /home/brendonm/ap_simulation_time1533147422_epoch219.json
Train on 496 samples, validate on 128 samples
Epoch 1/1
496/496 [==============================] - 0s 191us/step - loss: 0.0177 - mean_absolute_error: 0.0993 - val_loss: 0.0074 - val_mean_absolute_error: 0.0627
Data saved at /home/brendonm/ap_simulation_time1533147422_epoch220.json
Train on 496 samples, validate on 128 samples
Epoch 1/1
496/496 [==============================] - 0s 196us/step - loss: 0.0098 - mean_absolute_error: 0.0769 - val_loss: 0.0073 - val_mean_absolute_error: 0.0629
Data saved at /home/brendonm/ap_simulation_time1533147422_epoch221.json
Train on 496 samples, validate on 128 samples
Epoch 1/1
496/496 [==============================] - 0s 203us/step - loss: 0.0129 - mean_absolute_error: 0.0908 - val_loss: 0.0069 - val_mean_absolute_error: 0.0617
Data saved at /home/brendonm/ap_simulation_time1533147422_epoch222.json
Train on 496 samples, validate on 128 samples
Epoch 1/1
496/496 [==============================] - 0s 206us/step - loss: 0.0109 - mean_absolute_error: 0.0809 - val_loss: 0.0073 - val_mean_absolute_error: 0.0626
Data saved at /home/brendonm/ap_simulation_time1533147422_epoch223.json
Train on 496 samples, validate on 128 samples
Epoch 1/1
496/496 [==============================] - 0s 206us/step - loss: 0.0114 - mean_absolute_error: 0.0815 - val_loss: 0.0067 - val_mean_absolute_error: 0.0603
Data saved at /home/brendonm/ap_simulation_time1533147422_epoch224.json
Train on 496 samples, validate on 128 samples
Epoch 1/1
496/496 [==============================] - 0s 217us/step - loss: 0.0167 - mean_absolute_error: 0.0941 - val_loss: 0.0070 - val_mean_absolute_error: 0.0609
Data saved at /home/brendonm/ap_simulation_time1533147422_epoch225.json
Train on 496 samples, validate on 128 samples
Epoch 1/1
496/496 [==============================] - 0s 214us/step - loss: 0.0169 - mean_absolute_error: 0.1016 - val_loss: 0.0080 - val_mean_absolute_error: 0.0657
Data saved at /home/brendonm/ap_simulation_time1533147423_epoch226.json
Train on 496 samples, validate on 128 samples
Epoch 1/1
496/496 [==============================] - 0s 201us/step - loss: 0.0159 - mean_absolute_error: 0.0975 - val_loss: 0.0079 - val_mean_absolute_error: 0.0650
Data saved at /home/brendonm/ap_simulation_time1533147423_epoch227.json
Train on 496 samples, validate on 128 samples
Epoch 1/1
496/496 [==============================] - 0s 209us/step - loss: 0.0127 - mean_absolute_error: 0.0886 - val_loss: 0.0071 - val_mean_absolute_error: 0.0621
Data saved at /home/brendonm/ap_simulation_time1533147423_epoch228.json
Train on 496 samples, validate on 128 samples
Epoch 1/1
496/496 [==============================] - 0s 202us/step - loss: 0.0149 - mean_absolute_error: 0.0953 - val_loss: 0.0071 - val_mean_absolute_error: 0.0616
Data saved at /home/brendonm/ap_simulation_time1533147423_epoch229.json
Train on 496 samples, validate on 128 samples
Epoch 1/1
496/496 [==============================] - 0s 208us/step - loss: 0.0101 - mean_absolute_error: 0.0750 - val_loss: 0.0070 - val_mean_absolute_error: 0.0611
Data saved at /home/brendonm/ap_simulation_time1533147423_epoch230.json
Train on 496 samples, validate on 128 samples
Epoch 1/1
496/496 [==============================] - 0s 198us/step - loss: 0.0120 - mean_absolute_error: 0.0850 - val_loss: 0.0070 - val_mean_absolute_error: 0.0614
Data saved at /home/brendonm/ap_simulation_time1533147423_epoch231.json
Train on 496 samples, validate on 128 samples
Epoch 1/1
496/496 [==============================] - 0s 198us/step - loss: 0.0138 - mean_absolute_error: 0.0936 - val_loss: 0.0074 - val_mean_absolute_error: 0.0628
Data saved at /home/brendonm/ap_simulation_time1533147423_epoch232.json
Train on 496 samples, validate on 128 samples
Epoch 1/1
496/496 [==============================] - 0s 195us/step - loss: 0.0159 - mean_absolute_error: 0.0981 - val_loss: 0.0077 - val_mean_absolute_error: 0.0642
Data saved at /home/brendonm/ap_simulation_time1533147423_epoch233.json
Train on 496 samples, validate on 128 samples
Epoch 1/1
496/496 [==============================] - 0s 181us/step - loss: 0.0107 - mean_absolute_error: 0.0819 - val_loss: 0.0077 - val_mean_absolute_error: 0.0646
Data saved at /home/brendonm/ap_simulation_time1533147423_epoch234.json
Train on 496 samples, validate on 128 samples
Epoch 1/1
496/496 [==============================] - 0s 184us/step - loss: 0.0124 - mean_absolute_error: 0.0897 - val_loss: 0.0080 - val_mean_absolute_error: 0.0656
Data saved at /home/brendonm/ap_simulation_time1533147423_epoch235.json
Train on 496 samples, validate on 128 samples
Epoch 1/1
496/496 [==============================] - 0s 201us/step - loss: 0.0108 - mean_absolute_error: 0.0806 - val_loss: 0.0077 - val_mean_absolute_error: 0.0645
Data saved at /home/brendonm/ap_simulation_time1533147424_epoch236.json
Train on 496 samples, validate on 128 samples
Epoch 1/1
496/496 [==============================] - 0s 187us/step - loss: 0.0117 - mean_absolute_error: 0.0871 - val_loss: 0.0073 - val_mean_absolute_error: 0.0632
Data saved at /home/brendonm/ap_simulation_time1533147424_epoch237.json
Train on 496 samples, validate on 128 samples
Epoch 1/1
496/496 [==============================] - 0s 174us/step - loss: 0.0103 - mean_absolute_error: 0.0763 - val_loss: 0.0071 - val_mean_absolute_error: 0.0615
Data saved at /home/brendonm/ap_simulation_time1533147424_epoch238.json
Train on 496 samples, validate on 128 samples
Epoch 1/1
496/496 [==============================] - 0s 173us/step - loss: 0.0166 - mean_absolute_error: 0.0983 - val_loss: 0.0103 - val_mean_absolute_error: 0.0756
Data saved at /home/brendonm/ap_simulation_time1533147424_epoch239.json
Train on 496 samples, validate on 128 samples
Epoch 1/1
496/496 [==============================] - 0s 195us/step - loss: 0.0124 - mean_absolute_error: 0.0840 - val_loss: 0.0071 - val_mean_absolute_error: 0.0629
Data saved at /home/brendonm/ap_simulation_time1533147424_epoch240.json
Train on 496 samples, validate on 128 samples
Epoch 1/1
496/496 [==============================] - 0s 196us/step - loss: 0.0154 - mean_absolute_error: 0.0930 - val_loss: 0.0075 - val_mean_absolute_error: 0.0634
Data saved at /home/brendonm/ap_simulation_time1533147424_epoch241.json
Train on 496 samples, validate on 128 samples
Epoch 1/1
496/496 [==============================] - 0s 188us/step - loss: 0.0085 - mean_absolute_error: 0.0707 - val_loss: 0.0074 - val_mean_absolute_error: 0.0634
Data saved at /home/brendonm/ap_simulation_time1533147424_epoch242.json
Train on 496 samples, validate on 128 samples
Epoch 1/1
496/496 [==============================] - 0s 190us/step - loss: 0.0157 - mean_absolute_error: 0.0975 - val_loss: 0.0083 - val_mean_absolute_error: 0.0668
Data saved at /home/brendonm/ap_simulation_time1533147424_epoch243.json
Train on 496 samples, validate on 128 samples
Epoch 1/1
496/496 [==============================] - 0s 204us/step - loss: 0.0132 - mean_absolute_error: 0.0882 - val_loss: 0.0077 - val_mean_absolute_error: 0.0649
Data saved at /home/brendonm/ap_simulation_time1533147424_epoch244.json
Train on 496 samples, validate on 128 samples
Epoch 1/1
496/496 [==============================] - 0s 196us/step - loss: 0.0120 - mean_absolute_error: 0.0840 - val_loss: 0.0071 - val_mean_absolute_error: 0.0630
Data saved at /home/brendonm/ap_simulation_time1533147425_epoch245.json
Train on 496 samples, validate on 128 samples
Epoch 1/1
496/496 [==============================] - 0s 191us/step - loss: 0.0134 - mean_absolute_error: 0.0869 - val_loss: 0.0084 - val_mean_absolute_error: 0.0675
Data saved at /home/brendonm/ap_simulation_time1533147425_epoch246.json
Train on 496 samples, validate on 128 samples
Epoch 1/1
496/496 [==============================] - 0s 195us/step - loss: 0.0111 - mean_absolute_error: 0.0827 - val_loss: 0.0077 - val_mean_absolute_error: 0.0650
Data saved at /home/brendonm/ap_simulation_time1533147425_epoch247.json
Train on 496 samples, validate on 128 samples
Epoch 1/1
496/496 [==============================] - 0s 195us/step - loss: 0.0207 - mean_absolute_error: 0.1173 - val_loss: 0.0086 - val_mean_absolute_error: 0.0682
Data saved at /home/brendonm/ap_simulation_time1533147425_epoch248.json
Train on 496 samples, validate on 128 samples
Epoch 1/1
496/496 [==============================] - 0s 200us/step - loss: 0.0129 - mean_absolute_error: 0.0873 - val_loss: 0.0077 - val_mean_absolute_error: 0.0645
Data saved at /home/brendonm/ap_simulation_time1533147425_epoch249.json
