/usr/local/lib/python3.6/site-packages/h5py/__init__.py:36: FutureWarning: Conversion of the second argument of issubdtype from `float` to `np.floating` is deprecated. In future, it will be treated as `np.float64 == np.dtype(float).type`.
  from ._conv import register_converters as _register_converters
Using TensorFlow backend.
_________________________________________________________________
Layer (type)                 Output Shape              Param #
=================================================================
batch_normalization_1 (Batch (None, 19)                76
_________________________________________________________________
dense_1 (Dense)              (None, 12)                240
_________________________________________________________________
dropout_1 (Dropout)          (None, 12)                0
_________________________________________________________________
dense_2 (Dense)              (None, 8)                 104
_________________________________________________________________
dropout_2 (Dropout)          (None, 8)                 0
_________________________________________________________________
dense_3 (Dense)              (None, 1)                 9
=================================================================
Total params: 429
Trainable params: 391
Non-trainable params: 38
_________________________________________________________________
None
Train on 496 samples, validate on 128 samples
Epoch 1/1
2018-07-19 13:00:35.104476: I tensorflow/core/platform/cpu_feature_guard.cc:141] Your CPU supports instructions that this TensorFlow binary was not compiled to use: AVX2 FMA
496/496 [==============================] - 0s 990us/step - loss: 0.2225 - acc: 0.6351 - val_loss: 0.1898 - val_acc: 0.7188
Data saved at /Users/brendonm/banded_low_resolution_time1532019635_epoch0.json
Train on 496 samples, validate on 128 samples
Epoch 1/1
496/496 [==============================] - 0s 76us/step - loss: 0.1823 - acc: 0.7681 - val_loss: 0.1578 - val_acc: 0.8359
Data saved at /Users/brendonm/banded_low_resolution_time1532019635_epoch1.json
Train on 496 samples, validate on 128 samples
Epoch 1/1
496/496 [==============================] - 0s 87us/step - loss: 0.1545 - acc: 0.8226 - val_loss: 0.1348 - val_acc: 0.8516
Data saved at /Users/brendonm/banded_low_resolution_time1532019635_epoch2.json
Train on 496 samples, validate on 128 samples
Epoch 1/1
496/496 [==============================] - 0s 90us/step - loss: 0.1376 - acc: 0.8266 - val_loss: 0.1211 - val_acc: 0.8516
Data saved at /Users/brendonm/banded_low_resolution_time1532019636_epoch3.json
Train on 496 samples, validate on 128 samples
Epoch 1/1
496/496 [==============================] - 0s 89us/step - loss: 0.1351 - acc: 0.8206 - val_loss: 0.1121 - val_acc: 0.8516
Data saved at /Users/brendonm/banded_low_resolution_time1532019636_epoch4.json
Train on 496 samples, validate on 128 samples
Epoch 1/1
496/496 [==============================] - 0s 86us/step - loss: 0.1239 - acc: 0.8367 - val_loss: 0.1058 - val_acc: 0.8594
Data saved at /Users/brendonm/banded_low_resolution_time1532019636_epoch5.json
Train on 496 samples, validate on 128 samples
Epoch 1/1
496/496 [==============================] - 0s 89us/step - loss: 0.1151 - acc: 0.8548 - val_loss: 0.1005 - val_acc: 0.8672
Data saved at /Users/brendonm/banded_low_resolution_time1532019636_epoch6.json
Train on 496 samples, validate on 128 samples
Epoch 1/1
496/496 [==============================] - 0s 104us/step - loss: 0.1091 - acc: 0.8528 - val_loss: 0.0961 - val_acc: 0.8828
Data saved at /Users/brendonm/banded_low_resolution_time1532019636_epoch7.json
Train on 496 samples, validate on 128 samples
Epoch 1/1
496/496 [==============================] - 0s 87us/step - loss: 0.1034 - acc: 0.8609 - val_loss: 0.0925 - val_acc: 0.8906
Data saved at /Users/brendonm/banded_low_resolution_time1532019636_epoch8.json
Train on 496 samples, validate on 128 samples
Epoch 1/1
496/496 [==============================] - 0s 86us/step - loss: 0.1020 - acc: 0.8750 - val_loss: 0.0890 - val_acc: 0.8906
Data saved at /Users/brendonm/banded_low_resolution_time1532019636_epoch9.json
Train on 496 samples, validate on 128 samples
Epoch 1/1
496/496 [==============================] - 0s 79us/step - loss: 0.1034 - acc: 0.8609 - val_loss: 0.0867 - val_acc: 0.8984
Data saved at /Users/brendonm/banded_low_resolution_time1532019636_epoch10.json
Train on 496 samples, validate on 128 samples
Epoch 1/1
496/496 [==============================] - 0s 100us/step - loss: 0.0989 - acc: 0.8649 - val_loss: 0.0837 - val_acc: 0.9062
Data saved at /Users/brendonm/banded_low_resolution_time1532019636_epoch11.json
Train on 496 samples, validate on 128 samples
Epoch 1/1
496/496 [==============================] - 0s 64us/step - loss: 0.0984 - acc: 0.8710 - val_loss: 0.0820 - val_acc: 0.9141
Data saved at /Users/brendonm/banded_low_resolution_time1532019637_epoch12.json
Train on 496 samples, validate on 128 samples
Epoch 1/1
496/496 [==============================] - 0s 83us/step - loss: 0.1070 - acc: 0.8488 - val_loss: 0.0805 - val_acc: 0.9141
Data saved at /Users/brendonm/banded_low_resolution_time1532019637_epoch13.json
Train on 496 samples, validate on 128 samples
Epoch 1/1
496/496 [==============================] - 0s 68us/step - loss: 0.0885 - acc: 0.8911 - val_loss: 0.0790 - val_acc: 0.9141
Data saved at /Users/brendonm/banded_low_resolution_time1532019637_epoch14.json
Train on 496 samples, validate on 128 samples
Epoch 1/1
496/496 [==============================] - 0s 82us/step - loss: 0.0953 - acc: 0.8730 - val_loss: 0.0767 - val_acc: 0.9141
Data saved at /Users/brendonm/banded_low_resolution_time1532019637_epoch15.json
Train on 496 samples, validate on 128 samples
Epoch 1/1
496/496 [==============================] - 0s 82us/step - loss: 0.0974 - acc: 0.8710 - val_loss: 0.0766 - val_acc: 0.9141
Data saved at /Users/brendonm/banded_low_resolution_time1532019637_epoch16.json
Train on 496 samples, validate on 128 samples
Epoch 1/1
496/496 [==============================] - 0s 63us/step - loss: 0.0958 - acc: 0.8831 - val_loss: 0.0750 - val_acc: 0.9141
Data saved at /Users/brendonm/banded_low_resolution_time1532019637_epoch17.json
Train on 496 samples, validate on 128 samples
Epoch 1/1
496/496 [==============================] - 0s 93us/step - loss: 0.1025 - acc: 0.8649 - val_loss: 0.0741 - val_acc: 0.9141
Data saved at /Users/brendonm/banded_low_resolution_time1532019637_epoch18.json
Train on 496 samples, validate on 128 samples
Epoch 1/1
496/496 [==============================] - 0s 105us/step - loss: 0.0920 - acc: 0.8790 - val_loss: 0.0729 - val_acc: 0.9141
Data saved at /Users/brendonm/banded_low_resolution_time1532019637_epoch19.json
Train on 496 samples, validate on 128 samples
Epoch 1/1
496/496 [==============================] - 0s 90us/step - loss: 0.0905 - acc: 0.8810 - val_loss: 0.0730 - val_acc: 0.9141
Data saved at /Users/brendonm/banded_low_resolution_time1532019637_epoch20.json
Train on 496 samples, validate on 128 samples
Epoch 1/1
496/496 [==============================] - 0s 86us/step - loss: 0.0901 - acc: 0.8790 - val_loss: 0.0718 - val_acc: 0.9141
Data saved at /Users/brendonm/banded_low_resolution_time1532019637_epoch21.json
Train on 496 samples, validate on 128 samples
Epoch 1/1
496/496 [==============================] - 0s 97us/step - loss: 0.0927 - acc: 0.8911 - val_loss: 0.0709 - val_acc: 0.9219
Data saved at /Users/brendonm/banded_low_resolution_time1532019637_epoch22.json
Train on 496 samples, validate on 128 samples
Epoch 1/1
496/496 [==============================] - 0s 86us/step - loss: 0.0870 - acc: 0.8891 - val_loss: 0.0696 - val_acc: 0.9219
Data saved at /Users/brendonm/banded_low_resolution_time1532019638_epoch23.json
Train on 496 samples, validate on 128 samples
Epoch 1/1
496/496 [==============================] - 0s 86us/step - loss: 0.0884 - acc: 0.8952 - val_loss: 0.0685 - val_acc: 0.9219
Data saved at /Users/brendonm/banded_low_resolution_time1532019638_epoch24.json
Train on 496 samples, validate on 128 samples
Epoch 1/1
496/496 [==============================] - 0s 83us/step - loss: 0.0928 - acc: 0.8851 - val_loss: 0.0683 - val_acc: 0.9219
Data saved at /Users/brendonm/banded_low_resolution_time1532019638_epoch25.json
Train on 496 samples, validate on 128 samples
Epoch 1/1
496/496 [==============================] - 0s 89us/step - loss: 0.0803 - acc: 0.8972 - val_loss: 0.0676 - val_acc: 0.9375
Data saved at /Users/brendonm/banded_low_resolution_time1532019638_epoch26.json
Train on 496 samples, validate on 128 samples
Epoch 1/1
496/496 [==============================] - 0s 75us/step - loss: 0.0873 - acc: 0.8911 - val_loss: 0.0669 - val_acc: 0.9375
Data saved at /Users/brendonm/banded_low_resolution_time1532019638_epoch27.json
Train on 496 samples, validate on 128 samples
Epoch 1/1
496/496 [==============================] - 0s 74us/step - loss: 0.0929 - acc: 0.8810 - val_loss: 0.0665 - val_acc: 0.9375
Data saved at /Users/brendonm/banded_low_resolution_time1532019638_epoch28.json
Train on 496 samples, validate on 128 samples
Epoch 1/1
496/496 [==============================] - 0s 105us/step - loss: 0.0811 - acc: 0.9032 - val_loss: 0.0659 - val_acc: 0.9375
Data saved at /Users/brendonm/banded_low_resolution_time1532019638_epoch29.json
Train on 496 samples, validate on 128 samples
Epoch 1/1
496/496 [==============================] - 0s 67us/step - loss: 0.0811 - acc: 0.8931 - val_loss: 0.0656 - val_acc: 0.9375
Data saved at /Users/brendonm/banded_low_resolution_time1532019638_epoch30.json
Train on 496 samples, validate on 128 samples
Epoch 1/1
496/496 [==============================] - 0s 74us/step - loss: 0.0787 - acc: 0.9012 - val_loss: 0.0654 - val_acc: 0.9375
Data saved at /Users/brendonm/banded_low_resolution_time1532019638_epoch31.json
Train on 496 samples, validate on 128 samples
Epoch 1/1
496/496 [==============================] - 0s 77us/step - loss: 0.0900 - acc: 0.8790 - val_loss: 0.0646 - val_acc: 0.9375
Data saved at /Users/brendonm/banded_low_resolution_time1532019638_epoch32.json
Train on 496 samples, validate on 128 samples
Epoch 1/1
496/496 [==============================] - 0s 70us/step - loss: 0.0818 - acc: 0.8911 - val_loss: 0.0632 - val_acc: 0.9375
Data saved at /Users/brendonm/banded_low_resolution_time1532019638_epoch33.json
Train on 496 samples, validate on 128 samples
Epoch 1/1
496/496 [==============================] - 0s 83us/step - loss: 0.0780 - acc: 0.9012 - val_loss: 0.0625 - val_acc: 0.9219
Data saved at /Users/brendonm/banded_low_resolution_time1532019639_epoch34.json
Train on 496 samples, validate on 128 samples
Epoch 1/1
496/496 [==============================] - 0s 73us/step - loss: 0.0849 - acc: 0.8871 - val_loss: 0.0616 - val_acc: 0.9375
Data saved at /Users/brendonm/banded_low_resolution_time1532019639_epoch35.json
Train on 496 samples, validate on 128 samples
Epoch 1/1
496/496 [==============================] - 0s 93us/step - loss: 0.0842 - acc: 0.8871 - val_loss: 0.0615 - val_acc: 0.9375
Data saved at /Users/brendonm/banded_low_resolution_time1532019639_epoch36.json
Train on 496 samples, validate on 128 samples
Epoch 1/1
496/496 [==============================] - 0s 83us/step - loss: 0.0770 - acc: 0.9012 - val_loss: 0.0612 - val_acc: 0.9297
Data saved at /Users/brendonm/banded_low_resolution_time1532019639_epoch37.json
Train on 496 samples, validate on 128 samples
Epoch 1/1
496/496 [==============================] - 0s 124us/step - loss: 0.0842 - acc: 0.8972 - val_loss: 0.0612 - val_acc: 0.9297
Data saved at /Users/brendonm/banded_low_resolution_time1532019639_epoch38.json
Train on 496 samples, validate on 128 samples
Epoch 1/1
496/496 [==============================] - 0s 94us/step - loss: 0.0813 - acc: 0.8972 - val_loss: 0.0619 - val_acc: 0.9297
Data saved at /Users/brendonm/banded_low_resolution_time1532019639_epoch39.json
Train on 496 samples, validate on 128 samples
Epoch 1/1
496/496 [==============================] - 0s 95us/step - loss: 0.0727 - acc: 0.9113 - val_loss: 0.0613 - val_acc: 0.9219
Data saved at /Users/brendonm/banded_low_resolution_time1532019639_epoch40.json
Train on 496 samples, validate on 128 samples
Epoch 1/1
496/496 [==============================] - 0s 101us/step - loss: 0.0744 - acc: 0.9073 - val_loss: 0.0604 - val_acc: 0.9297
Data saved at /Users/brendonm/banded_low_resolution_time1532019639_epoch41.json
Train on 496 samples, validate on 128 samples
Epoch 1/1
496/496 [==============================] - 0s 105us/step - loss: 0.0802 - acc: 0.8972 - val_loss: 0.0593 - val_acc: 0.9297
Data saved at /Users/brendonm/banded_low_resolution_time1532019639_epoch42.json
Train on 496 samples, validate on 128 samples
Epoch 1/1
496/496 [==============================] - 0s 87us/step - loss: 0.0850 - acc: 0.8770 - val_loss: 0.0599 - val_acc: 0.9297
Data saved at /Users/brendonm/banded_low_resolution_time1532019640_epoch43.json
Train on 496 samples, validate on 128 samples
Epoch 1/1
496/496 [==============================] - 0s 99us/step - loss: 0.0784 - acc: 0.8992 - val_loss: 0.0599 - val_acc: 0.9297
Data saved at /Users/brendonm/banded_low_resolution_time1532019640_epoch44.json
Train on 496 samples, validate on 128 samples
Epoch 1/1
496/496 [==============================] - 0s 76us/step - loss: 0.0752 - acc: 0.9093 - val_loss: 0.0598 - val_acc: 0.9297
Data saved at /Users/brendonm/banded_low_resolution_time1532019640_epoch45.json
Train on 496 samples, validate on 128 samples
Epoch 1/1
496/496 [==============================] - 0s 95us/step - loss: 0.0747 - acc: 0.9113 - val_loss: 0.0585 - val_acc: 0.9297
Data saved at /Users/brendonm/banded_low_resolution_time1532019640_epoch46.json
Train on 496 samples, validate on 128 samples
Epoch 1/1
496/496 [==============================] - 0s 59us/step - loss: 0.0828 - acc: 0.8911 - val_loss: 0.0600 - val_acc: 0.9219
Data saved at /Users/brendonm/banded_low_resolution_time1532019640_epoch47.json
Train on 496 samples, validate on 128 samples
Epoch 1/1
496/496 [==============================] - 0s 75us/step - loss: 0.0728 - acc: 0.9093 - val_loss: 0.0598 - val_acc: 0.9219
Data saved at /Users/brendonm/banded_low_resolution_time1532019640_epoch48.json
Train on 496 samples, validate on 128 samples
Epoch 1/1
496/496 [==============================] - 0s 56us/step - loss: 0.0751 - acc: 0.9073 - val_loss: 0.0593 - val_acc: 0.9219
Data saved at /Users/brendonm/banded_low_resolution_time1532019640_epoch49.json
Train on 496 samples, validate on 128 samples
Epoch 1/1
496/496 [==============================] - 0s 79us/step - loss: 0.0687 - acc: 0.9133 - val_loss: 0.0586 - val_acc: 0.9219
Data saved at /Users/brendonm/banded_low_resolution_time1532019640_epoch50.json
Train on 496 samples, validate on 128 samples
Epoch 1/1
496/496 [==============================] - 0s 57us/step - loss: 0.0744 - acc: 0.9012 - val_loss: 0.0585 - val_acc: 0.9297
Data saved at /Users/brendonm/banded_low_resolution_time1532019640_epoch51.json
Train on 496 samples, validate on 128 samples
Epoch 1/1
496/496 [==============================] - 0s 85us/step - loss: 0.0826 - acc: 0.8911 - val_loss: 0.0582 - val_acc: 0.9219
Data saved at /Users/brendonm/banded_low_resolution_time1532019640_epoch52.json
Train on 496 samples, validate on 128 samples
Epoch 1/1
496/496 [==============================] - 0s 79us/step - loss: 0.0671 - acc: 0.9194 - val_loss: 0.0574 - val_acc: 0.9453
Data saved at /Users/brendonm/banded_low_resolution_time1532019640_epoch53.json
Train on 496 samples, validate on 128 samples
Epoch 1/1
496/496 [==============================] - 0s 62us/step - loss: 0.0774 - acc: 0.8992 - val_loss: 0.0565 - val_acc: 0.9453
Data saved at /Users/brendonm/banded_low_resolution_time1532019640_epoch54.json
Train on 496 samples, validate on 128 samples
Epoch 1/1
496/496 [==============================] - 0s 56us/step - loss: 0.0670 - acc: 0.9254 - val_loss: 0.0559 - val_acc: 0.9453
Data saved at /Users/brendonm/banded_low_resolution_time1532019641_epoch55.json
Train on 496 samples, validate on 128 samples
Epoch 1/1
496/496 [==============================] - 0s 70us/step - loss: 0.0668 - acc: 0.9173 - val_loss: 0.0556 - val_acc: 0.9375
Data saved at /Users/brendonm/banded_low_resolution_time1532019641_epoch56.json
Train on 496 samples, validate on 128 samples
Epoch 1/1
496/496 [==============================] - 0s 136us/step - loss: 0.0679 - acc: 0.9093 - val_loss: 0.0553 - val_acc: 0.9453
Data saved at /Users/brendonm/banded_low_resolution_time1532019641_epoch57.json
Train on 496 samples, validate on 128 samples
Epoch 1/1
496/496 [==============================] - 0s 73us/step - loss: 0.0758 - acc: 0.9032 - val_loss: 0.0559 - val_acc: 0.9453
Data saved at /Users/brendonm/banded_low_resolution_time1532019641_epoch58.json
Train on 496 samples, validate on 128 samples
Epoch 1/1
496/496 [==============================] - 0s 81us/step - loss: 0.0685 - acc: 0.9093 - val_loss: 0.0555 - val_acc: 0.9453
Data saved at /Users/brendonm/banded_low_resolution_time1532019641_epoch59.json
Train on 496 samples, validate on 128 samples
Epoch 1/1
496/496 [==============================] - 0s 94us/step - loss: 0.0677 - acc: 0.9153 - val_loss: 0.0548 - val_acc: 0.9453
Data saved at /Users/brendonm/banded_low_resolution_time1532019641_epoch60.json
Train on 496 samples, validate on 128 samples
Epoch 1/1
496/496 [==============================] - 0s 87us/step - loss: 0.0695 - acc: 0.9113 - val_loss: 0.0544 - val_acc: 0.9453
Data saved at /Users/brendonm/banded_low_resolution_time1532019641_epoch61.json
Train on 496 samples, validate on 128 samples
Epoch 1/1
496/496 [==============================] - 0s 87us/step - loss: 0.0766 - acc: 0.9073 - val_loss: 0.0538 - val_acc: 0.9453
Data saved at /Users/brendonm/banded_low_resolution_time1532019641_epoch62.json
Train on 496 samples, validate on 128 samples
Epoch 1/1
496/496 [==============================] - 0s 73us/step - loss: 0.0646 - acc: 0.9194 - val_loss: 0.0530 - val_acc: 0.9453
Data saved at /Users/brendonm/banded_low_resolution_time1532019641_epoch63.json
Train on 496 samples, validate on 128 samples
Epoch 1/1
496/496 [==============================] - 0s 98us/step - loss: 0.0695 - acc: 0.9052 - val_loss: 0.0529 - val_acc: 0.9453
Data saved at /Users/brendonm/banded_low_resolution_time1532019642_epoch64.json
Train on 496 samples, validate on 128 samples
Epoch 1/1
496/496 [==============================] - 0s 101us/step - loss: 0.0681 - acc: 0.9153 - val_loss: 0.0528 - val_acc: 0.9453
Data saved at /Users/brendonm/banded_low_resolution_time1532019642_epoch65.json
Train on 496 samples, validate on 128 samples
Epoch 1/1
496/496 [==============================] - 0s 86us/step - loss: 0.0643 - acc: 0.9173 - val_loss: 0.0533 - val_acc: 0.9375
Data saved at /Users/brendonm/banded_low_resolution_time1532019642_epoch66.json
Train on 496 samples, validate on 128 samples
Epoch 1/1
496/496 [==============================] - 0s 87us/step - loss: 0.0677 - acc: 0.9173 - val_loss: 0.0527 - val_acc: 0.9453
Data saved at /Users/brendonm/banded_low_resolution_time1532019642_epoch67.json
Train on 496 samples, validate on 128 samples
Epoch 1/1
496/496 [==============================] - 0s 96us/step - loss: 0.0668 - acc: 0.9133 - val_loss: 0.0530 - val_acc: 0.9375
Data saved at /Users/brendonm/banded_low_resolution_time1532019642_epoch68.json
Train on 496 samples, validate on 128 samples
Epoch 1/1
496/496 [==============================] - 0s 94us/step - loss: 0.0645 - acc: 0.9194 - val_loss: 0.0530 - val_acc: 0.9453
Data saved at /Users/brendonm/banded_low_resolution_time1532019642_epoch69.json
Train on 496 samples, validate on 128 samples
Epoch 1/1
496/496 [==============================] - 0s 64us/step - loss: 0.0668 - acc: 0.9093 - val_loss: 0.0529 - val_acc: 0.9375
Data saved at /Users/brendonm/banded_low_resolution_time1532019642_epoch70.json
Train on 496 samples, validate on 128 samples
Epoch 1/1
496/496 [==============================] - 0s 76us/step - loss: 0.0691 - acc: 0.9093 - val_loss: 0.0530 - val_acc: 0.9375
Data saved at /Users/brendonm/banded_low_resolution_time1532019642_epoch71.json
Train on 496 samples, validate on 128 samples
Epoch 1/1
496/496 [==============================] - 0s 69us/step - loss: 0.0733 - acc: 0.9073 - val_loss: 0.0528 - val_acc: 0.9375
Data saved at /Users/brendonm/banded_low_resolution_time1532019642_epoch72.json
Train on 496 samples, validate on 128 samples
Epoch 1/1
496/496 [==============================] - 0s 75us/step - loss: 0.0608 - acc: 0.9194 - val_loss: 0.0526 - val_acc: 0.9375
Data saved at /Users/brendonm/banded_low_resolution_time1532019642_epoch73.json
Train on 496 samples, validate on 128 samples
Epoch 1/1
496/496 [==============================] - 0s 55us/step - loss: 0.0683 - acc: 0.9234 - val_loss: 0.0526 - val_acc: 0.9375
Data saved at /Users/brendonm/banded_low_resolution_time1532019642_epoch74.json
Train on 496 samples, validate on 128 samples
Epoch 1/1
496/496 [==============================] - 0s 81us/step - loss: 0.0636 - acc: 0.9173 - val_loss: 0.0527 - val_acc: 0.9375
Data saved at /Users/brendonm/banded_low_resolution_time1532019643_epoch75.json
Train on 496 samples, validate on 128 samples
Epoch 1/1
496/496 [==============================] - 0s 78us/step - loss: 0.0652 - acc: 0.9133 - val_loss: 0.0508 - val_acc: 0.9375
Data saved at /Users/brendonm/banded_low_resolution_time1532019643_epoch76.json
Train on 496 samples, validate on 128 samples
Epoch 1/1
496/496 [==============================] - 0s 67us/step - loss: 0.0607 - acc: 0.9234 - val_loss: 0.0504 - val_acc: 0.9375
Data saved at /Users/brendonm/banded_low_resolution_time1532019643_epoch77.json
Train on 496 samples, validate on 128 samples
Epoch 1/1
496/496 [==============================] - 0s 80us/step - loss: 0.0643 - acc: 0.9274 - val_loss: 0.0507 - val_acc: 0.9375
Data saved at /Users/brendonm/banded_low_resolution_time1532019643_epoch78.json
Train on 496 samples, validate on 128 samples
Epoch 1/1
496/496 [==============================] - 0s 78us/step - loss: 0.0691 - acc: 0.9173 - val_loss: 0.0493 - val_acc: 0.9375
Data saved at /Users/brendonm/banded_low_resolution_time1532019643_epoch79.json
Train on 496 samples, validate on 128 samples
Epoch 1/1
496/496 [==============================] - 0s 82us/step - loss: 0.0610 - acc: 0.9113 - val_loss: 0.0488 - val_acc: 0.9453
Data saved at /Users/brendonm/banded_low_resolution_time1532019643_epoch80.json
Train on 496 samples, validate on 128 samples
Epoch 1/1
496/496 [==============================] - 0s 85us/step - loss: 0.0642 - acc: 0.9093 - val_loss: 0.0491 - val_acc: 0.9375
Data saved at /Users/brendonm/banded_low_resolution_time1532019643_epoch81.json
Train on 496 samples, validate on 128 samples
Epoch 1/1
496/496 [==============================] - 0s 66us/step - loss: 0.0624 - acc: 0.9214 - val_loss: 0.0499 - val_acc: 0.9375
Data saved at /Users/brendonm/banded_low_resolution_time1532019643_epoch82.json
Train on 496 samples, validate on 128 samples
Epoch 1/1
496/496 [==============================] - 0s 175us/step - loss: 0.0642 - acc: 0.9194 - val_loss: 0.0507 - val_acc: 0.9297
Data saved at /Users/brendonm/banded_low_resolution_time1532019643_epoch83.json
Train on 496 samples, validate on 128 samples
Epoch 1/1
496/496 [==============================] - 0s 90us/step - loss: 0.0584 - acc: 0.9274 - val_loss: 0.0498 - val_acc: 0.9375
Data saved at /Users/brendonm/banded_low_resolution_time1532019643_epoch84.json
Train on 496 samples, validate on 128 samples
Epoch 1/1
496/496 [==============================] - 0s 75us/step - loss: 0.0712 - acc: 0.8931 - val_loss: 0.0498 - val_acc: 0.9375
Data saved at /Users/brendonm/banded_low_resolution_time1532019644_epoch85.json
Train on 496 samples, validate on 128 samples
Epoch 1/1
496/496 [==============================] - 0s 99us/step - loss: 0.0558 - acc: 0.9335 - val_loss: 0.0484 - val_acc: 0.9453
Data saved at /Users/brendonm/banded_low_resolution_time1532019644_epoch86.json
Train on 496 samples, validate on 128 samples
Epoch 1/1
496/496 [==============================] - 0s 87us/step - loss: 0.0581 - acc: 0.9254 - val_loss: 0.0477 - val_acc: 0.9453
Data saved at /Users/brendonm/banded_low_resolution_time1532019644_epoch87.json
Train on 496 samples, validate on 128 samples
Epoch 1/1
496/496 [==============================] - 0s 101us/step - loss: 0.0570 - acc: 0.9335 - val_loss: 0.0466 - val_acc: 0.9531
Data saved at /Users/brendonm/banded_low_resolution_time1532019644_epoch88.json
Train on 496 samples, validate on 128 samples
Epoch 1/1
496/496 [==============================] - 0s 100us/step - loss: 0.0525 - acc: 0.9375 - val_loss: 0.0467 - val_acc: 0.9531
Data saved at /Users/brendonm/banded_low_resolution_time1532019644_epoch89.json
Train on 496 samples, validate on 128 samples
Epoch 1/1
496/496 [==============================] - 0s 84us/step - loss: 0.0602 - acc: 0.9234 - val_loss: 0.0473 - val_acc: 0.9531
Data saved at /Users/brendonm/banded_low_resolution_time1532019644_epoch90.json
Train on 496 samples, validate on 128 samples
Epoch 1/1
496/496 [==============================] - 0s 97us/step - loss: 0.0628 - acc: 0.9254 - val_loss: 0.0479 - val_acc: 0.9453
Data saved at /Users/brendonm/banded_low_resolution_time1532019644_epoch91.json
Train on 496 samples, validate on 128 samples
Epoch 1/1
496/496 [==============================] - 0s 91us/step - loss: 0.0644 - acc: 0.9073 - val_loss: 0.0480 - val_acc: 0.9531
Data saved at /Users/brendonm/banded_low_resolution_time1532019644_epoch92.json
Train on 496 samples, validate on 128 samples
Epoch 1/1
496/496 [==============================] - 0s 87us/step - loss: 0.0629 - acc: 0.9254 - val_loss: 0.0472 - val_acc: 0.9531
Data saved at /Users/brendonm/banded_low_resolution_time1532019644_epoch93.json
Train on 496 samples, validate on 128 samples
Epoch 1/1
496/496 [==============================] - 0s 77us/step - loss: 0.0540 - acc: 0.9294 - val_loss: 0.0463 - val_acc: 0.9531
Data saved at /Users/brendonm/banded_low_resolution_time1532019645_epoch94.json
Train on 496 samples, validate on 128 samples
Epoch 1/1
496/496 [==============================] - 0s 87us/step - loss: 0.0624 - acc: 0.9234 - val_loss: 0.0469 - val_acc: 0.9531
Data saved at /Users/brendonm/banded_low_resolution_time1532019645_epoch95.json
Train on 496 samples, validate on 128 samples
Epoch 1/1
496/496 [==============================] - 0s 82us/step - loss: 0.0545 - acc: 0.9355 - val_loss: 0.0463 - val_acc: 0.9531
Data saved at /Users/brendonm/banded_low_resolution_time1532019645_epoch96.json
Train on 496 samples, validate on 128 samples
Epoch 1/1
496/496 [==============================] - 0s 73us/step - loss: 0.0597 - acc: 0.9194 - val_loss: 0.0462 - val_acc: 0.9531
Data saved at /Users/brendonm/banded_low_resolution_time1532019645_epoch97.json
Train on 496 samples, validate on 128 samples
Epoch 1/1
496/496 [==============================] - 0s 66us/step - loss: 0.0601 - acc: 0.9214 - val_loss: 0.0469 - val_acc: 0.9531
Data saved at /Users/brendonm/banded_low_resolution_time1532019645_epoch98.json
Train on 496 samples, validate on 128 samples
Epoch 1/1
496/496 [==============================] - 0s 74us/step - loss: 0.0545 - acc: 0.9254 - val_loss: 0.0488 - val_acc: 0.9297
Data saved at /Users/brendonm/banded_low_resolution_time1532019645_epoch99.json
Train on 496 samples, validate on 128 samples
Epoch 1/1
496/496 [==============================] - 0s 61us/step - loss: 0.0641 - acc: 0.9153 - val_loss: 0.0474 - val_acc: 0.9531
Data saved at /Users/brendonm/banded_low_resolution_time1532019645_epoch100.json
Train on 496 samples, validate on 128 samples
Epoch 1/1
496/496 [==============================] - 0s 68us/step - loss: 0.0518 - acc: 0.9335 - val_loss: 0.0465 - val_acc: 0.9609
Data saved at /Users/brendonm/banded_low_resolution_time1532019645_epoch101.json
Train on 496 samples, validate on 128 samples
Epoch 1/1
496/496 [==============================] - 0s 77us/step - loss: 0.0624 - acc: 0.9093 - val_loss: 0.0454 - val_acc: 0.9531
Data saved at /Users/brendonm/banded_low_resolution_time1532019645_epoch102.json
Train on 496 samples, validate on 128 samples
Epoch 1/1
496/496 [==============================] - 0s 69us/step - loss: 0.0547 - acc: 0.9294 - val_loss: 0.0452 - val_acc: 0.9453
Data saved at /Users/brendonm/banded_low_resolution_time1532019645_epoch103.json
Train on 496 samples, validate on 128 samples
Epoch 1/1
496/496 [==============================] - 0s 85us/step - loss: 0.0598 - acc: 0.9194 - val_loss: 0.0448 - val_acc: 0.9531
Data saved at /Users/brendonm/banded_low_resolution_time1532019645_epoch104.json
Train on 496 samples, validate on 128 samples
Epoch 1/1
496/496 [==============================] - 0s 79us/step - loss: 0.0518 - acc: 0.9355 - val_loss: 0.0454 - val_acc: 0.9609
Data saved at /Users/brendonm/banded_low_resolution_time1532019645_epoch105.json
Train on 496 samples, validate on 128 samples
Epoch 1/1
496/496 [==============================] - 0s 79us/step - loss: 0.0625 - acc: 0.9274 - val_loss: 0.0447 - val_acc: 0.9609
Data saved at /Users/brendonm/banded_low_resolution_time1532019646_epoch106.json
Train on 496 samples, validate on 128 samples
Epoch 1/1
496/496 [==============================] - 0s 79us/step - loss: 0.0567 - acc: 0.9214 - val_loss: 0.0455 - val_acc: 0.9453
Data saved at /Users/brendonm/banded_low_resolution_time1532019646_epoch107.json
Train on 496 samples, validate on 128 samples
Epoch 1/1
496/496 [==============================] - 0s 93us/step - loss: 0.0523 - acc: 0.9173 - val_loss: 0.0461 - val_acc: 0.9453
Data saved at /Users/brendonm/banded_low_resolution_time1532019646_epoch108.json
Train on 496 samples, validate on 128 samples
Epoch 1/1
496/496 [==============================] - 0s 97us/step - loss: 0.0567 - acc: 0.9234 - val_loss: 0.0454 - val_acc: 0.9453
Data saved at /Users/brendonm/banded_low_resolution_time1532019646_epoch109.json
Train on 496 samples, validate on 128 samples
Epoch 1/1
496/496 [==============================] - 0s 96us/step - loss: 0.0549 - acc: 0.9254 - val_loss: 0.0445 - val_acc: 0.9609
Data saved at /Users/brendonm/banded_low_resolution_time1532019646_epoch110.json
Train on 496 samples, validate on 128 samples
Epoch 1/1
496/496 [==============================] - 0s 84us/step - loss: 0.0463 - acc: 0.9415 - val_loss: 0.0436 - val_acc: 0.9531
Data saved at /Users/brendonm/banded_low_resolution_time1532019646_epoch111.json
Train on 496 samples, validate on 128 samples
Epoch 1/1
496/496 [==============================] - 0s 72us/step - loss: 0.0563 - acc: 0.9234 - val_loss: 0.0436 - val_acc: 0.9531
Data saved at /Users/brendonm/banded_low_resolution_time1532019646_epoch112.json
Train on 496 samples, validate on 128 samples
Epoch 1/1
496/496 [==============================] - 0s 83us/step - loss: 0.0592 - acc: 0.9173 - val_loss: 0.0457 - val_acc: 0.9453
Data saved at /Users/brendonm/banded_low_resolution_time1532019646_epoch113.json
Train on 496 samples, validate on 128 samples
Epoch 1/1
496/496 [==============================] - 0s 85us/step - loss: 0.0515 - acc: 0.9335 - val_loss: 0.0473 - val_acc: 0.9375
Data saved at /Users/brendonm/banded_low_resolution_time1532019646_epoch114.json
Train on 496 samples, validate on 128 samples
Epoch 1/1
496/496 [==============================] - 0s 87us/step - loss: 0.0571 - acc: 0.9254 - val_loss: 0.0468 - val_acc: 0.9531
Data saved at /Users/brendonm/banded_low_resolution_time1532019647_epoch115.json
Train on 496 samples, validate on 128 samples
Epoch 1/1
496/496 [==============================] - 0s 85us/step - loss: 0.0581 - acc: 0.9234 - val_loss: 0.0447 - val_acc: 0.9453
Data saved at /Users/brendonm/banded_low_resolution_time1532019647_epoch116.json
Train on 496 samples, validate on 128 samples
Epoch 1/1
496/496 [==============================] - 0s 73us/step - loss: 0.0601 - acc: 0.9133 - val_loss: 0.0438 - val_acc: 0.9453
Data saved at /Users/brendonm/banded_low_resolution_time1532019647_epoch117.json
Train on 496 samples, validate on 128 samples
Epoch 1/1
496/496 [==============================] - 0s 77us/step - loss: 0.0580 - acc: 0.9315 - val_loss: 0.0438 - val_acc: 0.9609
Data saved at /Users/brendonm/banded_low_resolution_time1532019647_epoch118.json
Train on 496 samples, validate on 128 samples
Epoch 1/1
496/496 [==============================] - 0s 88us/step - loss: 0.0537 - acc: 0.9254 - val_loss: 0.0429 - val_acc: 0.9609
Data saved at /Users/brendonm/banded_low_resolution_time1532019647_epoch119.json
Train on 496 samples, validate on 128 samples
Epoch 1/1
496/496 [==============================] - 0s 98us/step - loss: 0.0555 - acc: 0.9234 - val_loss: 0.0428 - val_acc: 0.9453
Data saved at /Users/brendonm/banded_low_resolution_time1532019647_epoch120.json
Train on 496 samples, validate on 128 samples
Epoch 1/1
496/496 [==============================] - 0s 126us/step - loss: 0.0595 - acc: 0.9153 - val_loss: 0.0438 - val_acc: 0.9453
Data saved at /Users/brendonm/banded_low_resolution_time1532019647_epoch121.json
Train on 496 samples, validate on 128 samples
Epoch 1/1
496/496 [==============================] - 0s 83us/step - loss: 0.0482 - acc: 0.9315 - val_loss: 0.0429 - val_acc: 0.9531
Data saved at /Users/brendonm/banded_low_resolution_time1532019647_epoch122.json
Train on 496 samples, validate on 128 samples
Epoch 1/1
496/496 [==============================] - 0s 63us/step - loss: 0.0500 - acc: 0.9294 - val_loss: 0.0440 - val_acc: 0.9453
Data saved at /Users/brendonm/banded_low_resolution_time1532019647_epoch123.json
Train on 496 samples, validate on 128 samples
Epoch 1/1
496/496 [==============================] - 0s 59us/step - loss: 0.0483 - acc: 0.9335 - val_loss: 0.0442 - val_acc: 0.9453
Data saved at /Users/brendonm/banded_low_resolution_time1532019647_epoch124.json
Train on 496 samples, validate on 128 samples
Epoch 1/1
496/496 [==============================] - 0s 68us/step - loss: 0.0512 - acc: 0.9335 - val_loss: 0.0423 - val_acc: 0.9531
Data saved at /Users/brendonm/banded_low_resolution_time1532019648_epoch125.json
Train on 496 samples, validate on 128 samples
Epoch 1/1
496/496 [==============================] - 0s 78us/step - loss: 0.0508 - acc: 0.9294 - val_loss: 0.0434 - val_acc: 0.9609
Data saved at /Users/brendonm/banded_low_resolution_time1532019648_epoch126.json
Train on 496 samples, validate on 128 samples
Epoch 1/1
496/496 [==============================] - 0s 73us/step - loss: 0.0560 - acc: 0.9234 - val_loss: 0.0437 - val_acc: 0.9609
Data saved at /Users/brendonm/banded_low_resolution_time1532019648_epoch127.json
Train on 496 samples, validate on 128 samples
Epoch 1/1
496/496 [==============================] - 0s 87us/step - loss: 0.0500 - acc: 0.9335 - val_loss: 0.0430 - val_acc: 0.9609
Data saved at /Users/brendonm/banded_low_resolution_time1532019648_epoch128.json
Train on 496 samples, validate on 128 samples
Epoch 1/1
496/496 [==============================] - 0s 76us/step - loss: 0.0540 - acc: 0.9294 - val_loss: 0.0444 - val_acc: 0.9609
Data saved at /Users/brendonm/banded_low_resolution_time1532019648_epoch129.json
Train on 496 samples, validate on 128 samples
Epoch 1/1
496/496 [==============================] - 0s 61us/step - loss: 0.0511 - acc: 0.9254 - val_loss: 0.0448 - val_acc: 0.9531
Data saved at /Users/brendonm/banded_low_resolution_time1532019648_epoch130.json
Train on 496 samples, validate on 128 samples
Epoch 1/1
496/496 [==============================] - 0s 92us/step - loss: 0.0538 - acc: 0.9153 - val_loss: 0.0440 - val_acc: 0.9531
Data saved at /Users/brendonm/banded_low_resolution_time1532019648_epoch131.json
Train on 496 samples, validate on 128 samples
Epoch 1/1
496/496 [==============================] - 0s 142us/step - loss: 0.0482 - acc: 0.9355 - val_loss: 0.0429 - val_acc: 0.9531
Data saved at /Users/brendonm/banded_low_resolution_time1532019648_epoch132.json
Train on 496 samples, validate on 128 samples
Epoch 1/1
496/496 [==============================] - 0s 90us/step - loss: 0.0451 - acc: 0.9395 - val_loss: 0.0417 - val_acc: 0.9609
Data saved at /Users/brendonm/banded_low_resolution_time1532019648_epoch133.json
Train on 496 samples, validate on 128 samples
Epoch 1/1
496/496 [==============================] - 0s 90us/step - loss: 0.0471 - acc: 0.9395 - val_loss: 0.0418 - val_acc: 0.9609
Data saved at /Users/brendonm/banded_low_resolution_time1532019648_epoch134.json
Train on 496 samples, validate on 128 samples
Epoch 1/1
496/496 [==============================] - 0s 93us/step - loss: 0.0733 - acc: 0.8992 - val_loss: 0.0416 - val_acc: 0.9609
Data saved at /Users/brendonm/banded_low_resolution_time1532019648_epoch135.json
Train on 496 samples, validate on 128 samples
Epoch 1/1
496/496 [==============================] - 0s 91us/step - loss: 0.0498 - acc: 0.9254 - val_loss: 0.0419 - val_acc: 0.9609
Data saved at /Users/brendonm/banded_low_resolution_time1532019649_epoch136.json
Train on 496 samples, validate on 128 samples
Epoch 1/1
496/496 [==============================] - 0s 96us/step - loss: 0.0475 - acc: 0.9315 - val_loss: 0.0424 - val_acc: 0.9609
Data saved at /Users/brendonm/banded_low_resolution_time1532019649_epoch137.json
Train on 496 samples, validate on 128 samples
Epoch 1/1
496/496 [==============================] - 0s 95us/step - loss: 0.0562 - acc: 0.9254 - val_loss: 0.0438 - val_acc: 0.9453
Data saved at /Users/brendonm/banded_low_resolution_time1532019649_epoch138.json
Train on 496 samples, validate on 128 samples
Epoch 1/1
496/496 [==============================] - 0s 97us/step - loss: 0.0489 - acc: 0.9335 - val_loss: 0.0423 - val_acc: 0.9609
Data saved at /Users/brendonm/banded_low_resolution_time1532019649_epoch139.json
Train on 496 samples, validate on 128 samples
Epoch 1/1
496/496 [==============================] - 0s 93us/step - loss: 0.0492 - acc: 0.9315 - val_loss: 0.0410 - val_acc: 0.9609
Data saved at /Users/brendonm/banded_low_resolution_time1532019649_epoch140.json
Train on 496 samples, validate on 128 samples
Epoch 1/1
496/496 [==============================] - 0s 97us/step - loss: 0.0452 - acc: 0.9355 - val_loss: 0.0400 - val_acc: 0.9609
Data saved at /Users/brendonm/banded_low_resolution_time1532019649_epoch141.json
Train on 496 samples, validate on 128 samples
Epoch 1/1
496/496 [==============================] - 0s 91us/step - loss: 0.0436 - acc: 0.9516 - val_loss: 0.0403 - val_acc: 0.9609
Data saved at /Users/brendonm/banded_low_resolution_time1532019649_epoch142.json
Train on 496 samples, validate on 128 samples
Epoch 1/1
496/496 [==============================] - 0s 61us/step - loss: 0.0419 - acc: 0.9456 - val_loss: 0.0404 - val_acc: 0.9609
Data saved at /Users/brendonm/banded_low_resolution_time1532019649_epoch143.json
Train on 496 samples, validate on 128 samples
Epoch 1/1
496/496 [==============================] - 0s 70us/step - loss: 0.0457 - acc: 0.9435 - val_loss: 0.0415 - val_acc: 0.9609
Data saved at /Users/brendonm/banded_low_resolution_time1532019649_epoch144.json
Train on 496 samples, validate on 128 samples
Epoch 1/1
496/496 [==============================] - 0s 75us/step - loss: 0.0486 - acc: 0.9476 - val_loss: 0.0405 - val_acc: 0.9609
Data saved at /Users/brendonm/banded_low_resolution_time1532019650_epoch145.json
Train on 496 samples, validate on 128 samples
Epoch 1/1
496/496 [==============================] - 0s 72us/step - loss: 0.0439 - acc: 0.9395 - val_loss: 0.0400 - val_acc: 0.9609
Data saved at /Users/brendonm/banded_low_resolution_time1532019650_epoch146.json
Train on 496 samples, validate on 128 samples
Epoch 1/1
496/496 [==============================] - 0s 80us/step - loss: 0.0606 - acc: 0.9073 - val_loss: 0.0426 - val_acc: 0.9609
Data saved at /Users/brendonm/banded_low_resolution_time1532019650_epoch147.json
Train on 496 samples, validate on 128 samples
Epoch 1/1
496/496 [==============================] - 0s 78us/step - loss: 0.0488 - acc: 0.9435 - val_loss: 0.0404 - val_acc: 0.9609
Data saved at /Users/brendonm/banded_low_resolution_time1532019650_epoch148.json
Train on 496 samples, validate on 128 samples
Epoch 1/1
496/496 [==============================] - 0s 73us/step - loss: 0.0489 - acc: 0.9335 - val_loss: 0.0412 - val_acc: 0.9531
Data saved at /Users/brendonm/banded_low_resolution_time1532019650_epoch149.json
Train on 496 samples, validate on 128 samples
Epoch 1/1
496/496 [==============================] - 0s 75us/step - loss: 0.0495 - acc: 0.9375 - val_loss: 0.0408 - val_acc: 0.9609
Data saved at /Users/brendonm/banded_low_resolution_time1532019650_epoch150.json
Train on 496 samples, validate on 128 samples
Epoch 1/1
496/496 [==============================] - 0s 100us/step - loss: 0.0468 - acc: 0.9415 - val_loss: 0.0398 - val_acc: 0.9609
Data saved at /Users/brendonm/banded_low_resolution_time1532019650_epoch151.json
Train on 496 samples, validate on 128 samples
Epoch 1/1
496/496 [==============================] - 0s 96us/step - loss: 0.0410 - acc: 0.9516 - val_loss: 0.0404 - val_acc: 0.9609
Data saved at /Users/brendonm/banded_low_resolution_time1532019650_epoch152.json
Train on 496 samples, validate on 128 samples
Epoch 1/1
496/496 [==============================] - 0s 88us/step - loss: 0.0447 - acc: 0.9435 - val_loss: 0.0393 - val_acc: 0.9609
Data saved at /Users/brendonm/banded_low_resolution_time1532019650_epoch153.json
Train on 496 samples, validate on 128 samples
Epoch 1/1
496/496 [==============================] - 0s 98us/step - loss: 0.0541 - acc: 0.9355 - val_loss: 0.0396 - val_acc: 0.9609
Data saved at /Users/brendonm/banded_low_resolution_time1532019650_epoch154.json
Train on 496 samples, validate on 128 samples
Epoch 1/1
496/496 [==============================] - 0s 97us/step - loss: 0.0433 - acc: 0.9496 - val_loss: 0.0398 - val_acc: 0.9609
Data saved at /Users/brendonm/banded_low_resolution_time1532019650_epoch155.json
Train on 496 samples, validate on 128 samples
Epoch 1/1
496/496 [==============================] - 0s 79us/step - loss: 0.0445 - acc: 0.9395 - val_loss: 0.0393 - val_acc: 0.9531
Data saved at /Users/brendonm/banded_low_resolution_time1532019651_epoch156.json
Train on 496 samples, validate on 128 samples
Epoch 1/1
496/496 [==============================] - 0s 83us/step - loss: 0.0397 - acc: 0.9456 - val_loss: 0.0398 - val_acc: 0.9531
Data saved at /Users/brendonm/banded_low_resolution_time1532019651_epoch157.json
Train on 496 samples, validate on 128 samples
Epoch 1/1
496/496 [==============================] - 0s 94us/step - loss: 0.0491 - acc: 0.9335 - val_loss: 0.0402 - val_acc: 0.9609
Data saved at /Users/brendonm/banded_low_resolution_time1532019651_epoch158.json
Train on 496 samples, validate on 128 samples
Epoch 1/1
496/496 [==============================] - 0s 94us/step - loss: 0.0443 - acc: 0.9435 - val_loss: 0.0404 - val_acc: 0.9609
Data saved at /Users/brendonm/banded_low_resolution_time1532019651_epoch159.json
Train on 496 samples, validate on 128 samples
Epoch 1/1
496/496 [==============================] - 0s 88us/step - loss: 0.0439 - acc: 0.9456 - val_loss: 0.0419 - val_acc: 0.9609
Data saved at /Users/brendonm/banded_low_resolution_time1532019651_epoch160.json
Train on 496 samples, validate on 128 samples
Epoch 1/1
496/496 [==============================] - 0s 86us/step - loss: 0.0386 - acc: 0.9435 - val_loss: 0.0417 - val_acc: 0.9609
Data saved at /Users/brendonm/banded_low_resolution_time1532019651_epoch161.json
Train on 496 samples, validate on 128 samples
Epoch 1/1
496/496 [==============================] - 0s 100us/step - loss: 0.0392 - acc: 0.9577 - val_loss: 0.0413 - val_acc: 0.9609
Data saved at /Users/brendonm/banded_low_resolution_time1532019651_epoch162.json
Train on 496 samples, validate on 128 samples
Epoch 1/1
496/496 [==============================] - 0s 76us/step - loss: 0.0385 - acc: 0.9556 - val_loss: 0.0412 - val_acc: 0.9609
Data saved at /Users/brendonm/banded_low_resolution_time1532019651_epoch163.json
Train on 496 samples, validate on 128 samples
Epoch 1/1
496/496 [==============================] - 0s 96us/step - loss: 0.0451 - acc: 0.9456 - val_loss: 0.0412 - val_acc: 0.9531
Data saved at /Users/brendonm/banded_low_resolution_time1532019652_epoch164.json
Train on 496 samples, validate on 128 samples
Epoch 1/1
496/496 [==============================] - 0s 63us/step - loss: 0.0423 - acc: 0.9516 - val_loss: 0.0428 - val_acc: 0.9531
Data saved at /Users/brendonm/banded_low_resolution_time1532019652_epoch165.json
Train on 496 samples, validate on 128 samples
Epoch 1/1
496/496 [==============================] - 0s 64us/step - loss: 0.0455 - acc: 0.9496 - val_loss: 0.0404 - val_acc: 0.9609
Data saved at /Users/brendonm/banded_low_resolution_time1532019652_epoch166.json
Train on 496 samples, validate on 128 samples
Epoch 1/1
496/496 [==============================] - 0s 57us/step - loss: 0.0472 - acc: 0.9536 - val_loss: 0.0395 - val_acc: 0.9609
Data saved at /Users/brendonm/banded_low_resolution_time1532019652_epoch167.json
Train on 496 samples, validate on 128 samples
Epoch 1/1
496/496 [==============================] - 0s 77us/step - loss: 0.0405 - acc: 0.9415 - val_loss: 0.0388 - val_acc: 0.9609
Data saved at /Users/brendonm/banded_low_resolution_time1532019652_epoch168.json
Train on 496 samples, validate on 128 samples
Epoch 1/1
496/496 [==============================] - 0s 73us/step - loss: 0.0543 - acc: 0.9254 - val_loss: 0.0404 - val_acc: 0.9609
Data saved at /Users/brendonm/banded_low_resolution_time1532019652_epoch169.json
Train on 496 samples, validate on 128 samples
Epoch 1/1
496/496 [==============================] - 0s 77us/step - loss: 0.0479 - acc: 0.9415 - val_loss: 0.0400 - val_acc: 0.9609
Data saved at /Users/brendonm/banded_low_resolution_time1532019652_epoch170.json
Train on 496 samples, validate on 128 samples
Epoch 1/1
496/496 [==============================] - 0s 62us/step - loss: 0.0384 - acc: 0.9577 - val_loss: 0.0412 - val_acc: 0.9609
Data saved at /Users/brendonm/banded_low_resolution_time1532019652_epoch171.json
Train on 496 samples, validate on 128 samples
Epoch 1/1
496/496 [==============================] - 0s 86us/step - loss: 0.0565 - acc: 0.9315 - val_loss: 0.0399 - val_acc: 0.9531
Data saved at /Users/brendonm/banded_low_resolution_time1532019652_epoch172.json
Train on 496 samples, validate on 128 samples
Epoch 1/1
496/496 [==============================] - 0s 88us/step - loss: 0.0471 - acc: 0.9355 - val_loss: 0.0407 - val_acc: 0.9609
Data saved at /Users/brendonm/banded_low_resolution_time1532019652_epoch173.json
Train on 496 samples, validate on 128 samples
Epoch 1/1
496/496 [==============================] - 0s 103us/step - loss: 0.0494 - acc: 0.9315 - val_loss: 0.0413 - val_acc: 0.9531
Data saved at /Users/brendonm/banded_low_resolution_time1532019652_epoch174.json
Train on 496 samples, validate on 128 samples
Epoch 1/1
496/496 [==============================] - 0s 78us/step - loss: 0.0467 - acc: 0.9355 - val_loss: 0.0408 - val_acc: 0.9531
Data saved at /Users/brendonm/banded_low_resolution_time1532019652_epoch175.json
Train on 496 samples, validate on 128 samples
Epoch 1/1
496/496 [==============================] - 0s 63us/step - loss: 0.0460 - acc: 0.9435 - val_loss: 0.0404 - val_acc: 0.9531
Data saved at /Users/brendonm/banded_low_resolution_time1532019653_epoch176.json
Train on 496 samples, validate on 128 samples
Epoch 1/1
496/496 [==============================] - 0s 93us/step - loss: 0.0379 - acc: 0.9556 - val_loss: 0.0395 - val_acc: 0.9531
Data saved at /Users/brendonm/banded_low_resolution_time1532019653_epoch177.json
Train on 496 samples, validate on 128 samples
Epoch 1/1
496/496 [==============================] - 0s 74us/step - loss: 0.0434 - acc: 0.9476 - val_loss: 0.0393 - val_acc: 0.9531
Data saved at /Users/brendonm/banded_low_resolution_time1532019653_epoch178.json
Train on 496 samples, validate on 128 samples
Epoch 1/1
496/496 [==============================] - 0s 85us/step - loss: 0.0370 - acc: 0.9536 - val_loss: 0.0374 - val_acc: 0.9609
Data saved at /Users/brendonm/banded_low_resolution_time1532019653_epoch179.json
Train on 496 samples, validate on 128 samples
Epoch 1/1
496/496 [==============================] - 0s 97us/step - loss: 0.0460 - acc: 0.9315 - val_loss: 0.0398 - val_acc: 0.9609
Data saved at /Users/brendonm/banded_low_resolution_time1532019653_epoch180.json
Train on 496 samples, validate on 128 samples
Epoch 1/1
496/496 [==============================] - 0s 85us/step - loss: 0.0446 - acc: 0.9375 - val_loss: 0.0421 - val_acc: 0.9453
Data saved at /Users/brendonm/banded_low_resolution_time1532019653_epoch181.json
Train on 496 samples, validate on 128 samples
Epoch 1/1
496/496 [==============================] - 0s 96us/step - loss: 0.0464 - acc: 0.9355 - val_loss: 0.0404 - val_acc: 0.9531
Data saved at /Users/brendonm/banded_low_resolution_time1532019653_epoch182.json
Train on 496 samples, validate on 128 samples
Epoch 1/1
496/496 [==============================] - 0s 100us/step - loss: 0.0529 - acc: 0.9274 - val_loss: 0.0404 - val_acc: 0.9531
Data saved at /Users/brendonm/banded_low_resolution_time1532019653_epoch183.json
Train on 496 samples, validate on 128 samples
Epoch 1/1
496/496 [==============================] - 0s 59us/step - loss: 0.0448 - acc: 0.9456 - val_loss: 0.0412 - val_acc: 0.9531
Data saved at /Users/brendonm/banded_low_resolution_time1532019653_epoch184.json
Train on 496 samples, validate on 128 samples
Epoch 1/1
496/496 [==============================] - 0s 80us/step - loss: 0.0398 - acc: 0.9556 - val_loss: 0.0408 - val_acc: 0.9609
Data saved at /Users/brendonm/banded_low_resolution_time1532019654_epoch185.json
Train on 496 samples, validate on 128 samples
Epoch 1/1
496/496 [==============================] - 0s 85us/step - loss: 0.0377 - acc: 0.9597 - val_loss: 0.0414 - val_acc: 0.9531
Data saved at /Users/brendonm/banded_low_resolution_time1532019654_epoch186.json
Train on 496 samples, validate on 128 samples
Epoch 1/1
496/496 [==============================] - 0s 74us/step - loss: 0.0478 - acc: 0.9476 - val_loss: 0.0405 - val_acc: 0.9531
Data saved at /Users/brendonm/banded_low_resolution_time1532019654_epoch187.json
Train on 496 samples, validate on 128 samples
Epoch 1/1
496/496 [==============================] - 0s 79us/step - loss: 0.0466 - acc: 0.9435 - val_loss: 0.0402 - val_acc: 0.9531
Data saved at /Users/brendonm/banded_low_resolution_time1532019654_epoch188.json
Train on 496 samples, validate on 128 samples
Epoch 1/1
496/496 [==============================] - 0s 84us/step - loss: 0.0376 - acc: 0.9516 - val_loss: 0.0384 - val_acc: 0.9531
Data saved at /Users/brendonm/banded_low_resolution_time1532019654_epoch189.json
Train on 496 samples, validate on 128 samples
Epoch 1/1
496/496 [==============================] - 0s 82us/step - loss: 0.0438 - acc: 0.9476 - val_loss: 0.0372 - val_acc: 0.9609
Data saved at /Users/brendonm/banded_low_resolution_time1532019654_epoch190.json
Train on 496 samples, validate on 128 samples
Epoch 1/1
496/496 [==============================] - 0s 77us/step - loss: 0.0414 - acc: 0.9516 - val_loss: 0.0370 - val_acc: 0.9609
Data saved at /Users/brendonm/banded_low_resolution_time1532019654_epoch191.json
Train on 496 samples, validate on 128 samples
Epoch 1/1
496/496 [==============================] - 0s 95us/step - loss: 0.0465 - acc: 0.9395 - val_loss: 0.0396 - val_acc: 0.9531
Data saved at /Users/brendonm/banded_low_resolution_time1532019654_epoch192.json
Train on 496 samples, validate on 128 samples
Epoch 1/1
496/496 [==============================] - 0s 115us/step - loss: 0.0545 - acc: 0.9315 - val_loss: 0.0393 - val_acc: 0.9531
Data saved at /Users/brendonm/banded_low_resolution_time1532019654_epoch193.json
Train on 496 samples, validate on 128 samples
Epoch 1/1
496/496 [==============================] - 0s 123us/step - loss: 0.0416 - acc: 0.9456 - val_loss: 0.0388 - val_acc: 0.9531
Data saved at /Users/brendonm/banded_low_resolution_time1532019654_epoch194.json
Train on 496 samples, validate on 128 samples
Epoch 1/1
496/496 [==============================] - 0s 90us/step - loss: 0.0356 - acc: 0.9597 - val_loss: 0.0382 - val_acc: 0.9531
Data saved at /Users/brendonm/banded_low_resolution_time1532019654_epoch195.json
Train on 496 samples, validate on 128 samples
Epoch 1/1
496/496 [==============================] - 0s 82us/step - loss: 0.0437 - acc: 0.9415 - val_loss: 0.0392 - val_acc: 0.9531
Data saved at /Users/brendonm/banded_low_resolution_time1532019655_epoch196.json
Train on 496 samples, validate on 128 samples
Epoch 1/1
496/496 [==============================] - 0s 85us/step - loss: 0.0441 - acc: 0.9496 - val_loss: 0.0380 - val_acc: 0.9609
Data saved at /Users/brendonm/banded_low_resolution_time1532019655_epoch197.json
Train on 496 samples, validate on 128 samples
Epoch 1/1
496/496 [==============================] - 0s 87us/step - loss: 0.0439 - acc: 0.9496 - val_loss: 0.0394 - val_acc: 0.9531
Data saved at /Users/brendonm/banded_low_resolution_time1532019655_epoch198.json
Train on 496 samples, validate on 128 samples
Epoch 1/1
496/496 [==============================] - 0s 90us/step - loss: 0.0324 - acc: 0.9536 - val_loss: 0.0423 - val_acc: 0.9531
Data saved at /Users/brendonm/banded_low_resolution_time1532019655_epoch199.json
Train on 496 samples, validate on 128 samples
Epoch 1/1
496/496 [==============================] - 0s 91us/step - loss: 0.0361 - acc: 0.9637 - val_loss: 0.0419 - val_acc: 0.9531
Data saved at /Users/brendonm/banded_low_resolution_time1532019655_epoch200.json
Train on 496 samples, validate on 128 samples
Epoch 1/1
496/496 [==============================] - 0s 81us/step - loss: 0.0362 - acc: 0.9536 - val_loss: 0.0397 - val_acc: 0.9531
Data saved at /Users/brendonm/banded_low_resolution_time1532019655_epoch201.json
Train on 496 samples, validate on 128 samples
Epoch 1/1
496/496 [==============================] - 0s 100us/step - loss: 0.0400 - acc: 0.9516 - val_loss: 0.0392 - val_acc: 0.9609
Data saved at /Users/brendonm/banded_low_resolution_time1532019655_epoch202.json
Train on 496 samples, validate on 128 samples
Epoch 1/1
496/496 [==============================] - 0s 101us/step - loss: 0.0590 - acc: 0.9214 - val_loss: 0.0410 - val_acc: 0.9531
Data saved at /Users/brendonm/banded_low_resolution_time1532019655_epoch203.json
Train on 496 samples, validate on 128 samples
Epoch 1/1
496/496 [==============================] - 0s 81us/step - loss: 0.0396 - acc: 0.9516 - val_loss: 0.0402 - val_acc: 0.9531
Data saved at /Users/brendonm/banded_low_resolution_time1532019655_epoch204.json
Train on 496 samples, validate on 128 samples
Epoch 1/1
496/496 [==============================] - 0s 78us/step - loss: 0.0375 - acc: 0.9536 - val_loss: 0.0398 - val_acc: 0.9531
Data saved at /Users/brendonm/banded_low_resolution_time1532019656_epoch205.json
Train on 496 samples, validate on 128 samples
Epoch 1/1
496/496 [==============================] - 0s 60us/step - loss: 0.0408 - acc: 0.9496 - val_loss: 0.0390 - val_acc: 0.9531
Data saved at /Users/brendonm/banded_low_resolution_time1532019656_epoch206.json
Train on 496 samples, validate on 128 samples
Epoch 1/1
496/496 [==============================] - 0s 78us/step - loss: 0.0334 - acc: 0.9617 - val_loss: 0.0396 - val_acc: 0.9531
Data saved at /Users/brendonm/banded_low_resolution_time1532019656_epoch207.json
Train on 496 samples, validate on 128 samples
Epoch 1/1
496/496 [==============================] - 0s 71us/step - loss: 0.0475 - acc: 0.9375 - val_loss: 0.0414 - val_acc: 0.9531
Data saved at /Users/brendonm/banded_low_resolution_time1532019656_epoch208.json
Train on 496 samples, validate on 128 samples
Epoch 1/1
496/496 [==============================] - 0s 77us/step - loss: 0.0393 - acc: 0.9415 - val_loss: 0.0438 - val_acc: 0.9531
Data saved at /Users/brendonm/banded_low_resolution_time1532019656_epoch209.json
Train on 496 samples, validate on 128 samples
Epoch 1/1
496/496 [==============================] - 0s 57us/step - loss: 0.0375 - acc: 0.9516 - val_loss: 0.0424 - val_acc: 0.9531
Data saved at /Users/brendonm/banded_low_resolution_time1532019656_epoch210.json
Train on 496 samples, validate on 128 samples
Epoch 1/1
496/496 [==============================] - 0s 73us/step - loss: 0.0352 - acc: 0.9617 - val_loss: 0.0427 - val_acc: 0.9609
Data saved at /Users/brendonm/banded_low_resolution_time1532019656_epoch211.json
Train on 496 samples, validate on 128 samples
Epoch 1/1
496/496 [==============================] - 0s 77us/step - loss: 0.0475 - acc: 0.9294 - val_loss: 0.0413 - val_acc: 0.9531
Data saved at /Users/brendonm/banded_low_resolution_time1532019656_epoch212.json
Train on 496 samples, validate on 128 samples
Epoch 1/1
496/496 [==============================] - 0s 70us/step - loss: 0.0337 - acc: 0.9577 - val_loss: 0.0397 - val_acc: 0.9531
Data saved at /Users/brendonm/banded_low_resolution_time1532019656_epoch213.json
Train on 496 samples, validate on 128 samples
Epoch 1/1
496/496 [==============================] - 0s 78us/step - loss: 0.0488 - acc: 0.9415 - val_loss: 0.0403 - val_acc: 0.9531
Data saved at /Users/brendonm/banded_low_resolution_time1532019656_epoch214.json
Train on 496 samples, validate on 128 samples
Epoch 1/1
496/496 [==============================] - 0s 94us/step - loss: 0.0390 - acc: 0.9496 - val_loss: 0.0406 - val_acc: 0.9531
Data saved at /Users/brendonm/banded_low_resolution_time1532019656_epoch215.json
Train on 496 samples, validate on 128 samples
Epoch 1/1
496/496 [==============================] - 0s 78us/step - loss: 0.0343 - acc: 0.9577 - val_loss: 0.0406 - val_acc: 0.9609
Data saved at /Users/brendonm/banded_low_resolution_time1532019656_epoch216.json
Train on 496 samples, validate on 128 samples
Epoch 1/1
496/496 [==============================] - 0s 86us/step - loss: 0.0345 - acc: 0.9597 - val_loss: 0.0401 - val_acc: 0.9609
Data saved at /Users/brendonm/banded_low_resolution_time1532019657_epoch217.json
Train on 496 samples, validate on 128 samples
Epoch 1/1
496/496 [==============================] - 0s 87us/step - loss: 0.0354 - acc: 0.9536 - val_loss: 0.0398 - val_acc: 0.9609
Data saved at /Users/brendonm/banded_low_resolution_time1532019657_epoch218.json
Train on 496 samples, validate on 128 samples
Epoch 1/1
496/496 [==============================] - 0s 86us/step - loss: 0.0508 - acc: 0.9375 - val_loss: 0.0404 - val_acc: 0.9609
Data saved at /Users/brendonm/banded_low_resolution_time1532019657_epoch219.json
Train on 496 samples, validate on 128 samples
Epoch 1/1
496/496 [==============================] - 0s 90us/step - loss: 0.0444 - acc: 0.9415 - val_loss: 0.0395 - val_acc: 0.9609
Data saved at /Users/brendonm/banded_low_resolution_time1532019657_epoch220.json
Train on 496 samples, validate on 128 samples
Epoch 1/1
496/496 [==============================] - 0s 83us/step - loss: 0.0401 - acc: 0.9476 - val_loss: 0.0398 - val_acc: 0.9609
Data saved at /Users/brendonm/banded_low_resolution_time1532019657_epoch221.json
Train on 496 samples, validate on 128 samples
Epoch 1/1
496/496 [==============================] - 0s 95us/step - loss: 0.0401 - acc: 0.9516 - val_loss: 0.0396 - val_acc: 0.9609
Data saved at /Users/brendonm/banded_low_resolution_time1532019657_epoch222.json
Train on 496 samples, validate on 128 samples
Epoch 1/1
496/496 [==============================] - 0s 91us/step - loss: 0.0369 - acc: 0.9577 - val_loss: 0.0398 - val_acc: 0.9609
Data saved at /Users/brendonm/banded_low_resolution_time1532019657_epoch223.json
Train on 496 samples, validate on 128 samples
Epoch 1/1
496/496 [==============================] - 0s 90us/step - loss: 0.0483 - acc: 0.9395 - val_loss: 0.0400 - val_acc: 0.9531
Data saved at /Users/brendonm/banded_low_resolution_time1532019657_epoch224.json
Train on 496 samples, validate on 128 samples
Epoch 1/1
496/496 [==============================] - 0s 79us/step - loss: 0.0378 - acc: 0.9577 - val_loss: 0.0401 - val_acc: 0.9531
Data saved at /Users/brendonm/banded_low_resolution_time1532019657_epoch225.json
Train on 496 samples, validate on 128 samples
Epoch 1/1
496/496 [==============================] - 0s 81us/step - loss: 0.0389 - acc: 0.9556 - val_loss: 0.0395 - val_acc: 0.9531
Data saved at /Users/brendonm/banded_low_resolution_time1532019658_epoch226.json
Train on 496 samples, validate on 128 samples
Epoch 1/1
496/496 [==============================] - 0s 75us/step - loss: 0.0293 - acc: 0.9657 - val_loss: 0.0384 - val_acc: 0.9609
Data saved at /Users/brendonm/banded_low_resolution_time1532019658_epoch227.json
Train on 496 samples, validate on 128 samples
Epoch 1/1
496/496 [==============================] - 0s 77us/step - loss: 0.0340 - acc: 0.9637 - val_loss: 0.0373 - val_acc: 0.9609
Data saved at /Users/brendonm/banded_low_resolution_time1532019658_epoch228.json
Train on 496 samples, validate on 128 samples
Epoch 1/1
496/496 [==============================] - 0s 74us/step - loss: 0.0345 - acc: 0.9597 - val_loss: 0.0377 - val_acc: 0.9609
Data saved at /Users/brendonm/banded_low_resolution_time1532019658_epoch229.json
Train on 496 samples, validate on 128 samples
Epoch 1/1
496/496 [==============================] - 0s 89us/step - loss: 0.0404 - acc: 0.9476 - val_loss: 0.0388 - val_acc: 0.9609
Data saved at /Users/brendonm/banded_low_resolution_time1532019658_epoch230.json
Train on 496 samples, validate on 128 samples
Epoch 1/1
496/496 [==============================] - 0s 87us/step - loss: 0.0372 - acc: 0.9536 - val_loss: 0.0393 - val_acc: 0.9609
Data saved at /Users/brendonm/banded_low_resolution_time1532019658_epoch231.json
Train on 496 samples, validate on 128 samples
Epoch 1/1
496/496 [==============================] - 0s 68us/step - loss: 0.0369 - acc: 0.9516 - val_loss: 0.0386 - val_acc: 0.9609
Data saved at /Users/brendonm/banded_low_resolution_time1532019658_epoch232.json
Train on 496 samples, validate on 128 samples
Epoch 1/1
496/496 [==============================] - 0s 72us/step - loss: 0.0348 - acc: 0.9597 - val_loss: 0.0387 - val_acc: 0.9609
Data saved at /Users/brendonm/banded_low_resolution_time1532019658_epoch233.json
Train on 496 samples, validate on 128 samples
Epoch 1/1
496/496 [==============================] - 0s 77us/step - loss: 0.0340 - acc: 0.9637 - val_loss: 0.0392 - val_acc: 0.9609
Data saved at /Users/brendonm/banded_low_resolution_time1532019658_epoch234.json
Train on 496 samples, validate on 128 samples
Epoch 1/1
496/496 [==============================] - 0s 78us/step - loss: 0.0362 - acc: 0.9556 - val_loss: 0.0388 - val_acc: 0.9609
Data saved at /Users/brendonm/banded_low_resolution_time1532019658_epoch235.json
Train on 496 samples, validate on 128 samples
Epoch 1/1
496/496 [==============================] - 0s 74us/step - loss: 0.0383 - acc: 0.9476 - val_loss: 0.0396 - val_acc: 0.9609
Data saved at /Users/brendonm/banded_low_resolution_time1532019658_epoch236.json
Train on 496 samples, validate on 128 samples
Epoch 1/1
496/496 [==============================] - 0s 82us/step - loss: 0.0438 - acc: 0.9375 - val_loss: 0.0389 - val_acc: 0.9609
Data saved at /Users/brendonm/banded_low_resolution_time1532019658_epoch237.json
Train on 496 samples, validate on 128 samples
Epoch 1/1
496/496 [==============================] - 0s 98us/step - loss: 0.0303 - acc: 0.9657 - val_loss: 0.0390 - val_acc: 0.9609
Data saved at /Users/brendonm/banded_low_resolution_time1532019658_epoch238.json
Train on 496 samples, validate on 128 samples
Epoch 1/1
496/496 [==============================] - 0s 104us/step - loss: 0.0424 - acc: 0.9476 - val_loss: 0.0389 - val_acc: 0.9609
Data saved at /Users/brendonm/banded_low_resolution_time1532019659_epoch239.json
Train on 496 samples, validate on 128 samples
Epoch 1/1
496/496 [==============================] - 0s 87us/step - loss: 0.0435 - acc: 0.9476 - val_loss: 0.0401 - val_acc: 0.9531
Data saved at /Users/brendonm/banded_low_resolution_time1532019659_epoch240.json
Train on 496 samples, validate on 128 samples
Epoch 1/1
496/496 [==============================] - 0s 94us/step - loss: 0.0333 - acc: 0.9617 - val_loss: 0.0400 - val_acc: 0.9531
Data saved at /Users/brendonm/banded_low_resolution_time1532019659_epoch241.json
Train on 496 samples, validate on 128 samples
Epoch 1/1
496/496 [==============================] - 0s 85us/step - loss: 0.0344 - acc: 0.9597 - val_loss: 0.0430 - val_acc: 0.9453
Data saved at /Users/brendonm/banded_low_resolution_time1532019659_epoch242.json
Train on 496 samples, validate on 128 samples
Epoch 1/1
496/496 [==============================] - 0s 99us/step - loss: 0.0334 - acc: 0.9637 - val_loss: 0.0444 - val_acc: 0.9453
Data saved at /Users/brendonm/banded_low_resolution_time1532019659_epoch243.json
Train on 496 samples, validate on 128 samples
Epoch 1/1
496/496 [==============================] - 0s 107us/step - loss: 0.0386 - acc: 0.9577 - val_loss: 0.0431 - val_acc: 0.9453
Data saved at /Users/brendonm/banded_low_resolution_time1532019659_epoch244.json
Train on 496 samples, validate on 128 samples
Epoch 1/1
496/496 [==============================] - 0s 93us/step - loss: 0.0327 - acc: 0.9597 - val_loss: 0.0425 - val_acc: 0.9453
Data saved at /Users/brendonm/banded_low_resolution_time1532019659_epoch245.json
Train on 496 samples, validate on 128 samples
Epoch 1/1
496/496 [==============================] - 0s 98us/step - loss: 0.0358 - acc: 0.9617 - val_loss: 0.0409 - val_acc: 0.9531
Data saved at /Users/brendonm/banded_low_resolution_time1532019659_epoch246.json
Train on 496 samples, validate on 128 samples
Epoch 1/1
496/496 [==============================] - 0s 81us/step - loss: 0.0404 - acc: 0.9435 - val_loss: 0.0402 - val_acc: 0.9531
Data saved at /Users/brendonm/banded_low_resolution_time1532019660_epoch247.json
Train on 496 samples, validate on 128 samples
Epoch 1/1
496/496 [==============================] - 0s 94us/step - loss: 0.0443 - acc: 0.9395 - val_loss: 0.0392 - val_acc: 0.9531
Data saved at /Users/brendonm/banded_low_resolution_time1532019660_epoch248.json
Train on 496 samples, validate on 128 samples
Epoch 1/1
496/496 [==============================] - 0s 88us/step - loss: 0.0416 - acc: 0.9375 - val_loss: 0.0397 - val_acc: 0.9609
Data saved at /Users/brendonm/banded_low_resolution_time1532019660_epoch249.json
