Train on 2643 samples, validate on 661 samples
Epoch 1/200
2018-10-14 20:14:04.920762: I tensorflow/core/platform/cpu_feature_guard.cc:140] Your CPU supports instructions that this TensorFlow binary was not compiled to use: AVX2 FMA
2018-10-14 20:14:05.011615: I tensorflow/stream_executor/cuda/cuda_gpu_executor.cc:898] successful NUMA node read from SysFS had negative value (-1), but there must be at least one NUMA node, so returning NUMA node zero
2018-10-14 20:14:05.011927: I tensorflow/core/common_runtime/gpu/gpu_device.cc:1356] Found device 0 with properties: 
name: GeForce GTX 1080 major: 6 minor: 1 memoryClockRate(GHz): 1.8475
pciBusID: 0000:01:00.0
totalMemory: 7.93GiB freeMemory: 7.49GiB
2018-10-14 20:14:05.011942: I tensorflow/core/common_runtime/gpu/gpu_device.cc:1435] Adding visible gpu devices: 0
2018-10-14 20:14:05.164771: I tensorflow/core/common_runtime/gpu/gpu_device.cc:923] Device interconnect StreamExecutor with strength 1 edge matrix:
2018-10-14 20:14:05.164798: I tensorflow/core/common_runtime/gpu/gpu_device.cc:929]      0 
2018-10-14 20:14:05.164803: I tensorflow/core/common_runtime/gpu/gpu_device.cc:942] 0:   N 
2018-10-14 20:14:05.164926: I tensorflow/core/common_runtime/gpu/gpu_device.cc:1053] Created TensorFlow device (/job:localhost/replica:0/task:0/device:GPU:0 with 7231 MB memory) -> physical GPU (device: 0, name: GeForce GTX 1080, pci bus id: 0000:01:00.0, compute capability: 6.1)
2643/2643 [==============================] - 18s 7ms/step - loss: 0.0830 - acc: 0.9081 - val_loss: 0.0686 - val_acc: 0.9289
Epoch 2/200
2643/2643 [==============================] - 8s 3ms/step - loss: 0.0686 - acc: 0.9270 - val_loss: 0.0678 - val_acc: 0.9289
Epoch 3/200
2643/2643 [==============================] - 8s 3ms/step - loss: 0.0676 - acc: 0.9270 - val_loss: 0.0675 - val_acc: 0.9289
Epoch 4/200
2643/2643 [==============================] - 8s 3ms/step - loss: 0.0658 - acc: 0.9270 - val_loss: 0.0675 - val_acc: 0.9289
Epoch 5/200
2643/2643 [==============================] - 8s 3ms/step - loss: 0.0624 - acc: 0.9277 - val_loss: 0.0656 - val_acc: 0.9289
Epoch 6/200
2643/2643 [==============================] - 8s 3ms/step - loss: 0.0586 - acc: 0.9292 - val_loss: 0.0660 - val_acc: 0.9274
Epoch 7/200
2643/2643 [==============================] - 8s 3ms/step - loss: 0.0543 - acc: 0.9342 - val_loss: 0.0656 - val_acc: 0.9259
Epoch 8/200
2643/2643 [==============================] - 8s 3ms/step - loss: 0.0523 - acc: 0.9364 - val_loss: 0.0684 - val_acc: 0.9198
Epoch 9/200
2643/2643 [==============================] - 8s 3ms/step - loss: 0.0498 - acc: 0.9398 - val_loss: 0.0636 - val_acc: 0.9289
Epoch 10/200
2643/2643 [==============================] - 8s 3ms/step - loss: 0.0485 - acc: 0.9406 - val_loss: 0.0646 - val_acc: 0.9274
Epoch 11/200
2643/2643 [==============================] - 8s 3ms/step - loss: 0.0449 - acc: 0.9470 - val_loss: 0.0682 - val_acc: 0.9213
Epoch 12/200
2643/2643 [==============================] - 8s 3ms/step - loss: 0.0430 - acc: 0.9527 - val_loss: 0.0664 - val_acc: 0.9259
Epoch 13/200
2643/2643 [==============================] - 8s 3ms/step - loss: 0.0408 - acc: 0.9572 - val_loss: 0.0670 - val_acc: 0.9228
Epoch 14/200
2643/2643 [==============================] - 8s 3ms/step - loss: 0.0397 - acc: 0.9576 - val_loss: 0.0692 - val_acc: 0.9198
Epoch 15/200
2643/2643 [==============================] - 8s 3ms/step - loss: 0.0379 - acc: 0.9595 - val_loss: 0.0682 - val_acc: 0.9244
Epoch 16/200
2643/2643 [==============================] - 8s 3ms/step - loss: 0.0362 - acc: 0.9641 - val_loss: 0.0723 - val_acc: 0.9123
Epoch 17/200
2643/2643 [==============================] - 8s 3ms/step - loss: 0.0343 - acc: 0.9656 - val_loss: 0.0664 - val_acc: 0.9259
Epoch 18/200
2643/2643 [==============================] - 8s 3ms/step - loss: 0.0332 - acc: 0.9678 - val_loss: 0.0690 - val_acc: 0.9198
Epoch 19/200
2643/2643 [==============================] - 8s 3ms/step - loss: 0.0313 - acc: 0.9686 - val_loss: 0.0685 - val_acc: 0.9213
Epoch 20/200
2643/2643 [==============================] - 8s 3ms/step - loss: 0.0297 - acc: 0.9728 - val_loss: 0.0700 - val_acc: 0.9183
Epoch 21/200
2643/2643 [==============================] - 8s 3ms/step - loss: 0.0280 - acc: 0.9743 - val_loss: 0.0723 - val_acc: 0.9123
Epoch 22/200
2643/2643 [==============================] - 8s 3ms/step - loss: 0.0268 - acc: 0.9769 - val_loss: 0.0691 - val_acc: 0.9259
Epoch 23/200
2643/2643 [==============================] - 8s 3ms/step - loss: 0.0256 - acc: 0.9777 - val_loss: 0.0749 - val_acc: 0.9107
Epoch 24/200
2643/2643 [==============================] - 8s 3ms/step - loss: 0.0250 - acc: 0.9781 - val_loss: 0.0744 - val_acc: 0.9092
Epoch 25/200
2643/2643 [==============================] - 8s 3ms/step - loss: 0.0234 - acc: 0.9796 - val_loss: 0.0755 - val_acc: 0.9138
Epoch 26/200
2643/2643 [==============================] - 8s 3ms/step - loss: 0.0228 - acc: 0.9807 - val_loss: 0.0775 - val_acc: 0.9002
Epoch 27/200
2643/2643 [==============================] - 8s 3ms/step - loss: 0.0218 - acc: 0.9822 - val_loss: 0.0734 - val_acc: 0.9153
Epoch 28/200
2643/2643 [==============================] - 9s 3ms/step - loss: 0.0205 - acc: 0.9826 - val_loss: 0.0686 - val_acc: 0.9228
Epoch 29/200
2643/2643 [==============================] - 8s 3ms/step - loss: 0.0198 - acc: 0.9834 - val_loss: 0.0729 - val_acc: 0.9168
Epoch 30/200
2643/2643 [==============================] - 8s 3ms/step - loss: 0.0192 - acc: 0.9837 - val_loss: 0.0724 - val_acc: 0.9198
Epoch 31/200
2643/2643 [==============================] - 8s 3ms/step - loss: 0.0186 - acc: 0.9837 - val_loss: 0.0718 - val_acc: 0.9213
Epoch 32/200
2643/2643 [==============================] - 8s 3ms/step - loss: 0.0182 - acc: 0.9841 - val_loss: 0.0729 - val_acc: 0.9153
Epoch 33/200
2643/2643 [==============================] - 8s 3ms/step - loss: 0.0176 - acc: 0.9845 - val_loss: 0.0744 - val_acc: 0.9123
Epoch 34/200
2643/2643 [==============================] - 8s 3ms/step - loss: 0.0170 - acc: 0.9849 - val_loss: 0.0771 - val_acc: 0.9092
Epoch 35/200
2643/2643 [==============================] - 8s 3ms/step - loss: 0.0165 - acc: 0.9860 - val_loss: 0.0783 - val_acc: 0.9032
Epoch 36/200
2643/2643 [==============================] - 8s 3ms/step - loss: 0.0159 - acc: 0.9860 - val_loss: 0.0742 - val_acc: 0.9138
Epoch 37/200
2643/2643 [==============================] - 8s 3ms/step - loss: 0.0154 - acc: 0.9868 - val_loss: 0.0747 - val_acc: 0.9123
Epoch 38/200
2643/2643 [==============================] - 8s 3ms/step - loss: 0.0151 - acc: 0.9868 - val_loss: 0.0739 - val_acc: 0.9123
Epoch 39/200
2643/2643 [==============================] - 8s 3ms/step - loss: 0.0148 - acc: 0.9868 - val_loss: 0.0780 - val_acc: 0.9062
Epoch 40/200
2643/2643 [==============================] - 8s 3ms/step - loss: 0.0142 - acc: 0.9871 - val_loss: 0.0771 - val_acc: 0.9092
Epoch 41/200
2643/2643 [==============================] - 8s 3ms/step - loss: 0.0141 - acc: 0.9875 - val_loss: 0.0757 - val_acc: 0.9123
Epoch 42/200
2643/2643 [==============================] - 8s 3ms/step - loss: 0.0136 - acc: 0.9879 - val_loss: 0.0742 - val_acc: 0.9138
Epoch 43/200
2643/2643 [==============================] - 8s 3ms/step - loss: 0.0132 - acc: 0.9879 - val_loss: 0.0758 - val_acc: 0.9107
Epoch 44/200
2643/2643 [==============================] - 8s 3ms/step - loss: 0.0129 - acc: 0.9883 - val_loss: 0.0770 - val_acc: 0.9092
Epoch 45/200
2643/2643 [==============================] - 8s 3ms/step - loss: 0.0127 - acc: 0.9883 - val_loss: 0.0754 - val_acc: 0.9107
Epoch 46/200
2643/2643 [==============================] - 8s 3ms/step - loss: 0.0123 - acc: 0.9886 - val_loss: 0.0780 - val_acc: 0.9062
Epoch 47/200
2643/2643 [==============================] - 8s 3ms/step - loss: 0.0122 - acc: 0.9890 - val_loss: 0.0776 - val_acc: 0.9077
Epoch 48/200
2643/2643 [==============================] - 8s 3ms/step - loss: 0.0118 - acc: 0.9890 - val_loss: 0.0794 - val_acc: 0.9062
Epoch 49/200
2643/2643 [==============================] - 8s 3ms/step - loss: 0.0116 - acc: 0.9894 - val_loss: 0.0787 - val_acc: 0.9017
Epoch 50/200
2643/2643 [==============================] - 8s 3ms/step - loss: 0.0113 - acc: 0.9894 - val_loss: 0.0797 - val_acc: 0.9017
Epoch 51/200
2643/2643 [==============================] - 8s 3ms/step - loss: 0.0110 - acc: 0.9898 - val_loss: 0.0772 - val_acc: 0.9047
Epoch 52/200
2643/2643 [==============================] - 8s 3ms/step - loss: 0.0109 - acc: 0.9898 - val_loss: 0.0763 - val_acc: 0.9138
Epoch 53/200
2643/2643 [==============================] - 8s 3ms/step - loss: 0.0107 - acc: 0.9898 - val_loss: 0.0776 - val_acc: 0.9062
Epoch 54/200
2643/2643 [==============================] - 8s 3ms/step - loss: 0.0106 - acc: 0.9902 - val_loss: 0.0759 - val_acc: 0.9123
Epoch 55/200
2643/2643 [==============================] - 8s 3ms/step - loss: 0.0102 - acc: 0.9905 - val_loss: 0.0787 - val_acc: 0.9077
Epoch 56/200
2643/2643 [==============================] - 8s 3ms/step - loss: 0.0098 - acc: 0.9909 - val_loss: 0.0790 - val_acc: 0.9062
Epoch 57/200
2643/2643 [==============================] - 8s 3ms/step - loss: 0.0097 - acc: 0.9909 - val_loss: 0.0766 - val_acc: 0.9138
Epoch 58/200
2643/2643 [==============================] - 8s 3ms/step - loss: 0.0095 - acc: 0.9909 - val_loss: 0.0764 - val_acc: 0.9138
Epoch 59/200
2643/2643 [==============================] - 8s 3ms/step - loss: 0.0096 - acc: 0.9909 - val_loss: 0.0793 - val_acc: 0.9077
Epoch 60/200
2643/2643 [==============================] - 8s 3ms/step - loss: 0.0092 - acc: 0.9913 - val_loss: 0.0774 - val_acc: 0.9107
Epoch 61/200
2643/2643 [==============================] - 8s 3ms/step - loss: 0.0091 - acc: 0.9913 - val_loss: 0.0844 - val_acc: 0.9002
Epoch 62/200
2643/2643 [==============================] - 8s 3ms/step - loss: 0.0092 - acc: 0.9913 - val_loss: 0.0739 - val_acc: 0.9183
Epoch 63/200
2643/2643 [==============================] - 8s 3ms/step - loss: 0.0087 - acc: 0.9917 - val_loss: 0.0751 - val_acc: 0.9153
Epoch 64/200
2643/2643 [==============================] - 8s 3ms/step - loss: 0.0086 - acc: 0.9917 - val_loss: 0.0796 - val_acc: 0.9047
Epoch 65/200
2643/2643 [==============================] - 8s 3ms/step - loss: 0.0085 - acc: 0.9921 - val_loss: 0.0739 - val_acc: 0.9168
Epoch 66/200
2643/2643 [==============================] - 8s 3ms/step - loss: 0.0083 - acc: 0.9921 - val_loss: 0.0760 - val_acc: 0.9123
Epoch 67/200
2643/2643 [==============================] - 8s 3ms/step - loss: 0.0082 - acc: 0.9921 - val_loss: 0.0755 - val_acc: 0.9107
Epoch 68/200
2643/2643 [==============================] - 8s 3ms/step - loss: 0.0082 - acc: 0.9921 - val_loss: 0.0757 - val_acc: 0.9092
Epoch 69/200
2643/2643 [==============================] - 8s 3ms/step - loss: 0.0082 - acc: 0.9921 - val_loss: 0.0757 - val_acc: 0.9107
Epoch 70/200
2643/2643 [==============================] - 9s 3ms/step - loss: 0.0082 - acc: 0.9921 - val_loss: 0.0759 - val_acc: 0.9153
Epoch 71/200
2643/2643 [==============================] - 8s 3ms/step - loss: 0.0081 - acc: 0.9921 - val_loss: 0.0772 - val_acc: 0.9107
Epoch 72/200
2643/2643 [==============================] - 8s 3ms/step - loss: 0.0081 - acc: 0.9921 - val_loss: 0.0761 - val_acc: 0.9107
Epoch 73/200
2643/2643 [==============================] - 8s 3ms/step - loss: 0.0081 - acc: 0.9921 - val_loss: 0.0766 - val_acc: 0.9107
Epoch 74/200
2643/2643 [==============================] - 8s 3ms/step - loss: 0.0081 - acc: 0.9921 - val_loss: 0.0774 - val_acc: 0.9123
Epoch 75/200
2643/2643 [==============================] - 8s 3ms/step - loss: 0.0081 - acc: 0.9921 - val_loss: 0.0771 - val_acc: 0.9107
Epoch 76/200
2643/2643 [==============================] - 8s 3ms/step - loss: 0.0081 - acc: 0.9921 - val_loss: 0.0759 - val_acc: 0.9107
Epoch 77/200
2643/2643 [==============================] - 8s 3ms/step - loss: 0.0081 - acc: 0.9921 - val_loss: 0.0747 - val_acc: 0.9138
Epoch 78/200
2643/2643 [==============================] - 8s 3ms/step - loss: 0.0079 - acc: 0.9924 - val_loss: 0.0787 - val_acc: 0.9092
Epoch 79/200
2643/2643 [==============================] - 8s 3ms/step - loss: 0.0078 - acc: 0.9924 - val_loss: 0.0778 - val_acc: 0.9107
Epoch 80/200
2643/2643 [==============================] - 8s 3ms/step - loss: 0.0077 - acc: 0.9924 - val_loss: 0.0793 - val_acc: 0.9077
Epoch 81/200
2643/2643 [==============================] - 8s 3ms/step - loss: 0.0077 - acc: 0.9924 - val_loss: 0.0802 - val_acc: 0.9047
Epoch 82/200
2643/2643 [==============================] - 8s 3ms/step - loss: 0.0075 - acc: 0.9928 - val_loss: 0.0793 - val_acc: 0.9077
Epoch 83/200
2643/2643 [==============================] - 8s 3ms/step - loss: 0.0073 - acc: 0.9928 - val_loss: 0.0785 - val_acc: 0.9092
Epoch 84/200
2643/2643 [==============================] - 8s 3ms/step - loss: 0.0073 - acc: 0.9928 - val_loss: 0.0784 - val_acc: 0.9077
Epoch 85/200
2643/2643 [==============================] - 8s 3ms/step - loss: 0.0073 - acc: 0.9928 - val_loss: 0.0773 - val_acc: 0.9107
Epoch 86/200
2643/2643 [==============================] - 8s 3ms/step - loss: 0.0073 - acc: 0.9928 - val_loss: 0.0774 - val_acc: 0.9123
Epoch 87/200
2643/2643 [==============================] - 8s 3ms/step - loss: 0.0073 - acc: 0.9928 - val_loss: 0.0782 - val_acc: 0.9092
Epoch 88/200
2643/2643 [==============================] - 8s 3ms/step - loss: 0.0073 - acc: 0.9928 - val_loss: 0.0783 - val_acc: 0.9062
Epoch 89/200
2643/2643 [==============================] - 8s 3ms/step - loss: 0.0073 - acc: 0.9928 - val_loss: 0.0774 - val_acc: 0.9123
Epoch 90/200
2643/2643 [==============================] - 8s 3ms/step - loss: 0.0073 - acc: 0.9928 - val_loss: 0.0776 - val_acc: 0.9107
Epoch 91/200
2643/2643 [==============================] - 8s 3ms/step - loss: 0.0073 - acc: 0.9928 - val_loss: 0.0786 - val_acc: 0.9077
Epoch 92/200
2643/2643 [==============================] - 8s 3ms/step - loss: 0.0073 - acc: 0.9928 - val_loss: 0.0776 - val_acc: 0.9123
Epoch 93/200
2643/2643 [==============================] - 8s 3ms/step - loss: 0.0072 - acc: 0.9928 - val_loss: 0.0775 - val_acc: 0.9123
Epoch 94/200
2643/2643 [==============================] - 8s 3ms/step - loss: 0.0072 - acc: 0.9928 - val_loss: 0.0779 - val_acc: 0.9123
Epoch 95/200
2643/2643 [==============================] - 8s 3ms/step - loss: 0.0072 - acc: 0.9928 - val_loss: 0.0784 - val_acc: 0.9107
Epoch 96/200
2643/2643 [==============================] - 8s 3ms/step - loss: 0.0072 - acc: 0.9928 - val_loss: 0.0776 - val_acc: 0.9123
Epoch 97/200
2643/2643 [==============================] - 8s 3ms/step - loss: 0.0072 - acc: 0.9928 - val_loss: 0.0793 - val_acc: 0.9092
Epoch 98/200
2643/2643 [==============================] - 8s 3ms/step - loss: 0.0072 - acc: 0.9928 - val_loss: 0.0783 - val_acc: 0.9123
Epoch 99/200
2643/2643 [==============================] - 8s 3ms/step - loss: 0.0143 - acc: 0.9845 - val_loss: 0.1106 - val_acc: 0.8638
Epoch 100/200
2643/2643 [==============================] - 8s 3ms/step - loss: 0.0135 - acc: 0.9845 - val_loss: 0.0815 - val_acc: 0.9062
Epoch 101/200
2643/2643 [==============================] - 8s 3ms/step - loss: 0.0083 - acc: 0.9917 - val_loss: 0.0827 - val_acc: 0.9062
Epoch 102/200
2643/2643 [==============================] - 8s 3ms/step - loss: 0.0072 - acc: 0.9932 - val_loss: 0.0809 - val_acc: 0.9107
Epoch 103/200
2643/2643 [==============================] - 8s 3ms/step - loss: 0.0069 - acc: 0.9932 - val_loss: 0.0790 - val_acc: 0.9138
Epoch 104/200
2643/2643 [==============================] - 8s 3ms/step - loss: 0.0069 - acc: 0.9932 - val_loss: 0.0783 - val_acc: 0.9138
Epoch 105/200
2643/2643 [==============================] - 8s 3ms/step - loss: 0.0069 - acc: 0.9932 - val_loss: 0.0794 - val_acc: 0.9138
Epoch 106/200
2643/2643 [==============================] - 8s 3ms/step - loss: 0.0069 - acc: 0.9932 - val_loss: 0.0786 - val_acc: 0.9138
Epoch 107/200
2643/2643 [==============================] - 8s 3ms/step - loss: 0.0069 - acc: 0.9932 - val_loss: 0.0792 - val_acc: 0.9123
Epoch 108/200
2643/2643 [==============================] - 8s 3ms/step - loss: 0.0069 - acc: 0.9932 - val_loss: 0.0789 - val_acc: 0.9123
Epoch 109/200
2643/2643 [==============================] - 8s 3ms/step - loss: 0.0069 - acc: 0.9932 - val_loss: 0.0784 - val_acc: 0.9123
Epoch 110/200
2643/2643 [==============================] - 8s 3ms/step - loss: 0.0069 - acc: 0.9932 - val_loss: 0.0789 - val_acc: 0.9123
Epoch 111/200
2643/2643 [==============================] - 8s 3ms/step - loss: 0.0069 - acc: 0.9932 - val_loss: 0.0787 - val_acc: 0.9123
Epoch 112/200
2643/2643 [==============================] - 8s 3ms/step - loss: 0.0069 - acc: 0.9932 - val_loss: 0.0788 - val_acc: 0.9123
Epoch 113/200
2643/2643 [==============================] - 8s 3ms/step - loss: 0.0069 - acc: 0.9932 - val_loss: 0.0787 - val_acc: 0.9123
Epoch 114/200
2643/2643 [==============================] - 8s 3ms/step - loss: 0.0069 - acc: 0.9932 - val_loss: 0.0783 - val_acc: 0.9123
Epoch 115/200
2643/2643 [==============================] - 8s 3ms/step - loss: 0.0069 - acc: 0.9932 - val_loss: 0.0787 - val_acc: 0.9123
Epoch 116/200
2643/2643 [==============================] - 8s 3ms/step - loss: 0.0069 - acc: 0.9932 - val_loss: 0.0787 - val_acc: 0.9123
Epoch 117/200
2643/2643 [==============================] - 8s 3ms/step - loss: 0.0069 - acc: 0.9932 - val_loss: 0.0788 - val_acc: 0.9123
Epoch 118/200
2643/2643 [==============================] - 8s 3ms/step - loss: 0.0068 - acc: 0.9932 - val_loss: 0.0787 - val_acc: 0.9123
Epoch 119/200
2643/2643 [==============================] - 8s 3ms/step - loss: 0.0068 - acc: 0.9932 - val_loss: 0.0784 - val_acc: 0.9123
Epoch 120/200
2643/2643 [==============================] - 8s 3ms/step - loss: 0.0068 - acc: 0.9932 - val_loss: 0.0785 - val_acc: 0.9123
Epoch 121/200
2643/2643 [==============================] - 8s 3ms/step - loss: 0.0068 - acc: 0.9932 - val_loss: 0.0782 - val_acc: 0.9123
Epoch 122/200
2643/2643 [==============================] - 8s 3ms/step - loss: 0.0068 - acc: 0.9932 - val_loss: 0.0785 - val_acc: 0.9123
Epoch 123/200
2643/2643 [==============================] - 8s 3ms/step - loss: 0.0068 - acc: 0.9932 - val_loss: 0.0783 - val_acc: 0.9123
Epoch 124/200
2643/2643 [==============================] - 8s 3ms/step - loss: 0.0068 - acc: 0.9932 - val_loss: 0.0783 - val_acc: 0.9123
Epoch 125/200
2643/2643 [==============================] - 8s 3ms/step - loss: 0.0068 - acc: 0.9932 - val_loss: 0.0787 - val_acc: 0.9123
Epoch 126/200
2643/2643 [==============================] - 8s 3ms/step - loss: 0.0068 - acc: 0.9932 - val_loss: 0.0784 - val_acc: 0.9123
Epoch 127/200
2643/2643 [==============================] - 8s 3ms/step - loss: 0.0068 - acc: 0.9932 - val_loss: 0.0784 - val_acc: 0.9123
Epoch 128/200
2643/2643 [==============================] - 8s 3ms/step - loss: 0.0068 - acc: 0.9932 - val_loss: 0.0781 - val_acc: 0.9123
Epoch 129/200
2643/2643 [==============================] - 8s 3ms/step - loss: 0.0068 - acc: 0.9932 - val_loss: 0.0784 - val_acc: 0.9123
