2018-06-27 18:46:36.952927: I tensorflow/core/common_runtime/gpu/gpu_device.cc:1356] Found device 0 with properties: 
name: Tesla P100-PCIE-12GB major: 6 minor: 0 memoryClockRate(GHz): 1.3285
pciBusID: 0000:04:00.0
totalMemory: 11.91GiB freeMemory: 11.62GiB
2018-06-27 18:46:36.953010: I tensorflow/core/common_runtime/gpu/gpu_device.cc:1435] Adding visible gpu devices: 0
2018-06-27 18:46:38.596895: I tensorflow/core/common_runtime/gpu/gpu_device.cc:923] Device interconnect StreamExecutor with strength 1 edge matrix:
2018-06-27 18:46:38.596964: I tensorflow/core/common_runtime/gpu/gpu_device.cc:929]      0 
2018-06-27 18:46:38.596988: I tensorflow/core/common_runtime/gpu/gpu_device.cc:942] 0:   N 
2018-06-27 18:46:38.598558: I tensorflow/core/common_runtime/gpu/gpu_device.cc:1053] Created TensorFlow device (/job:localhost/replica:0/task:0/device:GPU:0 with 11248 MB memory) -> physical GPU (device: 0, name: Tesla P100-PCIE-12GB, pci bus id: 0000:04:00.0, compute capability: 6.0)
2018-06-27 18:46:38.760110: I tensorflow/core/common_runtime/process_util.cc:63] Creating new thread pool with default inter op setting: 2. Tune using inter_op_parallelism_threads for best performance.
_________________________________________________________________
Layer (type)                 Output Shape              Param #   
=================================================================
batch_normalization_1 (Batch (None, 72)                288       
_________________________________________________________________
dense_1 (Dense)              (None, 24)                1752      
_________________________________________________________________
dropout_1 (Dropout)          (None, 24)                0         
_________________________________________________________________
dense_2 (Dense)              (None, 6)                 150       
_________________________________________________________________
dropout_2 (Dropout)          (None, 6)                 0         
_________________________________________________________________
dense_3 (Dense)              (None, 1)                 7         
=================================================================
Total params: 2,197
Trainable params: 2,053
Non-trainable params: 144
_________________________________________________________________
None
Train on 7340 samples, validate on 1836 samples
Epoch 1/20

  32/7340 [..............................] - ETA: 15:59 - loss: 1.7005 - acc: 0.2500
 352/7340 [>.............................] - ETA: 1:24 - loss: 1.9606 - acc: 0.2756 
 672/7340 [=>............................] - ETA: 42s - loss: 1.9511 - acc: 0.2723 
 992/7340 [===>..........................] - ETA: 27s - loss: 1.8586 - acc: 0.2823
1312/7340 [====>.........................] - ETA: 20s - loss: 1.7094 - acc: 0.3003
1632/7340 [=====>........................] - ETA: 15s - loss: 1.6414 - acc: 0.3045
1952/7340 [======>.......................] - ETA: 12s - loss: 1.6057 - acc: 0.3064
2272/7340 [========>.....................] - ETA: 10s - loss: 1.5293 - acc: 0.3173
2592/7340 [=========>....................] - ETA: 8s - loss: 1.4693 - acc: 0.3252 
2912/7340 [==========>...................] - ETA: 7s - loss: 1.4298 - acc: 0.3269
3232/7340 [============>.................] - ETA: 5s - loss: 1.3917 - acc: 0.3345
3552/7340 [=============>................] - ETA: 5s - loss: 1.3593 - acc: 0.3415
3904/7340 [==============>...............] - ETA: 4s - loss: 1.3270 - acc: 0.3445
4224/7340 [================>.............] - ETA: 3s - loss: 1.3020 - acc: 0.3471
4544/7340 [=================>............] - ETA: 3s - loss: 1.2739 - acc: 0.3499
4864/7340 [==================>...........] - ETA: 2s - loss: 1.2439 - acc: 0.3518
5216/7340 [====================>.........] - ETA: 2s - loss: 1.2119 - acc: 0.3554
5536/7340 [=====================>........] - ETA: 1s - loss: 1.1840 - acc: 0.3595
5856/7340 [======================>.......] - ETA: 1s - loss: 1.1585 - acc: 0.3630
6176/7340 [========================>.....] - ETA: 0s - loss: 1.1346 - acc: 0.3659
6496/7340 [=========================>....] - ETA: 0s - loss: 1.1105 - acc: 0.3693
6816/7340 [==========================>...] - ETA: 0s - loss: 1.0921 - acc: 0.3722
7136/7340 [============================>.] - ETA: 0s - loss: 1.0700 - acc: 0.3761
7340/7340 [==============================] - 6s 758us/step - loss: 1.0565 - acc: 0.3782 - val_loss: 0.2337 - val_acc: 0.6198
Epoch 2/20

  32/7340 [..............................] - ETA: 1s - loss: 0.4914 - acc: 0.5312
 352/7340 [>.............................] - ETA: 1s - loss: 0.5521 - acc: 0.4688
 672/7340 [=>............................] - ETA: 1s - loss: 0.5682 - acc: 0.4688
 992/7340 [===>..........................] - ETA: 1s - loss: 0.5930 - acc: 0.4688
1312/7340 [====>.........................] - ETA: 0s - loss: 0.5688 - acc: 0.4726
1664/7340 [=====>........................] - ETA: 0s - loss: 0.5497 - acc: 0.4814
1984/7340 [=======>......................] - ETA: 0s - loss: 0.5435 - acc: 0.4829
2304/7340 [========>.....................] - ETA: 0s - loss: 0.5320 - acc: 0.4861
2624/7340 [=========>....................] - ETA: 0s - loss: 0.5254 - acc: 0.4893
2944/7340 [===========>..................] - ETA: 0s - loss: 0.5211 - acc: 0.4915
3264/7340 [============>.................] - ETA: 0s - loss: 0.5132 - acc: 0.4969
3584/7340 [=============>................] - ETA: 0s - loss: 0.5118 - acc: 0.4992
3904/7340 [==============>...............] - ETA: 0s - loss: 0.5039 - acc: 0.5023
4256/7340 [================>.............] - ETA: 0s - loss: 0.4991 - acc: 0.5035
4576/7340 [=================>............] - ETA: 0s - loss: 0.4924 - acc: 0.5037
4896/7340 [===================>..........] - ETA: 0s - loss: 0.4878 - acc: 0.5067
5216/7340 [====================>.........] - ETA: 0s - loss: 0.4813 - acc: 0.5096
5536/7340 [=====================>........] - ETA: 0s - loss: 0.4754 - acc: 0.5134
5856/7340 [======================>.......] - ETA: 0s - loss: 0.4719 - acc: 0.5137
6208/7340 [========================>.....] - ETA: 0s - loss: 0.4646 - acc: 0.5163
6528/7340 [=========================>....] - ETA: 0s - loss: 0.4603 - acc: 0.5198
6848/7340 [==========================>...] - ETA: 0s - loss: 0.4570 - acc: 0.5207
7168/7340 [============================>.] - ETA: 0s - loss: 0.4530 - acc: 0.5209
7340/7340 [==============================] - 1s 170us/step - loss: 0.4503 - acc: 0.5225 - val_loss: 0.2146 - val_acc: 0.6765
Epoch 3/20

  32/7340 [..............................] - ETA: 1s - loss: 0.3029 - acc: 0.5938
 352/7340 [>.............................] - ETA: 1s - loss: 0.3924 - acc: 0.5398
 672/7340 [=>............................] - ETA: 1s - loss: 0.3774 - acc: 0.5506
 992/7340 [===>..........................] - ETA: 1s - loss: 0.3734 - acc: 0.5504
1248/7340 [====>.........................] - ETA: 1s - loss: 0.3709 - acc: 0.5593
1472/7340 [=====>........................] - ETA: 1s - loss: 0.3687 - acc: 0.5639
1792/7340 [======>.......................] - ETA: 0s - loss: 0.3718 - acc: 0.5580
2112/7340 [=======>......................] - ETA: 0s - loss: 0.3722 - acc: 0.5559
2432/7340 [========>.....................] - ETA: 0s - loss: 0.3672 - acc: 0.5580
2752/7340 [==========>...................] - ETA: 0s - loss: 0.3607 - acc: 0.5640
3072/7340 [===========>..................] - ETA: 0s - loss: 0.3565 - acc: 0.5651
3392/7340 [============>.................] - ETA: 0s - loss: 0.3577 - acc: 0.5616
3712/7340 [==============>...............] - ETA: 0s - loss: 0.3531 - acc: 0.5655
4032/7340 [===============>..............] - ETA: 0s - loss: 0.3502 - acc: 0.5665
4384/7340 [================>.............] - ETA: 0s - loss: 0.3465 - acc: 0.5698
4704/7340 [==================>...........] - ETA: 0s - loss: 0.3431 - acc: 0.5708
5024/7340 [===================>..........] - ETA: 0s - loss: 0.3420 - acc: 0.5719
5376/7340 [====================>.........] - ETA: 0s - loss: 0.3394 - acc: 0.5724
5696/7340 [======================>.......] - ETA: 0s - loss: 0.3367 - acc: 0.5715
6016/7340 [=======================>......] - ETA: 0s - loss: 0.3355 - acc: 0.5711
6336/7340 [========================>.....] - ETA: 0s - loss: 0.3329 - acc: 0.5732
6656/7340 [==========================>...] - ETA: 0s - loss: 0.3322 - acc: 0.5736
6976/7340 [===========================>..] - ETA: 0s - loss: 0.3304 - acc: 0.5733
7296/7340 [============================>.] - ETA: 0s - loss: 0.3290 - acc: 0.5722
7340/7340 [==============================] - 1s 174us/step - loss: 0.3290 - acc: 0.5718 - val_loss: 0.2071 - val_acc: 0.6879
Epoch 4/20

  32/7340 [..............................] - ETA: 1s - loss: 0.3563 - acc: 0.5312
 352/7340 [>.............................] - ETA: 1s - loss: 0.2876 - acc: 0.5909
 672/7340 [=>............................] - ETA: 1s - loss: 0.2800 - acc: 0.5997
 992/7340 [===>..........................] - ETA: 1s - loss: 0.2854 - acc: 0.5927
1312/7340 [====>.........................] - ETA: 0s - loss: 0.2842 - acc: 0.5922
1632/7340 [=====>........................] - ETA: 0s - loss: 0.2847 - acc: 0.5907
1952/7340 [======>.......................] - ETA: 0s - loss: 0.2813 - acc: 0.5912
2272/7340 [========>.....................] - ETA: 0s - loss: 0.2801 - acc: 0.5924
2592/7340 [=========>....................] - ETA: 0s - loss: 0.2804 - acc: 0.5903
2912/7340 [==========>...................] - ETA: 0s - loss: 0.2792 - acc: 0.5927
3232/7340 [============>.................] - ETA: 0s - loss: 0.2789 - acc: 0.5931
3552/7340 [=============>................] - ETA: 0s - loss: 0.2768 - acc: 0.5968
3872/7340 [==============>...............] - ETA: 0s - loss: 0.2746 - acc: 0.5992
4192/7340 [================>.............] - ETA: 0s - loss: 0.2754 - acc: 0.5976
4512/7340 [=================>............] - ETA: 0s - loss: 0.2748 - acc: 0.5975
4832/7340 [==================>...........] - ETA: 0s - loss: 0.2747 - acc: 0.5971
5152/7340 [====================>.........] - ETA: 0s - loss: 0.2747 - acc: 0.5955
5472/7340 [=====================>........] - ETA: 0s - loss: 0.2738 - acc: 0.5967
5792/7340 [======================>.......] - ETA: 0s - loss: 0.2730 - acc: 0.5965
6080/7340 [=======================>......] - ETA: 0s - loss: 0.2734 - acc: 0.5949
6400/7340 [=========================>....] - ETA: 0s - loss: 0.2724 - acc: 0.5952
6720/7340 [==========================>...] - ETA: 0s - loss: 0.2713 - acc: 0.5969
7040/7340 [===========================>..] - ETA: 0s - loss: 0.2708 - acc: 0.5957
7340/7340 [==============================] - 1s 172us/step - loss: 0.2697 - acc: 0.5956 - val_loss: 0.2047 - val_acc: 0.7004
Epoch 5/20

  32/7340 [..............................] - ETA: 1s - loss: 0.2289 - acc: 0.6250
 352/7340 [>.............................] - ETA: 1s - loss: 0.2448 - acc: 0.5966
 704/7340 [=>............................] - ETA: 1s - loss: 0.2469 - acc: 0.6051
1024/7340 [===>..........................] - ETA: 1s - loss: 0.2401 - acc: 0.6221
1344/7340 [====>.........................] - ETA: 0s - loss: 0.2473 - acc: 0.6131
1664/7340 [=====>........................] - ETA: 0s - loss: 0.2484 - acc: 0.6148
1984/7340 [=======>......................] - ETA: 0s - loss: 0.2467 - acc: 0.6190
2304/7340 [========>.....................] - ETA: 0s - loss: 0.2473 - acc: 0.6189
2624/7340 [=========>....................] - ETA: 0s - loss: 0.2467 - acc: 0.6193
2944/7340 [===========>..................] - ETA: 0s - loss: 0.2469 - acc: 0.6179
3264/7340 [============>.................] - ETA: 0s - loss: 0.2453 - acc: 0.6195
3584/7340 [=============>................] - ETA: 0s - loss: 0.2451 - acc: 0.6158
3904/7340 [==============>...............] - ETA: 0s - loss: 0.2458 - acc: 0.6135
4224/7340 [================>.............] - ETA: 0s - loss: 0.2448 - acc: 0.6160
4544/7340 [=================>............] - ETA: 0s - loss: 0.2454 - acc: 0.6149
4864/7340 [==================>...........] - ETA: 0s - loss: 0.2444 - acc: 0.6160
5184/7340 [====================>.........] - ETA: 0s - loss: 0.2432 - acc: 0.6169
5504/7340 [=====================>........] - ETA: 0s - loss: 0.2431 - acc: 0.6168
5856/7340 [======================>.......] - ETA: 0s - loss: 0.2420 - acc: 0.6183
6176/7340 [========================>.....] - ETA: 0s - loss: 0.2414 - acc: 0.6197
6496/7340 [=========================>....] - ETA: 0s - loss: 0.2420 - acc: 0.6195
6816/7340 [==========================>...] - ETA: 0s - loss: 0.2412 - acc: 0.6203
7136/7340 [============================>.] - ETA: 0s - loss: 0.2404 - acc: 0.6221
7340/7340 [==============================] - 1s 171us/step - loss: 0.2405 - acc: 0.6218 - val_loss: 0.2019 - val_acc: 0.6934
Epoch 6/20

  32/7340 [..............................] - ETA: 1s - loss: 0.2345 - acc: 0.6250
 384/7340 [>.............................] - ETA: 1s - loss: 0.2423 - acc: 0.6250
 704/7340 [=>............................] - ETA: 1s - loss: 0.2346 - acc: 0.6307
1024/7340 [===>..........................] - ETA: 0s - loss: 0.2343 - acc: 0.6328
1344/7340 [====>.........................] - ETA: 0s - loss: 0.2367 - acc: 0.6257
1664/7340 [=====>........................] - ETA: 0s - loss: 0.2350 - acc: 0.6202
1984/7340 [=======>......................] - ETA: 0s - loss: 0.2300 - acc: 0.6331
2304/7340 [========>.....................] - ETA: 0s - loss: 0.2287 - acc: 0.6354
2624/7340 [=========>....................] - ETA: 0s - loss: 0.2278 - acc: 0.6383
2944/7340 [===========>..................] - ETA: 0s - loss: 0.2287 - acc: 0.6359
3296/7340 [============>.................] - ETA: 0s - loss: 0.2285 - acc: 0.6368
3616/7340 [=============>................] - ETA: 0s - loss: 0.2275 - acc: 0.6369
3936/7340 [===============>..............] - ETA: 0s - loss: 0.2263 - acc: 0.6413
4256/7340 [================>.............] - ETA: 0s - loss: 0.2266 - acc: 0.6398
4576/7340 [=================>............] - ETA: 0s - loss: 0.2258 - acc: 0.6420
4896/7340 [===================>..........] - ETA: 0s - loss: 0.2269 - acc: 0.6403
5216/7340 [====================>.........] - ETA: 0s - loss: 0.2270 - acc: 0.6384
5536/7340 [=====================>........] - ETA: 0s - loss: 0.2276 - acc: 0.6360
5856/7340 [======================>.......] - ETA: 0s - loss: 0.2268 - acc: 0.6364
6176/7340 [========================>.....] - ETA: 0s - loss: 0.2269 - acc: 0.6375
6496/7340 [=========================>....] - ETA: 0s - loss: 0.2271 - acc: 0.6372
6816/7340 [==========================>...] - ETA: 0s - loss: 0.2267 - acc: 0.6369
7136/7340 [============================>.] - ETA: 0s - loss: 0.2265 - acc: 0.6375
7340/7340 [==============================] - 1s 171us/step - loss: 0.2265 - acc: 0.6369 - val_loss: 0.1987 - val_acc: 0.7070
Epoch 7/20

  32/7340 [..............................] - ETA: 1s - loss: 0.2386 - acc: 0.6562
 352/7340 [>.............................] - ETA: 1s - loss: 0.2224 - acc: 0.6449
 672/7340 [=>............................] - ETA: 1s - loss: 0.2282 - acc: 0.6503
 992/7340 [===>..........................] - ETA: 1s - loss: 0.2236 - acc: 0.6452
1312/7340 [====>.........................] - ETA: 0s - loss: 0.2201 - acc: 0.6509
1632/7340 [=====>........................] - ETA: 0s - loss: 0.2197 - acc: 0.6452
1952/7340 [======>.......................] - ETA: 0s - loss: 0.2204 - acc: 0.6399
2272/7340 [========>.....................] - ETA: 0s - loss: 0.2205 - acc: 0.6356
2592/7340 [=========>....................] - ETA: 0s - loss: 0.2193 - acc: 0.6381
2912/7340 [==========>...................] - ETA: 0s - loss: 0.2169 - acc: 0.6453
3232/7340 [============>.................] - ETA: 0s - loss: 0.2184 - acc: 0.6414
3552/7340 [=============>................] - ETA: 0s - loss: 0.2185 - acc: 0.6416
3872/7340 [==============>...............] - ETA: 0s - loss: 0.2191 - acc: 0.6436
4192/7340 [================>.............] - ETA: 0s - loss: 0.2185 - acc: 0.6446
4512/7340 [=================>............] - ETA: 0s - loss: 0.2187 - acc: 0.6443
4832/7340 [==================>...........] - ETA: 0s - loss: 0.2181 - acc: 0.6457
5152/7340 [====================>.........] - ETA: 0s - loss: 0.2163 - acc: 0.6506
5472/7340 [=====================>........] - ETA: 0s - loss: 0.2162 - acc: 0.6500
5792/7340 [======================>.......] - ETA: 0s - loss: 0.2166 - acc: 0.6487
6112/7340 [=======================>......] - ETA: 0s - loss: 0.2158 - acc: 0.6510
6464/7340 [=========================>....] - ETA: 0s - loss: 0.2157 - acc: 0.6519
6784/7340 [==========================>...] - ETA: 0s - loss: 0.2158 - acc: 0.6518
7104/7340 [============================>.] - ETA: 0s - loss: 0.2156 - acc: 0.6519
7340/7340 [==============================] - 1s 171us/step - loss: 0.2158 - acc: 0.6512 - val_loss: 0.1969 - val_acc: 0.6999
Epoch 8/20

  32/7340 [..............................] - ETA: 1s - loss: 0.2156 - acc: 0.6562
 384/7340 [>.............................] - ETA: 1s - loss: 0.1961 - acc: 0.6849
 704/7340 [=>............................] - ETA: 1s - loss: 0.2149 - acc: 0.6520
1024/7340 [===>..........................] - ETA: 0s - loss: 0.2106 - acc: 0.6660
1344/7340 [====>.........................] - ETA: 0s - loss: 0.2124 - acc: 0.6607
1664/7340 [=====>........................] - ETA: 0s - loss: 0.2140 - acc: 0.6617
1984/7340 [=======>......................] - ETA: 0s - loss: 0.2151 - acc: 0.6578
2336/7340 [========>.....................] - ETA: 0s - loss: 0.2142 - acc: 0.6601
2656/7340 [=========>....................] - ETA: 0s - loss: 0.2137 - acc: 0.6642
2976/7340 [===========>..................] - ETA: 0s - loss: 0.2120 - acc: 0.6680
3328/7340 [============>.................] - ETA: 0s - loss: 0.2119 - acc: 0.6674
3648/7340 [=============>................] - ETA: 0s - loss: 0.2103 - acc: 0.6689
3968/7340 [===============>..............] - ETA: 0s - loss: 0.2096 - acc: 0.6709
4288/7340 [================>.............] - ETA: 0s - loss: 0.2097 - acc: 0.6721
4640/7340 [=================>............] - ETA: 0s - loss: 0.2106 - acc: 0.6705
4960/7340 [===================>..........] - ETA: 0s - loss: 0.2088 - acc: 0.6754
5312/7340 [====================>.........] - ETA: 0s - loss: 0.2085 - acc: 0.6751
5632/7340 [======================>.......] - ETA: 0s - loss: 0.2085 - acc: 0.6747
5952/7340 [=======================>......] - ETA: 0s - loss: 0.2087 - acc: 0.6744
6272/7340 [========================>.....] - ETA: 0s - loss: 0.2085 - acc: 0.6727
6624/7340 [==========================>...] - ETA: 0s - loss: 0.2081 - acc: 0.6727
6944/7340 [===========================>..] - ETA: 0s - loss: 0.2082 - acc: 0.6724
7264/7340 [============================>.] - ETA: 0s - loss: 0.2081 - acc: 0.6729
7340/7340 [==============================] - 1s 170us/step - loss: 0.2081 - acc: 0.6730 - val_loss: 0.1923 - val_acc: 0.7119
Epoch 9/20

  32/7340 [..............................] - ETA: 1s - loss: 0.2623 - acc: 0.5312
 352/7340 [>.............................] - ETA: 1s - loss: 0.1961 - acc: 0.7017
 672/7340 [=>............................] - ETA: 1s - loss: 0.2083 - acc: 0.6637
1024/7340 [===>..........................] - ETA: 0s - loss: 0.2064 - acc: 0.6719
1344/7340 [====>.........................] - ETA: 0s - loss: 0.2055 - acc: 0.6682
1664/7340 [=====>........................] - ETA: 0s - loss: 0.2061 - acc: 0.6695
1984/7340 [=======>......................] - ETA: 0s - loss: 0.2061 - acc: 0.6759
2304/7340 [========>.....................] - ETA: 0s - loss: 0.2069 - acc: 0.6719
2624/7340 [=========>....................] - ETA: 0s - loss: 0.2067 - acc: 0.6704
2944/7340 [===========>..................] - ETA: 0s - loss: 0.2056 - acc: 0.6753
3296/7340 [============>.................] - ETA: 0s - loss: 0.2074 - acc: 0.6711
3616/7340 [=============>................] - ETA: 0s - loss: 0.2069 - acc: 0.6728
3936/7340 [===============>..............] - ETA: 0s - loss: 0.2076 - acc: 0.6707
4256/7340 [================>.............] - ETA: 0s - loss: 0.2071 - acc: 0.6722
4576/7340 [=================>............] - ETA: 0s - loss: 0.2071 - acc: 0.6733
4896/7340 [===================>..........] - ETA: 0s - loss: 0.2065 - acc: 0.6742
5216/7340 [====================>.........] - ETA: 0s - loss: 0.2064 - acc: 0.6735
5536/7340 [=====================>........] - ETA: 0s - loss: 0.2068 - acc: 0.6721
5856/7340 [======================>.......] - ETA: 0s - loss: 0.2063 - acc: 0.6744
6176/7340 [========================>.....] - ETA: 0s - loss: 0.2058 - acc: 0.6749
6496/7340 [=========================>....] - ETA: 0s - loss: 0.2055 - acc: 0.6758
6848/7340 [==========================>...] - ETA: 0s - loss: 0.2051 - acc: 0.6748
7168/7340 [============================>.] - ETA: 0s - loss: 0.2047 - acc: 0.6758
7340/7340 [==============================] - 1s 171us/step - loss: 0.2045 - acc: 0.6767 - val_loss: 0.1899 - val_acc: 0.7184
Epoch 10/20

  32/7340 [..............................] - ETA: 1s - loss: 0.2557 - acc: 0.6250
 352/7340 [>.............................] - ETA: 1s - loss: 0.2057 - acc: 0.6818
 672/7340 [=>............................] - ETA: 1s - loss: 0.2069 - acc: 0.6830
 992/7340 [===>..........................] - ETA: 1s - loss: 0.2050 - acc: 0.6804
1312/7340 [====>.........................] - ETA: 0s - loss: 0.2017 - acc: 0.6837
1632/7340 [=====>........................] - ETA: 0s - loss: 0.2009 - acc: 0.6844
1952/7340 [======>.......................] - ETA: 0s - loss: 0.1999 - acc: 0.6880
2272/7340 [========>.....................] - ETA: 0s - loss: 0.2000 - acc: 0.6849
2592/7340 [=========>....................] - ETA: 0s - loss: 0.2008 - acc: 0.6809
2944/7340 [===========>..................] - ETA: 0s - loss: 0.2007 - acc: 0.6800
3264/7340 [============>.................] - ETA: 0s - loss: 0.2012 - acc: 0.6783
3584/7340 [=============>................] - ETA: 0s - loss: 0.2017 - acc: 0.6777
3904/7340 [==============>...............] - ETA: 0s - loss: 0.2004 - acc: 0.6824
4224/7340 [================>.............] - ETA: 0s - loss: 0.2009 - acc: 0.6821
4544/7340 [=================>............] - ETA: 0s - loss: 0.2002 - acc: 0.6840
4864/7340 [==================>...........] - ETA: 0s - loss: 0.2004 - acc: 0.6832
5184/7340 [====================>.........] - ETA: 0s - loss: 0.2001 - acc: 0.6829
5504/7340 [=====================>........] - ETA: 0s - loss: 0.2001 - acc: 0.6830
5856/7340 [======================>.......] - ETA: 0s - loss: 0.2000 - acc: 0.6841
6176/7340 [========================>.....] - ETA: 0s - loss: 0.1999 - acc: 0.6835
6496/7340 [=========================>....] - ETA: 0s - loss: 0.2003 - acc: 0.6832
6816/7340 [==========================>...] - ETA: 0s - loss: 0.2007 - acc: 0.6834
7136/7340 [============================>.] - ETA: 0s - loss: 0.2004 - acc: 0.6846
7340/7340 [==============================] - 1s 171us/step - loss: 0.2000 - acc: 0.6858 - val_loss: 0.1895 - val_acc: 0.7146
Epoch 11/20

  32/7340 [..............................] - ETA: 1s - loss: 0.2131 - acc: 0.6562
 352/7340 [>.............................] - ETA: 1s - loss: 0.1985 - acc: 0.6989
 672/7340 [=>............................] - ETA: 1s - loss: 0.1964 - acc: 0.6815
 992/7340 [===>..........................] - ETA: 1s - loss: 0.1941 - acc: 0.6885
1312/7340 [====>.........................] - ETA: 0s - loss: 0.1953 - acc: 0.6860
1632/7340 [=====>........................] - ETA: 0s - loss: 0.1958 - acc: 0.6887
1952/7340 [======>.......................] - ETA: 0s - loss: 0.1956 - acc: 0.6942
2272/7340 [========>.....................] - ETA: 0s - loss: 0.1964 - acc: 0.6923
2592/7340 [=========>....................] - ETA: 0s - loss: 0.1979 - acc: 0.6887
2912/7340 [==========>...................] - ETA: 0s - loss: 0.1969 - acc: 0.6899
3232/7340 [============>.................] - ETA: 0s - loss: 0.1976 - acc: 0.6931
3552/7340 [=============>................] - ETA: 0s - loss: 0.1955 - acc: 0.6976
3872/7340 [==============>...............] - ETA: 0s - loss: 0.1964 - acc: 0.6963
4192/7340 [================>.............] - ETA: 0s - loss: 0.1973 - acc: 0.6947
4512/7340 [=================>............] - ETA: 0s - loss: 0.1968 - acc: 0.6948
4832/7340 [==================>...........] - ETA: 0s - loss: 0.1964 - acc: 0.6970
5152/7340 [====================>.........] - ETA: 0s - loss: 0.1959 - acc: 0.6982
5472/7340 [=====================>........] - ETA: 0s - loss: 0.1961 - acc: 0.6981
5792/7340 [======================>.......] - ETA: 0s - loss: 0.1953 - acc: 0.6984
6112/7340 [=======================>......] - ETA: 0s - loss: 0.1959 - acc: 0.6981
6432/7340 [=========================>....] - ETA: 0s - loss: 0.1953 - acc: 0.6999
6784/7340 [==========================>...] - ETA: 0s - loss: 0.1950 - acc: 0.7006
7104/7340 [============================>.] - ETA: 0s - loss: 0.1944 - acc: 0.7023
7340/7340 [==============================] - 1s 170us/step - loss: 0.1951 - acc: 0.7007 - val_loss: 0.1831 - val_acc: 0.7211
Epoch 12/20

  32/7340 [..............................] - ETA: 1s - loss: 0.1579 - acc: 0.7812
 352/7340 [>.............................] - ETA: 1s - loss: 0.1848 - acc: 0.7415
 672/7340 [=>............................] - ETA: 1s - loss: 0.1987 - acc: 0.7232
 992/7340 [===>..........................] - ETA: 0s - loss: 0.1991 - acc: 0.7117
1312/7340 [====>.........................] - ETA: 0s - loss: 0.1919 - acc: 0.7256
1632/7340 [=====>........................] - ETA: 0s - loss: 0.1913 - acc: 0.7249
1952/7340 [======>.......................] - ETA: 0s - loss: 0.1925 - acc: 0.7162
2272/7340 [========>.....................] - ETA: 0s - loss: 0.1912 - acc: 0.7157
2624/7340 [=========>....................] - ETA: 0s - loss: 0.1911 - acc: 0.7134
2944/7340 [===========>..................] - ETA: 0s - loss: 0.1920 - acc: 0.7120
3264/7340 [============>.................] - ETA: 0s - loss: 0.1898 - acc: 0.7181
3584/7340 [=============>................] - ETA: 0s - loss: 0.1904 - acc: 0.7165
3904/7340 [==============>...............] - ETA: 0s - loss: 0.1920 - acc: 0.7126
4256/7340 [================>.............] - ETA: 0s - loss: 0.1910 - acc: 0.7145
4576/7340 [=================>............] - ETA: 0s - loss: 0.1907 - acc: 0.7146
4928/7340 [===================>..........] - ETA: 0s - loss: 0.1914 - acc: 0.7139
5248/7340 [====================>.........] - ETA: 0s - loss: 0.1926 - acc: 0.7113
5568/7340 [=====================>........] - ETA: 0s - loss: 0.1920 - acc: 0.7132
5888/7340 [=======================>......] - ETA: 0s - loss: 0.1921 - acc: 0.7120
6208/7340 [========================>.....] - ETA: 0s - loss: 0.1913 - acc: 0.7131
6528/7340 [=========================>....] - ETA: 0s - loss: 0.1915 - acc: 0.7120
6848/7340 [==========================>...] - ETA: 0s - loss: 0.1915 - acc: 0.7109
7168/7340 [============================>.] - ETA: 0s - loss: 0.1922 - acc: 0.7086
7340/7340 [==============================] - 1s 170us/step - loss: 0.1926 - acc: 0.7079 - val_loss: 0.1817 - val_acc: 0.7342
Epoch 13/20

  32/7340 [..............................] - ETA: 1s - loss: 0.1786 - acc: 0.7188
 352/7340 [>.............................] - ETA: 1s - loss: 0.2000 - acc: 0.6761
 672/7340 [=>............................] - ETA: 1s - loss: 0.1980 - acc: 0.6860
 992/7340 [===>..........................] - ETA: 0s - loss: 0.1999 - acc: 0.6855
1312/7340 [====>.........................] - ETA: 0s - loss: 0.2019 - acc: 0.6822
1632/7340 [=====>........................] - ETA: 0s - loss: 0.2026 - acc: 0.6893
1952/7340 [======>.......................] - ETA: 0s - loss: 0.2037 - acc: 0.6901
2272/7340 [========>.....................] - ETA: 0s - loss: 0.2021 - acc: 0.6950
2592/7340 [=========>....................] - ETA: 0s - loss: 0.2018 - acc: 0.6890
2912/7340 [==========>...................] - ETA: 0s - loss: 0.2007 - acc: 0.6940
3232/7340 [============>.................] - ETA: 0s - loss: 0.2005 - acc: 0.6934
3584/7340 [=============>................] - ETA: 0s - loss: 0.1991 - acc: 0.6936
3904/7340 [==============>...............] - ETA: 0s - loss: 0.1979 - acc: 0.6993
4256/7340 [================>.............] - ETA: 0s - loss: 0.1978 - acc: 0.6988
4576/7340 [=================>............] - ETA: 0s - loss: 0.1977 - acc: 0.6984
4896/7340 [===================>..........] - ETA: 0s - loss: 0.1978 - acc: 0.6985
5216/7340 [====================>.........] - ETA: 0s - loss: 0.1974 - acc: 0.6994
5536/7340 [=====================>........] - ETA: 0s - loss: 0.1959 - acc: 0.7027
5856/7340 [======================>.......] - ETA: 0s - loss: 0.1953 - acc: 0.7041
6176/7340 [========================>.....] - ETA: 0s - loss: 0.1960 - acc: 0.7029
6496/7340 [=========================>....] - ETA: 0s - loss: 0.1957 - acc: 0.7035
6848/7340 [==========================>...] - ETA: 0s - loss: 0.1959 - acc: 0.7028
7168/7340 [============================>.] - ETA: 0s - loss: 0.1956 - acc: 0.7035
7340/7340 [==============================] - 1s 171us/step - loss: 0.1950 - acc: 0.7046 - val_loss: 0.1803 - val_acc: 0.7337
Epoch 14/20

  32/7340 [..............................] - ETA: 1s - loss: 0.1992 - acc: 0.6875
 352/7340 [>.............................] - ETA: 1s - loss: 0.1941 - acc: 0.7102
 672/7340 [=>............................] - ETA: 1s - loss: 0.1904 - acc: 0.7158
 992/7340 [===>..........................] - ETA: 1s - loss: 0.1879 - acc: 0.7238
1312/7340 [====>.........................] - ETA: 0s - loss: 0.1900 - acc: 0.7165
1632/7340 [=====>........................] - ETA: 0s - loss: 0.1902 - acc: 0.7188
1952/7340 [======>.......................] - ETA: 0s - loss: 0.1905 - acc: 0.7177
2272/7340 [========>.....................] - ETA: 0s - loss: 0.1930 - acc: 0.7188
2592/7340 [=========>....................] - ETA: 0s - loss: 0.1897 - acc: 0.7261
2912/7340 [==========>...................] - ETA: 0s - loss: 0.1897 - acc: 0.7246
3232/7340 [============>.................] - ETA: 0s - loss: 0.1882 - acc: 0.7252
3552/7340 [=============>................] - ETA: 0s - loss: 0.1876 - acc: 0.7261
3872/7340 [==============>...............] - ETA: 0s - loss: 0.1894 - acc: 0.7208
4192/7340 [================>.............] - ETA: 0s - loss: 0.1905 - acc: 0.7173
4512/7340 [=================>............] - ETA: 0s - loss: 0.1898 - acc: 0.7207
4832/7340 [==================>...........] - ETA: 0s - loss: 0.1890 - acc: 0.7233
5120/7340 [===================>..........] - ETA: 0s - loss: 0.1891 - acc: 0.7238
5440/7340 [=====================>........] - ETA: 0s - loss: 0.1897 - acc: 0.7217
5760/7340 [======================>.......] - ETA: 0s - loss: 0.1895 - acc: 0.7229
6080/7340 [=======================>......] - ETA: 0s - loss: 0.1901 - acc: 0.7222
6400/7340 [=========================>....] - ETA: 0s - loss: 0.1902 - acc: 0.7206
6720/7340 [==========================>...] - ETA: 0s - loss: 0.1899 - acc: 0.7205
7040/7340 [===========================>..] - ETA: 0s - loss: 0.1894 - acc: 0.7216
7340/7340 [==============================] - 1s 171us/step - loss: 0.1896 - acc: 0.7203 - val_loss: 0.1789 - val_acc: 0.7364
Epoch 15/20

  32/7340 [..............................] - ETA: 1s - loss: 0.2327 - acc: 0.5625
 352/7340 [>.............................] - ETA: 1s - loss: 0.1842 - acc: 0.7216
 672/7340 [=>............................] - ETA: 1s - loss: 0.1855 - acc: 0.7143
 832/7340 [==>...........................] - ETA: 1s - loss: 0.1850 - acc: 0.7175
1152/7340 [===>..........................] - ETA: 1s - loss: 0.1908 - acc: 0.7161
1472/7340 [=====>........................] - ETA: 1s - loss: 0.1907 - acc: 0.7133
1792/7340 [======>.......................] - ETA: 0s - loss: 0.1910 - acc: 0.7143
2112/7340 [=======>......................] - ETA: 0s - loss: 0.1906 - acc: 0.7188
2432/7340 [========>.....................] - ETA: 0s - loss: 0.1915 - acc: 0.7159
2752/7340 [==========>...................] - ETA: 0s - loss: 0.1902 - acc: 0.7155
3072/7340 [===========>..................] - ETA: 0s - loss: 0.1895 - acc: 0.7152
3392/7340 [============>.................] - ETA: 0s - loss: 0.1893 - acc: 0.7140
3712/7340 [==============>...............] - ETA: 0s - loss: 0.1895 - acc: 0.7150
4032/7340 [===============>..............] - ETA: 0s - loss: 0.1904 - acc: 0.7153
4352/7340 [================>.............] - ETA: 0s - loss: 0.1893 - acc: 0.7151
4672/7340 [==================>...........] - ETA: 0s - loss: 0.1900 - acc: 0.7140
4992/7340 [===================>..........] - ETA: 0s - loss: 0.1893 - acc: 0.7145
5312/7340 [====================>.........] - ETA: 0s - loss: 0.1891 - acc: 0.7140
5664/7340 [======================>.......] - ETA: 0s - loss: 0.1895 - acc: 0.7136
5984/7340 [=======================>......] - ETA: 0s - loss: 0.1888 - acc: 0.7157
6304/7340 [========================>.....] - ETA: 0s - loss: 0.1898 - acc: 0.7137
6624/7340 [==========================>...] - ETA: 0s - loss: 0.1887 - acc: 0.7156
6944/7340 [===========================>..] - ETA: 0s - loss: 0.1885 - acc: 0.7170
7264/7340 [============================>.] - ETA: 0s - loss: 0.1883 - acc: 0.7181
7340/7340 [==============================] - 1s 175us/step - loss: 0.1882 - acc: 0.7187 - val_loss: 0.1755 - val_acc: 0.7456
Epoch 16/20

  32/7340 [..............................] - ETA: 1s - loss: 0.2379 - acc: 0.6875
 352/7340 [>.............................] - ETA: 1s - loss: 0.1781 - acc: 0.7585
 672/7340 [=>............................] - ETA: 1s - loss: 0.1821 - acc: 0.7455
 992/7340 [===>..........................] - ETA: 1s - loss: 0.1818 - acc: 0.7369
1312/7340 [====>.........................] - ETA: 0s - loss: 0.1835 - acc: 0.7256
1632/7340 [=====>........................] - ETA: 0s - loss: 0.1910 - acc: 0.7120
1952/7340 [======>.......................] - ETA: 0s - loss: 0.1898 - acc: 0.7106
2272/7340 [========>.....................] - ETA: 0s - loss: 0.1910 - acc: 0.7126
2592/7340 [=========>....................] - ETA: 0s - loss: 0.1883 - acc: 0.7211
2912/7340 [==========>...................] - ETA: 0s - loss: 0.1870 - acc: 0.7232
3232/7340 [============>.................] - ETA: 0s - loss: 0.1856 - acc: 0.7268
3552/7340 [=============>................] - ETA: 0s - loss: 0.1855 - acc: 0.7264
3904/7340 [==============>...............] - ETA: 0s - loss: 0.1851 - acc: 0.7277
4224/7340 [================>.............] - ETA: 0s - loss: 0.1853 - acc: 0.7277
4544/7340 [=================>............] - ETA: 0s - loss: 0.1856 - acc: 0.7267
4864/7340 [==================>...........] - ETA: 0s - loss: 0.1857 - acc: 0.7264
5184/7340 [====================>.........] - ETA: 0s - loss: 0.1864 - acc: 0.7238
5504/7340 [=====================>........] - ETA: 0s - loss: 0.1864 - acc: 0.7242
5824/7340 [======================>.......] - ETA: 0s - loss: 0.1864 - acc: 0.7244
6144/7340 [========================>.....] - ETA: 0s - loss: 0.1860 - acc: 0.7251
6464/7340 [=========================>....] - ETA: 0s - loss: 0.1859 - acc: 0.7243
6784/7340 [==========================>...] - ETA: 0s - loss: 0.1864 - acc: 0.7242
7136/7340 [============================>.] - ETA: 0s - loss: 0.1869 - acc: 0.7231
7340/7340 [==============================] - 1s 171us/step - loss: 0.1873 - acc: 0.7215 - val_loss: 0.1748 - val_acc: 0.7500
Epoch 17/20

  32/7340 [..............................] - ETA: 1s - loss: 0.1779 - acc: 0.7812
 352/7340 [>.............................] - ETA: 1s - loss: 0.1898 - acc: 0.7045
 672/7340 [=>............................] - ETA: 1s - loss: 0.2012 - acc: 0.6771
 992/7340 [===>..........................] - ETA: 1s - loss: 0.1921 - acc: 0.7016
1312/7340 [====>.........................] - ETA: 0s - loss: 0.1885 - acc: 0.7142
1632/7340 [=====>........................] - ETA: 0s - loss: 0.1849 - acc: 0.7218
1952/7340 [======>.......................] - ETA: 0s - loss: 0.1854 - acc: 0.7208
2272/7340 [========>.....................] - ETA: 0s - loss: 0.1849 - acc: 0.7214
2592/7340 [=========>....................] - ETA: 0s - loss: 0.1885 - acc: 0.7149
2912/7340 [==========>...................] - ETA: 0s - loss: 0.1892 - acc: 0.7139
3232/7340 [============>.................] - ETA: 0s - loss: 0.1907 - acc: 0.7113
3552/7340 [=============>................] - ETA: 0s - loss: 0.1904 - acc: 0.7157
3872/7340 [==============>...............] - ETA: 0s - loss: 0.1890 - acc: 0.7177
4192/7340 [================>.............] - ETA: 0s - loss: 0.1882 - acc: 0.7190
4512/7340 [=================>............] - ETA: 0s - loss: 0.1888 - acc: 0.7194
4832/7340 [==================>...........] - ETA: 0s - loss: 0.1890 - acc: 0.7198
5152/7340 [====================>.........] - ETA: 0s - loss: 0.1877 - acc: 0.7224
5472/7340 [=====================>........] - ETA: 0s - loss: 0.1874 - acc: 0.7230
5792/7340 [======================>.......] - ETA: 0s - loss: 0.1866 - acc: 0.7250
6112/7340 [=======================>......] - ETA: 0s - loss: 0.1862 - acc: 0.7240
6432/7340 [=========================>....] - ETA: 0s - loss: 0.1864 - acc: 0.7233
6752/7340 [==========================>...] - ETA: 0s - loss: 0.1862 - acc: 0.7245
7072/7340 [===========================>..] - ETA: 0s - loss: 0.1860 - acc: 0.7261
7340/7340 [==============================] - 1s 171us/step - loss: 0.1857 - acc: 0.7272 - val_loss: 0.1744 - val_acc: 0.7446
Epoch 18/20

  32/7340 [..............................] - ETA: 1s - loss: 0.1771 - acc: 0.7188
 352/7340 [>.............................] - ETA: 1s - loss: 0.1807 - acc: 0.7386
 672/7340 [=>............................] - ETA: 1s - loss: 0.1820 - acc: 0.7336
 992/7340 [===>..........................] - ETA: 1s - loss: 0.1795 - acc: 0.7419
1312/7340 [====>.........................] - ETA: 0s - loss: 0.1827 - acc: 0.7317
1632/7340 [=====>........................] - ETA: 0s - loss: 0.1822 - acc: 0.7304
1952/7340 [======>.......................] - ETA: 0s - loss: 0.1847 - acc: 0.7228
2272/7340 [========>.....................] - ETA: 0s - loss: 0.1859 - acc: 0.7232
2592/7340 [=========>....................] - ETA: 0s - loss: 0.1862 - acc: 0.7207
2944/7340 [===========>..................] - ETA: 0s - loss: 0.1852 - acc: 0.7235
3264/7340 [============>.................] - ETA: 0s - loss: 0.1841 - acc: 0.7261
3584/7340 [=============>................] - ETA: 0s - loss: 0.1843 - acc: 0.7254
3936/7340 [===============>..............] - ETA: 0s - loss: 0.1830 - acc: 0.7266
4256/7340 [================>.............] - ETA: 0s - loss: 0.1846 - acc: 0.7251
4576/7340 [=================>............] - ETA: 0s - loss: 0.1844 - acc: 0.7260
4896/7340 [===================>..........] - ETA: 0s - loss: 0.1839 - acc: 0.7273
5216/7340 [====================>.........] - ETA: 0s - loss: 0.1848 - acc: 0.7249
5536/7340 [=====================>........] - ETA: 0s - loss: 0.1853 - acc: 0.7231
5856/7340 [======================>.......] - ETA: 0s - loss: 0.1847 - acc: 0.7244
6176/7340 [========================>.....] - ETA: 0s - loss: 0.1843 - acc: 0.7246
6496/7340 [=========================>....] - ETA: 0s - loss: 0.1848 - acc: 0.7240
6816/7340 [==========================>...] - ETA: 0s - loss: 0.1852 - acc: 0.7236
7168/7340 [============================>.] - ETA: 0s - loss: 0.1854 - acc: 0.7228
7340/7340 [==============================] - 1s 171us/step - loss: 0.1848 - acc: 0.7238 - val_loss: 0.1777 - val_acc: 0.7315
Epoch 19/20

  32/7340 [..............................] - ETA: 1s - loss: 0.1649 - acc: 0.7500
 352/7340 [>.............................] - ETA: 1s - loss: 0.1896 - acc: 0.7330
 704/7340 [=>............................] - ETA: 1s - loss: 0.1883 - acc: 0.7301
1024/7340 [===>..........................] - ETA: 0s - loss: 0.1867 - acc: 0.7217
1344/7340 [====>.........................] - ETA: 0s - loss: 0.1912 - acc: 0.7121
1664/7340 [=====>........................] - ETA: 0s - loss: 0.1900 - acc: 0.7145
2016/7340 [=======>......................] - ETA: 0s - loss: 0.1886 - acc: 0.7163
2336/7340 [========>.....................] - ETA: 0s - loss: 0.1854 - acc: 0.7239
2656/7340 [=========>....................] - ETA: 0s - loss: 0.1854 - acc: 0.7248
2976/7340 [===========>..................] - ETA: 0s - loss: 0.1859 - acc: 0.7238
3296/7340 [============>.................] - ETA: 0s - loss: 0.1848 - acc: 0.7245
3616/7340 [=============>................] - ETA: 0s - loss: 0.1838 - acc: 0.7257
3936/7340 [===============>..............] - ETA: 0s - loss: 0.1832 - acc: 0.7256
4256/7340 [================>.............] - ETA: 0s - loss: 0.1832 - acc: 0.7244
4576/7340 [=================>............] - ETA: 0s - loss: 0.1838 - acc: 0.7218
4896/7340 [===================>..........] - ETA: 0s - loss: 0.1841 - acc: 0.7204
5216/7340 [====================>.........] - ETA: 0s - loss: 0.1843 - acc: 0.7199
5536/7340 [=====================>........] - ETA: 0s - loss: 0.1842 - acc: 0.7213
5856/7340 [======================>.......] - ETA: 0s - loss: 0.1843 - acc: 0.7213
6176/7340 [========================>.....] - ETA: 0s - loss: 0.1842 - acc: 0.7220
6496/7340 [=========================>....] - ETA: 0s - loss: 0.1839 - acc: 0.7237
6848/7340 [==========================>...] - ETA: 0s - loss: 0.1831 - acc: 0.7262
7168/7340 [============================>.] - ETA: 0s - loss: 0.1828 - acc: 0.7275
7340/7340 [==============================] - 1s 171us/step - loss: 0.1834 - acc: 0.7267 - val_loss: 0.1735 - val_acc: 0.7397
Epoch 20/20

  32/7340 [..............................] - ETA: 1s - loss: 0.1541 - acc: 0.7188
 352/7340 [>.............................] - ETA: 1s - loss: 0.1857 - acc: 0.7102
 672/7340 [=>............................] - ETA: 1s - loss: 0.1782 - acc: 0.7440
 992/7340 [===>..........................] - ETA: 1s - loss: 0.1811 - acc: 0.7339
1344/7340 [====>.........................] - ETA: 0s - loss: 0.1826 - acc: 0.7359
1664/7340 [=====>........................] - ETA: 0s - loss: 0.1820 - acc: 0.7386
1984/7340 [=======>......................] - ETA: 0s - loss: 0.1816 - acc: 0.7369
2304/7340 [========>.....................] - ETA: 0s - loss: 0.1821 - acc: 0.7348
2624/7340 [=========>....................] - ETA: 0s - loss: 0.1829 - acc: 0.7317
2944/7340 [===========>..................] - ETA: 0s - loss: 0.1816 - acc: 0.7323
3264/7340 [============>.................] - ETA: 0s - loss: 0.1798 - acc: 0.7359
3584/7340 [=============>................] - ETA: 0s - loss: 0.1786 - acc: 0.7391
3904/7340 [==============>...............] - ETA: 0s - loss: 0.1788 - acc: 0.7400
4224/7340 [================>.............] - ETA: 0s - loss: 0.1795 - acc: 0.7389
4544/7340 [=================>............] - ETA: 0s - loss: 0.1793 - acc: 0.7403
4864/7340 [==================>...........] - ETA: 0s - loss: 0.1803 - acc: 0.7391
5184/7340 [====================>.........] - ETA: 0s - loss: 0.1802 - acc: 0.7386
5504/7340 [=====================>........] - ETA: 0s - loss: 0.1797 - acc: 0.7396
5824/7340 [======================>.......] - ETA: 0s - loss: 0.1802 - acc: 0.7373
6144/7340 [========================>.....] - ETA: 0s - loss: 0.1803 - acc: 0.7357
6496/7340 [=========================>....] - ETA: 0s - loss: 0.1802 - acc: 0.7368
6816/7340 [==========================>...] - ETA: 0s - loss: 0.1802 - acc: 0.7362
7136/7340 [============================>.] - ETA: 0s - loss: 0.1808 - acc: 0.7357
7340/7340 [==============================] - 1s 170us/step - loss: 0.1812 - acc: 0.7360 - val_loss: 0.1763 - val_acc: 0.7337
/home/brendonm/python/lib/python3.6/site-packages/h5py/__init__.py:36: FutureWarning: Conversion of the second argument of issubdtype from `float` to `np.floating` is deprecated. In future, it will be treated as `np.float64 == np.dtype(float).type`.
  from ._conv import register_converters as _register_converters
Using TensorFlow backend.
Data saved at /tmp/1530139626.json
