Using TensorFlow backend.
/usr/lib/python3.6/importlib/_bootstrap.py:219: RuntimeWarning: numpy.dtype size changed, may indicate binary incompatibility. Expected 96, got 88
  return f(*args, **kwds)
_________________________________________________________________
Layer (type)                 Output Shape              Param #   
=================================================================
batch_normalization_1 (Batch (None, 255)               1020      
_________________________________________________________________
dense_1 (Dense)              (None, 24)                6144      
_________________________________________________________________
dropout_1 (Dropout)          (None, 24)                0         
_________________________________________________________________
dense_2 (Dense)              (None, 12)                300       
_________________________________________________________________
dropout_2 (Dropout)          (None, 12)                0         
_________________________________________________________________
dense_3 (Dense)              (None, 6)                 78        
_________________________________________________________________
dropout_3 (Dropout)          (None, 6)                 0         
_________________________________________________________________
dense_4 (Dense)              (None, 1)                 7         
=================================================================
Total params: 7,549
Trainable params: 7,039
Non-trainable params: 510
_________________________________________________________________
None
Epoch 0
Train on 2804 samples, validate on 500 samples
Epoch 1/1
2018-10-27 10:59:44.265479: I tensorflow/core/platform/cpu_feature_guard.cc:140] Your CPU supports instructions that this TensorFlow binary was not compiled to use: AVX2 FMA
2018-10-27 10:59:44.331177: I tensorflow/stream_executor/cuda/cuda_gpu_executor.cc:898] successful NUMA node read from SysFS had negative value (-1), but there must be at least one NUMA node, so returning NUMA node zero
2018-10-27 10:59:44.331497: I tensorflow/core/common_runtime/gpu/gpu_device.cc:1356] Found device 0 with properties: 
name: GeForce GTX 1080 major: 6 minor: 1 memoryClockRate(GHz): 1.8475
pciBusID: 0000:01:00.0
totalMemory: 7.93GiB freeMemory: 7.36GiB
2018-10-27 10:59:44.331509: I tensorflow/core/common_runtime/gpu/gpu_device.cc:1435] Adding visible gpu devices: 0
2018-10-27 10:59:44.491494: I tensorflow/core/common_runtime/gpu/gpu_device.cc:923] Device interconnect StreamExecutor with strength 1 edge matrix:
2018-10-27 10:59:44.491523: I tensorflow/core/common_runtime/gpu/gpu_device.cc:929]      0 
2018-10-27 10:59:44.491528: I tensorflow/core/common_runtime/gpu/gpu_device.cc:942] 0:   N 
2018-10-27 10:59:44.491661: I tensorflow/core/common_runtime/gpu/gpu_device.cc:1053] Created TensorFlow device (/job:localhost/replica:0/task:0/device:GPU:0 with 7102 MB memory) -> physical GPU (device: 0, name: GeForce GTX 1080, pci bus id: 0000:01:00.0, compute capability: 6.1)
2804/2804 [==============================] - 1s 329us/step - loss: 0.0533 - acc: 0.1423 - val_loss: 0.5818 - val_acc: 0.0960
Epoch 1
Train on 2804 samples, validate on 500 samples
Epoch 1/1
2804/2804 [==============================] - 0s 68us/step - loss: 0.0392 - acc: 0.0813 - val_loss: 0.5979 - val_acc: 0.0960
Epoch 2
Train on 2804 samples, validate on 500 samples
Epoch 1/1
2804/2804 [==============================] - 0s 67us/step - loss: 0.0300 - acc: 0.0717 - val_loss: 0.5846 - val_acc: 0.0920
Epoch 3
Train on 2804 samples, validate on 500 samples
Epoch 1/1
2804/2804 [==============================] - 0s 67us/step - loss: 0.0229 - acc: 0.0692 - val_loss: 0.5443 - val_acc: 0.0920
Epoch 4
Train on 2804 samples, validate on 500 samples
Epoch 1/1
2804/2804 [==============================] - 0s 67us/step - loss: 0.0178 - acc: 0.0692 - val_loss: 0.4992 - val_acc: 0.0920
Epoch 5
Train on 2804 samples, validate on 500 samples
Epoch 1/1
2804/2804 [==============================] - 0s 68us/step - loss: 0.0143 - acc: 0.0692 - val_loss: 0.4717 - val_acc: 0.0920
Epoch 6
Train on 2804 samples, validate on 500 samples
Epoch 1/1
2804/2804 [==============================] - 0s 67us/step - loss: 0.0124 - acc: 0.0692 - val_loss: 0.4645 - val_acc: 0.0920
Epoch 7
Train on 2804 samples, validate on 500 samples
Epoch 1/1
2804/2804 [==============================] - 0s 67us/step - loss: 0.0111 - acc: 0.0692 - val_loss: 0.4645 - val_acc: 0.0920
Epoch 8
Train on 2804 samples, validate on 500 samples
Epoch 1/1
2804/2804 [==============================] - 0s 67us/step - loss: 0.0102 - acc: 0.0692 - val_loss: 0.4561 - val_acc: 0.0920
Epoch 9
Train on 2804 samples, validate on 500 samples
Epoch 1/1
2804/2804 [==============================] - 0s 67us/step - loss: 0.0093 - acc: 0.0692 - val_loss: 0.4234 - val_acc: 0.0920
Epoch 10
Train on 2804 samples, validate on 500 samples
Epoch 1/1
2804/2804 [==============================] - 0s 67us/step - loss: 0.0091 - acc: 0.0692 - val_loss: 0.4255 - val_acc: 0.0920
Epoch 11
Train on 2804 samples, validate on 500 samples
Epoch 1/1
2804/2804 [==============================] - 0s 67us/step - loss: 0.0089 - acc: 0.0692 - val_loss: 0.4192 - val_acc: 0.0920
Epoch 12
Train on 2804 samples, validate on 500 samples
Epoch 1/1
2804/2804 [==============================] - 0s 67us/step - loss: 0.0091 - acc: 0.0692 - val_loss: 0.4403 - val_acc: 0.0920
Epoch 13
Train on 2804 samples, validate on 500 samples
Epoch 1/1
2804/2804 [==============================] - 0s 67us/step - loss: 0.0087 - acc: 0.0692 - val_loss: 0.4611 - val_acc: 0.0920
Epoch 14
Train on 2804 samples, validate on 500 samples
Epoch 1/1
2804/2804 [==============================] - 0s 67us/step - loss: 0.0086 - acc: 0.0692 - val_loss: 0.4416 - val_acc: 0.0920
Epoch 15
Train on 2804 samples, validate on 500 samples
Epoch 1/1
2804/2804 [==============================] - 0s 67us/step - loss: 0.0086 - acc: 0.0692 - val_loss: 0.4200 - val_acc: 0.0920
Epoch 16
Train on 2804 samples, validate on 500 samples
Epoch 1/1
2804/2804 [==============================] - 0s 67us/step - loss: 0.0085 - acc: 0.0692 - val_loss: 0.4464 - val_acc: 0.0920
Epoch 17
Train on 2804 samples, validate on 500 samples
Epoch 1/1
2804/2804 [==============================] - 0s 67us/step - loss: 0.0085 - acc: 0.0692 - val_loss: 0.4148 - val_acc: 0.0920
Epoch 18
Train on 2804 samples, validate on 500 samples
Epoch 1/1
2804/2804 [==============================] - 0s 67us/step - loss: 0.0085 - acc: 0.0692 - val_loss: 0.4288 - val_acc: 0.0920
Epoch 19
Train on 2804 samples, validate on 500 samples
Epoch 1/1
2804/2804 [==============================] - 0s 67us/step - loss: 0.0085 - acc: 0.0692 - val_loss: 0.4361 - val_acc: 0.0920
Epoch 20
Train on 2804 samples, validate on 500 samples
Epoch 1/1
2804/2804 [==============================] - 0s 67us/step - loss: 0.0085 - acc: 0.0692 - val_loss: 0.4282 - val_acc: 0.0920
Epoch 21
Train on 2804 samples, validate on 500 samples
Epoch 1/1
2804/2804 [==============================] - 0s 67us/step - loss: 0.0083 - acc: 0.0692 - val_loss: 0.4332 - val_acc: 0.0920
Epoch 22
Train on 2804 samples, validate on 500 samples
Epoch 1/1
2804/2804 [==============================] - 0s 67us/step - loss: 0.0083 - acc: 0.1109 - val_loss: 0.4298 - val_acc: 0.3160
Epoch 23
Train on 2804 samples, validate on 500 samples
Epoch 1/1
2804/2804 [==============================] - 0s 67us/step - loss: 0.0081 - acc: 0.2999 - val_loss: 0.4218 - val_acc: 0.3520
Epoch 24
Train on 2804 samples, validate on 500 samples
Epoch 1/1
2804/2804 [==============================] - 0s 67us/step - loss: 0.0084 - acc: 0.3702 - val_loss: 0.4436 - val_acc: 0.3560
Epoch 25
Train on 2804 samples, validate on 500 samples
Epoch 1/1
2804/2804 [==============================] - 0s 67us/step - loss: 0.0084 - acc: 0.3673 - val_loss: 0.4192 - val_acc: 0.4060
Epoch 26
Train on 2804 samples, validate on 500 samples
Epoch 1/1
2804/2804 [==============================] - 0s 67us/step - loss: 0.0080 - acc: 0.4062 - val_loss: 0.4155 - val_acc: 0.4000
Epoch 27
Train on 2804 samples, validate on 500 samples
Epoch 1/1
2804/2804 [==============================] - 0s 67us/step - loss: 0.0080 - acc: 0.4069 - val_loss: 0.4063 - val_acc: 0.4040
Epoch 28
Train on 2804 samples, validate on 500 samples
Epoch 1/1
2804/2804 [==============================] - 0s 67us/step - loss: 0.0082 - acc: 0.4176 - val_loss: 0.4449 - val_acc: 0.4080
Epoch 29
Train on 2804 samples, validate on 500 samples
Epoch 1/1
2804/2804 [==============================] - 0s 67us/step - loss: 0.0082 - acc: 0.4180 - val_loss: 0.4303 - val_acc: 0.4180
Epoch 30
Train on 2804 samples, validate on 500 samples
Epoch 1/1
2804/2804 [==============================] - 0s 67us/step - loss: 0.0081 - acc: 0.4283 - val_loss: 0.3844 - val_acc: 0.4660
Epoch 31
Train on 2804 samples, validate on 500 samples
Epoch 1/1
2804/2804 [==============================] - 0s 67us/step - loss: 0.0081 - acc: 0.4326 - val_loss: 0.4279 - val_acc: 0.4180
Epoch 32
Train on 2804 samples, validate on 500 samples
Epoch 1/1
2804/2804 [==============================] - 0s 67us/step - loss: 0.0084 - acc: 0.4183 - val_loss: 0.4260 - val_acc: 0.4260
Epoch 33
Train on 2804 samples, validate on 500 samples
Epoch 1/1
2804/2804 [==============================] - 0s 67us/step - loss: 0.0081 - acc: 0.4315 - val_loss: 0.4218 - val_acc: 0.4220
Epoch 34
Train on 2804 samples, validate on 500 samples
Epoch 1/1
2804/2804 [==============================] - 0s 67us/step - loss: 0.0080 - acc: 0.4451 - val_loss: 0.4010 - val_acc: 0.4540
Epoch 35
Train on 2804 samples, validate on 500 samples
Epoch 1/1
2804/2804 [==============================] - 0s 67us/step - loss: 0.0082 - acc: 0.4351 - val_loss: 0.3985 - val_acc: 0.4480
Epoch 36
Train on 2804 samples, validate on 500 samples
Epoch 1/1
2804/2804 [==============================] - 0s 67us/step - loss: 0.0078 - acc: 0.4444 - val_loss: 0.3930 - val_acc: 0.4440
Epoch 37
Train on 2804 samples, validate on 500 samples
Epoch 1/1
2804/2804 [==============================] - 0s 67us/step - loss: 0.0081 - acc: 0.4640 - val_loss: 0.4303 - val_acc: 0.4260
Epoch 38
Train on 2804 samples, validate on 500 samples
Epoch 1/1
2804/2804 [==============================] - 0s 67us/step - loss: 0.0080 - acc: 0.4504 - val_loss: 0.4027 - val_acc: 0.4440
Epoch 39
Train on 2804 samples, validate on 500 samples
Epoch 1/1
2804/2804 [==============================] - 0s 67us/step - loss: 0.0081 - acc: 0.4572 - val_loss: 0.3985 - val_acc: 0.4460
Epoch 40
Train on 2804 samples, validate on 500 samples
Epoch 1/1
2804/2804 [==============================] - 0s 67us/step - loss: 0.0079 - acc: 0.4736 - val_loss: 0.4016 - val_acc: 0.4620
Epoch 41
Train on 2804 samples, validate on 500 samples
Epoch 1/1
2804/2804 [==============================] - 0s 67us/step - loss: 0.0080 - acc: 0.4544 - val_loss: 0.3983 - val_acc: 0.4500
Epoch 42
Train on 2804 samples, validate on 500 samples
Epoch 1/1
2804/2804 [==============================] - 0s 67us/step - loss: 0.0079 - acc: 0.4654 - val_loss: 0.3939 - val_acc: 0.4620
Epoch 43
Train on 2804 samples, validate on 500 samples
Epoch 1/1
2804/2804 [==============================] - 0s 67us/step - loss: 0.0078 - acc: 0.4825 - val_loss: 0.4278 - val_acc: 0.4320
Epoch 44
Train on 2804 samples, validate on 500 samples
Epoch 1/1
2804/2804 [==============================] - 0s 67us/step - loss: 0.0081 - acc: 0.4708 - val_loss: 0.3923 - val_acc: 0.4540
Epoch 45
Train on 2804 samples, validate on 500 samples
Epoch 1/1
2804/2804 [==============================] - 0s 67us/step - loss: 0.0080 - acc: 0.4601 - val_loss: 0.3720 - val_acc: 0.4920
Epoch 46
Train on 2804 samples, validate on 500 samples
Epoch 1/1
2804/2804 [==============================] - 0s 67us/step - loss: 0.0079 - acc: 0.4761 - val_loss: 0.3814 - val_acc: 0.4900
Epoch 47
Train on 2804 samples, validate on 500 samples
Epoch 1/1
2804/2804 [==============================] - 0s 67us/step - loss: 0.0083 - acc: 0.4768 - val_loss: 0.4019 - val_acc: 0.4740
Epoch 48
Train on 2804 samples, validate on 500 samples
Epoch 1/1
2804/2804 [==============================] - 0s 67us/step - loss: 0.0082 - acc: 0.4797 - val_loss: 0.3907 - val_acc: 0.4800
Epoch 49
Train on 2804 samples, validate on 500 samples
Epoch 1/1
2804/2804 [==============================] - 0s 67us/step - loss: 0.0077 - acc: 0.4968 - val_loss: 0.3862 - val_acc: 0.5020
Epoch 50
Train on 2804 samples, validate on 500 samples
Epoch 1/1
2804/2804 [==============================] - 0s 67us/step - loss: 0.0081 - acc: 0.4925 - val_loss: 0.3801 - val_acc: 0.5020
Epoch 51
Train on 2804 samples, validate on 500 samples
Epoch 1/1
2804/2804 [==============================] - 0s 67us/step - loss: 0.0078 - acc: 0.5071 - val_loss: 0.3963 - val_acc: 0.4800
Epoch 52
Train on 2804 samples, validate on 500 samples
Epoch 1/1
2804/2804 [==============================] - 0s 67us/step - loss: 0.0079 - acc: 0.4911 - val_loss: 0.4049 - val_acc: 0.4800
Epoch 53
Train on 2804 samples, validate on 500 samples
Epoch 1/1
2804/2804 [==============================] - 0s 67us/step - loss: 0.0078 - acc: 0.4961 - val_loss: 0.3689 - val_acc: 0.5220
Epoch 54
Train on 2804 samples, validate on 500 samples
Epoch 1/1
2804/2804 [==============================] - 0s 67us/step - loss: 0.0080 - acc: 0.4989 - val_loss: 0.4167 - val_acc: 0.4660
Epoch 55
Train on 2804 samples, validate on 500 samples
Epoch 1/1
2804/2804 [==============================] - 0s 67us/step - loss: 0.0080 - acc: 0.4982 - val_loss: 0.3789 - val_acc: 0.5060
Epoch 56
Train on 2804 samples, validate on 500 samples
Epoch 1/1
2804/2804 [==============================] - 0s 67us/step - loss: 0.0076 - acc: 0.5096 - val_loss: 0.3831 - val_acc: 0.5080
Epoch 57
Train on 2804 samples, validate on 500 samples
Epoch 1/1
2804/2804 [==============================] - 0s 67us/step - loss: 0.0077 - acc: 0.5153 - val_loss: 0.3789 - val_acc: 0.4940
Epoch 58
Train on 2804 samples, validate on 500 samples
Epoch 1/1
2804/2804 [==============================] - 0s 67us/step - loss: 0.0082 - acc: 0.4993 - val_loss: 0.4078 - val_acc: 0.4660
Epoch 59
Train on 2804 samples, validate on 500 samples
Epoch 1/1
2804/2804 [==============================] - 0s 67us/step - loss: 0.0079 - acc: 0.5032 - val_loss: 0.3997 - val_acc: 0.4720
Epoch 60
Train on 2804 samples, validate on 500 samples
Epoch 1/1
2804/2804 [==============================] - 0s 68us/step - loss: 0.0079 - acc: 0.5118 - val_loss: 0.3846 - val_acc: 0.4940
Epoch 61
Train on 2804 samples, validate on 500 samples
Epoch 1/1
2804/2804 [==============================] - 0s 67us/step - loss: 0.0080 - acc: 0.5053 - val_loss: 0.3870 - val_acc: 0.4940
Epoch 62
Train on 2804 samples, validate on 500 samples
Epoch 1/1
2804/2804 [==============================] - 0s 67us/step - loss: 0.0080 - acc: 0.5018 - val_loss: 0.3509 - val_acc: 0.5540
Epoch 63
Train on 2804 samples, validate on 500 samples
Epoch 1/1
2804/2804 [==============================] - 0s 67us/step - loss: 0.0080 - acc: 0.5218 - val_loss: 0.3687 - val_acc: 0.5340
Epoch 64
Train on 2804 samples, validate on 500 samples
Epoch 1/1
2804/2804 [==============================] - 0s 67us/step - loss: 0.0076 - acc: 0.5260 - val_loss: 0.3931 - val_acc: 0.4980
Epoch 65
Train on 2804 samples, validate on 500 samples
Epoch 1/1
2804/2804 [==============================] - 0s 67us/step - loss: 0.0078 - acc: 0.5043 - val_loss: 0.3718 - val_acc: 0.5200
Epoch 66
Train on 2804 samples, validate on 500 samples
Epoch 1/1
2804/2804 [==============================] - 0s 67us/step - loss: 0.0078 - acc: 0.5225 - val_loss: 0.3789 - val_acc: 0.5100
Epoch 67
Train on 2804 samples, validate on 500 samples
Epoch 1/1
2804/2804 [==============================] - 0s 67us/step - loss: 0.0078 - acc: 0.5118 - val_loss: 0.3704 - val_acc: 0.5220
Epoch 68
Train on 2804 samples, validate on 500 samples
Epoch 1/1
2804/2804 [==============================] - 0s 67us/step - loss: 0.0079 - acc: 0.5210 - val_loss: 0.4009 - val_acc: 0.5000
Epoch 69
Train on 2804 samples, validate on 500 samples
Epoch 1/1
2804/2804 [==============================] - 0s 67us/step - loss: 0.0078 - acc: 0.5257 - val_loss: 0.3779 - val_acc: 0.5100
Epoch 70
Train on 2804 samples, validate on 500 samples
Epoch 1/1
2804/2804 [==============================] - 0s 67us/step - loss: 0.0078 - acc: 0.5157 - val_loss: 0.3618 - val_acc: 0.5360
Epoch 71
Train on 2804 samples, validate on 500 samples
Epoch 1/1
2804/2804 [==============================] - 0s 67us/step - loss: 0.0076 - acc: 0.5360 - val_loss: 0.3667 - val_acc: 0.5200
Epoch 72
Train on 2804 samples, validate on 500 samples
Epoch 1/1
2804/2804 [==============================] - 0s 67us/step - loss: 0.0078 - acc: 0.5353 - val_loss: 0.3832 - val_acc: 0.5100
Epoch 73
Train on 2804 samples, validate on 500 samples
Epoch 1/1
2804/2804 [==============================] - 0s 67us/step - loss: 0.0076 - acc: 0.5335 - val_loss: 0.3796 - val_acc: 0.5260
Epoch 74
Train on 2804 samples, validate on 500 samples
Epoch 1/1
2804/2804 [==============================] - 0s 67us/step - loss: 0.0075 - acc: 0.5367 - val_loss: 0.3631 - val_acc: 0.5400
Epoch 75
Train on 2804 samples, validate on 500 samples
Epoch 1/1
2804/2804 [==============================] - 0s 68us/step - loss: 0.0076 - acc: 0.5253 - val_loss: 0.3412 - val_acc: 0.5660
Epoch 76
Train on 2804 samples, validate on 500 samples
Epoch 1/1
2804/2804 [==============================] - 0s 67us/step - loss: 0.0074 - acc: 0.5731 - val_loss: 0.3848 - val_acc: 0.5280
Epoch 77
Train on 2804 samples, validate on 500 samples
Epoch 1/1
2804/2804 [==============================] - 0s 67us/step - loss: 0.0077 - acc: 0.5410 - val_loss: 0.3819 - val_acc: 0.5340
Epoch 78
Train on 2804 samples, validate on 500 samples
Epoch 1/1
2804/2804 [==============================] - 0s 67us/step - loss: 0.0079 - acc: 0.5364 - val_loss: 0.3830 - val_acc: 0.5360
Epoch 79
Train on 2804 samples, validate on 500 samples
Epoch 1/1
2804/2804 [==============================] - 0s 67us/step - loss: 0.0078 - acc: 0.5471 - val_loss: 0.4041 - val_acc: 0.5040
Epoch 80
Train on 2804 samples, validate on 500 samples
Epoch 1/1
2804/2804 [==============================] - 0s 67us/step - loss: 0.0079 - acc: 0.5243 - val_loss: 0.3629 - val_acc: 0.5460
Epoch 81
Train on 2804 samples, validate on 500 samples
Epoch 1/1
2804/2804 [==============================] - 0s 67us/step - loss: 0.0076 - acc: 0.5481 - val_loss: 0.3456 - val_acc: 0.5700
Epoch 82
Train on 2804 samples, validate on 500 samples
Epoch 1/1
2804/2804 [==============================] - 0s 67us/step - loss: 0.0076 - acc: 0.5496 - val_loss: 0.3653 - val_acc: 0.5440
Epoch 83
Train on 2804 samples, validate on 500 samples
Epoch 1/1
2804/2804 [==============================] - 0s 67us/step - loss: 0.0075 - acc: 0.5610 - val_loss: 0.3711 - val_acc: 0.5400
Epoch 84
Train on 2804 samples, validate on 500 samples
Epoch 1/1
2804/2804 [==============================] - 0s 67us/step - loss: 0.0075 - acc: 0.5449 - val_loss: 0.3363 - val_acc: 0.5760
Epoch 85
Train on 2804 samples, validate on 500 samples
Epoch 1/1
2804/2804 [==============================] - 0s 67us/step - loss: 0.0076 - acc: 0.5820 - val_loss: 0.3973 - val_acc: 0.5040
Epoch 86
Train on 2804 samples, validate on 500 samples
Epoch 1/1
2804/2804 [==============================] - 0s 67us/step - loss: 0.0077 - acc: 0.5374 - val_loss: 0.3604 - val_acc: 0.5400
Epoch 87
Train on 2804 samples, validate on 500 samples
Epoch 1/1
2804/2804 [==============================] - 0s 67us/step - loss: 0.0076 - acc: 0.5581 - val_loss: 0.3659 - val_acc: 0.5300
Epoch 88
Train on 2804 samples, validate on 500 samples
Epoch 1/1
2804/2804 [==============================] - 0s 67us/step - loss: 0.0078 - acc: 0.5325 - val_loss: 0.3801 - val_acc: 0.5200
Epoch 89
Train on 2804 samples, validate on 500 samples
Epoch 1/1
2804/2804 [==============================] - 0s 67us/step - loss: 0.0079 - acc: 0.5339 - val_loss: 0.3715 - val_acc: 0.5360
Epoch 90
Train on 2804 samples, validate on 500 samples
Epoch 1/1
2804/2804 [==============================] - 0s 67us/step - loss: 0.0074 - acc: 0.5556 - val_loss: 0.3398 - val_acc: 0.5700
Epoch 91
Train on 2804 samples, validate on 500 samples
Epoch 1/1
2804/2804 [==============================] - 0s 67us/step - loss: 0.0073 - acc: 0.5710 - val_loss: 0.3351 - val_acc: 0.5760
Epoch 92
Train on 2804 samples, validate on 500 samples
Epoch 1/1
2804/2804 [==============================] - 0s 67us/step - loss: 0.0076 - acc: 0.5449 - val_loss: 0.3724 - val_acc: 0.5400
Epoch 93
Train on 2804 samples, validate on 500 samples
Epoch 1/1
2804/2804 [==============================] - 0s 67us/step - loss: 0.0074 - acc: 0.5592 - val_loss: 0.3535 - val_acc: 0.5580
Epoch 94
Train on 2804 samples, validate on 500 samples
Epoch 1/1
2804/2804 [==============================] - 0s 67us/step - loss: 0.0076 - acc: 0.5549 - val_loss: 0.3720 - val_acc: 0.5340
Epoch 95
Train on 2804 samples, validate on 500 samples
Epoch 1/1
2804/2804 [==============================] - 0s 67us/step - loss: 0.0075 - acc: 0.5546 - val_loss: 0.3558 - val_acc: 0.5440
Epoch 96
Train on 2804 samples, validate on 500 samples
Epoch 1/1
2804/2804 [==============================] - 0s 67us/step - loss: 0.0077 - acc: 0.5528 - val_loss: 0.3627 - val_acc: 0.5440
Epoch 97
Train on 2804 samples, validate on 500 samples
Epoch 1/1
2804/2804 [==============================] - 0s 67us/step - loss: 0.0073 - acc: 0.5631 - val_loss: 0.3520 - val_acc: 0.5480
Epoch 98
Train on 2804 samples, validate on 500 samples
Epoch 1/1
2804/2804 [==============================] - 0s 67us/step - loss: 0.0074 - acc: 0.5492 - val_loss: 0.3309 - val_acc: 0.5840
Epoch 99
Train on 2804 samples, validate on 500 samples
Epoch 1/1
2804/2804 [==============================] - 0s 67us/step - loss: 0.0076 - acc: 0.5588 - val_loss: 0.3725 - val_acc: 0.5320
_________________________________________________________________
Layer (type)                 Output Shape              Param #   
=================================================================
batch_normalization_2 (Batch (None, 255)               1020      
_________________________________________________________________
dense_5 (Dense)              (None, 24)                6144      
_________________________________________________________________
dropout_4 (Dropout)          (None, 24)                0         
_________________________________________________________________
dense_6 (Dense)              (None, 12)                300       
_________________________________________________________________
dropout_5 (Dropout)          (None, 12)                0         
_________________________________________________________________
dense_7 (Dense)              (None, 6)                 78        
_________________________________________________________________
dropout_6 (Dropout)          (None, 6)                 0         
_________________________________________________________________
dense_8 (Dense)              (None, 1)                 7         
=================================================================
Total params: 7,549
Trainable params: 7,039
Non-trainable params: 510
_________________________________________________________________
None
Epoch 0
Train on 2804 samples, validate on 500 samples
Epoch 1/1
2804/2804 [==============================] - 0s 176us/step - loss: 0.0723 - acc: 0.7728 - val_loss: 0.2624 - val_acc: 0.5600
Epoch 1
Train on 2804 samples, validate on 500 samples
Epoch 1/1
2804/2804 [==============================] - 0s 68us/step - loss: 0.0543 - acc: 0.4590 - val_loss: 0.2887 - val_acc: 0.2980
Epoch 2
Train on 2804 samples, validate on 500 samples
Epoch 1/1
2804/2804 [==============================] - 0s 68us/step - loss: 0.0455 - acc: 0.2899 - val_loss: 0.3027 - val_acc: 0.2100
Epoch 3
Train on 2804 samples, validate on 500 samples
Epoch 1/1
2804/2804 [==============================] - 0s 67us/step - loss: 0.0379 - acc: 0.1947 - val_loss: 0.3162 - val_acc: 0.1580
Epoch 4
Train on 2804 samples, validate on 500 samples
Epoch 1/1
2804/2804 [==============================] - 0s 68us/step - loss: 0.0309 - acc: 0.1387 - val_loss: 0.3704 - val_acc: 0.1100
Epoch 5
Train on 2804 samples, validate on 500 samples
Epoch 1/1
2804/2804 [==============================] - 0s 67us/step - loss: 0.0241 - acc: 0.0888 - val_loss: 0.4505 - val_acc: 0.0940
Epoch 6
Train on 2804 samples, validate on 500 samples
Epoch 1/1
2804/2804 [==============================] - 0s 67us/step - loss: 0.0190 - acc: 0.0767 - val_loss: 0.5098 - val_acc: 0.0920
Epoch 7
Train on 2804 samples, validate on 500 samples
Epoch 1/1
2804/2804 [==============================] - 0s 67us/step - loss: 0.0164 - acc: 0.0720 - val_loss: 0.5233 - val_acc: 0.0920
Epoch 8
Train on 2804 samples, validate on 500 samples
Epoch 1/1
2804/2804 [==============================] - 0s 68us/step - loss: 0.0137 - acc: 0.0724 - val_loss: 0.5227 - val_acc: 0.0920
Epoch 9
Train on 2804 samples, validate on 500 samples
Epoch 1/1
2804/2804 [==============================] - 0s 68us/step - loss: 0.0131 - acc: 0.0720 - val_loss: 0.5127 - val_acc: 0.0920
Epoch 10
Train on 2804 samples, validate on 500 samples
Epoch 1/1
2804/2804 [==============================] - 0s 68us/step - loss: 0.0122 - acc: 0.0720 - val_loss: 0.5045 - val_acc: 0.0920
Epoch 11
Train on 2804 samples, validate on 500 samples
Epoch 1/1
2804/2804 [==============================] - 0s 67us/step - loss: 0.0113 - acc: 0.0695 - val_loss: 0.4972 - val_acc: 0.0920
Epoch 12
Train on 2804 samples, validate on 500 samples
Epoch 1/1
2804/2804 [==============================] - 0s 68us/step - loss: 0.0108 - acc: 0.0699 - val_loss: 0.4813 - val_acc: 0.0920
Epoch 13
Train on 2804 samples, validate on 500 samples
Epoch 1/1
2804/2804 [==============================] - 0s 68us/step - loss: 0.0108 - acc: 0.0699 - val_loss: 0.4781 - val_acc: 0.0920
Epoch 14
Train on 2804 samples, validate on 500 samples
Epoch 1/1
2804/2804 [==============================] - 0s 67us/step - loss: 0.0100 - acc: 0.0699 - val_loss: 0.4702 - val_acc: 0.0920
Epoch 15
Train on 2804 samples, validate on 500 samples
Epoch 1/1
2804/2804 [==============================] - 0s 68us/step - loss: 0.0102 - acc: 0.0692 - val_loss: 0.4513 - val_acc: 0.0920
Epoch 16
Train on 2804 samples, validate on 500 samples
Epoch 1/1
2804/2804 [==============================] - 0s 67us/step - loss: 0.0101 - acc: 0.0695 - val_loss: 0.4653 - val_acc: 0.0920
Epoch 17
Train on 2804 samples, validate on 500 samples
Epoch 1/1
2804/2804 [==============================] - 0s 68us/step - loss: 0.0096 - acc: 0.0695 - val_loss: 0.4662 - val_acc: 0.0920
Epoch 18
Train on 2804 samples, validate on 500 samples
Epoch 1/1
2804/2804 [==============================] - 0s 68us/step - loss: 0.0097 - acc: 0.0703 - val_loss: 0.4566 - val_acc: 0.0920
Epoch 19
Train on 2804 samples, validate on 500 samples
Epoch 1/1
2804/2804 [==============================] - 0s 68us/step - loss: 0.0095 - acc: 0.0713 - val_loss: 0.4379 - val_acc: 0.0920
Epoch 20
Train on 2804 samples, validate on 500 samples
Epoch 1/1
2804/2804 [==============================] - 0s 67us/step - loss: 0.0098 - acc: 0.0781 - val_loss: 0.4490 - val_acc: 0.0940
Epoch 21
Train on 2804 samples, validate on 500 samples
Epoch 1/1
2804/2804 [==============================] - 0s 67us/step - loss: 0.0093 - acc: 0.0845 - val_loss: 0.4442 - val_acc: 0.0940
Epoch 22
Train on 2804 samples, validate on 500 samples
Epoch 1/1
2804/2804 [==============================] - 0s 67us/step - loss: 0.0097 - acc: 0.0920 - val_loss: 0.4391 - val_acc: 0.0960
Epoch 23
Train on 2804 samples, validate on 500 samples
Epoch 1/1
2804/2804 [==============================] - 0s 68us/step - loss: 0.0090 - acc: 0.0881 - val_loss: 0.4496 - val_acc: 0.0960
Epoch 24
Train on 2804 samples, validate on 500 samples
Epoch 1/1
2804/2804 [==============================] - 0s 67us/step - loss: 0.0095 - acc: 0.1148 - val_loss: 0.4419 - val_acc: 0.1080
Epoch 25
Train on 2804 samples, validate on 500 samples
Epoch 1/1
2804/2804 [==============================] - 0s 68us/step - loss: 0.0091 - acc: 0.1708 - val_loss: 0.4217 - val_acc: 0.1660
Epoch 26
Train on 2804 samples, validate on 500 samples
Epoch 1/1
2804/2804 [==============================] - 0s 68us/step - loss: 0.0093 - acc: 0.2521 - val_loss: 0.4354 - val_acc: 0.2240
Epoch 27
Train on 2804 samples, validate on 500 samples
Epoch 1/1
2804/2804 [==============================] - 0s 68us/step - loss: 0.0093 - acc: 0.2593 - val_loss: 0.4185 - val_acc: 0.3200
Epoch 28
Train on 2804 samples, validate on 500 samples
Epoch 1/1
2804/2804 [==============================] - 0s 68us/step - loss: 0.0093 - acc: 0.3146 - val_loss: 0.4128 - val_acc: 0.3880
Epoch 29
Train on 2804 samples, validate on 500 samples
Epoch 1/1
2804/2804 [==============================] - 0s 68us/step - loss: 0.0089 - acc: 0.3655 - val_loss: 0.3895 - val_acc: 0.4180
Epoch 30
Train on 2804 samples, validate on 500 samples
Epoch 1/1
2804/2804 [==============================] - 0s 67us/step - loss: 0.0089 - acc: 0.4023 - val_loss: 0.4268 - val_acc: 0.3760
Epoch 31
Train on 2804 samples, validate on 500 samples
Epoch 1/1
2804/2804 [==============================] - 0s 68us/step - loss: 0.0089 - acc: 0.4087 - val_loss: 0.3906 - val_acc: 0.4240
Epoch 32
Train on 2804 samples, validate on 500 samples
Epoch 1/1
2804/2804 [==============================] - 0s 67us/step - loss: 0.0092 - acc: 0.4133 - val_loss: 0.4021 - val_acc: 0.4120
Epoch 33
Train on 2804 samples, validate on 500 samples
Epoch 1/1
2804/2804 [==============================] - 0s 67us/step - loss: 0.0090 - acc: 0.4454 - val_loss: 0.3657 - val_acc: 0.5020
Epoch 34
Train on 2804 samples, validate on 500 samples
Epoch 1/1
2804/2804 [==============================] - 0s 68us/step - loss: 0.0087 - acc: 0.4522 - val_loss: 0.3959 - val_acc: 0.4200
Epoch 35
Train on 2804 samples, validate on 500 samples
Epoch 1/1
2804/2804 [==============================] - 0s 67us/step - loss: 0.0092 - acc: 0.4165 - val_loss: 0.3716 - val_acc: 0.4640
Epoch 36
Train on 2804 samples, validate on 500 samples
Epoch 1/1
2804/2804 [==============================] - 0s 67us/step - loss: 0.0086 - acc: 0.4544 - val_loss: 0.3332 - val_acc: 0.5340
Epoch 37
Train on 2804 samples, validate on 500 samples
Epoch 1/1
2804/2804 [==============================] - 0s 68us/step - loss: 0.0087 - acc: 0.4551 - val_loss: 0.4057 - val_acc: 0.4220
Epoch 38
Train on 2804 samples, validate on 500 samples
Epoch 1/1
2804/2804 [==============================] - 0s 68us/step - loss: 0.0086 - acc: 0.4554 - val_loss: 0.3311 - val_acc: 0.5380
Epoch 39
Train on 2804 samples, validate on 500 samples
Epoch 1/1
2804/2804 [==============================] - 0s 67us/step - loss: 0.0088 - acc: 0.4422 - val_loss: 0.3489 - val_acc: 0.4960
Epoch 40
Train on 2804 samples, validate on 500 samples
Epoch 1/1
2804/2804 [==============================] - 0s 67us/step - loss: 0.0089 - acc: 0.4765 - val_loss: 0.3236 - val_acc: 0.5500
Epoch 41
Train on 2804 samples, validate on 500 samples
Epoch 1/1
2804/2804 [==============================] - 0s 68us/step - loss: 0.0086 - acc: 0.4872 - val_loss: 0.3722 - val_acc: 0.4560
Epoch 42
Train on 2804 samples, validate on 500 samples
Epoch 1/1
2804/2804 [==============================] - 0s 67us/step - loss: 0.0085 - acc: 0.4747 - val_loss: 0.2952 - val_acc: 0.5820
Epoch 43
Train on 2804 samples, validate on 500 samples
Epoch 1/1
2804/2804 [==============================] - 0s 67us/step - loss: 0.0088 - acc: 0.4922 - val_loss: 0.3828 - val_acc: 0.4400
Epoch 44
Train on 2804 samples, validate on 500 samples
Epoch 1/1
2804/2804 [==============================] - 0s 68us/step - loss: 0.0086 - acc: 0.4519 - val_loss: 0.3313 - val_acc: 0.5320
Epoch 45
Train on 2804 samples, validate on 500 samples
Epoch 1/1
2804/2804 [==============================] - 0s 68us/step - loss: 0.0082 - acc: 0.4854 - val_loss: 0.3394 - val_acc: 0.5200
Epoch 46
Train on 2804 samples, validate on 500 samples
Epoch 1/1
2804/2804 [==============================] - 0s 67us/step - loss: 0.0087 - acc: 0.4743 - val_loss: 0.3299 - val_acc: 0.5340
Epoch 47
Train on 2804 samples, validate on 500 samples
Epoch 1/1
2804/2804 [==============================] - 0s 68us/step - loss: 0.0085 - acc: 0.4847 - val_loss: 0.3234 - val_acc: 0.5400
Epoch 48
Train on 2804 samples, validate on 500 samples
Epoch 1/1
2804/2804 [==============================] - 0s 67us/step - loss: 0.0081 - acc: 0.5025 - val_loss: 0.3556 - val_acc: 0.4900
Epoch 49
Train on 2804 samples, validate on 500 samples
Epoch 1/1
2804/2804 [==============================] - 0s 68us/step - loss: 0.0083 - acc: 0.4918 - val_loss: 0.3308 - val_acc: 0.5140
Epoch 50
Train on 2804 samples, validate on 500 samples
Epoch 1/1
2804/2804 [==============================] - 0s 68us/step - loss: 0.0082 - acc: 0.4907 - val_loss: 0.3471 - val_acc: 0.5080
Epoch 51
Train on 2804 samples, validate on 500 samples
Epoch 1/1
2804/2804 [==============================] - 0s 67us/step - loss: 0.0086 - acc: 0.4708 - val_loss: 0.3466 - val_acc: 0.5080
Epoch 52
Train on 2804 samples, validate on 500 samples
Epoch 1/1
2804/2804 [==============================] - 0s 68us/step - loss: 0.0082 - acc: 0.4807 - val_loss: 0.3363 - val_acc: 0.5260
Epoch 53
Train on 2804 samples, validate on 500 samples
Epoch 1/1
2804/2804 [==============================] - 0s 67us/step - loss: 0.0084 - acc: 0.4743 - val_loss: 0.3814 - val_acc: 0.4460
Epoch 54
Train on 2804 samples, validate on 500 samples
Epoch 1/1
2804/2804 [==============================] - 0s 68us/step - loss: 0.0081 - acc: 0.4740 - val_loss: 0.3428 - val_acc: 0.4960
Epoch 55
Train on 2804 samples, validate on 500 samples
Epoch 1/1
2804/2804 [==============================] - 0s 68us/step - loss: 0.0079 - acc: 0.5029 - val_loss: 0.3051 - val_acc: 0.5600
Epoch 56
Train on 2804 samples, validate on 500 samples
Epoch 1/1
2804/2804 [==============================] - 0s 68us/step - loss: 0.0081 - acc: 0.5392 - val_loss: 0.3532 - val_acc: 0.5000
Epoch 57
Train on 2804 samples, validate on 500 samples
Epoch 1/1
2804/2804 [==============================] - 0s 68us/step - loss: 0.0081 - acc: 0.5128 - val_loss: 0.3061 - val_acc: 0.5740
Epoch 58
Train on 2804 samples, validate on 500 samples
Epoch 1/1
2804/2804 [==============================] - 0s 67us/step - loss: 0.0080 - acc: 0.4936 - val_loss: 0.3121 - val_acc: 0.5540
Epoch 59
Train on 2804 samples, validate on 500 samples
Epoch 1/1
2804/2804 [==============================] - 0s 68us/step - loss: 0.0079 - acc: 0.5214 - val_loss: 0.3179 - val_acc: 0.5440
Epoch 60
Train on 2804 samples, validate on 500 samples
Epoch 1/1
2804/2804 [==============================] - 0s 68us/step - loss: 0.0080 - acc: 0.5103 - val_loss: 0.3311 - val_acc: 0.5240
Epoch 61
Train on 2804 samples, validate on 500 samples
Epoch 1/1
2804/2804 [==============================] - 0s 67us/step - loss: 0.0083 - acc: 0.4765 - val_loss: 0.3562 - val_acc: 0.4760
Epoch 62
Train on 2804 samples, validate on 500 samples
Epoch 1/1
2804/2804 [==============================] - 0s 68us/step - loss: 0.0081 - acc: 0.4754 - val_loss: 0.3975 - val_acc: 0.4140
Epoch 63
Train on 2804 samples, validate on 500 samples
Epoch 1/1
2804/2804 [==============================] - 0s 68us/step - loss: 0.0083 - acc: 0.4201 - val_loss: 0.3413 - val_acc: 0.4980
Epoch 64
Train on 2804 samples, validate on 500 samples
Epoch 1/1
2804/2804 [==============================] - 0s 67us/step - loss: 0.0082 - acc: 0.4779 - val_loss: 0.3621 - val_acc: 0.4780
Epoch 65
Train on 2804 samples, validate on 500 samples
Epoch 1/1
2804/2804 [==============================] - 0s 67us/step - loss: 0.0078 - acc: 0.4832 - val_loss: 0.3077 - val_acc: 0.5660
Epoch 66
Train on 2804 samples, validate on 500 samples
Epoch 1/1
2804/2804 [==============================] - 0s 67us/step - loss: 0.0077 - acc: 0.5082 - val_loss: 0.3038 - val_acc: 0.5680
Epoch 67
Train on 2804 samples, validate on 500 samples
Epoch 1/1
2804/2804 [==============================] - 0s 68us/step - loss: 0.0080 - acc: 0.4800 - val_loss: 0.3313 - val_acc: 0.5300
Epoch 68
Train on 2804 samples, validate on 500 samples
Epoch 1/1
2804/2804 [==============================] - 0s 67us/step - loss: 0.0078 - acc: 0.4907 - val_loss: 0.3172 - val_acc: 0.5620
Epoch 69
Train on 2804 samples, validate on 500 samples
Epoch 1/1
2804/2804 [==============================] - 0s 68us/step - loss: 0.0082 - acc: 0.4347 - val_loss: 0.3097 - val_acc: 0.5720
Epoch 70
Train on 2804 samples, validate on 500 samples
Epoch 1/1
2804/2804 [==============================] - 0s 68us/step - loss: 0.0079 - acc: 0.5004 - val_loss: 0.3426 - val_acc: 0.5000
Epoch 71
Train on 2804 samples, validate on 500 samples
Epoch 1/1
2804/2804 [==============================] - 0s 67us/step - loss: 0.0081 - acc: 0.4768 - val_loss: 0.3682 - val_acc: 0.4800
Epoch 72
Train on 2804 samples, validate on 500 samples
Epoch 1/1
2804/2804 [==============================] - 0s 67us/step - loss: 0.0080 - acc: 0.4697 - val_loss: 0.3060 - val_acc: 0.5680
Epoch 73
Train on 2804 samples, validate on 500 samples
Epoch 1/1
2804/2804 [==============================] - 0s 68us/step - loss: 0.0075 - acc: 0.5118 - val_loss: 0.2863 - val_acc: 0.5940
Epoch 74
Train on 2804 samples, validate on 500 samples
Epoch 1/1
2804/2804 [==============================] - 0s 67us/step - loss: 0.0076 - acc: 0.5328 - val_loss: 0.3051 - val_acc: 0.5740
Epoch 75
Train on 2804 samples, validate on 500 samples
Epoch 1/1
2804/2804 [==============================] - 0s 68us/step - loss: 0.0080 - acc: 0.5014 - val_loss: 0.3169 - val_acc: 0.5580
Epoch 76
Train on 2804 samples, validate on 500 samples
Epoch 1/1
2804/2804 [==============================] - 0s 68us/step - loss: 0.0077 - acc: 0.5196 - val_loss: 0.3011 - val_acc: 0.5820
Epoch 77
Train on 2804 samples, validate on 500 samples
Epoch 1/1
2804/2804 [==============================] - 0s 68us/step - loss: 0.0082 - acc: 0.4690 - val_loss: 0.3367 - val_acc: 0.5140
Epoch 78
Train on 2804 samples, validate on 500 samples
Epoch 1/1
2804/2804 [==============================] - 0s 68us/step - loss: 0.0077 - acc: 0.4993 - val_loss: 0.3083 - val_acc: 0.5740
Epoch 79
Train on 2804 samples, validate on 500 samples
Epoch 1/1
2804/2804 [==============================] - 0s 67us/step - loss: 0.0077 - acc: 0.5160 - val_loss: 0.2813 - val_acc: 0.6000
Epoch 80
Train on 2804 samples, validate on 500 samples
Epoch 1/1
2804/2804 [==============================] - 0s 67us/step - loss: 0.0073 - acc: 0.5535 - val_loss: 0.2955 - val_acc: 0.5960
Epoch 81
Train on 2804 samples, validate on 500 samples
Epoch 1/1
2804/2804 [==============================] - 0s 67us/step - loss: 0.0078 - acc: 0.4986 - val_loss: 0.3320 - val_acc: 0.5460
Epoch 82
Train on 2804 samples, validate on 500 samples
Epoch 1/1
2804/2804 [==============================] - 0s 68us/step - loss: 0.0076 - acc: 0.5228 - val_loss: 0.3166 - val_acc: 0.5520
Epoch 83
Train on 2804 samples, validate on 500 samples
Epoch 1/1
2804/2804 [==============================] - 0s 68us/step - loss: 0.0076 - acc: 0.5093 - val_loss: 0.3198 - val_acc: 0.5340
Epoch 84
Train on 2804 samples, validate on 500 samples
Epoch 1/1
2804/2804 [==============================] - 0s 67us/step - loss: 0.0074 - acc: 0.5378 - val_loss: 0.2798 - val_acc: 0.6200
Epoch 85
Train on 2804 samples, validate on 500 samples
Epoch 1/1
2804/2804 [==============================] - 0s 67us/step - loss: 0.0076 - acc: 0.5303 - val_loss: 0.3143 - val_acc: 0.5620
Epoch 86
Train on 2804 samples, validate on 500 samples
Epoch 1/1
2804/2804 [==============================] - 0s 68us/step - loss: 0.0073 - acc: 0.5292 - val_loss: 0.2779 - val_acc: 0.6280
Epoch 87
Train on 2804 samples, validate on 500 samples
Epoch 1/1
2804/2804 [==============================] - 0s 68us/step - loss: 0.0077 - acc: 0.5278 - val_loss: 0.3661 - val_acc: 0.4740
Epoch 88
Train on 2804 samples, validate on 500 samples
Epoch 1/1
2804/2804 [==============================] - 0s 68us/step - loss: 0.0078 - acc: 0.4636 - val_loss: 0.2951 - val_acc: 0.5880
Epoch 89
Train on 2804 samples, validate on 500 samples
Epoch 1/1
2804/2804 [==============================] - 0s 67us/step - loss: 0.0074 - acc: 0.5325 - val_loss: 0.2846 - val_acc: 0.6140
Epoch 90
Train on 2804 samples, validate on 500 samples
Epoch 1/1
2804/2804 [==============================] - 0s 68us/step - loss: 0.0075 - acc: 0.5503 - val_loss: 0.3189 - val_acc: 0.5460
Epoch 91
Train on 2804 samples, validate on 500 samples
Epoch 1/1
2804/2804 [==============================] - 0s 67us/step - loss: 0.0077 - acc: 0.5300 - val_loss: 0.3443 - val_acc: 0.5100
Epoch 92
Train on 2804 samples, validate on 500 samples
Epoch 1/1
2804/2804 [==============================] - 0s 68us/step - loss: 0.0079 - acc: 0.4540 - val_loss: 0.3344 - val_acc: 0.5180
Epoch 93
Train on 2804 samples, validate on 500 samples
Epoch 1/1
2804/2804 [==============================] - 0s 68us/step - loss: 0.0077 - acc: 0.4818 - val_loss: 0.3385 - val_acc: 0.4880
Epoch 94
Train on 2804 samples, validate on 500 samples
Epoch 1/1
2804/2804 [==============================] - 0s 67us/step - loss: 0.0074 - acc: 0.5029 - val_loss: 0.3032 - val_acc: 0.5540
Epoch 95
Train on 2804 samples, validate on 500 samples
Epoch 1/1
2804/2804 [==============================] - 0s 68us/step - loss: 0.0074 - acc: 0.5171 - val_loss: 0.3073 - val_acc: 0.5680
Epoch 96
Train on 2804 samples, validate on 500 samples
Epoch 1/1
2804/2804 [==============================] - 0s 68us/step - loss: 0.0076 - acc: 0.5100 - val_loss: 0.3287 - val_acc: 0.5280
Epoch 97
Train on 2804 samples, validate on 500 samples
Epoch 1/1
2804/2804 [==============================] - 0s 68us/step - loss: 0.0075 - acc: 0.5032 - val_loss: 0.3199 - val_acc: 0.5420
Epoch 98
Train on 2804 samples, validate on 500 samples
Epoch 1/1
2804/2804 [==============================] - 0s 67us/step - loss: 0.0075 - acc: 0.5107 - val_loss: 0.3381 - val_acc: 0.5040
Epoch 99
Train on 2804 samples, validate on 500 samples
Epoch 1/1
2804/2804 [==============================] - 0s 68us/step - loss: 0.0074 - acc: 0.5061 - val_loss: 0.3063 - val_acc: 0.5680
_________________________________________________________________
Layer (type)                 Output Shape              Param #   
=================================================================
batch_normalization_3 (Batch (None, 255)               1020      
_________________________________________________________________
dense_9 (Dense)              (None, 24)                6144      
_________________________________________________________________
dropout_7 (Dropout)          (None, 24)                0         
_________________________________________________________________
dense_10 (Dense)             (None, 12)                300       
_________________________________________________________________
dropout_8 (Dropout)          (None, 12)                0         
_________________________________________________________________
dense_11 (Dense)             (None, 6)                 78        
_________________________________________________________________
dropout_9 (Dropout)          (None, 6)                 0         
_________________________________________________________________
dense_12 (Dense)             (None, 1)                 7         
=================================================================
Total params: 7,549
Trainable params: 7,039
Non-trainable params: 510
_________________________________________________________________
None
Epoch 0
Train on 2804 samples, validate on 500 samples
Epoch 1/1
2804/2804 [==============================] - 1s 189us/step - loss: 0.0581 - acc: 0.2914 - val_loss: 0.4860 - val_acc: 0.1220
Epoch 1
Train on 2804 samples, validate on 500 samples
Epoch 1/1
2804/2804 [==============================] - 0s 68us/step - loss: 0.0441 - acc: 0.1073 - val_loss: 0.5746 - val_acc: 0.0940
Epoch 2
Train on 2804 samples, validate on 500 samples
Epoch 1/1
2804/2804 [==============================] - 0s 68us/step - loss: 0.0342 - acc: 0.0835 - val_loss: 0.5501 - val_acc: 0.0960
Epoch 3
Train on 2804 samples, validate on 500 samples
Epoch 1/1
2804/2804 [==============================] - 0s 68us/step - loss: 0.0270 - acc: 0.0777 - val_loss: 0.5294 - val_acc: 0.0940
Epoch 4
Train on 2804 samples, validate on 500 samples
Epoch 1/1
2804/2804 [==============================] - 0s 68us/step - loss: 0.0221 - acc: 0.0738 - val_loss: 0.5044 - val_acc: 0.0920
Epoch 5
Train on 2804 samples, validate on 500 samples
Epoch 1/1
2804/2804 [==============================] - 0s 68us/step - loss: 0.0182 - acc: 0.0724 - val_loss: 0.4852 - val_acc: 0.0920
Epoch 6
Train on 2804 samples, validate on 500 samples
Epoch 1/1
2804/2804 [==============================] - 0s 68us/step - loss: 0.0154 - acc: 0.0699 - val_loss: 0.4649 - val_acc: 0.0920
Epoch 7
Train on 2804 samples, validate on 500 samples
Epoch 1/1
2804/2804 [==============================] - 0s 68us/step - loss: 0.0133 - acc: 0.0692 - val_loss: 0.4460 - val_acc: 0.0920
Epoch 8
Train on 2804 samples, validate on 500 samples
Epoch 1/1
2804/2804 [==============================] - 0s 68us/step - loss: 0.0119 - acc: 0.0692 - val_loss: 0.4558 - val_acc: 0.0920
Epoch 9
Train on 2804 samples, validate on 500 samples
Epoch 1/1
2804/2804 [==============================] - 0s 68us/step - loss: 0.0110 - acc: 0.0692 - val_loss: 0.4567 - val_acc: 0.0920
Epoch 10
Train on 2804 samples, validate on 500 samples
Epoch 1/1
2804/2804 [==============================] - 0s 68us/step - loss: 0.0102 - acc: 0.0692 - val_loss: 0.4369 - val_acc: 0.0920
Epoch 11
Train on 2804 samples, validate on 500 samples
Epoch 1/1
2804/2804 [==============================] - 0s 68us/step - loss: 0.0096 - acc: 0.0692 - val_loss: 0.4484 - val_acc: 0.0920
Epoch 12
Train on 2804 samples, validate on 500 samples
Epoch 1/1
2804/2804 [==============================] - 0s 68us/step - loss: 0.0094 - acc: 0.0692 - val_loss: 0.4379 - val_acc: 0.0920
Epoch 13
Train on 2804 samples, validate on 500 samples
Epoch 1/1
2804/2804 [==============================] - 0s 68us/step - loss: 0.0091 - acc: 0.0692 - val_loss: 0.4243 - val_acc: 0.0920
Epoch 14
Train on 2804 samples, validate on 500 samples
Epoch 1/1
2804/2804 [==============================] - 0s 68us/step - loss: 0.0088 - acc: 0.0692 - val_loss: 0.4356 - val_acc: 0.0920
Epoch 15
Train on 2804 samples, validate on 500 samples
Epoch 1/1
2804/2804 [==============================] - 0s 68us/step - loss: 0.0087 - acc: 0.0692 - val_loss: 0.4335 - val_acc: 0.0920
Epoch 16
Train on 2804 samples, validate on 500 samples
Epoch 1/1
2804/2804 [==============================] - 0s 68us/step - loss: 0.0088 - acc: 0.0692 - val_loss: 0.4309 - val_acc: 0.0920
Epoch 17
Train on 2804 samples, validate on 500 samples
Epoch 1/1
2804/2804 [==============================] - 0s 68us/step - loss: 0.0085 - acc: 0.0692 - val_loss: 0.4539 - val_acc: 0.0920
Epoch 18
Train on 2804 samples, validate on 500 samples
Epoch 1/1
2804/2804 [==============================] - 0s 68us/step - loss: 0.0083 - acc: 0.0692 - val_loss: 0.4374 - val_acc: 0.0920
Epoch 19
Train on 2804 samples, validate on 500 samples
Epoch 1/1
2804/2804 [==============================] - 0s 68us/step - loss: 0.0085 - acc: 0.0692 - val_loss: 0.4058 - val_acc: 0.0920
Epoch 20
Train on 2804 samples, validate on 500 samples
Epoch 1/1
2804/2804 [==============================] - 0s 68us/step - loss: 0.0087 - acc: 0.0692 - val_loss: 0.4345 - val_acc: 0.0920
Epoch 21
Train on 2804 samples, validate on 500 samples
Epoch 1/1
2804/2804 [==============================] - 0s 68us/step - loss: 0.0081 - acc: 0.0692 - val_loss: 0.4255 - val_acc: 0.0920
Epoch 22
Train on 2804 samples, validate on 500 samples
Epoch 1/1
2804/2804 [==============================] - 0s 68us/step - loss: 0.0084 - acc: 0.1145 - val_loss: 0.4157 - val_acc: 0.4020
Epoch 23
Train on 2804 samples, validate on 500 samples
Epoch 1/1
2804/2804 [==============================] - 0s 68us/step - loss: 0.0085 - acc: 0.2582 - val_loss: 0.4408 - val_acc: 0.3260
Epoch 24
Train on 2804 samples, validate on 500 samples
Epoch 1/1
2804/2804 [==============================] - 0s 68us/step - loss: 0.0084 - acc: 0.3195 - val_loss: 0.4219 - val_acc: 0.3800
Epoch 25
Train on 2804 samples, validate on 500 samples
Epoch 1/1
2804/2804 [==============================] - 0s 68us/step - loss: 0.0084 - acc: 0.3702 - val_loss: 0.4283 - val_acc: 0.3740
Epoch 26
Train on 2804 samples, validate on 500 samples
Epoch 1/1
2804/2804 [==============================] - 0s 68us/step - loss: 0.0085 - acc: 0.3595 - val_loss: 0.4373 - val_acc: 0.3620
Epoch 27
Train on 2804 samples, validate on 500 samples
Epoch 1/1
2804/2804 [==============================] - 0s 68us/step - loss: 0.0085 - acc: 0.3837 - val_loss: 0.4284 - val_acc: 0.3960
Epoch 28
Train on 2804 samples, validate on 500 samples
Epoch 1/1
2804/2804 [==============================] - 0s 68us/step - loss: 0.0080 - acc: 0.4034 - val_loss: 0.4256 - val_acc: 0.4060
Epoch 29
Train on 2804 samples, validate on 500 samples
Epoch 1/1
2804/2804 [==============================] - 0s 68us/step - loss: 0.0081 - acc: 0.4080 - val_loss: 0.4369 - val_acc: 0.3980
Epoch 30
Train on 2804 samples, validate on 500 samples
Epoch 1/1
2804/2804 [==============================] - 0s 68us/step - loss: 0.0083 - acc: 0.4130 - val_loss: 0.4211 - val_acc: 0.4200
Epoch 31
Train on 2804 samples, validate on 500 samples
Epoch 1/1
2804/2804 [==============================] - 0s 68us/step - loss: 0.0082 - acc: 0.4308 - val_loss: 0.4369 - val_acc: 0.3980
Epoch 32
Train on 2804 samples, validate on 500 samples
Epoch 1/1
2804/2804 [==============================] - 0s 68us/step - loss: 0.0081 - acc: 0.4094 - val_loss: 0.4279 - val_acc: 0.3960
Epoch 33
Train on 2804 samples, validate on 500 samples
Epoch 1/1
2804/2804 [==============================] - 0s 68us/step - loss: 0.0081 - acc: 0.4280 - val_loss: 0.4259 - val_acc: 0.3960
Epoch 34
Train on 2804 samples, validate on 500 samples
Epoch 1/1
2804/2804 [==============================] - 0s 68us/step - loss: 0.0080 - acc: 0.4354 - val_loss: 0.3978 - val_acc: 0.4520
Epoch 35
Train on 2804 samples, validate on 500 samples
Epoch 1/1
2804/2804 [==============================] - 0s 68us/step - loss: 0.0081 - acc: 0.4344 - val_loss: 0.4044 - val_acc: 0.4460
Epoch 36
Train on 2804 samples, validate on 500 samples
Epoch 1/1
2804/2804 [==============================] - 0s 68us/step - loss: 0.0080 - acc: 0.4433 - val_loss: 0.4317 - val_acc: 0.3900
Epoch 37
Train on 2804 samples, validate on 500 samples
Epoch 1/1
2804/2804 [==============================] - 0s 68us/step - loss: 0.0082 - acc: 0.4404 - val_loss: 0.4253 - val_acc: 0.4160
Epoch 38
Train on 2804 samples, validate on 500 samples
Epoch 1/1
2804/2804 [==============================] - 0s 68us/step - loss: 0.0079 - acc: 0.4618 - val_loss: 0.4220 - val_acc: 0.4420
Epoch 39
Train on 2804 samples, validate on 500 samples
Epoch 1/1
2804/2804 [==============================] - 0s 68us/step - loss: 0.0082 - acc: 0.4404 - val_loss: 0.4103 - val_acc: 0.4640
Epoch 40
Train on 2804 samples, validate on 500 samples
Epoch 1/1
2804/2804 [==============================] - 0s 68us/step - loss: 0.0079 - acc: 0.4743 - val_loss: 0.3998 - val_acc: 0.4620
Epoch 41
Train on 2804 samples, validate on 500 samples
Epoch 1/1
2804/2804 [==============================] - 0s 68us/step - loss: 0.0081 - acc: 0.4558 - val_loss: 0.4109 - val_acc: 0.4520
Epoch 42
Train on 2804 samples, validate on 500 samples
Epoch 1/1
2804/2804 [==============================] - 0s 68us/step - loss: 0.0081 - acc: 0.4540 - val_loss: 0.3951 - val_acc: 0.4660
Epoch 43
Train on 2804 samples, validate on 500 samples
Epoch 1/1
2804/2804 [==============================] - 0s 68us/step - loss: 0.0082 - acc: 0.4611 - val_loss: 0.4206 - val_acc: 0.4380
Epoch 44
Train on 2804 samples, validate on 500 samples
Epoch 1/1
2804/2804 [==============================] - 0s 68us/step - loss: 0.0082 - acc: 0.4483 - val_loss: 0.4254 - val_acc: 0.4260
Epoch 45
Train on 2804 samples, validate on 500 samples
Epoch 1/1
2804/2804 [==============================] - 0s 68us/step - loss: 0.0081 - acc: 0.4772 - val_loss: 0.3963 - val_acc: 0.4680
Epoch 46
Train on 2804 samples, validate on 500 samples
Epoch 1/1
2804/2804 [==============================] - 0s 68us/step - loss: 0.0082 - acc: 0.4757 - val_loss: 0.4215 - val_acc: 0.4520
Epoch 47
Train on 2804 samples, validate on 500 samples
Epoch 1/1
2804/2804 [==============================] - 0s 68us/step - loss: 0.0082 - acc: 0.4440 - val_loss: 0.4069 - val_acc: 0.4560
Epoch 48
Train on 2804 samples, validate on 500 samples
Epoch 1/1
2804/2804 [==============================] - 0s 68us/step - loss: 0.0081 - acc: 0.4633 - val_loss: 0.3942 - val_acc: 0.4860
Epoch 49
Train on 2804 samples, validate on 500 samples
Epoch 1/1
2804/2804 [==============================] - 0s 68us/step - loss: 0.0079 - acc: 0.4647 - val_loss: 0.4083 - val_acc: 0.4580
Epoch 50
Train on 2804 samples, validate on 500 samples
Epoch 1/1
2804/2804 [==============================] - 0s 68us/step - loss: 0.0082 - acc: 0.4768 - val_loss: 0.4125 - val_acc: 0.4680
Epoch 51
Train on 2804 samples, validate on 500 samples
Epoch 1/1
2804/2804 [==============================] - 0s 68us/step - loss: 0.0079 - acc: 0.4836 - val_loss: 0.3874 - val_acc: 0.4880
Epoch 52
Train on 2804 samples, validate on 500 samples
Epoch 1/1
2804/2804 [==============================] - 0s 68us/step - loss: 0.0079 - acc: 0.4804 - val_loss: 0.3963 - val_acc: 0.4820
Epoch 53
Train on 2804 samples, validate on 500 samples
Epoch 1/1
2804/2804 [==============================] - 0s 68us/step - loss: 0.0079 - acc: 0.4947 - val_loss: 0.3893 - val_acc: 0.4780
Epoch 54
Train on 2804 samples, validate on 500 samples
Epoch 1/1
2804/2804 [==============================] - 0s 68us/step - loss: 0.0077 - acc: 0.5021 - val_loss: 0.3703 - val_acc: 0.5080
Epoch 55
Train on 2804 samples, validate on 500 samples
Epoch 1/1
2804/2804 [==============================] - 0s 68us/step - loss: 0.0081 - acc: 0.5000 - val_loss: 0.4004 - val_acc: 0.4920
Epoch 56
Train on 2804 samples, validate on 500 samples
Epoch 1/1
2804/2804 [==============================] - 0s 68us/step - loss: 0.0081 - acc: 0.5043 - val_loss: 0.3901 - val_acc: 0.5000
Epoch 57
Train on 2804 samples, validate on 500 samples
Epoch 1/1
2804/2804 [==============================] - 0s 68us/step - loss: 0.0081 - acc: 0.4922 - val_loss: 0.3824 - val_acc: 0.5100
Epoch 58
Train on 2804 samples, validate on 500 samples
Epoch 1/1
2804/2804 [==============================] - 0s 68us/step - loss: 0.0081 - acc: 0.4718 - val_loss: 0.4012 - val_acc: 0.4560
Epoch 59
Train on 2804 samples, validate on 500 samples
Epoch 1/1
2804/2804 [==============================] - 0s 68us/step - loss: 0.0080 - acc: 0.4675 - val_loss: 0.3863 - val_acc: 0.4840
Epoch 60
Train on 2804 samples, validate on 500 samples
Epoch 1/1
2804/2804 [==============================] - 0s 68us/step - loss: 0.0080 - acc: 0.4914 - val_loss: 0.3824 - val_acc: 0.5220
Epoch 61
Train on 2804 samples, validate on 500 samples
Epoch 1/1
2804/2804 [==============================] - 0s 68us/step - loss: 0.0079 - acc: 0.5014 - val_loss: 0.3999 - val_acc: 0.4880
Epoch 62
Train on 2804 samples, validate on 500 samples
Epoch 1/1
2804/2804 [==============================] - 0s 68us/step - loss: 0.0079 - acc: 0.4993 - val_loss: 0.3900 - val_acc: 0.5000
Epoch 63
Train on 2804 samples, validate on 500 samples
Epoch 1/1
2804/2804 [==============================] - 0s 68us/step - loss: 0.0077 - acc: 0.5096 - val_loss: 0.3807 - val_acc: 0.4920
Epoch 64
Train on 2804 samples, validate on 500 samples
Epoch 1/1
2804/2804 [==============================] - 0s 68us/step - loss: 0.0080 - acc: 0.4961 - val_loss: 0.3953 - val_acc: 0.4820
Epoch 65
Train on 2804 samples, validate on 500 samples
Epoch 1/1
2804/2804 [==============================] - 0s 68us/step - loss: 0.0079 - acc: 0.5011 - val_loss: 0.3833 - val_acc: 0.4860
Epoch 66
Train on 2804 samples, validate on 500 samples
Epoch 1/1
2804/2804 [==============================] - 0s 68us/step - loss: 0.0077 - acc: 0.5043 - val_loss: 0.3806 - val_acc: 0.5080
Epoch 67
Train on 2804 samples, validate on 500 samples
Epoch 1/1
2804/2804 [==============================] - 0s 68us/step - loss: 0.0079 - acc: 0.4947 - val_loss: 0.3812 - val_acc: 0.5040
Epoch 68
Train on 2804 samples, validate on 500 samples
Epoch 1/1
2804/2804 [==============================] - 0s 68us/step - loss: 0.0076 - acc: 0.5168 - val_loss: 0.3770 - val_acc: 0.5080
Epoch 69
Train on 2804 samples, validate on 500 samples
Epoch 1/1
2804/2804 [==============================] - 0s 68us/step - loss: 0.0081 - acc: 0.5103 - val_loss: 0.3938 - val_acc: 0.4980
Epoch 70
Train on 2804 samples, validate on 500 samples
Epoch 1/1
2804/2804 [==============================] - 0s 68us/step - loss: 0.0077 - acc: 0.5282 - val_loss: 0.3700 - val_acc: 0.5320
Epoch 71
Train on 2804 samples, validate on 500 samples
Epoch 1/1
2804/2804 [==============================] - 0s 68us/step - loss: 0.0082 - acc: 0.5103 - val_loss: 0.3862 - val_acc: 0.5180
Epoch 72
Train on 2804 samples, validate on 500 samples
Epoch 1/1
2804/2804 [==============================] - 0s 68us/step - loss: 0.0078 - acc: 0.5228 - val_loss: 0.3825 - val_acc: 0.5040
Epoch 73
Train on 2804 samples, validate on 500 samples
Epoch 1/1
2804/2804 [==============================] - 0s 68us/step - loss: 0.0076 - acc: 0.5307 - val_loss: 0.3574 - val_acc: 0.5300
Epoch 74
Train on 2804 samples, validate on 500 samples
Epoch 1/1
2804/2804 [==============================] - 0s 68us/step - loss: 0.0076 - acc: 0.5428 - val_loss: 0.3773 - val_acc: 0.5200
Epoch 75
Train on 2804 samples, validate on 500 samples
Epoch 1/1
2804/2804 [==============================] - 0s 68us/step - loss: 0.0078 - acc: 0.5292 - val_loss: 0.3738 - val_acc: 0.5100
Epoch 76
Train on 2804 samples, validate on 500 samples
Epoch 1/1
2804/2804 [==============================] - 0s 68us/step - loss: 0.0076 - acc: 0.5271 - val_loss: 0.3689 - val_acc: 0.5160
Epoch 77
Train on 2804 samples, validate on 500 samples
Epoch 1/1
2804/2804 [==============================] - 0s 68us/step - loss: 0.0077 - acc: 0.5474 - val_loss: 0.3814 - val_acc: 0.5240
Epoch 78
Train on 2804 samples, validate on 500 samples
Epoch 1/1
2804/2804 [==============================] - 0s 68us/step - loss: 0.0079 - acc: 0.5221 - val_loss: 0.3643 - val_acc: 0.5520
Epoch 79
Train on 2804 samples, validate on 500 samples
Epoch 1/1
2804/2804 [==============================] - 0s 68us/step - loss: 0.0076 - acc: 0.5471 - val_loss: 0.3597 - val_acc: 0.5620
Epoch 80
Train on 2804 samples, validate on 500 samples
Epoch 1/1
2804/2804 [==============================] - 0s 68us/step - loss: 0.0078 - acc: 0.5456 - val_loss: 0.3746 - val_acc: 0.5280
Epoch 81
Train on 2804 samples, validate on 500 samples
Epoch 1/1
2804/2804 [==============================] - 0s 68us/step - loss: 0.0075 - acc: 0.5453 - val_loss: 0.3710 - val_acc: 0.5500
Epoch 82
Train on 2804 samples, validate on 500 samples
Epoch 1/1
2804/2804 [==============================] - 0s 68us/step - loss: 0.0076 - acc: 0.5449 - val_loss: 0.3651 - val_acc: 0.5480
Epoch 83
Train on 2804 samples, validate on 500 samples
Epoch 1/1
2804/2804 [==============================] - 0s 68us/step - loss: 0.0074 - acc: 0.5546 - val_loss: 0.3604 - val_acc: 0.5420
Epoch 84
Train on 2804 samples, validate on 500 samples
Epoch 1/1
2804/2804 [==============================] - 0s 68us/step - loss: 0.0078 - acc: 0.5485 - val_loss: 0.3620 - val_acc: 0.5480
Epoch 85
Train on 2804 samples, validate on 500 samples
Epoch 1/1
2804/2804 [==============================] - 0s 68us/step - loss: 0.0079 - acc: 0.5310 - val_loss: 0.3907 - val_acc: 0.5060
Epoch 86
Train on 2804 samples, validate on 500 samples
Epoch 1/1
2804/2804 [==============================] - 0s 68us/step - loss: 0.0080 - acc: 0.5339 - val_loss: 0.3804 - val_acc: 0.5260
Epoch 87
Train on 2804 samples, validate on 500 samples
Epoch 1/1
2804/2804 [==============================] - 0s 68us/step - loss: 0.0077 - acc: 0.5549 - val_loss: 0.3537 - val_acc: 0.5580
Epoch 88
Train on 2804 samples, validate on 500 samples
Epoch 1/1
2804/2804 [==============================] - 0s 68us/step - loss: 0.0080 - acc: 0.5357 - val_loss: 0.3796 - val_acc: 0.5200
Epoch 89
Train on 2804 samples, validate on 500 samples
Epoch 1/1
2804/2804 [==============================] - 0s 68us/step - loss: 0.0080 - acc: 0.5503 - val_loss: 0.3891 - val_acc: 0.5200
Epoch 90
Train on 2804 samples, validate on 500 samples
Epoch 1/1
2804/2804 [==============================] - 0s 68us/step - loss: 0.0078 - acc: 0.5453 - val_loss: 0.3687 - val_acc: 0.5200
Epoch 91
Train on 2804 samples, validate on 500 samples
Epoch 1/1
2804/2804 [==============================] - 0s 68us/step - loss: 0.0077 - acc: 0.5489 - val_loss: 0.3522 - val_acc: 0.5560
Epoch 92
Train on 2804 samples, validate on 500 samples
Epoch 1/1
2804/2804 [==============================] - 0s 68us/step - loss: 0.0078 - acc: 0.5514 - val_loss: 0.3791 - val_acc: 0.5260
Epoch 93
Train on 2804 samples, validate on 500 samples
Epoch 1/1
2804/2804 [==============================] - 0s 68us/step - loss: 0.0076 - acc: 0.5474 - val_loss: 0.3519 - val_acc: 0.5480
Epoch 94
Train on 2804 samples, validate on 500 samples
Epoch 1/1
2804/2804 [==============================] - 0s 68us/step - loss: 0.0073 - acc: 0.5563 - val_loss: 0.3193 - val_acc: 0.6060
Epoch 95
Train on 2804 samples, validate on 500 samples
Epoch 1/1
2804/2804 [==============================] - 0s 68us/step - loss: 0.0075 - acc: 0.5774 - val_loss: 0.3522 - val_acc: 0.5720
Epoch 96
Train on 2804 samples, validate on 500 samples
Epoch 1/1
2804/2804 [==============================] - 0s 68us/step - loss: 0.0075 - acc: 0.5542 - val_loss: 0.3603 - val_acc: 0.5420
Epoch 97
Train on 2804 samples, validate on 500 samples
Epoch 1/1
2804/2804 [==============================] - 0s 68us/step - loss: 0.0075 - acc: 0.5528 - val_loss: 0.3428 - val_acc: 0.5520
Epoch 98
Train on 2804 samples, validate on 500 samples
Epoch 1/1
2804/2804 [==============================] - 0s 68us/step - loss: 0.0079 - acc: 0.5474 - val_loss: 0.3917 - val_acc: 0.5140
Epoch 99
Train on 2804 samples, validate on 500 samples
Epoch 1/1
2804/2804 [==============================] - 0s 68us/step - loss: 0.0076 - acc: 0.5339 - val_loss: 0.3557 - val_acc: 0.5540
Neck alphas removed: 0.9485507246376812
Nuclear recoils removed: 0.49603524229074886
