Using TensorFlow backend.
/usr/lib/python3.6/importlib/_bootstrap.py:219: RuntimeWarning: numpy.dtype size changed, may indicate binary incompatibility. Expected 96, got 88
  return f(*args, **kwds)
2018-10-27 13:21:25.508051: I tensorflow/core/platform/cpu_feature_guard.cc:140] Your CPU supports instructions that this TensorFlow binary was not compiled to use: AVX2 FMA
2018-10-27 13:21:25.591443: I tensorflow/stream_executor/cuda/cuda_gpu_executor.cc:898] successful NUMA node read from SysFS had negative value (-1), but there must be at least one NUMA node, so returning NUMA node zero
2018-10-27 13:21:25.591756: I tensorflow/core/common_runtime/gpu/gpu_device.cc:1356] Found device 0 with properties: 
name: GeForce GTX 1080 major: 6 minor: 1 memoryClockRate(GHz): 1.8475
pciBusID: 0000:01:00.0
totalMemory: 7.93GiB freeMemory: 7.35GiB
2018-10-27 13:21:25.591767: I tensorflow/core/common_runtime/gpu/gpu_device.cc:1435] Adding visible gpu devices: 0
2018-10-27 13:21:25.744008: I tensorflow/core/common_runtime/gpu/gpu_device.cc:923] Device interconnect StreamExecutor with strength 1 edge matrix:
2018-10-27 13:21:25.744033: I tensorflow/core/common_runtime/gpu/gpu_device.cc:929]      0 
2018-10-27 13:21:25.744038: I tensorflow/core/common_runtime/gpu/gpu_device.cc:942] 0:   N 
2018-10-27 13:21:25.744158: I tensorflow/core/common_runtime/gpu/gpu_device.cc:1053] Created TensorFlow device (/job:localhost/replica:0/task:0/device:GPU:0 with 7092 MB memory) -> physical GPU (device: 0, name: GeForce GTX 1080, pci bus id: 0000:01:00.0, compute capability: 6.1)
_________________________________________________________________
Layer (type)                 Output Shape              Param #   
=================================================================
batch_normalization_1 (Batch (None, 10, 35, 1)         4         
_________________________________________________________________
conv2d_1 (Conv2D)            (None, 4, 17, 8)          80        
_________________________________________________________________
conv2d_2 (Conv2D)            (None, 2, 8, 8)           264       
_________________________________________________________________
flatten_1 (Flatten)          (None, 128)               0         
_________________________________________________________________
dense_1 (Dense)              (None, 8)                 1032      
_________________________________________________________________
dense_2 (Dense)              (None, 1)                 9         
=================================================================
Total params: 1,389
Trainable params: 1,387
Non-trainable params: 2
_________________________________________________________________
None
Train on 2804 samples, validate on 500 samples
Epoch 1/1
2804/2804 [==============================] - 1s 343us/step - loss: 0.0669 - acc: 0.3039 - val_loss: 1.1406 - val_acc: 0.1260
Train on 2804 samples, validate on 500 samples
Epoch 1/1
2804/2804 [==============================] - 0s 76us/step - loss: 0.0483 - acc: 0.0752 - val_loss: 1.7024 - val_acc: 0.0860
Train on 2804 samples, validate on 500 samples
Epoch 1/1
2804/2804 [==============================] - 0s 76us/step - loss: 0.0435 - acc: 0.0703 - val_loss: 1.6896 - val_acc: 0.0860
Train on 2804 samples, validate on 500 samples
Epoch 1/1
2804/2804 [==============================] - 0s 76us/step - loss: 0.0406 - acc: 0.0703 - val_loss: 1.6263 - val_acc: 0.0860
Train on 2804 samples, validate on 500 samples
Epoch 1/1
2804/2804 [==============================] - 0s 76us/step - loss: 0.0380 - acc: 0.0710 - val_loss: 1.5999 - val_acc: 0.0880
Train on 2804 samples, validate on 500 samples
Epoch 1/1
2804/2804 [==============================] - 0s 77us/step - loss: 0.0354 - acc: 0.0984 - val_loss: 1.4582 - val_acc: 0.1320
Train on 2804 samples, validate on 500 samples
Epoch 1/1
2804/2804 [==============================] - 0s 77us/step - loss: 0.0330 - acc: 0.2079 - val_loss: 1.3792 - val_acc: 0.2400
Train on 2804 samples, validate on 500 samples
Epoch 1/1
2804/2804 [==============================] - 0s 76us/step - loss: 0.0310 - acc: 0.2964 - val_loss: 1.3133 - val_acc: 0.3300
Train on 2804 samples, validate on 500 samples
Epoch 1/1
2804/2804 [==============================] - 0s 77us/step - loss: 0.0299 - acc: 0.3377 - val_loss: 1.3107 - val_acc: 0.3420
Train on 2804 samples, validate on 500 samples
Epoch 1/1
2804/2804 [==============================] - 0s 77us/step - loss: 0.0290 - acc: 0.3581 - val_loss: 1.3092 - val_acc: 0.3680
Train on 2804 samples, validate on 500 samples
Epoch 1/1
2804/2804 [==============================] - 0s 77us/step - loss: 0.0283 - acc: 0.3766 - val_loss: 1.2661 - val_acc: 0.3900
Train on 2804 samples, validate on 500 samples
Epoch 1/1
2804/2804 [==============================] - 0s 77us/step - loss: 0.0277 - acc: 0.3773 - val_loss: 1.2478 - val_acc: 0.3940
Train on 2804 samples, validate on 500 samples
Epoch 1/1
2804/2804 [==============================] - 0s 77us/step - loss: 0.0273 - acc: 0.3848 - val_loss: 1.1850 - val_acc: 0.4320
Train on 2804 samples, validate on 500 samples
Epoch 1/1
2804/2804 [==============================] - 0s 77us/step - loss: 0.0269 - acc: 0.3994 - val_loss: 1.2591 - val_acc: 0.4080
Train on 2804 samples, validate on 500 samples
Epoch 1/1
2804/2804 [==============================] - 0s 77us/step - loss: 0.0267 - acc: 0.3919 - val_loss: 1.2754 - val_acc: 0.4080
Train on 2804 samples, validate on 500 samples
Epoch 1/1
2804/2804 [==============================] - 0s 76us/step - loss: 0.0264 - acc: 0.3898 - val_loss: 1.2764 - val_acc: 0.4060
Train on 2804 samples, validate on 500 samples
Epoch 1/1
2804/2804 [==============================] - 0s 77us/step - loss: 0.0262 - acc: 0.4066 - val_loss: 1.2634 - val_acc: 0.4240
Train on 2804 samples, validate on 500 samples
Epoch 1/1
2804/2804 [==============================] - 0s 77us/step - loss: 0.0260 - acc: 0.3852 - val_loss: 1.2308 - val_acc: 0.4100
Train on 2804 samples, validate on 500 samples
Epoch 1/1
2804/2804 [==============================] - 0s 77us/step - loss: 0.0259 - acc: 0.3951 - val_loss: 1.1410 - val_acc: 0.4720
Train on 2804 samples, validate on 500 samples
Epoch 1/1
2804/2804 [==============================] - 0s 77us/step - loss: 0.0257 - acc: 0.4091 - val_loss: 1.3274 - val_acc: 0.4000
Train on 2804 samples, validate on 500 samples
Epoch 1/1
2804/2804 [==============================] - 0s 77us/step - loss: 0.0257 - acc: 0.4023 - val_loss: 1.2479 - val_acc: 0.4280
Train on 2804 samples, validate on 500 samples
Epoch 1/1
2804/2804 [==============================] - 0s 76us/step - loss: 0.0255 - acc: 0.4066 - val_loss: 1.3082 - val_acc: 0.4160
Train on 2804 samples, validate on 500 samples
Epoch 1/1
2804/2804 [==============================] - 0s 77us/step - loss: 0.0256 - acc: 0.4012 - val_loss: 1.2886 - val_acc: 0.4040
Train on 2804 samples, validate on 500 samples
Epoch 1/1
2804/2804 [==============================] - 0s 77us/step - loss: 0.0254 - acc: 0.3994 - val_loss: 1.2029 - val_acc: 0.4520
Train on 2804 samples, validate on 500 samples
Epoch 1/1
2804/2804 [==============================] - 0s 77us/step - loss: 0.0253 - acc: 0.4016 - val_loss: 1.1841 - val_acc: 0.4700
Train on 2804 samples, validate on 500 samples
Epoch 1/1
2804/2804 [==============================] - 0s 77us/step - loss: 0.0252 - acc: 0.4123 - val_loss: 1.2576 - val_acc: 0.4360
Train on 2804 samples, validate on 500 samples
Epoch 1/1
2804/2804 [==============================] - 0s 76us/step - loss: 0.0252 - acc: 0.4183 - val_loss: 1.1819 - val_acc: 0.4760
Train on 2804 samples, validate on 500 samples
Epoch 1/1
2804/2804 [==============================] - 0s 77us/step - loss: 0.0251 - acc: 0.4062 - val_loss: 1.2290 - val_acc: 0.4360
Train on 2804 samples, validate on 500 samples
Epoch 1/1
2804/2804 [==============================] - 0s 77us/step - loss: 0.0252 - acc: 0.4180 - val_loss: 1.2292 - val_acc: 0.4500
Train on 2804 samples, validate on 500 samples
Epoch 1/1
2804/2804 [==============================] - 0s 77us/step - loss: 0.0251 - acc: 0.4180 - val_loss: 1.2732 - val_acc: 0.4160
Train on 2804 samples, validate on 500 samples
Epoch 1/1
2804/2804 [==============================] - 0s 77us/step - loss: 0.0251 - acc: 0.4051 - val_loss: 1.2261 - val_acc: 0.4460
Train on 2804 samples, validate on 500 samples
Epoch 1/1
2804/2804 [==============================] - 0s 76us/step - loss: 0.0250 - acc: 0.4297 - val_loss: 1.3292 - val_acc: 0.3960
Train on 2804 samples, validate on 500 samples
Epoch 1/1
2804/2804 [==============================] - 0s 77us/step - loss: 0.0250 - acc: 0.4076 - val_loss: 1.2177 - val_acc: 0.4620
Train on 2804 samples, validate on 500 samples
Epoch 1/1
2804/2804 [==============================] - 0s 77us/step - loss: 0.0249 - acc: 0.4219 - val_loss: 1.3074 - val_acc: 0.4140
Train on 2804 samples, validate on 500 samples
Epoch 1/1
2804/2804 [==============================] - 0s 77us/step - loss: 0.0249 - acc: 0.4155 - val_loss: 1.2523 - val_acc: 0.4220
Train on 2804 samples, validate on 500 samples
Epoch 1/1
2804/2804 [==============================] - 0s 77us/step - loss: 0.0248 - acc: 0.4130 - val_loss: 1.2538 - val_acc: 0.4280
Train on 2804 samples, validate on 500 samples
Epoch 1/1
2804/2804 [==============================] - 0s 77us/step - loss: 0.0248 - acc: 0.4062 - val_loss: 1.2300 - val_acc: 0.4340
Train on 2804 samples, validate on 500 samples
Epoch 1/1
2804/2804 [==============================] - 0s 77us/step - loss: 0.0248 - acc: 0.4251 - val_loss: 1.2500 - val_acc: 0.4340
Train on 2804 samples, validate on 500 samples
Epoch 1/1
2804/2804 [==============================] - 0s 77us/step - loss: 0.0247 - acc: 0.4148 - val_loss: 1.2103 - val_acc: 0.4380
Train on 2804 samples, validate on 500 samples
Epoch 1/1
2804/2804 [==============================] - 0s 76us/step - loss: 0.0247 - acc: 0.4165 - val_loss: 1.2789 - val_acc: 0.4260
Train on 2804 samples, validate on 500 samples
Epoch 1/1
2804/2804 [==============================] - 0s 77us/step - loss: 0.0246 - acc: 0.4240 - val_loss: 1.2354 - val_acc: 0.4380
Train on 2804 samples, validate on 500 samples
Epoch 1/1
2804/2804 [==============================] - 0s 77us/step - loss: 0.0246 - acc: 0.4144 - val_loss: 1.2271 - val_acc: 0.4560
Train on 2804 samples, validate on 500 samples
Epoch 1/1
2804/2804 [==============================] - 0s 77us/step - loss: 0.0246 - acc: 0.4251 - val_loss: 1.1891 - val_acc: 0.4660
Train on 2804 samples, validate on 500 samples
Epoch 1/1
2804/2804 [==============================] - 0s 76us/step - loss: 0.0246 - acc: 0.4365 - val_loss: 1.2731 - val_acc: 0.4060
Train on 2804 samples, validate on 500 samples
Epoch 1/1
2804/2804 [==============================] - 0s 77us/step - loss: 0.0246 - acc: 0.3973 - val_loss: 1.1639 - val_acc: 0.4800
Train on 2804 samples, validate on 500 samples
Epoch 1/1
2804/2804 [==============================] - 0s 77us/step - loss: 0.0247 - acc: 0.4344 - val_loss: 1.2361 - val_acc: 0.4480
Train on 2804 samples, validate on 500 samples
Epoch 1/1
2804/2804 [==============================] - 0s 77us/step - loss: 0.0245 - acc: 0.4233 - val_loss: 1.2844 - val_acc: 0.4280
Train on 2804 samples, validate on 500 samples
Epoch 1/1
2804/2804 [==============================] - 0s 77us/step - loss: 0.0247 - acc: 0.4076 - val_loss: 1.2704 - val_acc: 0.4320
Train on 2804 samples, validate on 500 samples
Epoch 1/1
2804/2804 [==============================] - 0s 77us/step - loss: 0.0244 - acc: 0.4137 - val_loss: 1.1985 - val_acc: 0.4720
Train on 2804 samples, validate on 500 samples
Epoch 1/1
2804/2804 [==============================] - 0s 77us/step - loss: 0.0244 - acc: 0.4354 - val_loss: 1.1813 - val_acc: 0.4740
Train on 2804 samples, validate on 500 samples
Epoch 1/1
2804/2804 [==============================] - 0s 77us/step - loss: 0.0243 - acc: 0.4198 - val_loss: 1.1027 - val_acc: 0.5100
Train on 2804 samples, validate on 500 samples
Epoch 1/1
2804/2804 [==============================] - 0s 77us/step - loss: 0.0245 - acc: 0.4290 - val_loss: 1.1970 - val_acc: 0.4740
Train on 2804 samples, validate on 500 samples
Epoch 1/1
2804/2804 [==============================] - 0s 77us/step - loss: 0.0244 - acc: 0.4322 - val_loss: 1.2739 - val_acc: 0.4400
Train on 2804 samples, validate on 500 samples
Epoch 1/1
2804/2804 [==============================] - 0s 77us/step - loss: 0.0244 - acc: 0.4362 - val_loss: 1.2759 - val_acc: 0.4280
Train on 2804 samples, validate on 500 samples
Epoch 1/1
2804/2804 [==============================] - 0s 77us/step - loss: 0.0244 - acc: 0.4130 - val_loss: 1.2174 - val_acc: 0.4660
Train on 2804 samples, validate on 500 samples
Epoch 1/1
2804/2804 [==============================] - 0s 77us/step - loss: 0.0244 - acc: 0.4276 - val_loss: 1.2269 - val_acc: 0.4600
Train on 2804 samples, validate on 500 samples
Epoch 1/1
2804/2804 [==============================] - 0s 76us/step - loss: 0.0243 - acc: 0.4362 - val_loss: 1.2143 - val_acc: 0.4520
Train on 2804 samples, validate on 500 samples
Epoch 1/1
2804/2804 [==============================] - 0s 77us/step - loss: 0.0243 - acc: 0.4233 - val_loss: 1.2150 - val_acc: 0.4600
Train on 2804 samples, validate on 500 samples
Epoch 1/1
2804/2804 [==============================] - 0s 77us/step - loss: 0.0242 - acc: 0.4333 - val_loss: 1.2301 - val_acc: 0.4600
Train on 2804 samples, validate on 500 samples
Epoch 1/1
2804/2804 [==============================] - 0s 77us/step - loss: 0.0242 - acc: 0.4365 - val_loss: 1.2611 - val_acc: 0.4420
Train on 2804 samples, validate on 500 samples
Epoch 1/1
2804/2804 [==============================] - 0s 77us/step - loss: 0.0241 - acc: 0.4276 - val_loss: 1.1545 - val_acc: 0.4900
Train on 2804 samples, validate on 500 samples
Epoch 1/1
2804/2804 [==============================] - 0s 77us/step - loss: 0.0243 - acc: 0.4351 - val_loss: 1.2148 - val_acc: 0.4740
Train on 2804 samples, validate on 500 samples
Epoch 1/1
2804/2804 [==============================] - 0s 76us/step - loss: 0.0242 - acc: 0.4305 - val_loss: 1.2264 - val_acc: 0.4680
Train on 2804 samples, validate on 500 samples
Epoch 1/1
2804/2804 [==============================] - 0s 77us/step - loss: 0.0242 - acc: 0.4301 - val_loss: 1.2565 - val_acc: 0.4360
Train on 2804 samples, validate on 500 samples
Epoch 1/1
2804/2804 [==============================] - 0s 77us/step - loss: 0.0242 - acc: 0.4437 - val_loss: 1.2393 - val_acc: 0.4460
Train on 2804 samples, validate on 500 samples
Epoch 1/1
2804/2804 [==============================] - 0s 77us/step - loss: 0.0242 - acc: 0.4198 - val_loss: 1.2499 - val_acc: 0.4420
Train on 2804 samples, validate on 500 samples
Epoch 1/1
2804/2804 [==============================] - 0s 76us/step - loss: 0.0241 - acc: 0.4479 - val_loss: 1.2361 - val_acc: 0.4400
Train on 2804 samples, validate on 500 samples
Epoch 1/1
2804/2804 [==============================] - 0s 77us/step - loss: 0.0241 - acc: 0.4190 - val_loss: 1.2479 - val_acc: 0.4380
Train on 2804 samples, validate on 500 samples
Epoch 1/1
2804/2804 [==============================] - 0s 76us/step - loss: 0.0243 - acc: 0.4319 - val_loss: 1.2164 - val_acc: 0.4460
Train on 2804 samples, validate on 500 samples
Epoch 1/1
2804/2804 [==============================] - 0s 77us/step - loss: 0.0242 - acc: 0.4362 - val_loss: 1.2113 - val_acc: 0.4700
Train on 2804 samples, validate on 500 samples
Epoch 1/1
2804/2804 [==============================] - 0s 77us/step - loss: 0.0242 - acc: 0.4379 - val_loss: 1.2359 - val_acc: 0.4520
Train on 2804 samples, validate on 500 samples
Epoch 1/1
2804/2804 [==============================] - 0s 77us/step - loss: 0.0240 - acc: 0.4347 - val_loss: 1.1981 - val_acc: 0.4760
Train on 2804 samples, validate on 500 samples
Epoch 1/1
2804/2804 [==============================] - 0s 77us/step - loss: 0.0240 - acc: 0.4358 - val_loss: 1.2538 - val_acc: 0.4580
Train on 2804 samples, validate on 500 samples
Epoch 1/1
2804/2804 [==============================] - 0s 77us/step - loss: 0.0239 - acc: 0.4494 - val_loss: 1.1871 - val_acc: 0.4760
Train on 2804 samples, validate on 500 samples
Epoch 1/1
2804/2804 [==============================] - 0s 77us/step - loss: 0.0240 - acc: 0.4315 - val_loss: 1.2081 - val_acc: 0.4780
Train on 2804 samples, validate on 500 samples
Epoch 1/1
2804/2804 [==============================] - 0s 77us/step - loss: 0.0240 - acc: 0.4440 - val_loss: 1.2110 - val_acc: 0.4480
Train on 2804 samples, validate on 500 samples
Epoch 1/1
2804/2804 [==============================] - 0s 77us/step - loss: 0.0241 - acc: 0.4365 - val_loss: 1.2421 - val_acc: 0.4500
Train on 2804 samples, validate on 500 samples
Epoch 1/1
2804/2804 [==============================] - 0s 77us/step - loss: 0.0241 - acc: 0.4351 - val_loss: 1.2275 - val_acc: 0.4580
Train on 2804 samples, validate on 500 samples
Epoch 1/1
2804/2804 [==============================] - 0s 77us/step - loss: 0.0240 - acc: 0.4497 - val_loss: 1.2212 - val_acc: 0.4440
Train on 2804 samples, validate on 500 samples
Epoch 1/1
2804/2804 [==============================] - 0s 77us/step - loss: 0.0240 - acc: 0.4447 - val_loss: 1.2395 - val_acc: 0.4500
Train on 2804 samples, validate on 500 samples
Epoch 1/1
2804/2804 [==============================] - 0s 76us/step - loss: 0.0240 - acc: 0.4397 - val_loss: 1.2052 - val_acc: 0.4800
Train on 2804 samples, validate on 500 samples
Epoch 1/1
2804/2804 [==============================] - 0s 77us/step - loss: 0.0240 - acc: 0.4404 - val_loss: 1.1903 - val_acc: 0.4820
Train on 2804 samples, validate on 500 samples
Epoch 1/1
2804/2804 [==============================] - 0s 77us/step - loss: 0.0240 - acc: 0.4472 - val_loss: 1.2381 - val_acc: 0.4440
Train on 2804 samples, validate on 500 samples
Epoch 1/1
2804/2804 [==============================] - 0s 77us/step - loss: 0.0239 - acc: 0.4440 - val_loss: 1.3080 - val_acc: 0.4200
Train on 2804 samples, validate on 500 samples
Epoch 1/1
2804/2804 [==============================] - 0s 77us/step - loss: 0.0239 - acc: 0.4437 - val_loss: 1.2324 - val_acc: 0.4580
Train on 2804 samples, validate on 500 samples
Epoch 1/1
2804/2804 [==============================] - 0s 77us/step - loss: 0.0239 - acc: 0.4515 - val_loss: 1.1915 - val_acc: 0.4660
Train on 2804 samples, validate on 500 samples
Epoch 1/1
2804/2804 [==============================] - 0s 77us/step - loss: 0.0238 - acc: 0.4358 - val_loss: 1.1432 - val_acc: 0.5140
Train on 2804 samples, validate on 500 samples
Epoch 1/1
2804/2804 [==============================] - 0s 77us/step - loss: 0.0239 - acc: 0.4508 - val_loss: 1.1968 - val_acc: 0.4720
Train on 2804 samples, validate on 500 samples
Epoch 1/1
2804/2804 [==============================] - 0s 77us/step - loss: 0.0238 - acc: 0.4483 - val_loss: 1.2327 - val_acc: 0.4520
Train on 2804 samples, validate on 500 samples
Epoch 1/1
2804/2804 [==============================] - 0s 77us/step - loss: 0.0239 - acc: 0.4608 - val_loss: 1.2255 - val_acc: 0.4560
Train on 2804 samples, validate on 500 samples
Epoch 1/1
2804/2804 [==============================] - 0s 77us/step - loss: 0.0238 - acc: 0.4401 - val_loss: 1.2034 - val_acc: 0.4780
Train on 2804 samples, validate on 500 samples
Epoch 1/1
2804/2804 [==============================] - 0s 76us/step - loss: 0.0238 - acc: 0.4461 - val_loss: 1.1566 - val_acc: 0.4980
Train on 2804 samples, validate on 500 samples
Epoch 1/1
2804/2804 [==============================] - 0s 77us/step - loss: 0.0239 - acc: 0.4593 - val_loss: 1.2180 - val_acc: 0.4460
Train on 2804 samples, validate on 500 samples
Epoch 1/1
2804/2804 [==============================] - 0s 77us/step - loss: 0.0237 - acc: 0.4415 - val_loss: 1.2282 - val_acc: 0.4460
Train on 2804 samples, validate on 500 samples
Epoch 1/1
2804/2804 [==============================] - 0s 77us/step - loss: 0.0237 - acc: 0.4515 - val_loss: 1.1406 - val_acc: 0.5000
Train on 2804 samples, validate on 500 samples
Epoch 1/1
2804/2804 [==============================] - 0s 76us/step - loss: 0.0238 - acc: 0.4640 - val_loss: 1.2329 - val_acc: 0.4560
Train on 2804 samples, validate on 500 samples
Epoch 1/1
2804/2804 [==============================] - 0s 77us/step - loss: 0.0238 - acc: 0.4522 - val_loss: 1.1938 - val_acc: 0.4720
Train on 2804 samples, validate on 500 samples
Epoch 1/1
2804/2804 [==============================] - 0s 77us/step - loss: 0.0237 - acc: 0.4412 - val_loss: 1.1386 - val_acc: 0.5020
Train on 2804 samples, validate on 500 samples
Epoch 1/1
2804/2804 [==============================] - 0s 77us/step - loss: 0.0238 - acc: 0.4618 - val_loss: 1.2014 - val_acc: 0.4760
Train on 2804 samples, validate on 500 samples
Epoch 1/1
2804/2804 [==============================] - 0s 77us/step - loss: 0.0237 - acc: 0.4618 - val_loss: 1.1896 - val_acc: 0.4620
_________________________________________________________________
Layer (type)                 Output Shape              Param #   
=================================================================
batch_normalization_2 (Batch (None, 10, 35, 1)         4         
_________________________________________________________________
conv2d_3 (Conv2D)            (None, 4, 17, 8)          80        
_________________________________________________________________
conv2d_4 (Conv2D)            (None, 2, 8, 8)           264       
_________________________________________________________________
flatten_2 (Flatten)          (None, 128)               0         
_________________________________________________________________
dense_3 (Dense)              (None, 8)                 1032      
_________________________________________________________________
dense_4 (Dense)              (None, 1)                 9         
=================================================================
Total params: 1,389
Trainable params: 1,387
Non-trainable params: 2
_________________________________________________________________
None
Train on 2804 samples, validate on 500 samples
Epoch 1/1
2804/2804 [==============================] - 1s 188us/step - loss: 0.0682 - acc: 0.2457 - val_loss: 1.4291 - val_acc: 0.1080
Train on 2804 samples, validate on 500 samples
Epoch 1/1
2804/2804 [==============================] - 0s 78us/step - loss: 0.0502 - acc: 0.0760 - val_loss: 1.6387 - val_acc: 0.0960
Train on 2804 samples, validate on 500 samples
Epoch 1/1
2804/2804 [==============================] - 0s 78us/step - loss: 0.0455 - acc: 0.0788 - val_loss: 1.5021 - val_acc: 0.1280
Train on 2804 samples, validate on 500 samples
Epoch 1/1
2804/2804 [==============================] - 0s 78us/step - loss: 0.0417 - acc: 0.1391 - val_loss: 1.4537 - val_acc: 0.1760
Train on 2804 samples, validate on 500 samples
Epoch 1/1
2804/2804 [==============================] - 0s 78us/step - loss: 0.0384 - acc: 0.2086 - val_loss: 1.4086 - val_acc: 0.2380
Train on 2804 samples, validate on 500 samples
Epoch 1/1
2804/2804 [==============================] - 0s 78us/step - loss: 0.0357 - acc: 0.2636 - val_loss: 1.2660 - val_acc: 0.3460
Train on 2804 samples, validate on 500 samples
Epoch 1/1
2804/2804 [==============================] - 0s 78us/step - loss: 0.0338 - acc: 0.3178 - val_loss: 1.2292 - val_acc: 0.3760
Train on 2804 samples, validate on 500 samples
Epoch 1/1
2804/2804 [==============================] - 0s 78us/step - loss: 0.0322 - acc: 0.3602 - val_loss: 1.2850 - val_acc: 0.3760
Train on 2804 samples, validate on 500 samples
Epoch 1/1
2804/2804 [==============================] - 0s 78us/step - loss: 0.0308 - acc: 0.3524 - val_loss: 1.2917 - val_acc: 0.3800
Train on 2804 samples, validate on 500 samples
Epoch 1/1
2804/2804 [==============================] - 0s 78us/step - loss: 0.0298 - acc: 0.3577 - val_loss: 1.3510 - val_acc: 0.3600
Train on 2804 samples, validate on 500 samples
Epoch 1/1
2804/2804 [==============================] - 0s 78us/step - loss: 0.0290 - acc: 0.3698 - val_loss: 1.2851 - val_acc: 0.3940
Train on 2804 samples, validate on 500 samples
Epoch 1/1
2804/2804 [==============================] - 0s 78us/step - loss: 0.0283 - acc: 0.3759 - val_loss: 1.2638 - val_acc: 0.3980
Train on 2804 samples, validate on 500 samples
Epoch 1/1
2804/2804 [==============================] - 0s 78us/step - loss: 0.0277 - acc: 0.3848 - val_loss: 1.2781 - val_acc: 0.3920
Train on 2804 samples, validate on 500 samples
Epoch 1/1
2804/2804 [==============================] - 0s 78us/step - loss: 0.0273 - acc: 0.4016 - val_loss: 1.3468 - val_acc: 0.3760
Train on 2804 samples, validate on 500 samples
Epoch 1/1
2804/2804 [==============================] - 0s 78us/step - loss: 0.0270 - acc: 0.3816 - val_loss: 1.3145 - val_acc: 0.3800
Train on 2804 samples, validate on 500 samples
Epoch 1/1
2804/2804 [==============================] - 0s 78us/step - loss: 0.0266 - acc: 0.3705 - val_loss: 1.2275 - val_acc: 0.4180
Train on 2804 samples, validate on 500 samples
Epoch 1/1
2804/2804 [==============================] - 0s 78us/step - loss: 0.0264 - acc: 0.3916 - val_loss: 1.2281 - val_acc: 0.4260
Train on 2804 samples, validate on 500 samples
Epoch 1/1
2804/2804 [==============================] - 0s 77us/step - loss: 0.0263 - acc: 0.4012 - val_loss: 1.3505 - val_acc: 0.3800
Train on 2804 samples, validate on 500 samples
Epoch 1/1
2804/2804 [==============================] - 0s 78us/step - loss: 0.0261 - acc: 0.3880 - val_loss: 1.2203 - val_acc: 0.4280
Train on 2804 samples, validate on 500 samples
Epoch 1/1
2804/2804 [==============================] - 0s 78us/step - loss: 0.0259 - acc: 0.3934 - val_loss: 1.3094 - val_acc: 0.3920
Train on 2804 samples, validate on 500 samples
Epoch 1/1
2804/2804 [==============================] - 0s 78us/step - loss: 0.0259 - acc: 0.3927 - val_loss: 1.2705 - val_acc: 0.4160
Train on 2804 samples, validate on 500 samples
Epoch 1/1
2804/2804 [==============================] - 0s 78us/step - loss: 0.0257 - acc: 0.3912 - val_loss: 1.2195 - val_acc: 0.4400
Train on 2804 samples, validate on 500 samples
Epoch 1/1
2804/2804 [==============================] - 0s 78us/step - loss: 0.0256 - acc: 0.4133 - val_loss: 1.2933 - val_acc: 0.3900
Train on 2804 samples, validate on 500 samples
Epoch 1/1
2804/2804 [==============================] - 0s 78us/step - loss: 0.0255 - acc: 0.3855 - val_loss: 1.1498 - val_acc: 0.4660
Train on 2804 samples, validate on 500 samples
Epoch 1/1
2804/2804 [==============================] - 0s 78us/step - loss: 0.0255 - acc: 0.4194 - val_loss: 1.2707 - val_acc: 0.4180
Train on 2804 samples, validate on 500 samples
Epoch 1/1
2804/2804 [==============================] - 0s 78us/step - loss: 0.0253 - acc: 0.4062 - val_loss: 1.1614 - val_acc: 0.4720
Train on 2804 samples, validate on 500 samples
Epoch 1/1
2804/2804 [==============================] - 0s 78us/step - loss: 0.0253 - acc: 0.4044 - val_loss: 1.2482 - val_acc: 0.4340
Train on 2804 samples, validate on 500 samples
Epoch 1/1
2804/2804 [==============================] - 0s 78us/step - loss: 0.0253 - acc: 0.4037 - val_loss: 1.2338 - val_acc: 0.4420
Train on 2804 samples, validate on 500 samples
Epoch 1/1
2804/2804 [==============================] - 0s 78us/step - loss: 0.0253 - acc: 0.4119 - val_loss: 1.3026 - val_acc: 0.3940
Train on 2804 samples, validate on 500 samples
Epoch 1/1
2804/2804 [==============================] - 0s 78us/step - loss: 0.0251 - acc: 0.4083 - val_loss: 1.3589 - val_acc: 0.3820
Train on 2804 samples, validate on 500 samples
Epoch 1/1
2804/2804 [==============================] - 0s 78us/step - loss: 0.0251 - acc: 0.4087 - val_loss: 1.1529 - val_acc: 0.4680
Train on 2804 samples, validate on 500 samples
Epoch 1/1
2804/2804 [==============================] - 0s 78us/step - loss: 0.0250 - acc: 0.4116 - val_loss: 1.2340 - val_acc: 0.4440
Train on 2804 samples, validate on 500 samples
Epoch 1/1
2804/2804 [==============================] - 0s 78us/step - loss: 0.0249 - acc: 0.4034 - val_loss: 1.2525 - val_acc: 0.4340
Train on 2804 samples, validate on 500 samples
Epoch 1/1
2804/2804 [==============================] - 0s 77us/step - loss: 0.0249 - acc: 0.4198 - val_loss: 1.2399 - val_acc: 0.4360
Train on 2804 samples, validate on 500 samples
Epoch 1/1
2804/2804 [==============================] - 0s 78us/step - loss: 0.0250 - acc: 0.4083 - val_loss: 1.2237 - val_acc: 0.4460
Train on 2804 samples, validate on 500 samples
Epoch 1/1
2804/2804 [==============================] - 0s 78us/step - loss: 0.0249 - acc: 0.4126 - val_loss: 1.2241 - val_acc: 0.4620
Train on 2804 samples, validate on 500 samples
Epoch 1/1
2804/2804 [==============================] - 0s 78us/step - loss: 0.0249 - acc: 0.4251 - val_loss: 1.2612 - val_acc: 0.4140
Train on 2804 samples, validate on 500 samples
Epoch 1/1
2804/2804 [==============================] - 0s 78us/step - loss: 0.0248 - acc: 0.4066 - val_loss: 1.2169 - val_acc: 0.4500
Train on 2804 samples, validate on 500 samples
Epoch 1/1
2804/2804 [==============================] - 0s 78us/step - loss: 0.0248 - acc: 0.4237 - val_loss: 1.2690 - val_acc: 0.4260
Train on 2804 samples, validate on 500 samples
Epoch 1/1
2804/2804 [==============================] - 0s 78us/step - loss: 0.0248 - acc: 0.4048 - val_loss: 1.1827 - val_acc: 0.4600
Train on 2804 samples, validate on 500 samples
Epoch 1/1
2804/2804 [==============================] - 0s 78us/step - loss: 0.0248 - acc: 0.4155 - val_loss: 1.2665 - val_acc: 0.4080
Train on 2804 samples, validate on 500 samples
Epoch 1/1
2804/2804 [==============================] - 0s 79us/step - loss: 0.0249 - acc: 0.4205 - val_loss: 1.2520 - val_acc: 0.4080
Train on 2804 samples, validate on 500 samples
Epoch 1/1
2804/2804 [==============================] - 0s 80us/step - loss: 0.0247 - acc: 0.4105 - val_loss: 1.3473 - val_acc: 0.3900
Train on 2804 samples, validate on 500 samples
Epoch 1/1
2804/2804 [==============================] - 0s 78us/step - loss: 0.0246 - acc: 0.4055 - val_loss: 1.1238 - val_acc: 0.4940
Train on 2804 samples, validate on 500 samples
Epoch 1/1
2804/2804 [==============================] - 0s 78us/step - loss: 0.0246 - acc: 0.4308 - val_loss: 1.1647 - val_acc: 0.4760
Train on 2804 samples, validate on 500 samples
Epoch 1/1
2804/2804 [==============================] - 0s 78us/step - loss: 0.0246 - acc: 0.4183 - val_loss: 1.2002 - val_acc: 0.4640
Train on 2804 samples, validate on 500 samples
Epoch 1/1
2804/2804 [==============================] - 0s 78us/step - loss: 0.0247 - acc: 0.4205 - val_loss: 1.2449 - val_acc: 0.4440
Train on 2804 samples, validate on 500 samples
Epoch 1/1
2804/2804 [==============================] - 0s 78us/step - loss: 0.0247 - acc: 0.4330 - val_loss: 1.2337 - val_acc: 0.4200
Train on 2804 samples, validate on 500 samples
Epoch 1/1
2804/2804 [==============================] - 0s 78us/step - loss: 0.0247 - acc: 0.4094 - val_loss: 1.2062 - val_acc: 0.4640
Train on 2804 samples, validate on 500 samples
Epoch 1/1
2804/2804 [==============================] - 0s 78us/step - loss: 0.0246 - acc: 0.4215 - val_loss: 1.2562 - val_acc: 0.4180
Train on 2804 samples, validate on 500 samples
Epoch 1/1
2804/2804 [==============================] - 0s 78us/step - loss: 0.0246 - acc: 0.4112 - val_loss: 1.2056 - val_acc: 0.4560
Train on 2804 samples, validate on 500 samples
Epoch 1/1
2804/2804 [==============================] - 0s 78us/step - loss: 0.0245 - acc: 0.4255 - val_loss: 1.2439 - val_acc: 0.4140
Train on 2804 samples, validate on 500 samples
Epoch 1/1
2804/2804 [==============================] - 0s 78us/step - loss: 0.0246 - acc: 0.4244 - val_loss: 1.2025 - val_acc: 0.4480
Train on 2804 samples, validate on 500 samples
Epoch 1/1
2804/2804 [==============================] - 0s 78us/step - loss: 0.0247 - acc: 0.4187 - val_loss: 1.2754 - val_acc: 0.4100
Train on 2804 samples, validate on 500 samples
Epoch 1/1
2804/2804 [==============================] - 0s 78us/step - loss: 0.0244 - acc: 0.4094 - val_loss: 1.2268 - val_acc: 0.4320
Train on 2804 samples, validate on 500 samples
Epoch 1/1
2804/2804 [==============================] - 0s 78us/step - loss: 0.0244 - acc: 0.4369 - val_loss: 1.2934 - val_acc: 0.4140
Train on 2804 samples, validate on 500 samples
Epoch 1/1
2804/2804 [==============================] - 0s 78us/step - loss: 0.0244 - acc: 0.4048 - val_loss: 1.2735 - val_acc: 0.4200
Train on 2804 samples, validate on 500 samples
Epoch 1/1
2804/2804 [==============================] - 0s 78us/step - loss: 0.0245 - acc: 0.4258 - val_loss: 1.2272 - val_acc: 0.4520
Train on 2804 samples, validate on 500 samples
Epoch 1/1
2804/2804 [==============================] - 0s 78us/step - loss: 0.0244 - acc: 0.4315 - val_loss: 1.2640 - val_acc: 0.4380
Train on 2804 samples, validate on 500 samples
Epoch 1/1
2804/2804 [==============================] - 0s 78us/step - loss: 0.0243 - acc: 0.4190 - val_loss: 1.2540 - val_acc: 0.4420
Train on 2804 samples, validate on 500 samples
Epoch 1/1
2804/2804 [==============================] - 0s 78us/step - loss: 0.0242 - acc: 0.4372 - val_loss: 1.2081 - val_acc: 0.4620
Train on 2804 samples, validate on 500 samples
Epoch 1/1
2804/2804 [==============================] - 0s 78us/step - loss: 0.0243 - acc: 0.4290 - val_loss: 1.2708 - val_acc: 0.4300
Train on 2804 samples, validate on 500 samples
Epoch 1/1
2804/2804 [==============================] - 0s 78us/step - loss: 0.0242 - acc: 0.4237 - val_loss: 1.1668 - val_acc: 0.4740
Train on 2804 samples, validate on 500 samples
Epoch 1/1
2804/2804 [==============================] - 0s 78us/step - loss: 0.0244 - acc: 0.4233 - val_loss: 1.2233 - val_acc: 0.4480
Train on 2804 samples, validate on 500 samples
Epoch 1/1
2804/2804 [==============================] - 0s 78us/step - loss: 0.0243 - acc: 0.4237 - val_loss: 1.2343 - val_acc: 0.4480
Train on 2804 samples, validate on 500 samples
Epoch 1/1
2804/2804 [==============================] - 0s 78us/step - loss: 0.0242 - acc: 0.4244 - val_loss: 1.1281 - val_acc: 0.4960
Train on 2804 samples, validate on 500 samples
Epoch 1/1
2804/2804 [==============================] - 0s 78us/step - loss: 0.0244 - acc: 0.4365 - val_loss: 1.2112 - val_acc: 0.4680
Train on 2804 samples, validate on 500 samples
Epoch 1/1
2804/2804 [==============================] - 0s 78us/step - loss: 0.0242 - acc: 0.4305 - val_loss: 1.2417 - val_acc: 0.4200
Train on 2804 samples, validate on 500 samples
Epoch 1/1
2804/2804 [==============================] - 0s 78us/step - loss: 0.0243 - acc: 0.4237 - val_loss: 1.2470 - val_acc: 0.4500
Train on 2804 samples, validate on 500 samples
Epoch 1/1
2804/2804 [==============================] - 0s 77us/step - loss: 0.0242 - acc: 0.4290 - val_loss: 1.2006 - val_acc: 0.4620
Train on 2804 samples, validate on 500 samples
Epoch 1/1
2804/2804 [==============================] - 0s 78us/step - loss: 0.0241 - acc: 0.4362 - val_loss: 1.2231 - val_acc: 0.4500
Train on 2804 samples, validate on 500 samples
Epoch 1/1
2804/2804 [==============================] - 0s 78us/step - loss: 0.0241 - acc: 0.4394 - val_loss: 1.2445 - val_acc: 0.4300
Train on 2804 samples, validate on 500 samples
Epoch 1/1
2804/2804 [==============================] - 0s 78us/step - loss: 0.0243 - acc: 0.4308 - val_loss: 1.2526 - val_acc: 0.4340
Train on 2804 samples, validate on 500 samples
Epoch 1/1
2804/2804 [==============================] - 0s 78us/step - loss: 0.0241 - acc: 0.4294 - val_loss: 1.2107 - val_acc: 0.4640
Train on 2804 samples, validate on 500 samples
Epoch 1/1
2804/2804 [==============================] - 0s 78us/step - loss: 0.0240 - acc: 0.4322 - val_loss: 1.2536 - val_acc: 0.4400
Train on 2804 samples, validate on 500 samples
Epoch 1/1
2804/2804 [==============================] - 0s 78us/step - loss: 0.0241 - acc: 0.4369 - val_loss: 1.1712 - val_acc: 0.4780
Train on 2804 samples, validate on 500 samples
Epoch 1/1
2804/2804 [==============================] - 0s 77us/step - loss: 0.0241 - acc: 0.4354 - val_loss: 1.1798 - val_acc: 0.4820
Train on 2804 samples, validate on 500 samples
Epoch 1/1
2804/2804 [==============================] - 0s 78us/step - loss: 0.0241 - acc: 0.4290 - val_loss: 1.1883 - val_acc: 0.4780
Train on 2804 samples, validate on 500 samples
Epoch 1/1
2804/2804 [==============================] - 0s 78us/step - loss: 0.0241 - acc: 0.4315 - val_loss: 1.1990 - val_acc: 0.4580
Train on 2804 samples, validate on 500 samples
Epoch 1/1
2804/2804 [==============================] - 0s 78us/step - loss: 0.0241 - acc: 0.4497 - val_loss: 1.2695 - val_acc: 0.4320
Train on 2804 samples, validate on 500 samples
Epoch 1/1
2804/2804 [==============================] - 0s 78us/step - loss: 0.0241 - acc: 0.4226 - val_loss: 1.2219 - val_acc: 0.4620
Train on 2804 samples, validate on 500 samples
Epoch 1/1
2804/2804 [==============================] - 0s 78us/step - loss: 0.0241 - acc: 0.4479 - val_loss: 1.2862 - val_acc: 0.4220
Train on 2804 samples, validate on 500 samples
Epoch 1/1
2804/2804 [==============================] - 0s 78us/step - loss: 0.0240 - acc: 0.4283 - val_loss: 1.2527 - val_acc: 0.4280
Train on 2804 samples, validate on 500 samples
Epoch 1/1
2804/2804 [==============================] - 0s 78us/step - loss: 0.0240 - acc: 0.4319 - val_loss: 1.2666 - val_acc: 0.4340
Train on 2804 samples, validate on 500 samples
Epoch 1/1
2804/2804 [==============================] - 0s 78us/step - loss: 0.0240 - acc: 0.4401 - val_loss: 1.2502 - val_acc: 0.4400
Train on 2804 samples, validate on 500 samples
Epoch 1/1
2804/2804 [==============================] - 0s 77us/step - loss: 0.0239 - acc: 0.4440 - val_loss: 1.1971 - val_acc: 0.4720
Train on 2804 samples, validate on 500 samples
Epoch 1/1
2804/2804 [==============================] - 0s 78us/step - loss: 0.0239 - acc: 0.4440 - val_loss: 1.1898 - val_acc: 0.4720
Train on 2804 samples, validate on 500 samples
Epoch 1/1
2804/2804 [==============================] - 0s 78us/step - loss: 0.0239 - acc: 0.4397 - val_loss: 1.1828 - val_acc: 0.4820
Train on 2804 samples, validate on 500 samples
Epoch 1/1
2804/2804 [==============================] - 0s 78us/step - loss: 0.0240 - acc: 0.4519 - val_loss: 1.2104 - val_acc: 0.4640
Train on 2804 samples, validate on 500 samples
Epoch 1/1
2804/2804 [==============================] - 0s 78us/step - loss: 0.0240 - acc: 0.4408 - val_loss: 1.2068 - val_acc: 0.4720
Train on 2804 samples, validate on 500 samples
Epoch 1/1
2804/2804 [==============================] - 0s 78us/step - loss: 0.0239 - acc: 0.4458 - val_loss: 1.2090 - val_acc: 0.4720
Train on 2804 samples, validate on 500 samples
Epoch 1/1
2804/2804 [==============================] - 0s 77us/step - loss: 0.0238 - acc: 0.4554 - val_loss: 1.2160 - val_acc: 0.4580
Train on 2804 samples, validate on 500 samples
Epoch 1/1
2804/2804 [==============================] - 0s 78us/step - loss: 0.0238 - acc: 0.4412 - val_loss: 1.2459 - val_acc: 0.4460
Train on 2804 samples, validate on 500 samples
Epoch 1/1
2804/2804 [==============================] - 0s 78us/step - loss: 0.0238 - acc: 0.4572 - val_loss: 1.2485 - val_acc: 0.4340
Train on 2804 samples, validate on 500 samples
Epoch 1/1
2804/2804 [==============================] - 0s 78us/step - loss: 0.0238 - acc: 0.4433 - val_loss: 1.1826 - val_acc: 0.4740
Train on 2804 samples, validate on 500 samples
Epoch 1/1
2804/2804 [==============================] - 0s 78us/step - loss: 0.0239 - acc: 0.4561 - val_loss: 1.2929 - val_acc: 0.4320
Train on 2804 samples, validate on 500 samples
Epoch 1/1
2804/2804 [==============================] - 0s 78us/step - loss: 0.0238 - acc: 0.4415 - val_loss: 1.2527 - val_acc: 0.4560
Train on 2804 samples, validate on 500 samples
Epoch 1/1
2804/2804 [==============================] - 0s 78us/step - loss: 0.0239 - acc: 0.4590 - val_loss: 1.2206 - val_acc: 0.4560
Train on 2804 samples, validate on 500 samples
Epoch 1/1
2804/2804 [==============================] - 0s 78us/step - loss: 0.0237 - acc: 0.4472 - val_loss: 1.1957 - val_acc: 0.4640
Train on 2804 samples, validate on 500 samples
Epoch 1/1
2804/2804 [==============================] - 0s 78us/step - loss: 0.0239 - acc: 0.4529 - val_loss: 1.2061 - val_acc: 0.4640
_________________________________________________________________
Layer (type)                 Output Shape              Param #   
=================================================================
batch_normalization_3 (Batch (None, 10, 35, 1)         4         
_________________________________________________________________
conv2d_5 (Conv2D)            (None, 4, 17, 8)          80        
_________________________________________________________________
conv2d_6 (Conv2D)            (None, 2, 8, 8)           264       
_________________________________________________________________
flatten_3 (Flatten)          (None, 128)               0         
_________________________________________________________________
dense_5 (Dense)              (None, 8)                 1032      
_________________________________________________________________
dense_6 (Dense)              (None, 1)                 9         
=================================================================
Total params: 1,389
Trainable params: 1,387
Non-trainable params: 2
_________________________________________________________________
None
Train on 2804 samples, validate on 500 samples
Epoch 1/1
2804/2804 [==============================] - 1s 198us/step - loss: 0.0718 - acc: 0.2340 - val_loss: 1.4275 - val_acc: 0.0860
Train on 2804 samples, validate on 500 samples
Epoch 1/1
2804/2804 [==============================] - 0s 78us/step - loss: 0.0515 - acc: 0.0703 - val_loss: 1.8725 - val_acc: 0.0860
Train on 2804 samples, validate on 500 samples
Epoch 1/1
2804/2804 [==============================] - 0s 78us/step - loss: 0.0471 - acc: 0.0703 - val_loss: 1.7671 - val_acc: 0.0860
Train on 2804 samples, validate on 500 samples
Epoch 1/1
2804/2804 [==============================] - 0s 78us/step - loss: 0.0435 - acc: 0.0703 - val_loss: 1.6723 - val_acc: 0.0860
Train on 2804 samples, validate on 500 samples
Epoch 1/1
2804/2804 [==============================] - 0s 78us/step - loss: 0.0402 - acc: 0.0703 - val_loss: 1.5927 - val_acc: 0.0860
Train on 2804 samples, validate on 500 samples
Epoch 1/1
2804/2804 [==============================] - 0s 78us/step - loss: 0.0370 - acc: 0.0752 - val_loss: 1.5691 - val_acc: 0.1000
Train on 2804 samples, validate on 500 samples
Epoch 1/1
2804/2804 [==============================] - 0s 78us/step - loss: 0.0342 - acc: 0.1373 - val_loss: 1.4480 - val_acc: 0.2000
Train on 2804 samples, validate on 500 samples
Epoch 1/1
2804/2804 [==============================] - 0s 78us/step - loss: 0.0322 - acc: 0.2240 - val_loss: 1.4043 - val_acc: 0.2520
Train on 2804 samples, validate on 500 samples
Epoch 1/1
2804/2804 [==============================] - 0s 79us/step - loss: 0.0307 - acc: 0.2785 - val_loss: 1.3516 - val_acc: 0.3080
Train on 2804 samples, validate on 500 samples
Epoch 1/1
2804/2804 [==============================] - 0s 78us/step - loss: 0.0296 - acc: 0.3228 - val_loss: 1.4128 - val_acc: 0.3140
Train on 2804 samples, validate on 500 samples
Epoch 1/1
2804/2804 [==============================] - 0s 78us/step - loss: 0.0288 - acc: 0.3317 - val_loss: 1.2492 - val_acc: 0.3740
Train on 2804 samples, validate on 500 samples
Epoch 1/1
2804/2804 [==============================] - 0s 78us/step - loss: 0.0282 - acc: 0.3409 - val_loss: 1.2477 - val_acc: 0.3840
Train on 2804 samples, validate on 500 samples
Epoch 1/1
2804/2804 [==============================] - 0s 78us/step - loss: 0.0279 - acc: 0.3609 - val_loss: 1.3647 - val_acc: 0.3500
Train on 2804 samples, validate on 500 samples
Epoch 1/1
2804/2804 [==============================] - 0s 78us/step - loss: 0.0273 - acc: 0.3556 - val_loss: 1.3167 - val_acc: 0.3660
Train on 2804 samples, validate on 500 samples
Epoch 1/1
2804/2804 [==============================] - 0s 78us/step - loss: 0.0271 - acc: 0.3606 - val_loss: 1.2309 - val_acc: 0.3980
Train on 2804 samples, validate on 500 samples
Epoch 1/1
2804/2804 [==============================] - 0s 78us/step - loss: 0.0268 - acc: 0.3677 - val_loss: 1.2889 - val_acc: 0.3820
Train on 2804 samples, validate on 500 samples
Epoch 1/1
2804/2804 [==============================] - 0s 78us/step - loss: 0.0266 - acc: 0.3745 - val_loss: 1.3082 - val_acc: 0.3680
Train on 2804 samples, validate on 500 samples
Epoch 1/1
2804/2804 [==============================] - 0s 78us/step - loss: 0.0263 - acc: 0.3627 - val_loss: 1.2503 - val_acc: 0.3960
Train on 2804 samples, validate on 500 samples
Epoch 1/1
2804/2804 [==============================] - 0s 78us/step - loss: 0.0263 - acc: 0.3784 - val_loss: 1.2883 - val_acc: 0.3800
Train on 2804 samples, validate on 500 samples
Epoch 1/1
2804/2804 [==============================] - 0s 78us/step - loss: 0.0261 - acc: 0.3759 - val_loss: 1.2329 - val_acc: 0.4100
Train on 2804 samples, validate on 500 samples
Epoch 1/1
2804/2804 [==============================] - 0s 78us/step - loss: 0.0260 - acc: 0.3944 - val_loss: 1.3055 - val_acc: 0.3760
Train on 2804 samples, validate on 500 samples
Epoch 1/1
2804/2804 [==============================] - 0s 78us/step - loss: 0.0259 - acc: 0.3805 - val_loss: 1.2985 - val_acc: 0.3840
Train on 2804 samples, validate on 500 samples
Epoch 1/1
2804/2804 [==============================] - 0s 78us/step - loss: 0.0257 - acc: 0.3716 - val_loss: 1.1456 - val_acc: 0.4480
Train on 2804 samples, validate on 500 samples
Epoch 1/1
2804/2804 [==============================] - 0s 78us/step - loss: 0.0258 - acc: 0.4051 - val_loss: 1.1713 - val_acc: 0.4420
Train on 2804 samples, validate on 500 samples
Epoch 1/1
2804/2804 [==============================] - 0s 78us/step - loss: 0.0258 - acc: 0.3762 - val_loss: 1.2603 - val_acc: 0.4000
Train on 2804 samples, validate on 500 samples
Epoch 1/1
2804/2804 [==============================] - 0s 78us/step - loss: 0.0258 - acc: 0.3820 - val_loss: 1.2719 - val_acc: 0.3960
Train on 2804 samples, validate on 500 samples
Epoch 1/1
2804/2804 [==============================] - 0s 78us/step - loss: 0.0255 - acc: 0.3777 - val_loss: 1.2754 - val_acc: 0.3980
Train on 2804 samples, validate on 500 samples
Epoch 1/1
2804/2804 [==============================] - 0s 78us/step - loss: 0.0255 - acc: 0.3869 - val_loss: 1.2575 - val_acc: 0.4080
Train on 2804 samples, validate on 500 samples
Epoch 1/1
2804/2804 [==============================] - 0s 78us/step - loss: 0.0254 - acc: 0.3912 - val_loss: 1.2311 - val_acc: 0.4300
Train on 2804 samples, validate on 500 samples
Epoch 1/1
2804/2804 [==============================] - 0s 78us/step - loss: 0.0253 - acc: 0.3919 - val_loss: 1.2613 - val_acc: 0.4060
Train on 2804 samples, validate on 500 samples
Epoch 1/1
2804/2804 [==============================] - 0s 78us/step - loss: 0.0253 - acc: 0.3873 - val_loss: 1.2406 - val_acc: 0.4280
Train on 2804 samples, validate on 500 samples
Epoch 1/1
2804/2804 [==============================] - 0s 78us/step - loss: 0.0253 - acc: 0.4076 - val_loss: 1.3300 - val_acc: 0.3920
Train on 2804 samples, validate on 500 samples
Epoch 1/1
2804/2804 [==============================] - 0s 78us/step - loss: 0.0253 - acc: 0.4062 - val_loss: 1.3648 - val_acc: 0.3800
Train on 2804 samples, validate on 500 samples
Epoch 1/1
2804/2804 [==============================] - 0s 78us/step - loss: 0.0252 - acc: 0.3873 - val_loss: 1.2188 - val_acc: 0.4440
Train on 2804 samples, validate on 500 samples
Epoch 1/1
2804/2804 [==============================] - 0s 78us/step - loss: 0.0250 - acc: 0.3966 - val_loss: 1.1763 - val_acc: 0.4480
Train on 2804 samples, validate on 500 samples
Epoch 1/1
2804/2804 [==============================] - 0s 78us/step - loss: 0.0250 - acc: 0.4105 - val_loss: 1.2907 - val_acc: 0.4020
Train on 2804 samples, validate on 500 samples
Epoch 1/1
2804/2804 [==============================] - 0s 78us/step - loss: 0.0251 - acc: 0.3880 - val_loss: 1.2036 - val_acc: 0.4480
Train on 2804 samples, validate on 500 samples
Epoch 1/1
2804/2804 [==============================] - 0s 78us/step - loss: 0.0251 - acc: 0.4066 - val_loss: 1.2146 - val_acc: 0.4380
Train on 2804 samples, validate on 500 samples
Epoch 1/1
2804/2804 [==============================] - 0s 78us/step - loss: 0.0249 - acc: 0.4048 - val_loss: 1.2200 - val_acc: 0.4500
Train on 2804 samples, validate on 500 samples
Epoch 1/1
2804/2804 [==============================] - 0s 78us/step - loss: 0.0252 - acc: 0.4091 - val_loss: 1.3533 - val_acc: 0.3900
Train on 2804 samples, validate on 500 samples
Epoch 1/1
2804/2804 [==============================] - 0s 78us/step - loss: 0.0249 - acc: 0.3941 - val_loss: 1.2030 - val_acc: 0.4360
Train on 2804 samples, validate on 500 samples
Epoch 1/1
2804/2804 [==============================] - 0s 78us/step - loss: 0.0247 - acc: 0.4130 - val_loss: 1.1734 - val_acc: 0.4680
Train on 2804 samples, validate on 500 samples
Epoch 1/1
2804/2804 [==============================] - 0s 78us/step - loss: 0.0249 - acc: 0.4116 - val_loss: 1.2002 - val_acc: 0.4500
Train on 2804 samples, validate on 500 samples
Epoch 1/1
2804/2804 [==============================] - 0s 78us/step - loss: 0.0248 - acc: 0.4169 - val_loss: 1.2272 - val_acc: 0.4320
Train on 2804 samples, validate on 500 samples
Epoch 1/1
2804/2804 [==============================] - 0s 78us/step - loss: 0.0247 - acc: 0.4130 - val_loss: 1.2304 - val_acc: 0.4440
Train on 2804 samples, validate on 500 samples
Epoch 1/1
2804/2804 [==============================] - 0s 78us/step - loss: 0.0246 - acc: 0.4101 - val_loss: 1.2792 - val_acc: 0.4140
Train on 2804 samples, validate on 500 samples
Epoch 1/1
2804/2804 [==============================] - 0s 78us/step - loss: 0.0247 - acc: 0.4126 - val_loss: 1.1985 - val_acc: 0.4440
Train on 2804 samples, validate on 500 samples
Epoch 1/1
2804/2804 [==============================] - 0s 78us/step - loss: 0.0246 - acc: 0.4201 - val_loss: 1.2620 - val_acc: 0.4220
Train on 2804 samples, validate on 500 samples
Epoch 1/1
2804/2804 [==============================] - 0s 78us/step - loss: 0.0247 - acc: 0.4119 - val_loss: 1.2238 - val_acc: 0.4380
Train on 2804 samples, validate on 500 samples
Epoch 1/1
2804/2804 [==============================] - 0s 78us/step - loss: 0.0246 - acc: 0.4251 - val_loss: 1.2377 - val_acc: 0.4320
Train on 2804 samples, validate on 500 samples
Epoch 1/1
2804/2804 [==============================] - 0s 78us/step - loss: 0.0246 - acc: 0.4176 - val_loss: 1.1948 - val_acc: 0.4420
Train on 2804 samples, validate on 500 samples
Epoch 1/1
2804/2804 [==============================] - 0s 78us/step - loss: 0.0245 - acc: 0.4233 - val_loss: 1.1936 - val_acc: 0.4620
Train on 2804 samples, validate on 500 samples
Epoch 1/1
2804/2804 [==============================] - 0s 78us/step - loss: 0.0245 - acc: 0.4165 - val_loss: 1.2664 - val_acc: 0.4300
Train on 2804 samples, validate on 500 samples
Epoch 1/1
2804/2804 [==============================] - 0s 78us/step - loss: 0.0244 - acc: 0.4194 - val_loss: 1.2628 - val_acc: 0.4300
Train on 2804 samples, validate on 500 samples
Epoch 1/1
2804/2804 [==============================] - 0s 78us/step - loss: 0.0243 - acc: 0.4219 - val_loss: 1.1910 - val_acc: 0.4700
Train on 2804 samples, validate on 500 samples
Epoch 1/1
2804/2804 [==============================] - 0s 78us/step - loss: 0.0244 - acc: 0.4198 - val_loss: 1.1766 - val_acc: 0.4660
Train on 2804 samples, validate on 500 samples
Epoch 1/1
2804/2804 [==============================] - 0s 78us/step - loss: 0.0244 - acc: 0.4269 - val_loss: 1.1880 - val_acc: 0.4660
Train on 2804 samples, validate on 500 samples
Epoch 1/1
2804/2804 [==============================] - 0s 78us/step - loss: 0.0243 - acc: 0.4290 - val_loss: 1.1323 - val_acc: 0.4820
Train on 2804 samples, validate on 500 samples
Epoch 1/1
2804/2804 [==============================] - 0s 78us/step - loss: 0.0244 - acc: 0.4237 - val_loss: 1.1884 - val_acc: 0.4760
Train on 2804 samples, validate on 500 samples
Epoch 1/1
2804/2804 [==============================] - 0s 78us/step - loss: 0.0244 - acc: 0.4272 - val_loss: 1.2454 - val_acc: 0.4360
Train on 2804 samples, validate on 500 samples
Epoch 1/1
2804/2804 [==============================] - 0s 78us/step - loss: 0.0243 - acc: 0.4244 - val_loss: 1.2502 - val_acc: 0.4320
Train on 2804 samples, validate on 500 samples
Epoch 1/1
2804/2804 [==============================] - 0s 78us/step - loss: 0.0242 - acc: 0.4190 - val_loss: 1.1840 - val_acc: 0.4620
Train on 2804 samples, validate on 500 samples
Epoch 1/1
2804/2804 [==============================] - 0s 78us/step - loss: 0.0243 - acc: 0.4272 - val_loss: 1.1948 - val_acc: 0.4640
Train on 2804 samples, validate on 500 samples
Epoch 1/1
2804/2804 [==============================] - 0s 78us/step - loss: 0.0243 - acc: 0.4244 - val_loss: 1.2074 - val_acc: 0.4600
Train on 2804 samples, validate on 500 samples
Epoch 1/1
2804/2804 [==============================] - 0s 78us/step - loss: 0.0243 - acc: 0.4223 - val_loss: 1.2341 - val_acc: 0.4440
Train on 2804 samples, validate on 500 samples
Epoch 1/1
2804/2804 [==============================] - 0s 78us/step - loss: 0.0241 - acc: 0.4269 - val_loss: 1.2187 - val_acc: 0.4540
Train on 2804 samples, validate on 500 samples
Epoch 1/1
2804/2804 [==============================] - 0s 78us/step - loss: 0.0242 - acc: 0.4379 - val_loss: 1.2345 - val_acc: 0.4400
Train on 2804 samples, validate on 500 samples
Epoch 1/1
2804/2804 [==============================] - 0s 78us/step - loss: 0.0243 - acc: 0.4290 - val_loss: 1.1591 - val_acc: 0.4860
Train on 2804 samples, validate on 500 samples
Epoch 1/1
2804/2804 [==============================] - 0s 78us/step - loss: 0.0245 - acc: 0.4180 - val_loss: 1.1993 - val_acc: 0.4560
Train on 2804 samples, validate on 500 samples
Epoch 1/1
2804/2804 [==============================] - 0s 78us/step - loss: 0.0241 - acc: 0.4276 - val_loss: 1.1909 - val_acc: 0.4660
Train on 2804 samples, validate on 500 samples
Epoch 1/1
2804/2804 [==============================] - 0s 78us/step - loss: 0.0241 - acc: 0.4390 - val_loss: 1.2871 - val_acc: 0.4140
Train on 2804 samples, validate on 500 samples
Epoch 1/1
2804/2804 [==============================] - 0s 78us/step - loss: 0.0242 - acc: 0.4276 - val_loss: 1.2822 - val_acc: 0.4240
Train on 2804 samples, validate on 500 samples
Epoch 1/1
2804/2804 [==============================] - 0s 78us/step - loss: 0.0240 - acc: 0.4176 - val_loss: 1.1760 - val_acc: 0.4840
Train on 2804 samples, validate on 500 samples
Epoch 1/1
2804/2804 [==============================] - 0s 78us/step - loss: 0.0241 - acc: 0.4401 - val_loss: 1.1687 - val_acc: 0.4740
Train on 2804 samples, validate on 500 samples
Epoch 1/1
2804/2804 [==============================] - 0s 78us/step - loss: 0.0240 - acc: 0.4397 - val_loss: 1.2568 - val_acc: 0.4400
Train on 2804 samples, validate on 500 samples
Epoch 1/1
2804/2804 [==============================] - 0s 78us/step - loss: 0.0241 - acc: 0.4297 - val_loss: 1.2005 - val_acc: 0.4640
Train on 2804 samples, validate on 500 samples
Epoch 1/1
2804/2804 [==============================] - 0s 78us/step - loss: 0.0240 - acc: 0.4372 - val_loss: 1.1850 - val_acc: 0.4640
Train on 2804 samples, validate on 500 samples
Epoch 1/1
2804/2804 [==============================] - 0s 78us/step - loss: 0.0240 - acc: 0.4244 - val_loss: 1.2031 - val_acc: 0.4720
Train on 2804 samples, validate on 500 samples
Epoch 1/1
2804/2804 [==============================] - 0s 78us/step - loss: 0.0241 - acc: 0.4454 - val_loss: 1.2791 - val_acc: 0.4280
Train on 2804 samples, validate on 500 samples
Epoch 1/1
2804/2804 [==============================] - 0s 78us/step - loss: 0.0239 - acc: 0.4287 - val_loss: 1.1754 - val_acc: 0.4800
Train on 2804 samples, validate on 500 samples
Epoch 1/1
2804/2804 [==============================] - 0s 78us/step - loss: 0.0241 - acc: 0.4305 - val_loss: 1.2103 - val_acc: 0.4560
Train on 2804 samples, validate on 500 samples
Epoch 1/1
2804/2804 [==============================] - 0s 78us/step - loss: 0.0241 - acc: 0.4376 - val_loss: 1.2974 - val_acc: 0.4220
Train on 2804 samples, validate on 500 samples
Epoch 1/1
2804/2804 [==============================] - 0s 78us/step - loss: 0.0240 - acc: 0.4280 - val_loss: 1.2507 - val_acc: 0.4500
Train on 2804 samples, validate on 500 samples
Epoch 1/1
2804/2804 [==============================] - 0s 78us/step - loss: 0.0239 - acc: 0.4283 - val_loss: 1.1476 - val_acc: 0.4920
Train on 2804 samples, validate on 500 samples
Epoch 1/1
2804/2804 [==============================] - 0s 78us/step - loss: 0.0241 - acc: 0.4419 - val_loss: 1.2254 - val_acc: 0.4560
Train on 2804 samples, validate on 500 samples
Epoch 1/1
2804/2804 [==============================] - 0s 78us/step - loss: 0.0239 - acc: 0.4444 - val_loss: 1.2564 - val_acc: 0.4340
Train on 2804 samples, validate on 500 samples
Epoch 1/1
2804/2804 [==============================] - 0s 78us/step - loss: 0.0239 - acc: 0.4330 - val_loss: 1.2152 - val_acc: 0.4520
Train on 2804 samples, validate on 500 samples
Epoch 1/1
2804/2804 [==============================] - 0s 78us/step - loss: 0.0240 - acc: 0.4387 - val_loss: 1.2050 - val_acc: 0.4520
Train on 2804 samples, validate on 500 samples
Epoch 1/1
2804/2804 [==============================] - 0s 78us/step - loss: 0.0238 - acc: 0.4415 - val_loss: 1.1579 - val_acc: 0.4840
Train on 2804 samples, validate on 500 samples
Epoch 1/1
2804/2804 [==============================] - 0s 78us/step - loss: 0.0239 - acc: 0.4451 - val_loss: 1.2385 - val_acc: 0.4460
Train on 2804 samples, validate on 500 samples
Epoch 1/1
2804/2804 [==============================] - 0s 78us/step - loss: 0.0239 - acc: 0.4422 - val_loss: 1.1730 - val_acc: 0.4860
Train on 2804 samples, validate on 500 samples
Epoch 1/1
2804/2804 [==============================] - 0s 78us/step - loss: 0.0239 - acc: 0.4494 - val_loss: 1.1735 - val_acc: 0.4900
Train on 2804 samples, validate on 500 samples
Epoch 1/1
2804/2804 [==============================] - 0s 78us/step - loss: 0.0237 - acc: 0.4501 - val_loss: 1.1281 - val_acc: 0.5080
Train on 2804 samples, validate on 500 samples
Epoch 1/1
2804/2804 [==============================] - 0s 78us/step - loss: 0.0239 - acc: 0.4511 - val_loss: 1.1650 - val_acc: 0.4840
Train on 2804 samples, validate on 500 samples
Epoch 1/1
2804/2804 [==============================] - 0s 78us/step - loss: 0.0238 - acc: 0.4490 - val_loss: 1.2736 - val_acc: 0.4340
Train on 2804 samples, validate on 500 samples
Epoch 1/1
2804/2804 [==============================] - 0s 78us/step - loss: 0.0237 - acc: 0.4547 - val_loss: 1.2118 - val_acc: 0.4440
Train on 2804 samples, validate on 500 samples
Epoch 1/1
2804/2804 [==============================] - 0s 78us/step - loss: 0.0238 - acc: 0.4508 - val_loss: 1.2452 - val_acc: 0.4480
Train on 2804 samples, validate on 500 samples
Epoch 1/1
2804/2804 [==============================] - 0s 78us/step - loss: 0.0237 - acc: 0.4422 - val_loss: 1.2002 - val_acc: 0.4760
Train on 2804 samples, validate on 500 samples
Epoch 1/1
2804/2804 [==============================] - 0s 78us/step - loss: 0.0237 - acc: 0.4497 - val_loss: 1.1779 - val_acc: 0.4880
Train on 2804 samples, validate on 500 samples
Epoch 1/1
2804/2804 [==============================] - 0s 78us/step - loss: 0.0237 - acc: 0.4572 - val_loss: 1.1672 - val_acc: 0.4880
Neck alphas removed: 0.9992248062015504
Nuclear recoils removed: 0.5820568927789934
