Configuration: /home/brendonm/icn_grid_search/dropout0.5/l2_lambda0.001/initial_examples64/initial_threshold0.02/threshold_multiplier1.025/ Accuracy: 0.8122395833333333 CWSD: 0.5716387828562578 Precision: 0.7874685414518948 Recall: 0.9921545336274676
Configuration: /home/brendonm/icn_grid_search/dropout0.5/l2_lambda0.003/initial_examples128/initial_threshold0.01/threshold_multiplier1.025/ Accuracy: 0.978125 CWSD: 0.23087692688663833 Precision: 0.978359418838935 Recall: 0.9872222222222221
Configuration: /home/brendonm/icn_grid_search/dropout0.25/l2_lambda0/initial_examples256/initial_threshold0.02/threshold_multiplier1.05/ Accuracy: 0.9721354166666667 CWSD: 0.22795820931422203 Precision: 0.9577069491838167 Recall: 1.0
Configuration: /home/brendonm/icn_grid_search/dropout0/l2_lambda0.001/initial_examples256/initial_threshold0.02/threshold_multiplier1.025/ Accuracy: 0.95625 CWSD: 0.3263985818726914 Precision: 0.9383224448794074 Recall: 0.9995780590717299
Configuration: /home/brendonm/icn_grid_search/dropout0.25/l2_lambda0.003/initial_examples256/initial_threshold0.02/threshold_multiplier1.025/ Accuracy: 0.9731770833333333 CWSD: 0.2578265764821523 Precision: 0.9612028673570302 Recall: 0.9956140350877193
Configuration: /home/brendonm/icn_grid_search/dropout0.25/l2_lambda0.003/initial_examples256/initial_threshold0.01/threshold_multiplier1.025/ Accuracy: 0.9690104166666667 CWSD: 0.2626385641885212 Precision: 0.9542007799480414 Recall: 0.9936766660886655
Configuration: /home/brendonm/icn_grid_search/dropout0/l2_lambda0.003/initial_examples256/initial_threshold0.01/threshold_multiplier1.025/ Accuracy: 0.9528645833333333 CWSD: 0.3068774365263112 Precision: 0.9331340102373371 Recall: 1.0
Configuration: /home/brendonm/icn_grid_search/dropout0.25/l2_lambda0.001/initial_examples128/initial_threshold0.01/threshold_multiplier1.05/ Accuracy: 0.92734375 CWSD: 0.3055664241908988 Precision: 0.8926757092103665 Recall: 0.9995555555555556
Configuration: /home/brendonm/icn_grid_search/dropout0/l2_lambda0.003/initial_examples32/initial_threshold0.01/threshold_multiplier1.025/ Accuracy: 0.6684895833333333 CWSD: nan Precision: 0.6553394564440091 Recall: 0.9964705882352941
Configuration: /home/brendonm/icn_grid_search/dropout0/l2_lambda0.001/initial_examples256/initial_threshold0.02/threshold_multiplier1.05/ Accuracy: 0.9419270833333333 CWSD: 0.3559345593642813 Precision: 0.9158222451431243 Recall: 1.0
Configuration: /home/brendonm/icn_grid_search/dropout0.5/l2_lambda0/initial_examples256/initial_threshold0.02/threshold_multiplier1.05/ Accuracy: 0.971875 CWSD: 0.25345397474844816 Precision: 0.9560205778154086 Recall: 0.9959459459459459
Configuration: /home/brendonm/icn_grid_search/dropout0.25/l2_lambda0.001/initial_examples128/initial_threshold0.02/threshold_multiplier1.025/ Accuracy: 0.96796875 CWSD: 0.25732426792991053 Precision: 0.9549926389400074 Recall: 0.9983739837398374
Configuration: /home/brendonm/icn_grid_search/dropout0.25/l2_lambda0.003/initial_examples32/initial_threshold0.01/threshold_multiplier1.025/ Accuracy: 0.6802083333333333 CWSD: nan Precision: 0.6757024597401126 Recall: 0.9882352941176471
Configuration: /home/brendonm/icn_grid_search/dropout0.25/l2_lambda0/initial_examples32/initial_threshold0.02/threshold_multiplier1.025/ Accuracy: 0.7440104166666666 CWSD: 0.7284023792219365 Precision: 0.7185232272229399 Recall: 0.9675438596491229
Configuration: /home/brendonm/icn_grid_search/dropout0/l2_lambda0.001/initial_examples128/initial_threshold0.01/threshold_multiplier1.025/ Accuracy: 0.93515625 CWSD: 0.3762929773638944 Precision: 0.9101674951547416 Recall: 1.0
Configuration: /home/brendonm/icn_grid_search/dropout0/l2_lambda0/initial_examples64/initial_threshold0.02/threshold_multiplier1.025/ Accuracy: 0.8127604166666667 CWSD: 0.5987867667543999 Precision: 0.7540785089647196 Recall: 0.9940639269406394
Configuration: /home/brendonm/icn_grid_search/dropout0.25/l2_lambda0.001/initial_examples256/initial_threshold0.01/threshold_multiplier1.05/ Accuracy: 0.9666666666666667 CWSD: 0.2651433592698585 Precision: 0.9497523541323417 Recall: 1.0
Configuration: /home/brendonm/icn_grid_search/dropout0.5/l2_lambda0/initial_examples64/initial_threshold0.02/threshold_multiplier1.05/ Accuracy: 0.93515625 CWSD: 0.3052061657265478 Precision: 0.9121294578437436 Recall: 1.0
Configuration: /home/brendonm/icn_grid_search/dropout0/l2_lambda0.001/initial_examples256/initial_threshold0.01/threshold_multiplier1.05/ Accuracy: 0.9244791666666666 CWSD: 0.44395560894882696 Precision: 0.9014612482367642 Recall: 0.9893464052287583
Configuration: /home/brendonm/icn_grid_search/dropout0.5/l2_lambda0.003/initial_examples32/initial_threshold0.01/threshold_multiplier1.05/ Accuracy: 0.6328125 CWSD: nan Precision: 0.6328125 Recall: 1.0
Configuration: /home/brendonm/icn_grid_search/dropout0.5/l2_lambda0/initial_examples32/initial_threshold0.01/threshold_multiplier1.05/ Accuracy: 0.7018229166666667 CWSD: 0.7476537569262418 Precision: 0.6761055763369873 Recall: 1.0
Configuration: /home/brendonm/icn_grid_search/dropout0.25/l2_lambda0.003/initial_examples64/initial_threshold0.01/threshold_multiplier1.05/ Accuracy: 0.7864583333333334 CWSD: nan Precision: 0.7864583333333334 Recall: 1.0
Configuration: /home/brendonm/icn_grid_search/dropout0.25/l2_lambda0.001/initial_examples64/initial_threshold0.02/threshold_multiplier1.05/ Accuracy: 0.9588541666666667 CWSD: 0.2877137783184148 Precision: 0.9386219904037766 Recall: 0.999561403508772
Configuration: /home/brendonm/icn_grid_search/dropout0.25/l2_lambda0.003/initial_examples64/initial_threshold0.02/threshold_multiplier1.025/ Accuracy: 0.8315104166666667 CWSD: 0.4904382317904183 Precision: 0.8146550663438066 Recall: 0.9954337899543378
Configuration: /home/brendonm/icn_grid_search/dropout0/l2_lambda0.003/initial_examples32/initial_threshold0.02/threshold_multiplier1.025/ Accuracy: 0.7479166666666667 CWSD: nan Precision: 0.7463006148470649 Recall: 0.9795356037151702
Configuration: /home/brendonm/icn_grid_search/dropout0.25/l2_lambda0.003/initial_examples128/initial_threshold0.01/threshold_multiplier1.05/ Accuracy: 0.9510416666666667 CWSD: 0.27539462637161416 Precision: 0.9377663949939362 Recall: 0.9955619948147018
Configuration: /home/brendonm/icn_grid_search/dropout0/l2_lambda0.003/initial_examples64/initial_threshold0.02/threshold_multiplier1.05/ Accuracy: 0.9486979166666667 CWSD: 0.318292793684057 Precision: 0.9346587253976232 Recall: 0.9971887550200803
Configuration: /home/brendonm/icn_grid_search/dropout0/l2_lambda0/initial_examples128/initial_threshold0.01/threshold_multiplier1.05/ Accuracy: 0.8971354166666666 CWSD: 0.5091086687124214 Precision: 0.8625052542520365 Recall: 0.9851351351351352
Configuration: /home/brendonm/icn_grid_search/dropout0.5/l2_lambda0.001/initial_examples256/initial_threshold0.01/threshold_multiplier1.025/ Accuracy: 0.975 CWSD: 0.27897417750838 Precision: 0.9673559430113198 Recall: 0.9930864197530864
Configuration: /home/brendonm/icn_grid_search/dropout0.5/l2_lambda0/initial_examples256/initial_threshold0.02/threshold_multiplier1.025/ Accuracy: 0.9872395833333333 CWSD: 0.15825161823604048 Precision: 0.9791381369739316 Recall: 1.0
Configuration: /home/brendonm/icn_grid_search/dropout0.25/l2_lambda0/initial_examples256/initial_threshold0.02/threshold_multiplier1.025/ Accuracy: 0.9807291666666667 CWSD: 0.17540785810959894 Precision: 0.9701289961126438 Recall: 1.0
Configuration: /home/brendonm/icn_grid_search/dropout0.25/l2_lambda0/initial_examples32/initial_threshold0.01/threshold_multiplier1.05/ Accuracy: 0.7127604166666666 CWSD: 0.8269484731854565 Precision: 0.6976201663780947 Recall: 0.9893007929152507
Configuration: /home/brendonm/icn_grid_search/dropout0/l2_lambda0/initial_examples128/initial_threshold0.02/threshold_multiplier1.025/ Accuracy: 0.9453125 CWSD: 0.36059469134304684 Precision: 0.9202879683563948 Recall: 0.9961538461538462
Configuration: /home/brendonm/icn_grid_search/dropout0.5/l2_lambda0.003/initial_examples64/initial_threshold0.01/threshold_multiplier1.05/ Accuracy: 0.65625 CWSD: nan Precision: 0.65625 Recall: 1.0
Configuration: /home/brendonm/icn_grid_search/dropout0.5/l2_lambda0.003/initial_examples256/initial_threshold0.02/threshold_multiplier1.025/ Accuracy: 0.9802083333333333 CWSD: 0.2392860934383044 Precision: 0.9747610562493191 Recall: 0.9943285336467822
Configuration: /home/brendonm/icn_grid_search/dropout0/l2_lambda0.001/initial_examples64/initial_threshold0.02/threshold_multiplier1.05/ Accuracy: 0.96640625 CWSD: 0.2017860021732325 Precision: 0.9507054047211483 Recall: 1.0
Configuration: /home/brendonm/icn_grid_search/dropout0.5/l2_lambda0.001/initial_examples128/initial_threshold0.01/threshold_multiplier1.025/ Accuracy: 0.975 CWSD: 0.2696742305824473 Precision: 0.9717791431366646 Recall: 0.9896768316072114
Configuration: /home/brendonm/icn_grid_search/dropout0.5/l2_lambda0.001/initial_examples256/initial_threshold0.01/threshold_multiplier1.05/ Accuracy: 0.9875 CWSD: 0.16644562745394206 Precision: 0.9847363817553519 Recall: 0.9959839357429718
Configuration: /home/brendonm/icn_grid_search/dropout0.25/l2_lambda0/initial_examples128/initial_threshold0.02/threshold_multiplier1.025/ Accuracy: 0.95390625 CWSD: 0.2913301785911658 Precision: 0.9367681527854552 Recall: 0.9936936936936936
Configuration: /home/brendonm/icn_grid_search/dropout0.25/l2_lambda0.001/initial_examples32/initial_threshold0.02/threshold_multiplier1.05/ Accuracy: 0.7692708333333333 CWSD: 0.7592676642474897 Precision: 0.7397069296355488 Recall: 0.9843137254901961
Configuration: /home/brendonm/icn_grid_search/dropout0.25/l2_lambda0.001/initial_examples64/initial_threshold0.01/threshold_multiplier1.05/ Accuracy: 0.6986979166666667 CWSD: 0.7706701556881548 Precision: 0.6625924040173564 Recall: 0.9886745974525355
Configuration: /home/brendonm/icn_grid_search/dropout0/l2_lambda0/initial_examples256/initial_threshold0.01/threshold_multiplier1.025/ Accuracy: 0.9252604166666667 CWSD: 0.40236727479570567 Precision: 0.8904136233108156 Recall: 0.9974358974358974
Configuration: /home/brendonm/icn_grid_search/dropout0/l2_lambda0/initial_examples256/initial_threshold0.01/threshold_multiplier1.05/ Accuracy: 0.9549479166666667 CWSD: 0.35124581071195743 Precision: 0.9358670022094263 Recall: 0.9956709956709956
Configuration: /home/brendonm/icn_grid_search/dropout0.5/l2_lambda0.003/initial_examples128/initial_threshold0.02/threshold_multiplier1.05/ Accuracy: 0.9828125 CWSD: 0.22584298264223182 Precision: 0.9776613251921571 Recall: 0.9955555555555556
Configuration: /home/brendonm/icn_grid_search/dropout0/l2_lambda0/initial_examples128/initial_threshold0.01/threshold_multiplier1.025/ Accuracy: 0.9533854166666667 CWSD: 0.3166285512763419 Precision: 0.9272835282868249 Recall: 1.0
Configuration: /home/brendonm/icn_grid_search/dropout0/l2_lambda0/initial_examples256/initial_threshold0.02/threshold_multiplier1.05/ Accuracy: 0.93515625 CWSD: 0.3705857774057566 Precision: 0.9039813128194135 Recall: 0.9978354978354979
Configuration: /home/brendonm/icn_grid_search/dropout0.25/l2_lambda0.003/initial_examples256/initial_threshold0.01/threshold_multiplier1.05/ Accuracy: 0.9763020833333333 CWSD: 0.20579359463084254 Precision: 0.9614712809582895 Recall: 1.0
Configuration: /home/brendonm/icn_grid_search/dropout0.25/l2_lambda0.003/initial_examples256/initial_threshold0.02/threshold_multiplier1.05/ Accuracy: 0.9799479166666667 CWSD: 0.2440575388689903 Precision: 0.9739710424425437 Recall: 0.9956337082636674
Configuration: /home/brendonm/icn_grid_search/dropout0.25/l2_lambda0/initial_examples64/initial_threshold0.02/threshold_multiplier1.025/ Accuracy: 0.965625 CWSD: 0.2727601270848039 Precision: 0.9480468464983055 Recall: 1.0
Configuration: /home/brendonm/icn_grid_search/dropout0.25/l2_lambda0.001/initial_examples32/initial_threshold0.02/threshold_multiplier1.025/ Accuracy: 0.703125 CWSD: 0.7102201172585388 Precision: 0.6762824321080755 Recall: 0.9988235294117648
Configuration: /home/brendonm/icn_grid_search/dropout0.5/l2_lambda0.003/initial_examples128/initial_threshold0.01/threshold_multiplier1.05/ Accuracy: 0.9385416666666666 CWSD: 0.40868066313329693 Precision: 0.9299028384175138 Recall: 0.9874953857511998
Configuration: /home/brendonm/icn_grid_search/dropout0.5/l2_lambda0.003/initial_examples64/initial_threshold0.02/threshold_multiplier1.025/ Accuracy: 0.9098958333333333 CWSD: 0.43833254987779413 Precision: 0.8999781721472454 Recall: 0.9885948007628226
Configuration: /home/brendonm/icn_grid_search/dropout0.5/l2_lambda0.003/initial_examples64/initial_threshold0.01/threshold_multiplier1.025/ Accuracy: 0.7486979166666667 CWSD: 0.7842682103378583 Precision: 0.7292281523504961 Recall: 0.9956709956709956
Configuration: /home/brendonm/icn_grid_search/dropout0.5/l2_lambda0.001/initial_examples32/initial_threshold0.01/threshold_multiplier1.05/ Accuracy: 0.7708333333333334 CWSD: 0.5363845343416344 Precision: 0.7603919358867114 Recall: 1.0
Configuration: /home/brendonm/icn_grid_search/dropout0.5/l2_lambda0/initial_examples128/initial_threshold0.01/threshold_multiplier1.025/ Accuracy: 0.9260416666666667 CWSD: 0.4446005706659751 Precision: 0.8994461253489523 Recall: 0.9951219512195122
Configuration: /home/brendonm/icn_grid_search/dropout0.25/l2_lambda0/initial_examples256/initial_threshold0.01/threshold_multiplier1.025/ Accuracy: 0.95234375 CWSD: 0.307799704892141 Precision: 0.9297685097990516 Recall: 1.0
Configuration: /home/brendonm/icn_grid_search/dropout0.5/l2_lambda0/initial_examples64/initial_threshold0.02/threshold_multiplier1.025/ Accuracy: 0.8171875000000001 CWSD: 0.6269281476196323 Precision: 0.8080497347299116 Recall: 0.9879816685372242
Configuration: /home/brendonm/icn_grid_search/dropout0.5/l2_lambda0.003/initial_examples32/initial_threshold0.01/threshold_multiplier1.025/ Accuracy: 0.734375 CWSD: nan Precision: 0.7310363247863249 Recall: 1.0
Configuration: /home/brendonm/icn_grid_search/dropout0.25/l2_lambda0/initial_examples32/initial_threshold0.02/threshold_multiplier1.05/ Accuracy: 0.7848958333333333 CWSD: 0.7300638689959267 Precision: 0.752189682326225 Recall: 0.9776422764227642
Configuration: /home/brendonm/icn_grid_search/dropout0.5/l2_lambda0.003/initial_examples256/initial_threshold0.01/threshold_multiplier1.05/ Accuracy: 0.9822916666666667 CWSD: 0.22087077010184428 Precision: 0.9834512653789762 Recall: 0.9876105288196465
Configuration: /home/brendonm/icn_grid_search/dropout0/l2_lambda0.003/initial_examples32/initial_threshold0.02/threshold_multiplier1.05/ Accuracy: 0.7994791666666666 CWSD: 0.6721389883000898 Precision: 0.7849011439199679 Recall: 0.9879901960784313
Configuration: /home/brendonm/icn_grid_search/dropout0.5/l2_lambda0.001/initial_examples256/initial_threshold0.02/threshold_multiplier1.05/ Accuracy: 0.9841145833333333 CWSD: 0.2000459963724457 Precision: 0.9760915432676538 Recall: 0.9995555555555556
Configuration: /home/brendonm/icn_grid_search/dropout0/l2_lambda0.003/initial_examples256/initial_threshold0.02/threshold_multiplier1.05/ Accuracy: 0.9768229166666667 CWSD: 0.24340033418184007 Precision: 0.9646592682655193 Recall: 0.9995983935742973
Configuration: /home/brendonm/icn_grid_search/dropout0.25/l2_lambda0.001/initial_examples256/initial_threshold0.01/threshold_multiplier1.025/ Accuracy: 0.9747395833333333 CWSD: 0.25383653296978115 Precision: 0.9645654188910658 Recall: 1.0
Configuration: /home/brendonm/icn_grid_search/dropout0/l2_lambda0.003/initial_examples128/initial_threshold0.02/threshold_multiplier1.05/ Accuracy: 0.9736979166666667 CWSD: 0.23010032747836254 Precision: 0.9616274068568756 Recall: 1.0
Configuration: /home/brendonm/icn_grid_search/dropout0.5/l2_lambda0/initial_examples32/initial_threshold0.02/threshold_multiplier1.025/ Accuracy: 0.6908854166666667 CWSD: 0.7112098748131492 Precision: 0.6608051276344593 Recall: 1.0
Configuration: /home/brendonm/icn_grid_search/dropout0.25/l2_lambda0/initial_examples128/initial_threshold0.02/threshold_multiplier1.05/ Accuracy: 0.9658854166666666 CWSD: 0.2839660452904481 Precision: 0.950070383927995 Recall: 1.0
Configuration: /home/brendonm/icn_grid_search/dropout0/l2_lambda0.003/initial_examples128/initial_threshold0.01/threshold_multiplier1.025/ Accuracy: 0.940625 CWSD: 0.33188643429386083 Precision: 0.9138400247022299 Recall: 0.9936073059360732
Configuration: /home/brendonm/icn_grid_search/dropout0.5/l2_lambda0.001/initial_examples128/initial_threshold0.01/threshold_multiplier1.05/ Accuracy: 0.9294270833333333 CWSD: 0.37678198351382247 Precision: 0.9125363701783712 Recall: 0.991869918699187
Configuration: /home/brendonm/icn_grid_search/dropout0.25/l2_lambda0.003/initial_examples32/initial_threshold0.02/threshold_multiplier1.05/ Accuracy: 0.7041666666666666 CWSD: nan Precision: 0.6939924248305128 Recall: 0.9974683544303797
Configuration: /home/brendonm/icn_grid_search/dropout0.25/l2_lambda0/initial_examples256/initial_threshold0.01/threshold_multiplier1.05/ Accuracy: 0.9625 CWSD: 0.2943711074590303 Precision: 0.9444543123801686 Recall: 0.9968888888888889
Configuration: /home/brendonm/icn_grid_search/dropout0/l2_lambda0/initial_examples128/initial_threshold0.02/threshold_multiplier1.05/ Accuracy: 0.9174479166666667 CWSD: 0.43214709834946935 Precision: 0.8829779106958037 Recall: 1.0
Configuration: /home/brendonm/icn_grid_search/dropout0.25/l2_lambda0.003/initial_examples64/initial_threshold0.02/threshold_multiplier1.05/ Accuracy: 0.6630208333333334 CWSD: 0.7361425492222082 Precision: 0.6311318925063621 Recall: 0.9855183541750706
Configuration: /home/brendonm/icn_grid_search/dropout0.25/l2_lambda0.001/initial_examples256/initial_threshold0.02/threshold_multiplier1.025/ Accuracy: 0.9643229166666667 CWSD: 0.27964894979024724 Precision: 0.9477867688076901 Recall: 0.9983333333333334
Configuration: /home/brendonm/icn_grid_search/dropout0.5/l2_lambda0.003/initial_examples64/initial_threshold0.02/threshold_multiplier1.05/ Accuracy: 0.6221354166666666 CWSD: nan Precision: 0.621902728603899 Recall: 0.9913242009132421
Configuration: /home/brendonm/icn_grid_search/dropout0/l2_lambda0/initial_examples256/initial_threshold0.02/threshold_multiplier1.025/ Accuracy: 0.9299479166666667 CWSD: 0.399218689607511 Precision: 0.8945831598594167 Recall: 0.9956140350877193
Configuration: /home/brendonm/icn_grid_search/dropout0.5/l2_lambda0.001/initial_examples32/initial_threshold0.02/threshold_multiplier1.025/ Accuracy: 0.7174479166666667 CWSD: 0.8713663002985731 Precision: 0.7012634003038389 Recall: 0.996031746031746
Configuration: /home/brendonm/icn_grid_search/dropout0/l2_lambda0/initial_examples32/initial_threshold0.02/threshold_multiplier1.05/ Accuracy: 0.7973958333333333 CWSD: 0.6605984808807494 Precision: 0.7898214301713411 Recall: 0.9607594936708862
Configuration: /home/brendonm/icn_grid_search/dropout0.25/l2_lambda0.001/initial_examples64/initial_threshold0.01/threshold_multiplier1.025/ Accuracy: 0.8020833333333334 CWSD: 0.546729908516967 Precision: 0.7803086230658028 Recall: 1.0
Configuration: /home/brendonm/icn_grid_search/dropout0.5/l2_lambda0.001/initial_examples256/initial_threshold0.02/threshold_multiplier1.025/ Accuracy: 0.9796875 CWSD: 0.22250688035626534 Precision: 0.9761149721149721 Recall: 0.9919632050351005
Configuration: /home/brendonm/icn_grid_search/dropout0/l2_lambda0.003/initial_examples128/initial_threshold0.01/threshold_multiplier1.05/ Accuracy: 0.9395833333333333 CWSD: 0.37795573854720677 Precision: 0.9354390273393388 Recall: 0.988390323783582
Configuration: /home/brendonm/icn_grid_search/dropout0/l2_lambda0.001/initial_examples32/initial_threshold0.01/threshold_multiplier1.025/ Accuracy: 0.5703125 CWSD: 0.9006662305594618 Precision: 0.5677170419874815 Recall: 0.9890350877192983
Configuration: /home/brendonm/icn_grid_search/dropout0.5/l2_lambda0.001/initial_examples32/initial_threshold0.02/threshold_multiplier1.05/ Accuracy: 0.640625 CWSD: nan Precision: 0.640625 Recall: 1.0
Configuration: /home/brendonm/icn_grid_search/dropout0.25/l2_lambda0.001/initial_examples128/initial_threshold0.02/threshold_multiplier1.05/ Accuracy: 0.98984375 CWSD: 0.16267422649640004 Precision: 0.9840594019941121 Recall: 0.99915611814346
Configuration: /home/brendonm/icn_grid_search/dropout0/l2_lambda0/initial_examples64/initial_threshold0.02/threshold_multiplier1.05/ Accuracy: 0.95390625 CWSD: 0.32582036445826196 Precision: 0.9297977563828032 Recall: 0.9991666666666666
Configuration: /home/brendonm/icn_grid_search/dropout0/l2_lambda0/initial_examples64/initial_threshold0.01/threshold_multiplier1.025/ Accuracy: 0.9080729166666667 CWSD: 0.5193619276847795 Precision: 0.8901448799882408 Recall: 0.9902674386545355
Configuration: /home/brendonm/icn_grid_search/dropout0.25/l2_lambda0/initial_examples128/initial_threshold0.01/threshold_multiplier1.025/ Accuracy: 0.97734375 CWSD: 0.22532416044788592 Precision: 0.9648650311446296 Recall: 1.0
Configuration: /home/brendonm/icn_grid_search/dropout0/l2_lambda0.003/initial_examples64/initial_threshold0.01/threshold_multiplier1.025/ Accuracy: 0.7333333333333334 CWSD: nan Precision: 0.700122523688336 Recall: 1.0
Configuration: /home/brendonm/icn_grid_search/dropout0/l2_lambda0.001/initial_examples64/initial_threshold0.01/threshold_multiplier1.05/ Accuracy: 0.9822916666666667 CWSD: 0.23719319170934405 Precision: 0.9780807869694526 Recall: 0.9953476902843992
Configuration: /home/brendonm/icn_grid_search/dropout0.5/l2_lambda0.003/initial_examples32/initial_threshold0.02/threshold_multiplier1.05/ Accuracy: 0.7072916666666667 CWSD: nan Precision: 0.6881912719530644 Recall: 0.9626608187134504
Configuration: /home/brendonm/icn_grid_search/dropout0.25/l2_lambda0/initial_examples64/initial_threshold0.02/threshold_multiplier1.05/ Accuracy: 0.9403645833333334 CWSD: 0.38136577534055577 Precision: 0.9246636539023422 Recall: 0.9961240310077519
Configuration: /home/brendonm/icn_grid_search/dropout0.5/l2_lambda0/initial_examples256/initial_threshold0.01/threshold_multiplier1.025/ Accuracy: 0.9690104166666667 CWSD: 0.2474530290997096 Precision: 0.9528825403994782 Recall: 0.9978354978354979
Configuration: /home/brendonm/icn_grid_search/dropout0.25/l2_lambda0.003/initial_examples128/initial_threshold0.02/threshold_multiplier1.025/ Accuracy: 0.9356770833333333 CWSD: 0.41761057850723554 Precision: 0.9120180817933629 Recall: 0.9958333333333335
Configuration: /home/brendonm/icn_grid_search/dropout0/l2_lambda0.001/initial_examples32/initial_threshold0.02/threshold_multiplier1.025/ Accuracy: 0.77890625 CWSD: 0.6253654860986244 Precision: 0.7590382991545841 Recall: 1.0
Configuration: /home/brendonm/icn_grid_search/dropout0/l2_lambda0/initial_examples64/initial_threshold0.01/threshold_multiplier1.05/ Accuracy: 0.86875 CWSD: 0.566125026435494 Precision: 0.8287480047212918 Recall: 0.9941441441441441
Configuration: /home/brendonm/icn_grid_search/dropout0.5/l2_lambda0/initial_examples128/initial_threshold0.01/threshold_multiplier1.05/ Accuracy: 0.9174479166666667 CWSD: 0.36296937597372625 Precision: 0.8972495570296827 Recall: 0.9954628327342814
Configuration: /home/brendonm/icn_grid_search/dropout0.25/l2_lambda0.001/initial_examples64/initial_threshold0.02/threshold_multiplier1.025/ Accuracy: 0.7791666666666667 CWSD: 0.6177721938165035 Precision: 0.7516029573730099 Recall: 0.9955555555555556
Configuration: /home/brendonm/icn_grid_search/dropout0/l2_lambda0.003/initial_examples256/initial_threshold0.02/threshold_multiplier1.025/ Accuracy: 0.9721354166666667 CWSD: 0.25915362610338427 Precision: 0.9607949573389142 Recall: 0.9962962962962963
Configuration: /home/brendonm/icn_grid_search/dropout0/l2_lambda0.003/initial_examples32/initial_threshold0.01/threshold_multiplier1.05/ Accuracy: 0.6450520833333333 CWSD: nan Precision: 0.6444205216535432 Recall: 1.0
Configuration: /home/brendonm/icn_grid_search/dropout0.25/l2_lambda0/initial_examples32/initial_threshold0.01/threshold_multiplier1.025/ Accuracy: 0.7971354166666667 CWSD: 0.6260100500936662 Precision: 0.7826553079122679 Recall: 0.9824855967078189
Configuration: /home/brendonm/icn_grid_search/dropout0.5/l2_lambda0/initial_examples128/initial_threshold0.02/threshold_multiplier1.05/ Accuracy: 0.98515625 CWSD: 0.20691789760231014 Precision: 0.9795443441321474 Recall: 0.9956140350877193
Configuration: /home/brendonm/icn_grid_search/dropout0.5/l2_lambda0.003/initial_examples128/initial_threshold0.02/threshold_multiplier1.025/ Accuracy: 0.8354166666666667 CWSD: 0.5155976564159687 Precision: 0.7992596311791469 Recall: 0.9975124378109452
Configuration: /home/brendonm/icn_grid_search/dropout0.25/l2_lambda0.001/initial_examples256/initial_threshold0.02/threshold_multiplier1.05/ Accuracy: 0.9721354166666667 CWSD: 0.21175001690401737 Precision: 0.955506371524058 Recall: 1.0
Configuration: /home/brendonm/icn_grid_search/dropout0.5/l2_lambda0.001/initial_examples128/initial_threshold0.02/threshold_multiplier1.025/ Accuracy: 0.9372395833333333 CWSD: 0.42948132952211715 Precision: 0.9253245231874075 Recall: 0.9831199186991869
Configuration: /home/brendonm/icn_grid_search/dropout0/l2_lambda0.001/initial_examples32/initial_threshold0.01/threshold_multiplier1.05/ Accuracy: 0.7036458333333333 CWSD: 0.9088736517627907 Precision: 0.6791333271207213 Recall: 0.9736295760268364
Configuration: /home/brendonm/icn_grid_search/dropout0/l2_lambda0.003/initial_examples64/initial_threshold0.02/threshold_multiplier1.025/ Accuracy: 0.7364583333333334 CWSD: 0.6543509348089115 Precision: 0.6943589749967511 Recall: 1.0
Configuration: /home/brendonm/icn_grid_search/dropout0.25/l2_lambda0.001/initial_examples32/initial_threshold0.01/threshold_multiplier1.025/ Accuracy: 0.6651041666666666 CWSD: 0.8166578783373364 Precision: 0.6445194128384855 Recall: 0.996969696969697
Configuration: /home/brendonm/icn_grid_search/dropout0.5/l2_lambda0.001/initial_examples64/initial_threshold0.01/threshold_multiplier1.025/ Accuracy: 0.6885416666666666 CWSD: 0.8585001009055894 Precision: 0.6673745920888224 Recall: 0.9911442466998023
Configuration: /home/brendonm/icn_grid_search/dropout0/l2_lambda0/initial_examples32/initial_threshold0.01/threshold_multiplier1.025/ Accuracy: 0.9494791666666667 CWSD: 0.39701580553539717 Precision: 0.9418752036098291 Recall: 0.9829982625961776
Configuration: /home/brendonm/icn_grid_search/dropout0/l2_lambda0.003/initial_examples256/initial_threshold0.01/threshold_multiplier1.05/ Accuracy: 0.9606770833333333 CWSD: 0.2852585723739378 Precision: 0.9445909265547096 Recall: 0.997008547008547
Configuration: /home/brendonm/icn_grid_search/dropout0.25/l2_lambda0.003/initial_examples128/initial_threshold0.02/threshold_multiplier1.05/ Accuracy: 0.9770833333333333 CWSD: 0.22834980077613365 Precision: 0.9692432876465111 Recall: 0.9931623931623932
Configuration: /home/brendonm/icn_grid_search/dropout0/l2_lambda0/initial_examples32/initial_threshold0.02/threshold_multiplier1.025/ Accuracy: 0.8807291666666667 CWSD: 0.4225975577282712 Precision: 0.866055215097229 Recall: 0.9964912280701754
Configuration: /home/brendonm/icn_grid_search/dropout0.25/l2_lambda0/initial_examples64/initial_threshold0.01/threshold_multiplier1.025/ Accuracy: 0.8114583333333334 CWSD: 0.6700637942248675 Precision: 0.7843683744746186 Recall: 0.996031746031746
Configuration: /home/brendonm/icn_grid_search/dropout0/l2_lambda0.001/initial_examples128/initial_threshold0.02/threshold_multiplier1.025/ Accuracy: 0.9760416666666667 CWSD: 0.22985008194894965 Precision: 0.9632901143697867 Recall: 1.0
Configuration: /home/brendonm/icn_grid_search/dropout0.5/l2_lambda0/initial_examples64/initial_threshold0.01/threshold_multiplier1.025/ Accuracy: 0.7651041666666667 CWSD: 0.7974784750756477 Precision: 0.7284537423699734 Recall: 0.9819717410615146
Configuration: /home/brendonm/icn_grid_search/dropout0.25/l2_lambda0.003/initial_examples32/initial_threshold0.01/threshold_multiplier1.05/ Accuracy: 0.7776041666666667 CWSD: nan Precision: 0.7681393678160919 Recall: 0.9984126984126984
Configuration: /home/brendonm/icn_grid_search/dropout0.25/l2_lambda0.003/initial_examples64/initial_threshold0.01/threshold_multiplier1.025/ Accuracy: 0.7953125 CWSD: nan Precision: 0.7858667210533454 Recall: 0.9924242424242423
Configuration: /home/brendonm/icn_grid_search/dropout0/l2_lambda0.003/initial_examples128/initial_threshold0.02/threshold_multiplier1.025/ Accuracy: 0.975 CWSD: 0.21726399493519907 Precision: 0.9620410398300319 Recall: 0.9991430454845088
Configuration: /home/brendonm/icn_grid_search/dropout0.5/l2_lambda0.003/initial_examples256/initial_threshold0.02/threshold_multiplier1.05/ Accuracy: 0.9817708333333334 CWSD: 0.24948666966294794 Precision: 0.9796234017672619 Recall: 0.9917181069958848
Configuration: /home/brendonm/icn_grid_search/dropout0.25/l2_lambda0/initial_examples64/initial_threshold0.01/threshold_multiplier1.05/ Accuracy: 0.8239583333333333 CWSD: 0.6491199363531869 Precision: 0.7968395882558719 Recall: 0.9902868900646679
Configuration: /home/brendonm/icn_grid_search/dropout0.25/l2_lambda0.003/initial_examples128/initial_threshold0.01/threshold_multiplier1.025/ Accuracy: 0.97265625 CWSD: 0.263043275057738 Precision: 0.9680854521295698 Recall: 0.9900258397932816
Configuration: /home/brendonm/icn_grid_search/dropout0/l2_lambda0.001/initial_examples128/initial_threshold0.02/threshold_multiplier1.05/ Accuracy: 0.9325520833333334 CWSD: 0.38659594408291914 Precision: 0.9087235064795012 Recall: 0.9945398834639341
Configuration: /home/brendonm/icn_grid_search/dropout0.5/l2_lambda0.001/initial_examples32/initial_threshold0.01/threshold_multiplier1.025/ Accuracy: 0.73046875 CWSD: 0.7840336900806001 Precision: 0.7007596344020284 Recall: 0.986842105263158
Configuration: /home/brendonm/icn_grid_search/dropout0.5/l2_lambda0/initial_examples256/initial_threshold0.01/threshold_multiplier1.05/ Accuracy: 0.99140625 CWSD: 0.14178744505543836 Precision: 0.990066119642678 Recall: 0.99625
Configuration: /home/brendonm/icn_grid_search/dropout0/l2_lambda0.003/initial_examples64/initial_threshold0.01/threshold_multiplier1.05/ Accuracy: 0.7700520833333333 CWSD: 0.7824981444912756 Precision: 0.7453923200087617 Recall: 0.9874485596707818
Configuration: /home/brendonm/icn_grid_search/dropout0.5/l2_lambda0.001/initial_examples64/initial_threshold0.01/threshold_multiplier1.05/ Accuracy: 0.796875 CWSD: 0.6069078848914983 Precision: 0.7694731194731195 Recall: 0.9959349593495935
Configuration: /home/brendonm/icn_grid_search/dropout0/l2_lambda0.001/initial_examples32/initial_threshold0.02/threshold_multiplier1.05/ Accuracy: 0.6940104166666667 CWSD: 0.7937031739380203 Precision: 0.6651545307536838 Recall: 0.9952380952380953
Configuration: /home/brendonm/icn_grid_search/dropout0.5/l2_lambda0.003/initial_examples32/initial_threshold0.02/threshold_multiplier1.025/ Accuracy: 0.578125 CWSD: nan Precision: 0.578125 Recall: 1.0
Configuration: /home/brendonm/icn_grid_search/dropout0.5/l2_lambda0.001/initial_examples128/initial_threshold0.02/threshold_multiplier1.05/ Accuracy: 0.97734375 CWSD: 0.2118221759619403 Precision: 0.9741810148277436 Recall: 0.9922480620155039
Configuration: /home/brendonm/icn_grid_search/dropout0.25/l2_lambda0.001/initial_examples128/initial_threshold0.01/threshold_multiplier1.025/ Accuracy: 0.9869791666666666 CWSD: 0.20544852977001207 Precision: 0.9837851405622491 Recall: 0.9958333333333335
Configuration: /home/brendonm/icn_grid_search/dropout0/l2_lambda0.001/initial_examples128/initial_threshold0.01/threshold_multiplier1.05/ Accuracy: 0.9283854166666666 CWSD: 0.3945050019773697 Precision: 0.8976589230167402 Recall: 0.9983333333333334
Configuration: /home/brendonm/icn_grid_search/dropout0.5/l2_lambda0/initial_examples128/initial_threshold0.02/threshold_multiplier1.025/ Accuracy: 0.9817708333333334 CWSD: 0.22715210335528316 Precision: 0.9729573197897174 Recall: 1.0
Configuration: /home/brendonm/icn_grid_search/dropout0.5/l2_lambda0/initial_examples64/initial_threshold0.01/threshold_multiplier1.05/ Accuracy: 0.8190104166666666 CWSD: 0.6357371925352722 Precision: 0.7970849222574126 Recall: 0.991504329004329
Configuration: /home/brendonm/icn_grid_search/dropout0/l2_lambda0.001/initial_examples256/initial_threshold0.01/threshold_multiplier1.025/ Accuracy: 0.9442708333333334 CWSD: 0.3627046342398465 Precision: 0.924467469608258 Recall: 0.9950617283950618
Configuration: /home/brendonm/icn_grid_search/dropout0.5/l2_lambda0.003/initial_examples256/initial_threshold0.01/threshold_multiplier1.025/ Accuracy: 0.9796875 CWSD: 0.2165460026291107 Precision: 0.9711847955988903 Recall: 0.996031746031746
Configuration: /home/brendonm/icn_grid_search/dropout0.5/l2_lambda0/initial_examples32/initial_threshold0.01/threshold_multiplier1.025/ Accuracy: 0.7177083333333334 CWSD: 0.7930212899920944 Precision: 0.6920736636134596 Recall: 0.9967325306164453
Configuration: /home/brendonm/icn_grid_search/dropout0/l2_lambda0.001/initial_examples64/initial_threshold0.01/threshold_multiplier1.025/ Accuracy: 0.8973958333333333 CWSD: 0.42734120349506793 Precision: 0.8709629921430078 Recall: 0.9954954954954954
Configuration: /home/brendonm/icn_grid_search/dropout0.5/l2_lambda0/initial_examples32/initial_threshold0.02/threshold_multiplier1.05/ Accuracy: 0.7783854166666667 CWSD: 0.7882103720055508 Precision: 0.7513635499628757 Recall: 0.9920634920634921
Configuration: /home/brendonm/icn_grid_search/dropout0.25/l2_lambda0.001/initial_examples32/initial_threshold0.01/threshold_multiplier1.05/ Accuracy: 0.8138020833333334 CWSD: 0.528198345322538 Precision: 0.7975861566663118 Recall: 0.9913580246913579
Configuration: /home/brendonm/icn_grid_search/dropout0/l2_lambda0.001/initial_examples64/initial_threshold0.02/threshold_multiplier1.025/ Accuracy: 0.9059895833333333 CWSD: 0.4076067643367267 Precision: 0.8815248924141149 Recall: 0.9956709956709956
Configuration: /home/brendonm/icn_grid_search/dropout0.5/l2_lambda0.001/initial_examples64/initial_threshold0.02/threshold_multiplier1.05/ Accuracy: 0.8942708333333333 CWSD: 0.44015561607776116 Precision: 0.8799114835937177 Recall: 0.9888680033416876
Configuration: /home/brendonm/icn_grid_search/dropout0/l2_lambda0/initial_examples32/initial_threshold0.01/threshold_multiplier1.05/ Accuracy: 0.77890625 CWSD: 0.6892028154861275 Precision: 0.7379236775203291 Recall: 0.9959349593495935
Configuration: /home/brendonm/icn_grid_search/dropout0.25/l2_lambda0.003/initial_examples32/initial_threshold0.02/threshold_multiplier1.025/ Accuracy: 0.7216145833333334 CWSD: nan Precision: 0.7166011619958988 Recall: 1.0
Configuration: /home/brendonm/icn_grid_search/dropout0.25/l2_lambda0/initial_examples128/initial_threshold0.01/threshold_multiplier1.05/ Accuracy: 0.9809895833333333 CWSD: 0.21847291682255807 Precision: 0.9711397325387895 Recall: 1.0
Overall mean accuracy: 0.8690881799768518
