Using TensorFlow backend.
/usr/lib/python3.6/importlib/_bootstrap.py:219: RuntimeWarning: numpy.dtype size changed, may indicate binary incompatibility. Expected 96, got 88
  return f(*args, **kwds)
2018-10-26 10:53:57.602255: I tensorflow/core/platform/cpu_feature_guard.cc:140] Your CPU supports instructions that this TensorFlow binary was not compiled to use: AVX2 FMA
2018-10-26 10:53:57.662997: I tensorflow/stream_executor/cuda/cuda_gpu_executor.cc:898] successful NUMA node read from SysFS had negative value (-1), but there must be at least one NUMA node, so returning NUMA node zero
2018-10-26 10:53:57.663319: I tensorflow/core/common_runtime/gpu/gpu_device.cc:1356] Found device 0 with properties: 
name: GeForce GTX 1080 major: 6 minor: 1 memoryClockRate(GHz): 1.8475
pciBusID: 0000:01:00.0
totalMemory: 7.93GiB freeMemory: 7.34GiB
2018-10-26 10:53:57.663331: I tensorflow/core/common_runtime/gpu/gpu_device.cc:1435] Adding visible gpu devices: 0
2018-10-26 10:53:57.815420: I tensorflow/core/common_runtime/gpu/gpu_device.cc:923] Device interconnect StreamExecutor with strength 1 edge matrix:
2018-10-26 10:53:57.815448: I tensorflow/core/common_runtime/gpu/gpu_device.cc:929]      0 
2018-10-26 10:53:57.815453: I tensorflow/core/common_runtime/gpu/gpu_device.cc:942] 0:   N 
2018-10-26 10:53:57.815590: I tensorflow/core/common_runtime/gpu/gpu_device.cc:1053] Created TensorFlow device (/job:localhost/replica:0/task:0/device:GPU:0 with 7085 MB memory) -> physical GPU (device: 0, name: GeForce GTX 1080, pci bus id: 0000:01:00.0, compute capability: 6.1)
_________________________________________________________________
Layer (type)                 Output Shape              Param #   
=================================================================
batch_normalization_1 (Batch (None, 10, 35, 1)         4         
_________________________________________________________________
conv2d_1 (Conv2D)            (None, 4, 17, 8)          80        
_________________________________________________________________
conv2d_2 (Conv2D)            (None, 2, 8, 8)           264       
_________________________________________________________________
flatten_1 (Flatten)          (None, 128)               0         
_________________________________________________________________
dense_1 (Dense)              (None, 8)                 1032      
_________________________________________________________________
dense_2 (Dense)              (None, 1)                 9         
=================================================================
Total params: 1,389
Trainable params: 1,387
Non-trainable params: 2
_________________________________________________________________
None
Train on 2804 samples, validate on 500 samples
Epoch 1/1
2804/2804 [==============================] - 1s 326us/step - loss: 0.0376 - acc: 0.2817 - val_loss: 1.4646 - val_acc: 0.1240
Number of true positives for validation data: 33
Number of true negatives for validation data: 29
Number of false positives for validation data: 437
Number of false negatives for validation data: 1
Data saved at /home/brendonm/pulse_count_validation/time1540565639_epoch0.json
Number of true positives for real_world_test data: 18
Number of true negatives for real_world_test data: 2
Number of false positives for real_world_test data: 10
Number of false negatives for real_world_test data: 0
Data saved at /home/brendonm/pulse_count_real_world_test/time1540565639_epoch0.json
Train on 2804 samples, validate on 500 samples
Epoch 1/1
2804/2804 [==============================] - 0s 73us/step - loss: 0.0179 - acc: 0.1127 - val_loss: 2.0738 - val_acc: 0.0780
Number of true positives for validation data: 34
Number of true negatives for validation data: 5
Number of false positives for validation data: 461
Number of false negatives for validation data: 0
Data saved at /home/brendonm/pulse_count_validation/time1540565639_epoch1.json
Number of true positives for real_world_test data: 18
Number of true negatives for real_world_test data: 1
Number of false positives for real_world_test data: 11
Number of false negatives for real_world_test data: 0
Data saved at /home/brendonm/pulse_count_real_world_test/time1540565639_epoch1.json
Train on 2804 samples, validate on 500 samples
Epoch 1/1
2804/2804 [==============================] - 0s 74us/step - loss: 0.0153 - acc: 0.1063 - val_loss: 2.0716 - val_acc: 0.1000
Number of true positives for validation data: 34
Number of true negatives for validation data: 16
Number of false positives for validation data: 450
Number of false negatives for validation data: 0
Data saved at /home/brendonm/pulse_count_validation/time1540565639_epoch2.json
Number of true positives for real_world_test data: 18
Number of true negatives for real_world_test data: 2
Number of false positives for real_world_test data: 10
Number of false negatives for real_world_test data: 0
Data saved at /home/brendonm/pulse_count_real_world_test/time1540565639_epoch2.json
Train on 2804 samples, validate on 500 samples
Epoch 1/1
2804/2804 [==============================] - 0s 73us/step - loss: 0.0142 - acc: 0.1501 - val_loss: 1.7978 - val_acc: 0.2100
Number of true positives for validation data: 34
Number of true negatives for validation data: 71
Number of false positives for validation data: 395
Number of false negatives for validation data: 0
Data saved at /home/brendonm/pulse_count_validation/time1540565639_epoch3.json
Number of true positives for real_world_test data: 17
Number of true negatives for real_world_test data: 3
Number of false positives for real_world_test data: 9
Number of false negatives for real_world_test data: 1
Data saved at /home/brendonm/pulse_count_real_world_test/time1540565639_epoch3.json
Train on 2804 samples, validate on 500 samples
Epoch 1/1
2804/2804 [==============================] - 0s 74us/step - loss: 0.0132 - acc: 0.2718 - val_loss: 2.0875 - val_acc: 0.2120
Number of true positives for validation data: 34
Number of true negatives for validation data: 72
Number of false positives for validation data: 394
Number of false negatives for validation data: 0
Data saved at /home/brendonm/pulse_count_validation/time1540565640_epoch4.json
Number of true positives for real_world_test data: 18
Number of true negatives for real_world_test data: 3
Number of false positives for real_world_test data: 9
Number of false negatives for real_world_test data: 0
Data saved at /home/brendonm/pulse_count_real_world_test/time1540565640_epoch4.json
Train on 2804 samples, validate on 500 samples
Epoch 1/1
2804/2804 [==============================] - 0s 73us/step - loss: 0.0125 - acc: 0.2989 - val_loss: 1.8115 - val_acc: 0.2940
Number of true positives for validation data: 34
Number of true negatives for validation data: 113
Number of false positives for validation data: 353
Number of false negatives for validation data: 0
Data saved at /home/brendonm/pulse_count_validation/time1540565640_epoch5.json
Number of true positives for real_world_test data: 16
Number of true negatives for real_world_test data: 3
Number of false positives for real_world_test data: 9
Number of false negatives for real_world_test data: 2
Data saved at /home/brendonm/pulse_count_real_world_test/time1540565640_epoch5.json
Train on 2804 samples, validate on 500 samples
Epoch 1/1
2804/2804 [==============================] - 0s 74us/step - loss: 0.0119 - acc: 0.3606 - val_loss: 1.8235 - val_acc: 0.3220
Number of true positives for validation data: 33
Number of true negatives for validation data: 128
Number of false positives for validation data: 338
Number of false negatives for validation data: 1
Data saved at /home/brendonm/pulse_count_validation/time1540565640_epoch6.json
Number of true positives for real_world_test data: 15
Number of true negatives for real_world_test data: 3
Number of false positives for real_world_test data: 9
Number of false negatives for real_world_test data: 3
Data saved at /home/brendonm/pulse_count_real_world_test/time1540565640_epoch6.json
Train on 2804 samples, validate on 500 samples
Epoch 1/1
2804/2804 [==============================] - 0s 73us/step - loss: 0.0115 - acc: 0.3877 - val_loss: 1.8120 - val_acc: 0.3460
Number of true positives for validation data: 33
Number of true negatives for validation data: 140
Number of false positives for validation data: 326
Number of false negatives for validation data: 1
Data saved at /home/brendonm/pulse_count_validation/time1540565640_epoch7.json
Number of true positives for real_world_test data: 15
Number of true negatives for real_world_test data: 3
Number of false positives for real_world_test data: 9
Number of false negatives for real_world_test data: 3
Data saved at /home/brendonm/pulse_count_real_world_test/time1540565640_epoch7.json
Train on 2804 samples, validate on 500 samples
Epoch 1/1
2804/2804 [==============================] - 0s 73us/step - loss: 0.0111 - acc: 0.4158 - val_loss: 1.8332 - val_acc: 0.3520
Number of true positives for validation data: 33
Number of true negatives for validation data: 143
Number of false positives for validation data: 323
Number of false negatives for validation data: 1
Data saved at /home/brendonm/pulse_count_validation/time1540565640_epoch8.json
Number of true positives for real_world_test data: 15
Number of true negatives for real_world_test data: 3
Number of false positives for real_world_test data: 9
Number of false negatives for real_world_test data: 3
Data saved at /home/brendonm/pulse_count_real_world_test/time1540565640_epoch8.json
Train on 2804 samples, validate on 500 samples
Epoch 1/1
2804/2804 [==============================] - 0s 73us/step - loss: 0.0107 - acc: 0.4412 - val_loss: 1.7928 - val_acc: 0.3800
Number of true positives for validation data: 33
Number of true negatives for validation data: 157
Number of false positives for validation data: 309
Number of false negatives for validation data: 1
Data saved at /home/brendonm/pulse_count_validation/time1540565641_epoch9.json
Number of true positives for real_world_test data: 15
Number of true negatives for real_world_test data: 4
Number of false positives for real_world_test data: 8
Number of false negatives for real_world_test data: 3
Data saved at /home/brendonm/pulse_count_real_world_test/time1540565641_epoch9.json
Train on 2804 samples, validate on 500 samples
Epoch 1/1
2804/2804 [==============================] - 0s 74us/step - loss: 0.0105 - acc: 0.4526 - val_loss: 1.7804 - val_acc: 0.3860
Number of true positives for validation data: 33
Number of true negatives for validation data: 160
Number of false positives for validation data: 306
Number of false negatives for validation data: 1
Data saved at /home/brendonm/pulse_count_validation/time1540565641_epoch10.json
Number of true positives for real_world_test data: 15
Number of true negatives for real_world_test data: 4
Number of false positives for real_world_test data: 8
Number of false negatives for real_world_test data: 3
Data saved at /home/brendonm/pulse_count_real_world_test/time1540565641_epoch10.json
Train on 2804 samples, validate on 500 samples
Epoch 1/1
2804/2804 [==============================] - 0s 73us/step - loss: 0.0101 - acc: 0.4765 - val_loss: 1.7225 - val_acc: 0.4240
Number of true positives for validation data: 33
Number of true negatives for validation data: 179
Number of false positives for validation data: 287
Number of false negatives for validation data: 1
Data saved at /home/brendonm/pulse_count_validation/time1540565641_epoch11.json
Number of true positives for real_world_test data: 15
Number of true negatives for real_world_test data: 5
Number of false positives for real_world_test data: 7
Number of false negatives for real_world_test data: 3
Data saved at /home/brendonm/pulse_count_real_world_test/time1540565641_epoch11.json
Train on 2804 samples, validate on 500 samples
Epoch 1/1
2804/2804 [==============================] - 0s 74us/step - loss: 0.0098 - acc: 0.4989 - val_loss: 1.6731 - val_acc: 0.4500
Number of true positives for validation data: 33
Number of true negatives for validation data: 192
Number of false positives for validation data: 274
Number of false negatives for validation data: 1
Data saved at /home/brendonm/pulse_count_validation/time1540565641_epoch12.json
Number of true positives for real_world_test data: 15
Number of true negatives for real_world_test data: 5
Number of false positives for real_world_test data: 7
Number of false negatives for real_world_test data: 3
Data saved at /home/brendonm/pulse_count_real_world_test/time1540565641_epoch12.json
Train on 2804 samples, validate on 500 samples
Epoch 1/1
2804/2804 [==============================] - 0s 73us/step - loss: 0.0096 - acc: 0.5053 - val_loss: 1.6328 - val_acc: 0.4700
Number of true positives for validation data: 33
Number of true negatives for validation data: 202
Number of false positives for validation data: 264
Number of false negatives for validation data: 1
Data saved at /home/brendonm/pulse_count_validation/time1540565642_epoch13.json
Number of true positives for real_world_test data: 15
Number of true negatives for real_world_test data: 6
Number of false positives for real_world_test data: 6
Number of false negatives for real_world_test data: 3
Data saved at /home/brendonm/pulse_count_real_world_test/time1540565642_epoch13.json
Train on 2804 samples, validate on 500 samples
Epoch 1/1
2804/2804 [==============================] - 0s 74us/step - loss: 0.0093 - acc: 0.5207 - val_loss: 1.6375 - val_acc: 0.4740
Number of true positives for validation data: 33
Number of true negatives for validation data: 204
Number of false positives for validation data: 262
Number of false negatives for validation data: 1
Data saved at /home/brendonm/pulse_count_validation/time1540565642_epoch14.json
Number of true positives for real_world_test data: 15
Number of true negatives for real_world_test data: 6
Number of false positives for real_world_test data: 6
Number of false negatives for real_world_test data: 3
Data saved at /home/brendonm/pulse_count_real_world_test/time1540565642_epoch14.json
Train on 2804 samples, validate on 500 samples
Epoch 1/1
2804/2804 [==============================] - 0s 73us/step - loss: 0.0091 - acc: 0.5364 - val_loss: 1.5473 - val_acc: 0.4960
Number of true positives for validation data: 32
Number of true negatives for validation data: 216
Number of false positives for validation data: 250
Number of false negatives for validation data: 2
Data saved at /home/brendonm/pulse_count_validation/time1540565642_epoch15.json
Number of true positives for real_world_test data: 14
Number of true negatives for real_world_test data: 7
Number of false positives for real_world_test data: 5
Number of false negatives for real_world_test data: 4
Data saved at /home/brendonm/pulse_count_real_world_test/time1540565642_epoch15.json
Train on 2804 samples, validate on 500 samples
Epoch 1/1
2804/2804 [==============================] - 0s 74us/step - loss: 0.0089 - acc: 0.5449 - val_loss: 1.5256 - val_acc: 0.5100
Number of true positives for validation data: 32
Number of true negatives for validation data: 223
Number of false positives for validation data: 243
Number of false negatives for validation data: 2
Data saved at /home/brendonm/pulse_count_validation/time1540565642_epoch16.json
Number of true positives for real_world_test data: 13
Number of true negatives for real_world_test data: 7
Number of false positives for real_world_test data: 5
Number of false negatives for real_world_test data: 5
Data saved at /home/brendonm/pulse_count_real_world_test/time1540565642_epoch16.json
Train on 2804 samples, validate on 500 samples
Epoch 1/1
2804/2804 [==============================] - 0s 74us/step - loss: 0.0088 - acc: 0.5603 - val_loss: 1.5428 - val_acc: 0.5140
Number of true positives for validation data: 32
Number of true negatives for validation data: 225
Number of false positives for validation data: 241
Number of false negatives for validation data: 2
Data saved at /home/brendonm/pulse_count_validation/time1540565642_epoch17.json
Number of true positives for real_world_test data: 13
Number of true negatives for real_world_test data: 7
Number of false positives for real_world_test data: 5
Number of false negatives for real_world_test data: 5
Data saved at /home/brendonm/pulse_count_real_world_test/time1540565642_epoch17.json
Train on 2804 samples, validate on 500 samples
Epoch 1/1
2804/2804 [==============================] - 0s 73us/step - loss: 0.0085 - acc: 0.5613 - val_loss: 1.5137 - val_acc: 0.5240
Number of true positives for validation data: 32
Number of true negatives for validation data: 230
Number of false positives for validation data: 236
Number of false negatives for validation data: 2
Data saved at /home/brendonm/pulse_count_validation/time1540565643_epoch18.json
Number of true positives for real_world_test data: 13
Number of true negatives for real_world_test data: 8
Number of false positives for real_world_test data: 4
Number of false negatives for real_world_test data: 5
Data saved at /home/brendonm/pulse_count_real_world_test/time1540565643_epoch18.json
Train on 2804 samples, validate on 500 samples
Epoch 1/1
2804/2804 [==============================] - 0s 73us/step - loss: 0.0084 - acc: 0.5745 - val_loss: 1.4968 - val_acc: 0.5400
Number of true positives for validation data: 32
Number of true negatives for validation data: 238
Number of false positives for validation data: 228
Number of false negatives for validation data: 2
Data saved at /home/brendonm/pulse_count_validation/time1540565643_epoch19.json
Number of true positives for real_world_test data: 12
Number of true negatives for real_world_test data: 9
Number of false positives for real_world_test data: 3
Number of false negatives for real_world_test data: 6
Data saved at /home/brendonm/pulse_count_real_world_test/time1540565643_epoch19.json
Train on 2804 samples, validate on 500 samples
Epoch 1/1
2804/2804 [==============================] - 0s 74us/step - loss: 0.0082 - acc: 0.5863 - val_loss: 1.4544 - val_acc: 0.5480
Number of true positives for validation data: 30
Number of true negatives for validation data: 244
Number of false positives for validation data: 222
Number of false negatives for validation data: 4
Data saved at /home/brendonm/pulse_count_validation/time1540565643_epoch20.json
Number of true positives for real_world_test data: 12
Number of true negatives for real_world_test data: 9
Number of false positives for real_world_test data: 3
Number of false negatives for real_world_test data: 6
Data saved at /home/brendonm/pulse_count_real_world_test/time1540565643_epoch20.json
Train on 2804 samples, validate on 500 samples
Epoch 1/1
2804/2804 [==============================] - 0s 74us/step - loss: 0.0081 - acc: 0.5931 - val_loss: 1.5475 - val_acc: 0.5340
Number of true positives for validation data: 32
Number of true negatives for validation data: 235
Number of false positives for validation data: 231
Number of false negatives for validation data: 2
Data saved at /home/brendonm/pulse_count_validation/time1540565643_epoch21.json
Number of true positives for real_world_test data: 13
Number of true negatives for real_world_test data: 8
Number of false positives for real_world_test data: 4
Number of false negatives for real_world_test data: 5
Data saved at /home/brendonm/pulse_count_real_world_test/time1540565643_epoch21.json
Train on 2804 samples, validate on 500 samples
Epoch 1/1
2804/2804 [==============================] - 0s 73us/step - loss: 0.0080 - acc: 0.6027 - val_loss: 1.4571 - val_acc: 0.5640
Number of true positives for validation data: 30
Number of true negatives for validation data: 252
Number of false positives for validation data: 214
Number of false negatives for validation data: 4
Data saved at /home/brendonm/pulse_count_validation/time1540565644_epoch22.json
Number of true positives for real_world_test data: 12
Number of true negatives for real_world_test data: 8
Number of false positives for real_world_test data: 4
Number of false negatives for real_world_test data: 6
Data saved at /home/brendonm/pulse_count_real_world_test/time1540565644_epoch22.json
Train on 2804 samples, validate on 500 samples
Epoch 1/1
2804/2804 [==============================] - 0s 74us/step - loss: 0.0077 - acc: 0.6148 - val_loss: 1.4688 - val_acc: 0.5640
Number of true positives for validation data: 30
Number of true negatives for validation data: 252
Number of false positives for validation data: 214
Number of false negatives for validation data: 4
Data saved at /home/brendonm/pulse_count_validation/time1540565644_epoch23.json
Number of true positives for real_world_test data: 12
Number of true negatives for real_world_test data: 9
Number of false positives for real_world_test data: 3
Number of false negatives for real_world_test data: 6
Data saved at /home/brendonm/pulse_count_real_world_test/time1540565644_epoch23.json
Train on 2804 samples, validate on 500 samples
Epoch 1/1
2804/2804 [==============================] - 0s 73us/step - loss: 0.0076 - acc: 0.6184 - val_loss: 1.4012 - val_acc: 0.5800
Number of true positives for validation data: 29
Number of true negatives for validation data: 261
Number of false positives for validation data: 205
Number of false negatives for validation data: 5
Data saved at /home/brendonm/pulse_count_validation/time1540565644_epoch24.json
Number of true positives for real_world_test data: 12
Number of true negatives for real_world_test data: 9
Number of false positives for real_world_test data: 3
Number of false negatives for real_world_test data: 6
Data saved at /home/brendonm/pulse_count_real_world_test/time1540565644_epoch24.json
Train on 2804 samples, validate on 500 samples
Epoch 1/1
2804/2804 [==============================] - 0s 73us/step - loss: 0.0074 - acc: 0.6252 - val_loss: 1.3346 - val_acc: 0.5960
Number of true positives for validation data: 29
Number of true negatives for validation data: 269
Number of false positives for validation data: 197
Number of false negatives for validation data: 5
Data saved at /home/brendonm/pulse_count_validation/time1540565644_epoch25.json
Number of true positives for real_world_test data: 12
Number of true negatives for real_world_test data: 8
Number of false positives for real_world_test data: 4
Number of false negatives for real_world_test data: 6
Data saved at /home/brendonm/pulse_count_real_world_test/time1540565644_epoch25.json
Train on 2804 samples, validate on 500 samples
Epoch 1/1
2804/2804 [==============================] - 0s 73us/step - loss: 0.0074 - acc: 0.6345 - val_loss: 1.3451 - val_acc: 0.5940
Number of true positives for validation data: 29
Number of true negatives for validation data: 268
Number of false positives for validation data: 198
Number of false negatives for validation data: 5
Data saved at /home/brendonm/pulse_count_validation/time1540565644_epoch26.json
Number of true positives for real_world_test data: 12
Number of true negatives for real_world_test data: 8
Number of false positives for real_world_test data: 4
Number of false negatives for real_world_test data: 6
Data saved at /home/brendonm/pulse_count_real_world_test/time1540565644_epoch26.json
Train on 2804 samples, validate on 500 samples
Epoch 1/1
2804/2804 [==============================] - 0s 73us/step - loss: 0.0072 - acc: 0.6434 - val_loss: 1.3298 - val_acc: 0.6000
Number of true positives for validation data: 29
Number of true negatives for validation data: 271
Number of false positives for validation data: 195
Number of false negatives for validation data: 5
Data saved at /home/brendonm/pulse_count_validation/time1540565645_epoch27.json
Number of true positives for real_world_test data: 12
Number of true negatives for real_world_test data: 8
Number of false positives for real_world_test data: 4
Number of false negatives for real_world_test data: 6
Data saved at /home/brendonm/pulse_count_real_world_test/time1540565645_epoch27.json
Train on 2804 samples, validate on 500 samples
Epoch 1/1
2804/2804 [==============================] - 0s 74us/step - loss: 0.0071 - acc: 0.6484 - val_loss: 1.4092 - val_acc: 0.5880
Number of true positives for validation data: 29
Number of true negatives for validation data: 265
Number of false positives for validation data: 201
Number of false negatives for validation data: 5
Data saved at /home/brendonm/pulse_count_validation/time1540565645_epoch28.json
Number of true positives for real_world_test data: 12
Number of true negatives for real_world_test data: 8
Number of false positives for real_world_test data: 4
Number of false negatives for real_world_test data: 6
Data saved at /home/brendonm/pulse_count_real_world_test/time1540565645_epoch28.json
Train on 2804 samples, validate on 500 samples
Epoch 1/1
2804/2804 [==============================] - 0s 73us/step - loss: 0.0068 - acc: 0.6573 - val_loss: 1.2731 - val_acc: 0.6020
Number of true positives for validation data: 26
Number of true negatives for validation data: 275
Number of false positives for validation data: 191
Number of false negatives for validation data: 8
Data saved at /home/brendonm/pulse_count_validation/time1540565645_epoch29.json
Number of true positives for real_world_test data: 12
Number of true negatives for real_world_test data: 8
Number of false positives for real_world_test data: 4
Number of false negatives for real_world_test data: 6
Data saved at /home/brendonm/pulse_count_real_world_test/time1540565645_epoch29.json
Train on 2804 samples, validate on 500 samples
Epoch 1/1
2804/2804 [==============================] - 0s 73us/step - loss: 0.0068 - acc: 0.6673 - val_loss: 1.3062 - val_acc: 0.6000
Number of true positives for validation data: 28
Number of true negatives for validation data: 272
Number of false positives for validation data: 194
Number of false negatives for validation data: 6
Data saved at /home/brendonm/pulse_count_validation/time1540565645_epoch30.json
Number of true positives for real_world_test data: 12
Number of true negatives for real_world_test data: 8
Number of false positives for real_world_test data: 4
Number of false negatives for real_world_test data: 6
Data saved at /home/brendonm/pulse_count_real_world_test/time1540565645_epoch30.json
Train on 2804 samples, validate on 500 samples
Epoch 1/1
2804/2804 [==============================] - 0s 73us/step - loss: 0.0067 - acc: 0.6726 - val_loss: 1.3568 - val_acc: 0.5920
Number of true positives for validation data: 28
Number of true negatives for validation data: 268
Number of false positives for validation data: 198
Number of false negatives for validation data: 6
Data saved at /home/brendonm/pulse_count_validation/time1540565646_epoch31.json
Number of true positives for real_world_test data: 12
Number of true negatives for real_world_test data: 8
Number of false positives for real_world_test data: 4
Number of false negatives for real_world_test data: 6
Data saved at /home/brendonm/pulse_count_real_world_test/time1540565646_epoch31.json
Train on 2804 samples, validate on 500 samples
Epoch 1/1
2804/2804 [==============================] - 0s 74us/step - loss: 0.0065 - acc: 0.6708 - val_loss: 1.2659 - val_acc: 0.6120
Number of true positives for validation data: 26
Number of true negatives for validation data: 280
Number of false positives for validation data: 186
Number of false negatives for validation data: 8
Data saved at /home/brendonm/pulse_count_validation/time1540565646_epoch32.json
Number of true positives for real_world_test data: 12
Number of true negatives for real_world_test data: 8
Number of false positives for real_world_test data: 4
Number of false negatives for real_world_test data: 6
Data saved at /home/brendonm/pulse_count_real_world_test/time1540565646_epoch32.json
Train on 2804 samples, validate on 500 samples
Epoch 1/1
2804/2804 [==============================] - 0s 74us/step - loss: 0.0064 - acc: 0.6801 - val_loss: 1.2203 - val_acc: 0.6160
Number of true positives for validation data: 25
Number of true negatives for validation data: 283
Number of false positives for validation data: 183
Number of false negatives for validation data: 9
Data saved at /home/brendonm/pulse_count_validation/time1540565646_epoch33.json
Number of true positives for real_world_test data: 12
Number of true negatives for real_world_test data: 8
Number of false positives for real_world_test data: 4
Number of false negatives for real_world_test data: 6
Data saved at /home/brendonm/pulse_count_real_world_test/time1540565646_epoch33.json
Train on 2804 samples, validate on 500 samples
Epoch 1/1
2804/2804 [==============================] - 0s 73us/step - loss: 0.0063 - acc: 0.6879 - val_loss: 1.2305 - val_acc: 0.6160
Number of true positives for validation data: 25
Number of true negatives for validation data: 283
Number of false positives for validation data: 183
Number of false negatives for validation data: 9
Data saved at /home/brendonm/pulse_count_validation/time1540565646_epoch34.json
Number of true positives for real_world_test data: 12
Number of true negatives for real_world_test data: 8
Number of false positives for real_world_test data: 4
Number of false negatives for real_world_test data: 6
Data saved at /home/brendonm/pulse_count_real_world_test/time1540565646_epoch34.json
Train on 2804 samples, validate on 500 samples
Epoch 1/1
2804/2804 [==============================] - 0s 73us/step - loss: 0.0062 - acc: 0.6922 - val_loss: 1.1976 - val_acc: 0.6220
Number of true positives for validation data: 24
Number of true negatives for validation data: 287
Number of false positives for validation data: 179
Number of false negatives for validation data: 10
Data saved at /home/brendonm/pulse_count_validation/time1540565646_epoch35.json
Number of true positives for real_world_test data: 12
Number of true negatives for real_world_test data: 8
Number of false positives for real_world_test data: 4
Number of false negatives for real_world_test data: 6
Data saved at /home/brendonm/pulse_count_real_world_test/time1540565646_epoch35.json
Train on 2804 samples, validate on 500 samples
Epoch 1/1
2804/2804 [==============================] - 0s 73us/step - loss: 0.0061 - acc: 0.7054 - val_loss: 1.2198 - val_acc: 0.6200
Number of true positives for validation data: 25
Number of true negatives for validation data: 285
Number of false positives for validation data: 181
Number of false negatives for validation data: 9
Data saved at /home/brendonm/pulse_count_validation/time1540565647_epoch36.json
Number of true positives for real_world_test data: 12
Number of true negatives for real_world_test data: 8
Number of false positives for real_world_test data: 4
Number of false negatives for real_world_test data: 6
Data saved at /home/brendonm/pulse_count_real_world_test/time1540565647_epoch36.json
Train on 2804 samples, validate on 500 samples
Epoch 1/1
2804/2804 [==============================] - 0s 77us/step - loss: 0.0060 - acc: 0.7011 - val_loss: 1.1816 - val_acc: 0.6280
Number of true positives for validation data: 24
Number of true negatives for validation data: 290
Number of false positives for validation data: 176
Number of false negatives for validation data: 10
Data saved at /home/brendonm/pulse_count_validation/time1540565647_epoch37.json
Number of true positives for real_world_test data: 12
Number of true negatives for real_world_test data: 8
Number of false positives for real_world_test data: 4
Number of false negatives for real_world_test data: 6
Data saved at /home/brendonm/pulse_count_real_world_test/time1540565647_epoch37.json
Train on 2804 samples, validate on 500 samples
Epoch 1/1
2804/2804 [==============================] - 0s 79us/step - loss: 0.0058 - acc: 0.7097 - val_loss: 1.1378 - val_acc: 0.6380
Number of true positives for validation data: 23
Number of true negatives for validation data: 296
Number of false positives for validation data: 170
Number of false negatives for validation data: 11
Data saved at /home/brendonm/pulse_count_validation/time1540565647_epoch38.json
Number of true positives for real_world_test data: 13
Number of true negatives for real_world_test data: 8
Number of false positives for real_world_test data: 4
Number of false negatives for real_world_test data: 5
Data saved at /home/brendonm/pulse_count_real_world_test/time1540565647_epoch38.json
Train on 2804 samples, validate on 500 samples
Epoch 1/1
2804/2804 [==============================] - 0s 80us/step - loss: 0.0058 - acc: 0.7179 - val_loss: 1.1721 - val_acc: 0.6320
Number of true positives for validation data: 24
Number of true negatives for validation data: 292
Number of false positives for validation data: 174
Number of false negatives for validation data: 10
Data saved at /home/brendonm/pulse_count_validation/time1540565647_epoch39.json
Number of true positives for real_world_test data: 13
Number of true negatives for real_world_test data: 8
Number of false positives for real_world_test data: 4
Number of false negatives for real_world_test data: 5
Data saved at /home/brendonm/pulse_count_real_world_test/time1540565647_epoch39.json
Train on 2804 samples, validate on 500 samples
Epoch 1/1
2804/2804 [==============================] - 0s 76us/step - loss: 0.0056 - acc: 0.7154 - val_loss: 1.1453 - val_acc: 0.6320
Number of true positives for validation data: 24
Number of true negatives for validation data: 292
Number of false positives for validation data: 174
Number of false negatives for validation data: 10
Data saved at /home/brendonm/pulse_count_validation/time1540565648_epoch40.json
Number of true positives for real_world_test data: 13
Number of true negatives for real_world_test data: 8
Number of false positives for real_world_test data: 4
Number of false negatives for real_world_test data: 5
Data saved at /home/brendonm/pulse_count_real_world_test/time1540565648_epoch40.json
Train on 2804 samples, validate on 500 samples
Epoch 1/1
2804/2804 [==============================] - 0s 73us/step - loss: 0.0055 - acc: 0.7257 - val_loss: 1.1855 - val_acc: 0.6320
Number of true positives for validation data: 23
Number of true negatives for validation data: 293
Number of false positives for validation data: 173
Number of false negatives for validation data: 11
Data saved at /home/brendonm/pulse_count_validation/time1540565648_epoch41.json
Number of true positives for real_world_test data: 12
Number of true negatives for real_world_test data: 8
Number of false positives for real_world_test data: 4
Number of false negatives for real_world_test data: 6
Data saved at /home/brendonm/pulse_count_real_world_test/time1540565648_epoch41.json
Train on 2804 samples, validate on 500 samples
Epoch 1/1
2804/2804 [==============================] - 0s 73us/step - loss: 0.0054 - acc: 0.7290 - val_loss: 1.1300 - val_acc: 0.6380
Number of true positives for validation data: 21
Number of true negatives for validation data: 298
Number of false positives for validation data: 168
Number of false negatives for validation data: 13
Data saved at /home/brendonm/pulse_count_validation/time1540565648_epoch42.json
Number of true positives for real_world_test data: 12
Number of true negatives for real_world_test data: 8
Number of false positives for real_world_test data: 4
Number of false negatives for real_world_test data: 6
Data saved at /home/brendonm/pulse_count_real_world_test/time1540565648_epoch42.json
Train on 2804 samples, validate on 500 samples
Epoch 1/1
2804/2804 [==============================] - 0s 73us/step - loss: 0.0053 - acc: 0.7350 - val_loss: 1.0560 - val_acc: 0.6520
Number of true positives for validation data: 19
Number of true negatives for validation data: 307
Number of false positives for validation data: 159
Number of false negatives for validation data: 15
Data saved at /home/brendonm/pulse_count_validation/time1540565648_epoch43.json
Number of true positives for real_world_test data: 12
Number of true negatives for real_world_test data: 8
Number of false positives for real_world_test data: 4
Number of false negatives for real_world_test data: 6
Data saved at /home/brendonm/pulse_count_real_world_test/time1540565648_epoch43.json
Train on 2804 samples, validate on 500 samples
Epoch 1/1
2804/2804 [==============================] - 0s 73us/step - loss: 0.0052 - acc: 0.7454 - val_loss: 1.1402 - val_acc: 0.6440
Number of true positives for validation data: 22
Number of true negatives for validation data: 300
Number of false positives for validation data: 166
Number of false negatives for validation data: 12
Data saved at /home/brendonm/pulse_count_validation/time1540565649_epoch44.json
Number of true positives for real_world_test data: 12
Number of true negatives for real_world_test data: 8
Number of false positives for real_world_test data: 4
Number of false negatives for real_world_test data: 6
Data saved at /home/brendonm/pulse_count_real_world_test/time1540565649_epoch44.json
Train on 2804 samples, validate on 500 samples
Epoch 1/1
2804/2804 [==============================] - 0s 73us/step - loss: 0.0052 - acc: 0.7389 - val_loss: 1.1020 - val_acc: 0.6520
Number of true positives for validation data: 21
Number of true negatives for validation data: 305
Number of false positives for validation data: 161
Number of false negatives for validation data: 13
Data saved at /home/brendonm/pulse_count_validation/time1540565649_epoch45.json
Number of true positives for real_world_test data: 12
Number of true negatives for real_world_test data: 8
Number of false positives for real_world_test data: 4
Number of false negatives for real_world_test data: 6
Data saved at /home/brendonm/pulse_count_real_world_test/time1540565649_epoch45.json
Train on 2804 samples, validate on 500 samples
Epoch 1/1
2804/2804 [==============================] - 0s 74us/step - loss: 0.0050 - acc: 0.7457 - val_loss: 1.0768 - val_acc: 0.6660
Number of true positives for validation data: 18
Number of true negatives for validation data: 315
Number of false positives for validation data: 151
Number of false negatives for validation data: 16
Data saved at /home/brendonm/pulse_count_validation/time1540565649_epoch46.json
Number of true positives for real_world_test data: 12
Number of true negatives for real_world_test data: 8
Number of false positives for real_world_test data: 4
Number of false negatives for real_world_test data: 6
Data saved at /home/brendonm/pulse_count_real_world_test/time1540565649_epoch46.json
Train on 2804 samples, validate on 500 samples
Epoch 1/1
2804/2804 [==============================] - 0s 73us/step - loss: 0.0049 - acc: 0.7511 - val_loss: 1.0476 - val_acc: 0.6740
Number of true positives for validation data: 19
Number of true negatives for validation data: 318
Number of false positives for validation data: 148
Number of false negatives for validation data: 15
Data saved at /home/brendonm/pulse_count_validation/time1540565649_epoch47.json
Number of true positives for real_world_test data: 11
Number of true negatives for real_world_test data: 8
Number of false positives for real_world_test data: 4
Number of false negatives for real_world_test data: 7
Data saved at /home/brendonm/pulse_count_real_world_test/time1540565649_epoch47.json
Train on 2804 samples, validate on 500 samples
Epoch 1/1
2804/2804 [==============================] - 0s 73us/step - loss: 0.0048 - acc: 0.7628 - val_loss: 1.0030 - val_acc: 0.6860
Number of true positives for validation data: 19
Number of true negatives for validation data: 324
Number of false positives for validation data: 142
Number of false negatives for validation data: 15
Data saved at /home/brendonm/pulse_count_validation/time1540565649_epoch48.json
Number of true positives for real_world_test data: 12
Number of true negatives for real_world_test data: 8
Number of false positives for real_world_test data: 4
Number of false negatives for real_world_test data: 6
Data saved at /home/brendonm/pulse_count_real_world_test/time1540565649_epoch48.json
Train on 2804 samples, validate on 500 samples
Epoch 1/1
2804/2804 [==============================] - 0s 74us/step - loss: 0.0048 - acc: 0.7643 - val_loss: 1.0855 - val_acc: 0.6620
Number of true positives for validation data: 19
Number of true negatives for validation data: 312
Number of false positives for validation data: 154
Number of false negatives for validation data: 15
Data saved at /home/brendonm/pulse_count_validation/time1540565650_epoch49.json
Number of true positives for real_world_test data: 11
Number of true negatives for real_world_test data: 8
Number of false positives for real_world_test data: 4
Number of false negatives for real_world_test data: 7
Data saved at /home/brendonm/pulse_count_real_world_test/time1540565650_epoch49.json
Train on 2804 samples, validate on 500 samples
Epoch 1/1
2804/2804 [==============================] - 0s 74us/step - loss: 0.0046 - acc: 0.7707 - val_loss: 0.9772 - val_acc: 0.6880
Number of true positives for validation data: 16
Number of true negatives for validation data: 328
Number of false positives for validation data: 138
Number of false negatives for validation data: 18
Data saved at /home/brendonm/pulse_count_validation/time1540565650_epoch50.json
Number of true positives for real_world_test data: 12
Number of true negatives for real_world_test data: 8
Number of false positives for real_world_test data: 4
Number of false negatives for real_world_test data: 6
Data saved at /home/brendonm/pulse_count_real_world_test/time1540565650_epoch50.json
Train on 2804 samples, validate on 500 samples
Epoch 1/1
2804/2804 [==============================] - 0s 73us/step - loss: 0.0045 - acc: 0.7760 - val_loss: 1.0877 - val_acc: 0.6660
Number of true positives for validation data: 18
Number of true negatives for validation data: 315
Number of false positives for validation data: 151
Number of false negatives for validation data: 16
Data saved at /home/brendonm/pulse_count_validation/time1540565650_epoch51.json
Number of true positives for real_world_test data: 11
Number of true negatives for real_world_test data: 8
Number of false positives for real_world_test data: 4
Number of false negatives for real_world_test data: 7
Data saved at /home/brendonm/pulse_count_real_world_test/time1540565650_epoch51.json
Train on 2804 samples, validate on 500 samples
Epoch 1/1
2804/2804 [==============================] - 0s 73us/step - loss: 0.0044 - acc: 0.7792 - val_loss: 1.0175 - val_acc: 0.6860
Number of true positives for validation data: 18
Number of true negatives for validation data: 325
Number of false positives for validation data: 141
Number of false negatives for validation data: 16
Data saved at /home/brendonm/pulse_count_validation/time1540565650_epoch52.json
Number of true positives for real_world_test data: 12
Number of true negatives for real_world_test data: 8
Number of false positives for real_world_test data: 4
Number of false negatives for real_world_test data: 6
Data saved at /home/brendonm/pulse_count_real_world_test/time1540565650_epoch52.json
Train on 2804 samples, validate on 500 samples
Epoch 1/1
2804/2804 [==============================] - 0s 73us/step - loss: 0.0044 - acc: 0.7817 - val_loss: 0.9837 - val_acc: 0.6920
Number of true positives for validation data: 16
Number of true negatives for validation data: 330
Number of false positives for validation data: 136
Number of false negatives for validation data: 18
Data saved at /home/brendonm/pulse_count_validation/time1540565651_epoch53.json
Number of true positives for real_world_test data: 12
Number of true negatives for real_world_test data: 8
Number of false positives for real_world_test data: 4
Number of false negatives for real_world_test data: 6
Data saved at /home/brendonm/pulse_count_real_world_test/time1540565651_epoch53.json
Train on 2804 samples, validate on 500 samples
Epoch 1/1
2804/2804 [==============================] - 0s 73us/step - loss: 0.0043 - acc: 0.7896 - val_loss: 0.9948 - val_acc: 0.6980
Number of true positives for validation data: 17
Number of true negatives for validation data: 332
Number of false positives for validation data: 134
Number of false negatives for validation data: 17
Data saved at /home/brendonm/pulse_count_validation/time1540565651_epoch54.json
Number of true positives for real_world_test data: 12
Number of true negatives for real_world_test data: 8
Number of false positives for real_world_test data: 4
Number of false negatives for real_world_test data: 6
Data saved at /home/brendonm/pulse_count_real_world_test/time1540565651_epoch54.json
Train on 2804 samples, validate on 500 samples
Epoch 1/1
2804/2804 [==============================] - 0s 74us/step - loss: 0.0042 - acc: 0.7910 - val_loss: 0.9823 - val_acc: 0.6940
Number of true positives for validation data: 16
Number of true negatives for validation data: 331
Number of false positives for validation data: 135
Number of false negatives for validation data: 18
Data saved at /home/brendonm/pulse_count_validation/time1540565651_epoch55.json
Number of true positives for real_world_test data: 9
Number of true negatives for real_world_test data: 8
Number of false positives for real_world_test data: 4
Number of false negatives for real_world_test data: 9
Data saved at /home/brendonm/pulse_count_real_world_test/time1540565651_epoch55.json
Train on 2804 samples, validate on 500 samples
Epoch 1/1
2804/2804 [==============================] - 0s 73us/step - loss: 0.0043 - acc: 0.7850 - val_loss: 1.1450 - val_acc: 0.6640
Number of true positives for validation data: 19
Number of true negatives for validation data: 313
Number of false positives for validation data: 153
Number of false negatives for validation data: 15
Data saved at /home/brendonm/pulse_count_validation/time1540565651_epoch56.json
Number of true positives for real_world_test data: 11
Number of true negatives for real_world_test data: 8
Number of false positives for real_world_test data: 4
Number of false negatives for real_world_test data: 7
Data saved at /home/brendonm/pulse_count_real_world_test/time1540565651_epoch56.json
Train on 2804 samples, validate on 500 samples
Epoch 1/1
2804/2804 [==============================] - 0s 73us/step - loss: 0.0042 - acc: 0.7860 - val_loss: 0.9786 - val_acc: 0.6940
Number of true positives for validation data: 15
Number of true negatives for validation data: 332
Number of false positives for validation data: 134
Number of false negatives for validation data: 19
Data saved at /home/brendonm/pulse_count_validation/time1540565651_epoch57.json
Number of true positives for real_world_test data: 10
Number of true negatives for real_world_test data: 9
Number of false positives for real_world_test data: 3
Number of false negatives for real_world_test data: 8
Data saved at /home/brendonm/pulse_count_real_world_test/time1540565651_epoch57.json
Train on 2804 samples, validate on 500 samples
Epoch 1/1
2804/2804 [==============================] - 0s 73us/step - loss: 0.0039 - acc: 0.8053 - val_loss: 0.9534 - val_acc: 0.6960
Number of true positives for validation data: 15
Number of true negatives for validation data: 333
Number of false positives for validation data: 133
Number of false negatives for validation data: 19
Data saved at /home/brendonm/pulse_count_validation/time1540565652_epoch58.json
Number of true positives for real_world_test data: 10
Number of true negatives for real_world_test data: 9
Number of false positives for real_world_test data: 3
Number of false negatives for real_world_test data: 8
Data saved at /home/brendonm/pulse_count_real_world_test/time1540565652_epoch58.json
Train on 2804 samples, validate on 500 samples
Epoch 1/1
2804/2804 [==============================] - 0s 73us/step - loss: 0.0039 - acc: 0.8081 - val_loss: 0.9959 - val_acc: 0.6980
Number of true positives for validation data: 16
Number of true negatives for validation data: 333
Number of false positives for validation data: 133
Number of false negatives for validation data: 18
Data saved at /home/brendonm/pulse_count_validation/time1540565652_epoch59.json
Number of true positives for real_world_test data: 10
Number of true negatives for real_world_test data: 9
Number of false positives for real_world_test data: 3
Number of false negatives for real_world_test data: 8
Data saved at /home/brendonm/pulse_count_real_world_test/time1540565652_epoch59.json
Train on 2804 samples, validate on 500 samples
Epoch 1/1
2804/2804 [==============================] - 0s 73us/step - loss: 0.0038 - acc: 0.8060 - val_loss: 0.8824 - val_acc: 0.7300
Number of true positives for validation data: 14
Number of true negatives for validation data: 351
Number of false positives for validation data: 115
Number of false negatives for validation data: 20
Data saved at /home/brendonm/pulse_count_validation/time1540565652_epoch60.json
Number of true positives for real_world_test data: 10
Number of true negatives for real_world_test data: 9
Number of false positives for real_world_test data: 3
Number of false negatives for real_world_test data: 8
Data saved at /home/brendonm/pulse_count_real_world_test/time1540565652_epoch60.json
Train on 2804 samples, validate on 500 samples
Epoch 1/1
2804/2804 [==============================] - 0s 74us/step - loss: 0.0038 - acc: 0.8160 - val_loss: 0.9476 - val_acc: 0.7100
Number of true positives for validation data: 15
Number of true negatives for validation data: 340
Number of false positives for validation data: 126
Number of false negatives for validation data: 19
Data saved at /home/brendonm/pulse_count_validation/time1540565652_epoch61.json
Number of true positives for real_world_test data: 9
Number of true negatives for real_world_test data: 9
Number of false positives for real_world_test data: 3
Number of false negatives for real_world_test data: 9
Data saved at /home/brendonm/pulse_count_real_world_test/time1540565652_epoch61.json
Train on 2804 samples, validate on 500 samples
Epoch 1/1
2804/2804 [==============================] - 0s 73us/step - loss: 0.0037 - acc: 0.8099 - val_loss: 0.9375 - val_acc: 0.7080
Number of true positives for validation data: 14
Number of true negatives for validation data: 340
Number of false positives for validation data: 126
Number of false negatives for validation data: 20
Data saved at /home/brendonm/pulse_count_validation/time1540565653_epoch62.json
Number of true positives for real_world_test data: 10
Number of true negatives for real_world_test data: 9
Number of false positives for real_world_test data: 3
Number of false negatives for real_world_test data: 8
Data saved at /home/brendonm/pulse_count_real_world_test/time1540565653_epoch62.json
Train on 2804 samples, validate on 500 samples
Epoch 1/1
2804/2804 [==============================] - 0s 74us/step - loss: 0.0036 - acc: 0.8160 - val_loss: 0.9288 - val_acc: 0.7120
Number of true positives for validation data: 15
Number of true negatives for validation data: 341
Number of false positives for validation data: 125
Number of false negatives for validation data: 19
Data saved at /home/brendonm/pulse_count_validation/time1540565653_epoch63.json
Number of true positives for real_world_test data: 10
Number of true negatives for real_world_test data: 9
Number of false positives for real_world_test data: 3
Number of false negatives for real_world_test data: 8
Data saved at /home/brendonm/pulse_count_real_world_test/time1540565653_epoch63.json
Train on 2804 samples, validate on 500 samples
Epoch 1/1
2804/2804 [==============================] - 0s 73us/step - loss: 0.0035 - acc: 0.8235 - val_loss: 0.9777 - val_acc: 0.7020
Number of true positives for validation data: 15
Number of true negatives for validation data: 336
Number of false positives for validation data: 130
Number of false negatives for validation data: 19
Data saved at /home/brendonm/pulse_count_validation/time1540565653_epoch64.json
Number of true positives for real_world_test data: 10
Number of true negatives for real_world_test data: 9
Number of false positives for real_world_test data: 3
Number of false negatives for real_world_test data: 8
Data saved at /home/brendonm/pulse_count_real_world_test/time1540565653_epoch64.json
Train on 2804 samples, validate on 500 samples
Epoch 1/1
2804/2804 [==============================] - 0s 74us/step - loss: 0.0035 - acc: 0.8203 - val_loss: 0.9155 - val_acc: 0.7220
Number of true positives for validation data: 14
Number of true negatives for validation data: 347
Number of false positives for validation data: 119
Number of false negatives for validation data: 20
Data saved at /home/brendonm/pulse_count_validation/time1540565653_epoch65.json
Number of true positives for real_world_test data: 10
Number of true negatives for real_world_test data: 9
Number of false positives for real_world_test data: 3
Number of false negatives for real_world_test data: 8
Data saved at /home/brendonm/pulse_count_real_world_test/time1540565653_epoch65.json
Train on 2804 samples, validate on 500 samples
Epoch 1/1
2804/2804 [==============================] - 0s 73us/step - loss: 0.0034 - acc: 0.8281 - val_loss: 0.9012 - val_acc: 0.7260
Number of true positives for validation data: 14
Number of true negatives for validation data: 349
Number of false positives for validation data: 117
Number of false negatives for validation data: 20
Data saved at /home/brendonm/pulse_count_validation/time1540565653_epoch66.json
Number of true positives for real_world_test data: 9
Number of true negatives for real_world_test data: 9
Number of false positives for real_world_test data: 3
Number of false negatives for real_world_test data: 9
Data saved at /home/brendonm/pulse_count_real_world_test/time1540565653_epoch66.json
Train on 2804 samples, validate on 500 samples
Epoch 1/1
2804/2804 [==============================] - 0s 73us/step - loss: 0.0036 - acc: 0.8206 - val_loss: 1.0314 - val_acc: 0.6900
Number of true positives for validation data: 14
Number of true negatives for validation data: 331
Number of false positives for validation data: 135
Number of false negatives for validation data: 20
Data saved at /home/brendonm/pulse_count_validation/time1540565654_epoch67.json
Number of true positives for real_world_test data: 10
Number of true negatives for real_world_test data: 8
Number of false positives for real_world_test data: 4
Number of false negatives for real_world_test data: 8
Data saved at /home/brendonm/pulse_count_real_world_test/time1540565654_epoch67.json
Train on 2804 samples, validate on 500 samples
Epoch 1/1
2804/2804 [==============================] - 0s 73us/step - loss: 0.0035 - acc: 0.8228 - val_loss: 0.9505 - val_acc: 0.7160
Number of true positives for validation data: 14
Number of true negatives for validation data: 344
Number of false positives for validation data: 122
Number of false negatives for validation data: 20
Data saved at /home/brendonm/pulse_count_validation/time1540565654_epoch68.json
Number of true positives for real_world_test data: 10
Number of true negatives for real_world_test data: 8
Number of false positives for real_world_test data: 4
Number of false negatives for real_world_test data: 8
Data saved at /home/brendonm/pulse_count_real_world_test/time1540565654_epoch68.json
Train on 2804 samples, validate on 500 samples
Epoch 1/1
2804/2804 [==============================] - 0s 73us/step - loss: 0.0033 - acc: 0.8374 - val_loss: 0.9533 - val_acc: 0.7240
Number of true positives for validation data: 14
Number of true negatives for validation data: 348
Number of false positives for validation data: 118
Number of false negatives for validation data: 20
Data saved at /home/brendonm/pulse_count_validation/time1540565654_epoch69.json
Number of true positives for real_world_test data: 10
Number of true negatives for real_world_test data: 9
Number of false positives for real_world_test data: 3
Number of false negatives for real_world_test data: 8
Data saved at /home/brendonm/pulse_count_real_world_test/time1540565654_epoch69.json
Train on 2804 samples, validate on 500 samples
Epoch 1/1
2804/2804 [==============================] - 0s 73us/step - loss: 0.0031 - acc: 0.8363 - val_loss: 0.8818 - val_acc: 0.7400
Number of true positives for validation data: 14
Number of true negatives for validation data: 356
Number of false positives for validation data: 110
Number of false negatives for validation data: 20
Data saved at /home/brendonm/pulse_count_validation/time1540565654_epoch70.json
Number of true positives for real_world_test data: 9
Number of true negatives for real_world_test data: 9
Number of false positives for real_world_test data: 3
Number of false negatives for real_world_test data: 9
Data saved at /home/brendonm/pulse_count_real_world_test/time1540565654_epoch70.json
Train on 2804 samples, validate on 500 samples
Epoch 1/1
2804/2804 [==============================] - 0s 73us/step - loss: 0.0030 - acc: 0.8509 - val_loss: 0.8927 - val_acc: 0.7460
Number of true positives for validation data: 14
Number of true negatives for validation data: 359
Number of false positives for validation data: 107
Number of false negatives for validation data: 20
Data saved at /home/brendonm/pulse_count_validation/time1540565655_epoch71.json
Number of true positives for real_world_test data: 9
Number of true negatives for real_world_test data: 10
Number of false positives for real_world_test data: 2
Number of false negatives for real_world_test data: 9
Data saved at /home/brendonm/pulse_count_real_world_test/time1540565655_epoch71.json
Train on 2804 samples, validate on 500 samples
Epoch 1/1
2804/2804 [==============================] - 0s 73us/step - loss: 0.0030 - acc: 0.8474 - val_loss: 0.8760 - val_acc: 0.7480
Number of true positives for validation data: 14
Number of true negatives for validation data: 360
Number of false positives for validation data: 106
Number of false negatives for validation data: 20
Data saved at /home/brendonm/pulse_count_validation/time1540565655_epoch72.json
Number of true positives for real_world_test data: 10
Number of true negatives for real_world_test data: 10
Number of false positives for real_world_test data: 2
Number of false negatives for real_world_test data: 8
Data saved at /home/brendonm/pulse_count_real_world_test/time1540565655_epoch72.json
Train on 2804 samples, validate on 500 samples
Epoch 1/1
2804/2804 [==============================] - 0s 73us/step - loss: 0.0029 - acc: 0.8566 - val_loss: 0.8946 - val_acc: 0.7460
Number of true positives for validation data: 14
Number of true negatives for validation data: 359
Number of false positives for validation data: 107
Number of false negatives for validation data: 20
Data saved at /home/brendonm/pulse_count_validation/time1540565655_epoch73.json
Number of true positives for real_world_test data: 10
Number of true negatives for real_world_test data: 10
Number of false positives for real_world_test data: 2
Number of false negatives for real_world_test data: 8
Data saved at /home/brendonm/pulse_count_real_world_test/time1540565655_epoch73.json
Train on 2804 samples, validate on 500 samples
Epoch 1/1
2804/2804 [==============================] - 0s 73us/step - loss: 0.0029 - acc: 0.8563 - val_loss: 0.8759 - val_acc: 0.7580
Number of true positives for validation data: 14
Number of true negatives for validation data: 365
Number of false positives for validation data: 101
Number of false negatives for validation data: 20
Data saved at /home/brendonm/pulse_count_validation/time1540565655_epoch74.json
Number of true positives for real_world_test data: 9
Number of true negatives for real_world_test data: 11
Number of false positives for real_world_test data: 1
Number of false negatives for real_world_test data: 9
Data saved at /home/brendonm/pulse_count_real_world_test/time1540565655_epoch74.json
Train on 2804 samples, validate on 500 samples
Epoch 1/1
2804/2804 [==============================] - 0s 73us/step - loss: 0.0028 - acc: 0.8563 - val_loss: 0.8603 - val_acc: 0.7540
Number of true positives for validation data: 13
Number of true negatives for validation data: 364
Number of false positives for validation data: 102
Number of false negatives for validation data: 21
Data saved at /home/brendonm/pulse_count_validation/time1540565655_epoch75.json
Number of true positives for real_world_test data: 9
Number of true negatives for real_world_test data: 11
Number of false positives for real_world_test data: 1
Number of false negatives for real_world_test data: 9
Data saved at /home/brendonm/pulse_count_real_world_test/time1540565655_epoch75.json
Train on 2804 samples, validate on 500 samples
Epoch 1/1
2804/2804 [==============================] - 0s 73us/step - loss: 0.0027 - acc: 0.8638 - val_loss: 0.8691 - val_acc: 0.7560
Number of true positives for validation data: 14
Number of true negatives for validation data: 364
Number of false positives for validation data: 102
Number of false negatives for validation data: 20
Data saved at /home/brendonm/pulse_count_validation/time1540565656_epoch76.json
Number of true positives for real_world_test data: 9
Number of true negatives for real_world_test data: 11
Number of false positives for real_world_test data: 1
Number of false negatives for real_world_test data: 9
Data saved at /home/brendonm/pulse_count_real_world_test/time1540565656_epoch76.json
Train on 2804 samples, validate on 500 samples
Epoch 1/1
2804/2804 [==============================] - 0s 74us/step - loss: 0.0027 - acc: 0.8613 - val_loss: 0.8673 - val_acc: 0.7540
Number of true positives for validation data: 14
Number of true negatives for validation data: 363
Number of false positives for validation data: 103
Number of false negatives for validation data: 20
Data saved at /home/brendonm/pulse_count_validation/time1540565656_epoch77.json
Number of true positives for real_world_test data: 10
Number of true negatives for real_world_test data: 10
Number of false positives for real_world_test data: 2
Number of false negatives for real_world_test data: 8
Data saved at /home/brendonm/pulse_count_real_world_test/time1540565656_epoch77.json
Train on 2804 samples, validate on 500 samples
Epoch 1/1
2804/2804 [==============================] - 0s 73us/step - loss: 0.0027 - acc: 0.8652 - val_loss: 0.8868 - val_acc: 0.7560
Number of true positives for validation data: 14
Number of true negatives for validation data: 364
Number of false positives for validation data: 102
Number of false negatives for validation data: 20
Data saved at /home/brendonm/pulse_count_validation/time1540565656_epoch78.json
Number of true positives for real_world_test data: 9
Number of true negatives for real_world_test data: 11
Number of false positives for real_world_test data: 1
Number of false negatives for real_world_test data: 9
Data saved at /home/brendonm/pulse_count_real_world_test/time1540565656_epoch78.json
Train on 2804 samples, validate on 500 samples
Epoch 1/1
2804/2804 [==============================] - 0s 73us/step - loss: 0.0026 - acc: 0.8641 - val_loss: 0.8369 - val_acc: 0.7600
Number of true positives for validation data: 12
Number of true negatives for validation data: 368
Number of false positives for validation data: 98
Number of false negatives for validation data: 22
Data saved at /home/brendonm/pulse_count_validation/time1540565656_epoch79.json
Number of true positives for real_world_test data: 10
Number of true negatives for real_world_test data: 11
Number of false positives for real_world_test data: 1
Number of false negatives for real_world_test data: 8
Data saved at /home/brendonm/pulse_count_real_world_test/time1540565656_epoch79.json
Train on 2804 samples, validate on 500 samples
Epoch 1/1
2804/2804 [==============================] - 0s 73us/step - loss: 0.0026 - acc: 0.8745 - val_loss: 0.8776 - val_acc: 0.7640
Number of true positives for validation data: 16
Number of true negatives for validation data: 366
Number of false positives for validation data: 100
Number of false negatives for validation data: 18
Data saved at /home/brendonm/pulse_count_validation/time1540565657_epoch80.json
Number of true positives for real_world_test data: 9
Number of true negatives for real_world_test data: 10
Number of false positives for real_world_test data: 2
Number of false negatives for real_world_test data: 9
Data saved at /home/brendonm/pulse_count_real_world_test/time1540565657_epoch80.json
Train on 2804 samples, validate on 500 samples
Epoch 1/1
2804/2804 [==============================] - 0s 73us/step - loss: 0.0026 - acc: 0.8645 - val_loss: 0.8615 - val_acc: 0.7640
Number of true positives for validation data: 15
Number of true negatives for validation data: 367
Number of false positives for validation data: 99
Number of false negatives for validation data: 19
Data saved at /home/brendonm/pulse_count_validation/time1540565657_epoch81.json
Number of true positives for real_world_test data: 9
Number of true negatives for real_world_test data: 11
Number of false positives for real_world_test data: 1
Number of false negatives for real_world_test data: 9
Data saved at /home/brendonm/pulse_count_real_world_test/time1540565657_epoch81.json
Train on 2804 samples, validate on 500 samples
Epoch 1/1
2804/2804 [==============================] - 0s 73us/step - loss: 0.0025 - acc: 0.8766 - val_loss: 0.8943 - val_acc: 0.7580
Number of true positives for validation data: 15
Number of true negatives for validation data: 364
Number of false positives for validation data: 102
Number of false negatives for validation data: 19
Data saved at /home/brendonm/pulse_count_validation/time1540565657_epoch82.json
Number of true positives for real_world_test data: 9
Number of true negatives for real_world_test data: 11
Number of false positives for real_world_test data: 1
Number of false negatives for real_world_test data: 9
Data saved at /home/brendonm/pulse_count_real_world_test/time1540565657_epoch82.json
Train on 2804 samples, validate on 500 samples
Epoch 1/1
2804/2804 [==============================] - 0s 73us/step - loss: 0.0025 - acc: 0.8730 - val_loss: 0.8689 - val_acc: 0.7660
Number of true positives for validation data: 14
Number of true negatives for validation data: 369
Number of false positives for validation data: 97
Number of false negatives for validation data: 20
Data saved at /home/brendonm/pulse_count_validation/time1540565657_epoch83.json
Number of true positives for real_world_test data: 9
Number of true negatives for real_world_test data: 11
Number of false positives for real_world_test data: 1
Number of false negatives for real_world_test data: 9
Data saved at /home/brendonm/pulse_count_real_world_test/time1540565657_epoch83.json
Train on 2804 samples, validate on 500 samples
Epoch 1/1
2804/2804 [==============================] - 0s 73us/step - loss: 0.0024 - acc: 0.8798 - val_loss: 0.8605 - val_acc: 0.7740
Number of true positives for validation data: 15
Number of true negatives for validation data: 372
Number of false positives for validation data: 94
Number of false negatives for validation data: 19
Data saved at /home/brendonm/pulse_count_validation/time1540565657_epoch84.json
Number of true positives for real_world_test data: 9
Number of true negatives for real_world_test data: 11
Number of false positives for real_world_test data: 1
Number of false negatives for real_world_test data: 9
Data saved at /home/brendonm/pulse_count_real_world_test/time1540565657_epoch84.json
Train on 2804 samples, validate on 500 samples
Epoch 1/1
2804/2804 [==============================] - 0s 73us/step - loss: 0.0023 - acc: 0.8837 - val_loss: 0.8652 - val_acc: 0.7740
Number of true positives for validation data: 14
Number of true negatives for validation data: 373
Number of false positives for validation data: 93
Number of false negatives for validation data: 20
Data saved at /home/brendonm/pulse_count_validation/time1540565658_epoch85.json
Number of true positives for real_world_test data: 10
Number of true negatives for real_world_test data: 11
Number of false positives for real_world_test data: 1
Number of false negatives for real_world_test data: 8
Data saved at /home/brendonm/pulse_count_real_world_test/time1540565658_epoch85.json
Train on 2804 samples, validate on 500 samples
Epoch 1/1
2804/2804 [==============================] - 0s 73us/step - loss: 0.0023 - acc: 0.8834 - val_loss: 0.8165 - val_acc: 0.7940
Number of true positives for validation data: 15
Number of true negatives for validation data: 382
Number of false positives for validation data: 84
Number of false negatives for validation data: 19
Data saved at /home/brendonm/pulse_count_validation/time1540565658_epoch86.json
Number of true positives for real_world_test data: 9
Number of true negatives for real_world_test data: 11
Number of false positives for real_world_test data: 1
Number of false negatives for real_world_test data: 9
Data saved at /home/brendonm/pulse_count_real_world_test/time1540565658_epoch86.json
Train on 2804 samples, validate on 500 samples
Epoch 1/1
2804/2804 [==============================] - 0s 73us/step - loss: 0.0022 - acc: 0.8902 - val_loss: 0.8412 - val_acc: 0.7860
Number of true positives for validation data: 14
Number of true negatives for validation data: 379
Number of false positives for validation data: 87
Number of false negatives for validation data: 20
Data saved at /home/brendonm/pulse_count_validation/time1540565658_epoch87.json
Number of true positives for real_world_test data: 10
Number of true negatives for real_world_test data: 11
Number of false positives for real_world_test data: 1
Number of false negatives for real_world_test data: 8
Data saved at /home/brendonm/pulse_count_real_world_test/time1540565658_epoch87.json
Train on 2804 samples, validate on 500 samples
Epoch 1/1
2804/2804 [==============================] - 0s 74us/step - loss: 0.0023 - acc: 0.8855 - val_loss: 0.9145 - val_acc: 0.7540
Number of true positives for validation data: 15
Number of true negatives for validation data: 362
Number of false positives for validation data: 104
Number of false negatives for validation data: 19
Data saved at /home/brendonm/pulse_count_validation/time1540565658_epoch88.json
Number of true positives for real_world_test data: 9
Number of true negatives for real_world_test data: 11
Number of false positives for real_world_test data: 1
Number of false negatives for real_world_test data: 9
Data saved at /home/brendonm/pulse_count_real_world_test/time1540565658_epoch88.json
Train on 2804 samples, validate on 500 samples
Epoch 1/1
2804/2804 [==============================] - 0s 73us/step - loss: 0.0022 - acc: 0.8855 - val_loss: 0.8815 - val_acc: 0.7680
Number of true positives for validation data: 12
Number of true negatives for validation data: 372
Number of false positives for validation data: 94
Number of false negatives for validation data: 22
Data saved at /home/brendonm/pulse_count_validation/time1540565659_epoch89.json
Number of true positives for real_world_test data: 10
Number of true negatives for real_world_test data: 11
Number of false positives for real_world_test data: 1
Number of false negatives for real_world_test data: 8
Data saved at /home/brendonm/pulse_count_real_world_test/time1540565659_epoch89.json
Train on 2804 samples, validate on 500 samples
Epoch 1/1
2804/2804 [==============================] - 0s 73us/step - loss: 0.0022 - acc: 0.8873 - val_loss: 0.8341 - val_acc: 0.7860
Number of true positives for validation data: 13
Number of true negatives for validation data: 380
Number of false positives for validation data: 86
Number of false negatives for validation data: 21
Data saved at /home/brendonm/pulse_count_validation/time1540565659_epoch90.json
Number of true positives for real_world_test data: 10
Number of true negatives for real_world_test data: 11
Number of false positives for real_world_test data: 1
Number of false negatives for real_world_test data: 8
Data saved at /home/brendonm/pulse_count_real_world_test/time1540565659_epoch90.json
Train on 2804 samples, validate on 500 samples
Epoch 1/1
2804/2804 [==============================] - 0s 73us/step - loss: 0.0021 - acc: 0.8894 - val_loss: 0.8379 - val_acc: 0.7820
Number of true positives for validation data: 13
Number of true negatives for validation data: 378
Number of false positives for validation data: 88
Number of false negatives for validation data: 21
Data saved at /home/brendonm/pulse_count_validation/time1540565659_epoch91.json
Number of true positives for real_world_test data: 10
Number of true negatives for real_world_test data: 11
Number of false positives for real_world_test data: 1
Number of false negatives for real_world_test data: 8
Data saved at /home/brendonm/pulse_count_real_world_test/time1540565659_epoch91.json
Train on 2804 samples, validate on 500 samples
Epoch 1/1
2804/2804 [==============================] - 0s 73us/step - loss: 0.0019 - acc: 0.8976 - val_loss: 0.8275 - val_acc: 0.7920
Number of true positives for validation data: 12
Number of true negatives for validation data: 384
Number of false positives for validation data: 82
Number of false negatives for validation data: 22
Data saved at /home/brendonm/pulse_count_validation/time1540565659_epoch92.json
Number of true positives for real_world_test data: 10
Number of true negatives for real_world_test data: 11
Number of false positives for real_world_test data: 1
Number of false negatives for real_world_test data: 8
Data saved at /home/brendonm/pulse_count_real_world_test/time1540565659_epoch92.json
Train on 2804 samples, validate on 500 samples
Epoch 1/1
2804/2804 [==============================] - 0s 73us/step - loss: 0.0019 - acc: 0.9030 - val_loss: 0.8700 - val_acc: 0.7760
Number of true positives for validation data: 13
Number of true negatives for validation data: 375
Number of false positives for validation data: 91
Number of false negatives for validation data: 21
Data saved at /home/brendonm/pulse_count_validation/time1540565659_epoch93.json
Number of true positives for real_world_test data: 9
Number of true negatives for real_world_test data: 11
Number of false positives for real_world_test data: 1
Number of false negatives for real_world_test data: 9
Data saved at /home/brendonm/pulse_count_real_world_test/time1540565659_epoch93.json
Train on 2804 samples, validate on 500 samples
Epoch 1/1
2804/2804 [==============================] - 0s 73us/step - loss: 0.0020 - acc: 0.8944 - val_loss: 0.9040 - val_acc: 0.7780
Number of true positives for validation data: 13
Number of true negatives for validation data: 376
Number of false positives for validation data: 90
Number of false negatives for validation data: 21
Data saved at /home/brendonm/pulse_count_validation/time1540565660_epoch94.json
Number of true positives for real_world_test data: 10
Number of true negatives for real_world_test data: 11
Number of false positives for real_world_test data: 1
Number of false negatives for real_world_test data: 8
Data saved at /home/brendonm/pulse_count_real_world_test/time1540565660_epoch94.json
Train on 2804 samples, validate on 500 samples
Epoch 1/1
2804/2804 [==============================] - 0s 73us/step - loss: 0.0019 - acc: 0.9009 - val_loss: 0.8471 - val_acc: 0.7920
Number of true positives for validation data: 13
Number of true negatives for validation data: 383
Number of false positives for validation data: 83
Number of false negatives for validation data: 21
Data saved at /home/brendonm/pulse_count_validation/time1540565660_epoch95.json
Number of true positives for real_world_test data: 10
Number of true negatives for real_world_test data: 11
Number of false positives for real_world_test data: 1
Number of false negatives for real_world_test data: 8
Data saved at /home/brendonm/pulse_count_real_world_test/time1540565660_epoch95.json
Train on 2804 samples, validate on 500 samples
Epoch 1/1
2804/2804 [==============================] - 0s 73us/step - loss: 0.0018 - acc: 0.8998 - val_loss: 0.7993 - val_acc: 0.8140
Number of true positives for validation data: 12
Number of true negatives for validation data: 395
Number of false positives for validation data: 71
Number of false negatives for validation data: 22
Data saved at /home/brendonm/pulse_count_validation/time1540565660_epoch96.json
Number of true positives for real_world_test data: 9
Number of true negatives for real_world_test data: 11
Number of false positives for real_world_test data: 1
Number of false negatives for real_world_test data: 9
Data saved at /home/brendonm/pulse_count_real_world_test/time1540565660_epoch96.json
Train on 2804 samples, validate on 500 samples
Epoch 1/1
2804/2804 [==============================] - 0s 73us/step - loss: 0.0019 - acc: 0.9037 - val_loss: 0.8388 - val_acc: 0.8020
Number of true positives for validation data: 13
Number of true negatives for validation data: 388
Number of false positives for validation data: 78
Number of false negatives for validation data: 21
Data saved at /home/brendonm/pulse_count_validation/time1540565660_epoch97.json
Number of true positives for real_world_test data: 9
Number of true negatives for real_world_test data: 11
Number of false positives for real_world_test data: 1
Number of false negatives for real_world_test data: 9
Data saved at /home/brendonm/pulse_count_real_world_test/time1540565660_epoch97.json
Train on 2804 samples, validate on 500 samples
Epoch 1/1
2804/2804 [==============================] - 0s 73us/step - loss: 0.0018 - acc: 0.9069 - val_loss: 0.8379 - val_acc: 0.7980
Number of true positives for validation data: 13
Number of true negatives for validation data: 386
Number of false positives for validation data: 80
Number of false negatives for validation data: 21
Data saved at /home/brendonm/pulse_count_validation/time1540565661_epoch98.json
Number of true positives for real_world_test data: 9
Number of true negatives for real_world_test data: 11
Number of false positives for real_world_test data: 1
Number of false negatives for real_world_test data: 9
Data saved at /home/brendonm/pulse_count_real_world_test/time1540565661_epoch98.json
Train on 2804 samples, validate on 500 samples
Epoch 1/1
2804/2804 [==============================] - 0s 73us/step - loss: 0.0017 - acc: 0.9123 - val_loss: 0.8373 - val_acc: 0.8000
Number of true positives for validation data: 12
Number of true negatives for validation data: 388
Number of false positives for validation data: 78
Number of false negatives for validation data: 22
Data saved at /home/brendonm/pulse_count_validation/time1540565661_epoch99.json
Number of true positives for real_world_test data: 9
Number of true negatives for real_world_test data: 11
Number of false positives for real_world_test data: 1
Number of false negatives for real_world_test data: 9
Data saved at /home/brendonm/pulse_count_real_world_test/time1540565661_epoch99.json
