Train on 2643 samples, validate on 661 samples
Epoch 1/200
2018-10-14 20:34:38.561531: I tensorflow/core/platform/cpu_feature_guard.cc:140] Your CPU supports instructions that this TensorFlow binary was not compiled to use: AVX2 FMA
2018-10-14 20:34:38.649817: I tensorflow/stream_executor/cuda/cuda_gpu_executor.cc:898] successful NUMA node read from SysFS had negative value (-1), but there must be at least one NUMA node, so returning NUMA node zero
2018-10-14 20:34:38.650132: I tensorflow/core/common_runtime/gpu/gpu_device.cc:1356] Found device 0 with properties: 
name: GeForce GTX 1080 major: 6 minor: 1 memoryClockRate(GHz): 1.8475
pciBusID: 0000:01:00.0
totalMemory: 7.93GiB freeMemory: 7.49GiB
2018-10-14 20:34:38.650145: I tensorflow/core/common_runtime/gpu/gpu_device.cc:1435] Adding visible gpu devices: 0
2018-10-14 20:34:38.802080: I tensorflow/core/common_runtime/gpu/gpu_device.cc:923] Device interconnect StreamExecutor with strength 1 edge matrix:
2018-10-14 20:34:38.802106: I tensorflow/core/common_runtime/gpu/gpu_device.cc:929]      0 
2018-10-14 20:34:38.802111: I tensorflow/core/common_runtime/gpu/gpu_device.cc:942] 0:   N 
2018-10-14 20:34:38.802231: I tensorflow/core/common_runtime/gpu/gpu_device.cc:1053] Created TensorFlow device (/job:localhost/replica:0/task:0/device:GPU:0 with 7231 MB memory) -> physical GPU (device: 0, name: GeForce GTX 1080, pci bus id: 0000:01:00.0, compute capability: 6.1)
2643/2643 [==============================] - 19s 7ms/step - loss: 0.4200 - acc: 0.9141 - val_loss: 0.3133 - val_acc: 0.9259
Epoch 2/200
2643/2643 [==============================] - 8s 3ms/step - loss: 0.2460 - acc: 0.9277 - val_loss: 0.1910 - val_acc: 0.9259
Epoch 3/200
2643/2643 [==============================] - 8s 3ms/step - loss: 0.1562 - acc: 0.9277 - val_loss: 0.1296 - val_acc: 0.9259
Epoch 4/200
2643/2643 [==============================] - 8s 3ms/step - loss: 0.1116 - acc: 0.9277 - val_loss: 0.0988 - val_acc: 0.9259
Epoch 5/200
2643/2643 [==============================] - 8s 3ms/step - loss: 0.0896 - acc: 0.9277 - val_loss: 0.0844 - val_acc: 0.9259
Epoch 6/200
2643/2643 [==============================] - 8s 3ms/step - loss: 0.0790 - acc: 0.9277 - val_loss: 0.0777 - val_acc: 0.9259
Epoch 7/200
2643/2643 [==============================] - 8s 3ms/step - loss: 0.0735 - acc: 0.9277 - val_loss: 0.0733 - val_acc: 0.9259
Epoch 8/200
2643/2643 [==============================] - 8s 3ms/step - loss: 0.0705 - acc: 0.9277 - val_loss: 0.0712 - val_acc: 0.9259
Epoch 9/200
2643/2643 [==============================] - 8s 3ms/step - loss: 0.0692 - acc: 0.9277 - val_loss: 0.0702 - val_acc: 0.9259
Epoch 10/200
2643/2643 [==============================] - 8s 3ms/step - loss: 0.0681 - acc: 0.9277 - val_loss: 0.0696 - val_acc: 0.9259
Epoch 11/200
2643/2643 [==============================] - 8s 3ms/step - loss: 0.0678 - acc: 0.9277 - val_loss: 0.0691 - val_acc: 0.9259
Epoch 12/200
2643/2643 [==============================] - 8s 3ms/step - loss: 0.0675 - acc: 0.9277 - val_loss: 0.0689 - val_acc: 0.9259
Epoch 13/200
2643/2643 [==============================] - 8s 3ms/step - loss: 0.0673 - acc: 0.9277 - val_loss: 0.0688 - val_acc: 0.9259
Epoch 14/200
2643/2643 [==============================] - 8s 3ms/step - loss: 0.0672 - acc: 0.9277 - val_loss: 0.0687 - val_acc: 0.9259
Epoch 15/200
2643/2643 [==============================] - 8s 3ms/step - loss: 0.0672 - acc: 0.9277 - val_loss: 0.0687 - val_acc: 0.9259
Epoch 16/200
2643/2643 [==============================] - 8s 3ms/step - loss: 0.0672 - acc: 0.9277 - val_loss: 0.0687 - val_acc: 0.9259
Epoch 17/200
2643/2643 [==============================] - 8s 3ms/step - loss: 0.0674 - acc: 0.9277 - val_loss: 0.0687 - val_acc: 0.9259
Epoch 18/200
2643/2643 [==============================] - 8s 3ms/step - loss: 0.0672 - acc: 0.9277 - val_loss: 0.0686 - val_acc: 0.9259
Epoch 19/200
2643/2643 [==============================] - 8s 3ms/step - loss: 0.0672 - acc: 0.9277 - val_loss: 0.0687 - val_acc: 0.9259
Epoch 20/200
2643/2643 [==============================] - 8s 3ms/step - loss: 0.0671 - acc: 0.9277 - val_loss: 0.0687 - val_acc: 0.9259
Epoch 21/200
2643/2643 [==============================] - 8s 3ms/step - loss: 0.0673 - acc: 0.9277 - val_loss: 0.0687 - val_acc: 0.9259
Epoch 22/200
2643/2643 [==============================] - 8s 3ms/step - loss: 0.0672 - acc: 0.9277 - val_loss: 0.0686 - val_acc: 0.9259
Epoch 23/200
2643/2643 [==============================] - 8s 3ms/step - loss: 0.0674 - acc: 0.9277 - val_loss: 0.0689 - val_acc: 0.9259
Epoch 24/200
2643/2643 [==============================] - 8s 3ms/step - loss: 0.0672 - acc: 0.9277 - val_loss: 0.0687 - val_acc: 0.9259
Epoch 25/200
2643/2643 [==============================] - 8s 3ms/step - loss: 0.0672 - acc: 0.9277 - val_loss: 0.0686 - val_acc: 0.9259
Epoch 26/200
2643/2643 [==============================] - 8s 3ms/step - loss: 0.0672 - acc: 0.9277 - val_loss: 0.0686 - val_acc: 0.9259
Epoch 27/200
2643/2643 [==============================] - 8s 3ms/step - loss: 0.0672 - acc: 0.9277 - val_loss: 0.0687 - val_acc: 0.9259
Epoch 28/200
2643/2643 [==============================] - 8s 3ms/step - loss: 0.0671 - acc: 0.9277 - val_loss: 0.0687 - val_acc: 0.9259
Epoch 29/200
2643/2643 [==============================] - 8s 3ms/step - loss: 0.0671 - acc: 0.9277 - val_loss: 0.0687 - val_acc: 0.9259
Epoch 30/200
2643/2643 [==============================] - 8s 3ms/step - loss: 0.0671 - acc: 0.9277 - val_loss: 0.0687 - val_acc: 0.9259
Epoch 31/200
2643/2643 [==============================] - 8s 3ms/step - loss: 0.0673 - acc: 0.9277 - val_loss: 0.0686 - val_acc: 0.9259
Epoch 32/200
2643/2643 [==============================] - 8s 3ms/step - loss: 0.0671 - acc: 0.9277 - val_loss: 0.0687 - val_acc: 0.9259
Epoch 33/200
2643/2643 [==============================] - 8s 3ms/step - loss: 0.0672 - acc: 0.9277 - val_loss: 0.0687 - val_acc: 0.9259
Epoch 34/200
2643/2643 [==============================] - 8s 3ms/step - loss: 0.0671 - acc: 0.9277 - val_loss: 0.0687 - val_acc: 0.9259
Epoch 35/200
2643/2643 [==============================] - 8s 3ms/step - loss: 0.0672 - acc: 0.9277 - val_loss: 0.0688 - val_acc: 0.9259
Epoch 36/200
2643/2643 [==============================] - 8s 3ms/step - loss: 0.0672 - acc: 0.9277 - val_loss: 0.0686 - val_acc: 0.9259
Epoch 37/200
2643/2643 [==============================] - 8s 3ms/step - loss: 0.0674 - acc: 0.9277 - val_loss: 0.0688 - val_acc: 0.9259
Epoch 38/200
2643/2643 [==============================] - 8s 3ms/step - loss: 0.0672 - acc: 0.9277 - val_loss: 0.0686 - val_acc: 0.9259
Epoch 39/200
2643/2643 [==============================] - 8s 3ms/step - loss: 0.0671 - acc: 0.9277 - val_loss: 0.0686 - val_acc: 0.9259
Epoch 40/200
2643/2643 [==============================] - 8s 3ms/step - loss: 0.0672 - acc: 0.9277 - val_loss: 0.0687 - val_acc: 0.9259
Epoch 41/200
2643/2643 [==============================] - 8s 3ms/step - loss: 0.0672 - acc: 0.9277 - val_loss: 0.0686 - val_acc: 0.9259
Epoch 42/200
2643/2643 [==============================] - 8s 3ms/step - loss: 0.0672 - acc: 0.9277 - val_loss: 0.0687 - val_acc: 0.9259
Epoch 43/200
2643/2643 [==============================] - 8s 3ms/step - loss: 0.0672 - acc: 0.9277 - val_loss: 0.0689 - val_acc: 0.9259
Epoch 44/200
2643/2643 [==============================] - 8s 3ms/step - loss: 0.0672 - acc: 0.9277 - val_loss: 0.0688 - val_acc: 0.9259
Epoch 45/200
2643/2643 [==============================] - 8s 3ms/step - loss: 0.0672 - acc: 0.9277 - val_loss: 0.0688 - val_acc: 0.9259
Epoch 46/200
2643/2643 [==============================] - 8s 3ms/step - loss: 0.0670 - acc: 0.9277 - val_loss: 0.0691 - val_acc: 0.9259
Epoch 47/200
2643/2643 [==============================] - 8s 3ms/step - loss: 0.0672 - acc: 0.9277 - val_loss: 0.0687 - val_acc: 0.9259
Epoch 48/200
2643/2643 [==============================] - 8s 3ms/step - loss: 0.0672 - acc: 0.9277 - val_loss: 0.0687 - val_acc: 0.9259
Epoch 49/200
2643/2643 [==============================] - 8s 3ms/step - loss: 0.0673 - acc: 0.9277 - val_loss: 0.0689 - val_acc: 0.9259
Epoch 50/200
2643/2643 [==============================] - 8s 3ms/step - loss: 0.0671 - acc: 0.9277 - val_loss: 0.0687 - val_acc: 0.9259
Epoch 51/200
2643/2643 [==============================] - 8s 3ms/step - loss: 0.0673 - acc: 0.9277 - val_loss: 0.0687 - val_acc: 0.9259
Epoch 52/200
2643/2643 [==============================] - 8s 3ms/step - loss: 0.0671 - acc: 0.9277 - val_loss: 0.0689 - val_acc: 0.9259
Epoch 53/200
2643/2643 [==============================] - 8s 3ms/step - loss: 0.0673 - acc: 0.9277 - val_loss: 0.0689 - val_acc: 0.9259
Epoch 54/200
2643/2643 [==============================] - 8s 3ms/step - loss: 0.0673 - acc: 0.9277 - val_loss: 0.0688 - val_acc: 0.9259
Epoch 55/200
2643/2643 [==============================] - 8s 3ms/step - loss: 0.0672 - acc: 0.9277 - val_loss: 0.0686 - val_acc: 0.9259
Epoch 56/200
2643/2643 [==============================] - 8s 3ms/step - loss: 0.0672 - acc: 0.9277 - val_loss: 0.0689 - val_acc: 0.9259
Epoch 57/200
2643/2643 [==============================] - 8s 3ms/step - loss: 0.0672 - acc: 0.9277 - val_loss: 0.0686 - val_acc: 0.9259
Epoch 58/200
2643/2643 [==============================] - 8s 3ms/step - loss: 0.0671 - acc: 0.9277 - val_loss: 0.0688 - val_acc: 0.9259
Epoch 59/200
2643/2643 [==============================] - 8s 3ms/step - loss: 0.0671 - acc: 0.9277 - val_loss: 0.0687 - val_acc: 0.9259
Epoch 60/200
2643/2643 [==============================] - 8s 3ms/step - loss: 0.0672 - acc: 0.9277 - val_loss: 0.0687 - val_acc: 0.9259
Epoch 61/200
2643/2643 [==============================] - 8s 3ms/step - loss: 0.0671 - acc: 0.9277 - val_loss: 0.0687 - val_acc: 0.9259
Epoch 62/200
2643/2643 [==============================] - 8s 3ms/step - loss: 0.0672 - acc: 0.9277 - val_loss: 0.0687 - val_acc: 0.9259
Epoch 63/200
2643/2643 [==============================] - 8s 3ms/step - loss: 0.0671 - acc: 0.9277 - val_loss: 0.0688 - val_acc: 0.9259
Epoch 64/200
2643/2643 [==============================] - 8s 3ms/step - loss: 0.0672 - acc: 0.9277 - val_loss: 0.0687 - val_acc: 0.9259
Epoch 65/200
2643/2643 [==============================] - 8s 3ms/step - loss: 0.0672 - acc: 0.9277 - val_loss: 0.0687 - val_acc: 0.9259
Epoch 66/200
2643/2643 [==============================] - 8s 3ms/step - loss: 0.0672 - acc: 0.9277 - val_loss: 0.0687 - val_acc: 0.9259
Epoch 67/200
2643/2643 [==============================] - 8s 3ms/step - loss: 0.0672 - acc: 0.9277 - val_loss: 0.0687 - val_acc: 0.9259
Epoch 68/200
2643/2643 [==============================] - 8s 3ms/step - loss: 0.0673 - acc: 0.9277 - val_loss: 0.0687 - val_acc: 0.9259
Epoch 69/200
2643/2643 [==============================] - 8s 3ms/step - loss: 0.0672 - acc: 0.9277 - val_loss: 0.0687 - val_acc: 0.9259
Epoch 70/200
2643/2643 [==============================] - 8s 3ms/step - loss: 0.0671 - acc: 0.9277 - val_loss: 0.0688 - val_acc: 0.9259
Epoch 71/200
2643/2643 [==============================] - 8s 3ms/step - loss: 0.0672 - acc: 0.9277 - val_loss: 0.0687 - val_acc: 0.9259
Epoch 72/200
2643/2643 [==============================] - 8s 3ms/step - loss: 0.0672 - acc: 0.9277 - val_loss: 0.0691 - val_acc: 0.9259
Epoch 73/200
2643/2643 [==============================] - 8s 3ms/step - loss: 0.0672 - acc: 0.9277 - val_loss: 0.0687 - val_acc: 0.9259
Epoch 74/200
2643/2643 [==============================] - 8s 3ms/step - loss: 0.0672 - acc: 0.9277 - val_loss: 0.0687 - val_acc: 0.9259
Epoch 75/200
2643/2643 [==============================] - 8s 3ms/step - loss: 0.0671 - acc: 0.9277 - val_loss: 0.0687 - val_acc: 0.9259
Epoch 76/200
2643/2643 [==============================] - 8s 3ms/step - loss: 0.0672 - acc: 0.9277 - val_loss: 0.0686 - val_acc: 0.9259
Epoch 77/200
2643/2643 [==============================] - 8s 3ms/step - loss: 0.0672 - acc: 0.9277 - val_loss: 0.0687 - val_acc: 0.9259
Epoch 78/200
2643/2643 [==============================] - 8s 3ms/step - loss: 0.0672 - acc: 0.9277 - val_loss: 0.0687 - val_acc: 0.9259
Epoch 79/200
2643/2643 [==============================] - 8s 3ms/step - loss: 0.0671 - acc: 0.9277 - val_loss: 0.0687 - val_acc: 0.9259
Epoch 80/200
2643/2643 [==============================] - 8s 3ms/step - loss: 0.0672 - acc: 0.9277 - val_loss: 0.0686 - val_acc: 0.9259
Epoch 81/200
2643/2643 [==============================] - 8s 3ms/step - loss: 0.0672 - acc: 0.9277 - val_loss: 0.0687 - val_acc: 0.9259
Epoch 82/200
2643/2643 [==============================] - 8s 3ms/step - loss: 0.0671 - acc: 0.9277 - val_loss: 0.0686 - val_acc: 0.9259
Epoch 83/200
2643/2643 [==============================] - 8s 3ms/step - loss: 0.0671 - acc: 0.9277 - val_loss: 0.0686 - val_acc: 0.9259
Epoch 84/200
2643/2643 [==============================] - 8s 3ms/step - loss: 0.0672 - acc: 0.9277 - val_loss: 0.0686 - val_acc: 0.9259
Epoch 85/200
2643/2643 [==============================] - 8s 3ms/step - loss: 0.0671 - acc: 0.9277 - val_loss: 0.0686 - val_acc: 0.9259
Epoch 86/200
2643/2643 [==============================] - 8s 3ms/step - loss: 0.0672 - acc: 0.9277 - val_loss: 0.0686 - val_acc: 0.9259
Epoch 87/200
2643/2643 [==============================] - 8s 3ms/step - loss: 0.0671 - acc: 0.9277 - val_loss: 0.0687 - val_acc: 0.9259
Epoch 88/200
2643/2643 [==============================] - 8s 3ms/step - loss: 0.0672 - acc: 0.9277 - val_loss: 0.0689 - val_acc: 0.9259
Epoch 89/200
2643/2643 [==============================] - 8s 3ms/step - loss: 0.0673 - acc: 0.9277 - val_loss: 0.0687 - val_acc: 0.9259
Epoch 90/200
2643/2643 [==============================] - 8s 3ms/step - loss: 0.0673 - acc: 0.9277 - val_loss: 0.0689 - val_acc: 0.9259
Epoch 91/200
2643/2643 [==============================] - 8s 3ms/step - loss: 0.0674 - acc: 0.9277 - val_loss: 0.0687 - val_acc: 0.9259
Epoch 92/200
2643/2643 [==============================] - 8s 3ms/step - loss: 0.0674 - acc: 0.9277 - val_loss: 0.0687 - val_acc: 0.9259
Epoch 93/200
2643/2643 [==============================] - 8s 3ms/step - loss: 0.0671 - acc: 0.9277 - val_loss: 0.0687 - val_acc: 0.9259
Epoch 94/200
2643/2643 [==============================] - 8s 3ms/step - loss: 0.0672 - acc: 0.9277 - val_loss: 0.0686 - val_acc: 0.9259
Epoch 95/200
2643/2643 [==============================] - 8s 3ms/step - loss: 0.0672 - acc: 0.9277 - val_loss: 0.0686 - val_acc: 0.9259
Epoch 96/200
2643/2643 [==============================] - 8s 3ms/step - loss: 0.0673 - acc: 0.9277 - val_loss: 0.0686 - val_acc: 0.9259
Epoch 97/200
2643/2643 [==============================] - 8s 3ms/step - loss: 0.0672 - acc: 0.9277 - val_loss: 0.0689 - val_acc: 0.9259
Epoch 98/200
2643/2643 [==============================] - 8s 3ms/step - loss: 0.0672 - acc: 0.9277 - val_loss: 0.0688 - val_acc: 0.9259
Epoch 99/200
2643/2643 [==============================] - 8s 3ms/step - loss: 0.0670 - acc: 0.9277 - val_loss: 0.0689 - val_acc: 0.9259
Epoch 100/200
2643/2643 [==============================] - 8s 3ms/step - loss: 0.0671 - acc: 0.9277 - val_loss: 0.0687 - val_acc: 0.9259
Epoch 101/200
2643/2643 [==============================] - 8s 3ms/step - loss: 0.0672 - acc: 0.9277 - val_loss: 0.0686 - val_acc: 0.9259
Epoch 102/200
2643/2643 [==============================] - 8s 3ms/step - loss: 0.0671 - acc: 0.9277 - val_loss: 0.0687 - val_acc: 0.9259
Epoch 103/200
2643/2643 [==============================] - 8s 3ms/step - loss: 0.0671 - acc: 0.9277 - val_loss: 0.0686 - val_acc: 0.9259
Epoch 104/200
2643/2643 [==============================] - 8s 3ms/step - loss: 0.0671 - acc: 0.9277 - val_loss: 0.0686 - val_acc: 0.9259
Epoch 105/200
2643/2643 [==============================] - 8s 3ms/step - loss: 0.0673 - acc: 0.9277 - val_loss: 0.0687 - val_acc: 0.9259
Epoch 106/200
2643/2643 [==============================] - 8s 3ms/step - loss: 0.0674 - acc: 0.9277 - val_loss: 0.0688 - val_acc: 0.9259
Epoch 107/200
2643/2643 [==============================] - 8s 3ms/step - loss: 0.0671 - acc: 0.9277 - val_loss: 0.0688 - val_acc: 0.9259
Epoch 108/200
2643/2643 [==============================] - 8s 3ms/step - loss: 0.0673 - acc: 0.9277 - val_loss: 0.0687 - val_acc: 0.9259
Epoch 109/200
2643/2643 [==============================] - 8s 3ms/step - loss: 0.0672 - acc: 0.9277 - val_loss: 0.0690 - val_acc: 0.9259
Epoch 110/200
2643/2643 [==============================] - 8s 3ms/step - loss: 0.0673 - acc: 0.9277 - val_loss: 0.0687 - val_acc: 0.9259
Epoch 111/200
2643/2643 [==============================] - 8s 3ms/step - loss: 0.0673 - acc: 0.9277 - val_loss: 0.0686 - val_acc: 0.9259
Epoch 112/200
2643/2643 [==============================] - 8s 3ms/step - loss: 0.0671 - acc: 0.9277 - val_loss: 0.0687 - val_acc: 0.9259
Epoch 113/200
2643/2643 [==============================] - 8s 3ms/step - loss: 0.0672 - acc: 0.9277 - val_loss: 0.0687 - val_acc: 0.9259
Epoch 114/200
2643/2643 [==============================] - 8s 3ms/step - loss: 0.0671 - acc: 0.9277 - val_loss: 0.0686 - val_acc: 0.9259
Epoch 115/200
2643/2643 [==============================] - 8s 3ms/step - loss: 0.0672 - acc: 0.9277 - val_loss: 0.0687 - val_acc: 0.9259
Epoch 116/200
2643/2643 [==============================] - 8s 3ms/step - loss: 0.0671 - acc: 0.9277 - val_loss: 0.0686 - val_acc: 0.9259
Epoch 117/200
2643/2643 [==============================] - 8s 3ms/step - loss: 0.0673 - acc: 0.9277 - val_loss: 0.0687 - val_acc: 0.9259
Epoch 118/200
2643/2643 [==============================] - 8s 3ms/step - loss: 0.0672 - acc: 0.9277 - val_loss: 0.0689 - val_acc: 0.9259
Epoch 119/200
2643/2643 [==============================] - 8s 3ms/step - loss: 0.0671 - acc: 0.9277 - val_loss: 0.0686 - val_acc: 0.9259
Epoch 120/200
2643/2643 [==============================] - 8s 3ms/step - loss: 0.0673 - acc: 0.9277 - val_loss: 0.0686 - val_acc: 0.9259
Epoch 121/200
2643/2643 [==============================] - 8s 3ms/step - loss: 0.0673 - acc: 0.9277 - val_loss: 0.0688 - val_acc: 0.9259
Epoch 122/200
2643/2643 [==============================] - 8s 3ms/step - loss: 0.0672 - acc: 0.9277 - val_loss: 0.0690 - val_acc: 0.9259
Epoch 123/200
2643/2643 [==============================] - 8s 3ms/step - loss: 0.0673 - acc: 0.9277 - val_loss: 0.0690 - val_acc: 0.9259
Epoch 124/200
2643/2643 [==============================] - 8s 3ms/step - loss: 0.0672 - acc: 0.9277 - val_loss: 0.0687 - val_acc: 0.9259
Epoch 125/200
2643/2643 [==============================] - 8s 3ms/step - loss: 0.0673 - acc: 0.9277 - val_loss: 0.0687 - val_acc: 0.9259
Epoch 126/200
2643/2643 [==============================] - 8s 3ms/step - loss: 0.0672 - acc: 0.9277 - val_loss: 0.0686 - val_acc: 0.9259
Epoch 127/200
2643/2643 [==============================] - 8s 3ms/step - loss: 0.0671 - acc: 0.9277 - val_loss: 0.0687 - val_acc: 0.9259
Epoch 128/200
2643/2643 [==============================] - 8s 3ms/step - loss: 0.0672 - acc: 0.9277 - val_loss: 0.0687 - val_acc: 0.9259
Epoch 129/200
2643/2643 [==============================] - 8s 3ms/step - loss: 0.0672 - acc: 0.9277 - val_loss: 0.0687 - val_acc: 0.9259
Epoch 130/200
2643/2643 [==============================] - 8s 3ms/step - loss: 0.0672 - acc: 0.9277 - val_loss: 0.0689 - val_acc: 0.9259
Epoch 131/200
2643/2643 [==============================] - 8s 3ms/step - loss: 0.0673 - acc: 0.9277 - val_loss: 0.0686 - val_acc: 0.9259
Epoch 132/200
2643/2643 [==============================] - 8s 3ms/step - loss: 0.0672 - acc: 0.9277 - val_loss: 0.0688 - val_acc: 0.9259
Epoch 133/200
2643/2643 [==============================] - 8s 3ms/step - loss: 0.0671 - acc: 0.9277 - val_loss: 0.0687 - val_acc: 0.9259
Epoch 134/200
2643/2643 [==============================] - 8s 3ms/step - loss: 0.0672 - acc: 0.9277 - val_loss: 0.0686 - val_acc: 0.9259
Epoch 135/200
2643/2643 [==============================] - 8s 3ms/step - loss: 0.0672 - acc: 0.9277 - val_loss: 0.0687 - val_acc: 0.9259
Epoch 136/200
2643/2643 [==============================] - 8s 3ms/step - loss: 0.0672 - acc: 0.9277 - val_loss: 0.0687 - val_acc: 0.9259
Epoch 137/200
2643/2643 [==============================] - 8s 3ms/step - loss: 0.0671 - acc: 0.9277 - val_loss: 0.0686 - val_acc: 0.9259
Epoch 138/200
2643/2643 [==============================] - 8s 3ms/step - loss: 0.0671 - acc: 0.9277 - val_loss: 0.0687 - val_acc: 0.9259
Epoch 139/200
2643/2643 [==============================] - 8s 3ms/step - loss: 0.0671 - acc: 0.9277 - val_loss: 0.0686 - val_acc: 0.9259
Epoch 140/200
2643/2643 [==============================] - 8s 3ms/step - loss: 0.0672 - acc: 0.9277 - val_loss: 0.0692 - val_acc: 0.9259
Epoch 141/200
2643/2643 [==============================] - 8s 3ms/step - loss: 0.0675 - acc: 0.9277 - val_loss: 0.0687 - val_acc: 0.9259
Epoch 142/200
2643/2643 [==============================] - 8s 3ms/step - loss: 0.0672 - acc: 0.9277 - val_loss: 0.0686 - val_acc: 0.9259
Epoch 143/200
2643/2643 [==============================] - 8s 3ms/step - loss: 0.0674 - acc: 0.9277 - val_loss: 0.0687 - val_acc: 0.9259
Epoch 144/200
2643/2643 [==============================] - 8s 3ms/step - loss: 0.0674 - acc: 0.9277 - val_loss: 0.0688 - val_acc: 0.9259
Epoch 145/200
2643/2643 [==============================] - 8s 3ms/step - loss: 0.0671 - acc: 0.9277 - val_loss: 0.0690 - val_acc: 0.9259
Epoch 146/200
2643/2643 [==============================] - 8s 3ms/step - loss: 0.0673 - acc: 0.9277 - val_loss: 0.0687 - val_acc: 0.9259
Epoch 147/200
2643/2643 [==============================] - 8s 3ms/step - loss: 0.0672 - acc: 0.9277 - val_loss: 0.0687 - val_acc: 0.9259
Epoch 148/200
2643/2643 [==============================] - 8s 3ms/step - loss: 0.0672 - acc: 0.9277 - val_loss: 0.0687 - val_acc: 0.9259
Epoch 149/200
2643/2643 [==============================] - 8s 3ms/step - loss: 0.0671 - acc: 0.9277 - val_loss: 0.0689 - val_acc: 0.9259
Epoch 150/200
2643/2643 [==============================] - 8s 3ms/step - loss: 0.0672 - acc: 0.9277 - val_loss: 0.0687 - val_acc: 0.9259
Epoch 151/200
2643/2643 [==============================] - 8s 3ms/step - loss: 0.0671 - acc: 0.9277 - val_loss: 0.0687 - val_acc: 0.9259
Epoch 152/200
2643/2643 [==============================] - 8s 3ms/step - loss: 0.0672 - acc: 0.9277 - val_loss: 0.0686 - val_acc: 0.9259
Epoch 153/200
2643/2643 [==============================] - 8s 3ms/step - loss: 0.0672 - acc: 0.9277 - val_loss: 0.0686 - val_acc: 0.9259
Epoch 154/200
2643/2643 [==============================] - 8s 3ms/step - loss: 0.0672 - acc: 0.9277 - val_loss: 0.0687 - val_acc: 0.9259
Epoch 155/200
2643/2643 [==============================] - 8s 3ms/step - loss: 0.0672 - acc: 0.9277 - val_loss: 0.0686 - val_acc: 0.9259
Epoch 156/200
2643/2643 [==============================] - 8s 3ms/step - loss: 0.0671 - acc: 0.9277 - val_loss: 0.0690 - val_acc: 0.9259
Epoch 157/200
2643/2643 [==============================] - 8s 3ms/step - loss: 0.0671 - acc: 0.9277 - val_loss: 0.0689 - val_acc: 0.9259
Epoch 158/200
2643/2643 [==============================] - 8s 3ms/step - loss: 0.0672 - acc: 0.9277 - val_loss: 0.0687 - val_acc: 0.9259
Epoch 159/200
2643/2643 [==============================] - 8s 3ms/step - loss: 0.0672 - acc: 0.9277 - val_loss: 0.0686 - val_acc: 0.9259
Epoch 160/200
2643/2643 [==============================] - 8s 3ms/step - loss: 0.0671 - acc: 0.9277 - val_loss: 0.0687 - val_acc: 0.9259
Epoch 161/200
2643/2643 [==============================] - 8s 3ms/step - loss: 0.0672 - acc: 0.9277 - val_loss: 0.0688 - val_acc: 0.9259
Epoch 162/200
2643/2643 [==============================] - 8s 3ms/step - loss: 0.0672 - acc: 0.9277 - val_loss: 0.0687 - val_acc: 0.9259
Epoch 163/200
2643/2643 [==============================] - 8s 3ms/step - loss: 0.0672 - acc: 0.9277 - val_loss: 0.0687 - val_acc: 0.9259
Epoch 164/200
2643/2643 [==============================] - 8s 3ms/step - loss: 0.0674 - acc: 0.9277 - val_loss: 0.0687 - val_acc: 0.9259
Epoch 165/200
2643/2643 [==============================] - 8s 3ms/step - loss: 0.0672 - acc: 0.9277 - val_loss: 0.0688 - val_acc: 0.9259
Epoch 166/200
2643/2643 [==============================] - 8s 3ms/step - loss: 0.0672 - acc: 0.9277 - val_loss: 0.0687 - val_acc: 0.9259
Epoch 167/200
2643/2643 [==============================] - 8s 3ms/step - loss: 0.0672 - acc: 0.9277 - val_loss: 0.0686 - val_acc: 0.9259
Epoch 168/200
2643/2643 [==============================] - 8s 3ms/step - loss: 0.0671 - acc: 0.9277 - val_loss: 0.0686 - val_acc: 0.9259
Epoch 169/200
2643/2643 [==============================] - 8s 3ms/step - loss: 0.0672 - acc: 0.9277 - val_loss: 0.0687 - val_acc: 0.9259
Epoch 170/200
2643/2643 [==============================] - 8s 3ms/step - loss: 0.0672 - acc: 0.9277 - val_loss: 0.0686 - val_acc: 0.9259
Epoch 171/200
2643/2643 [==============================] - 8s 3ms/step - loss: 0.0672 - acc: 0.9277 - val_loss: 0.0687 - val_acc: 0.9259
Epoch 172/200
2643/2643 [==============================] - 8s 3ms/step - loss: 0.0672 - acc: 0.9277 - val_loss: 0.0687 - val_acc: 0.9259
Epoch 173/200
2643/2643 [==============================] - 8s 3ms/step - loss: 0.0671 - acc: 0.9277 - val_loss: 0.0686 - val_acc: 0.9259
Epoch 174/200
2643/2643 [==============================] - 8s 3ms/step - loss: 0.0673 - acc: 0.9277 - val_loss: 0.0688 - val_acc: 0.9259
Epoch 175/200
2643/2643 [==============================] - 8s 3ms/step - loss: 0.0673 - acc: 0.9277 - val_loss: 0.0689 - val_acc: 0.9259
Epoch 176/200
2643/2643 [==============================] - 8s 3ms/step - loss: 0.0672 - acc: 0.9277 - val_loss: 0.0686 - val_acc: 0.9259
Epoch 177/200
2643/2643 [==============================] - 8s 3ms/step - loss: 0.0672 - acc: 0.9277 - val_loss: 0.0686 - val_acc: 0.9259
Epoch 178/200
2643/2643 [==============================] - 8s 3ms/step - loss: 0.0673 - acc: 0.9277 - val_loss: 0.0687 - val_acc: 0.9259
Epoch 179/200
2643/2643 [==============================] - 8s 3ms/step - loss: 0.0673 - acc: 0.9277 - val_loss: 0.0687 - val_acc: 0.9259
Epoch 180/200
2643/2643 [==============================] - 8s 3ms/step - loss: 0.0672 - acc: 0.9277 - val_loss: 0.0687 - val_acc: 0.9259
Epoch 181/200
2643/2643 [==============================] - 8s 3ms/step - loss: 0.0671 - acc: 0.9277 - val_loss: 0.0687 - val_acc: 0.9259
Epoch 182/200
2643/2643 [==============================] - 8s 3ms/step - loss: 0.0672 - acc: 0.9277 - val_loss: 0.0687 - val_acc: 0.9259
Epoch 183/200
2643/2643 [==============================] - 8s 3ms/step - loss: 0.0671 - acc: 0.9277 - val_loss: 0.0687 - val_acc: 0.9259
Epoch 184/200
2643/2643 [==============================] - 8s 3ms/step - loss: 0.0672 - acc: 0.9277 - val_loss: 0.0688 - val_acc: 0.9259
Epoch 185/200
2643/2643 [==============================] - 8s 3ms/step - loss: 0.0672 - acc: 0.9277 - val_loss: 0.0687 - val_acc: 0.9259
Epoch 186/200
2643/2643 [==============================] - 8s 3ms/step - loss: 0.0672 - acc: 0.9277 - val_loss: 0.0688 - val_acc: 0.9259
Epoch 187/200
2643/2643 [==============================] - 8s 3ms/step - loss: 0.0672 - acc: 0.9277 - val_loss: 0.0689 - val_acc: 0.9259
Epoch 188/200
2643/2643 [==============================] - 8s 3ms/step - loss: 0.0671 - acc: 0.9277 - val_loss: 0.0686 - val_acc: 0.9259
Epoch 189/200
2643/2643 [==============================] - 8s 3ms/step - loss: 0.0671 - acc: 0.9277 - val_loss: 0.0689 - val_acc: 0.9259
Epoch 190/200
2643/2643 [==============================] - 8s 3ms/step - loss: 0.0673 - acc: 0.9277 - val_loss: 0.0687 - val_acc: 0.9259
Epoch 191/200
2643/2643 [==============================] - 8s 3ms/step - loss: 0.0672 - acc: 0.9277 - val_loss: 0.0686 - val_acc: 0.9259
Epoch 192/200
2643/2643 [==============================] - 8s 3ms/step - loss: 0.0672 - acc: 0.9277 - val_loss: 0.0687 - val_acc: 0.9259
Epoch 193/200
2643/2643 [==============================] - 8s 3ms/step - loss: 0.0671 - acc: 0.9277 - val_loss: 0.0687 - val_acc: 0.9259
Epoch 194/200
2643/2643 [==============================] - 8s 3ms/step - loss: 0.0671 - acc: 0.9277 - val_loss: 0.0686 - val_acc: 0.9259
Epoch 195/200
2643/2643 [==============================] - 8s 3ms/step - loss: 0.0671 - acc: 0.9277 - val_loss: 0.0687 - val_acc: 0.9259
Epoch 196/200
2643/2643 [==============================] - 8s 3ms/step - loss: 0.0672 - acc: 0.9277 - val_loss: 0.0690 - val_acc: 0.9259
Epoch 197/200
2643/2643 [==============================] - 8s 3ms/step - loss: 0.0672 - acc: 0.9277 - val_loss: 0.0686 - val_acc: 0.9259
Epoch 198/200
2643/2643 [==============================] - 8s 3ms/step - loss: 0.0671 - acc: 0.9277 - val_loss: 0.0688 - val_acc: 0.9259
Epoch 199/200
2643/2643 [==============================] - 8s 3ms/step - loss: 0.0670 - acc: 0.9277 - val_loss: 0.0690 - val_acc: 0.9259
Epoch 200/200
2643/2643 [==============================] - 8s 3ms/step - loss: 0.0672 - acc: 0.9277 - val_loss: 0.0687 - val_acc: 0.9259
