Using TensorFlow backend.
_________________________________________________________________
Layer (type)                 Output Shape              Param #   
=================================================================
batch_normalization_1 (Batch (None, 255)               1020      
_________________________________________________________________
dense_1 (Dense)              (None, 3)                 768       
_________________________________________________________________
dense_2 (Dense)              (None, 1)                 4         
=================================================================
Total params: 1,792
Trainable params: 1,282
Non-trainable params: 510
_________________________________________________________________
None
Train on 3304 samples, validate on 2000 samples
Epoch 1/1
2018-10-01 19:21:11.382947: I tensorflow/core/platform/cpu_feature_guard.cc:141] Your CPU supports instructions that this TensorFlow binary was not compiled to use: AVX2 FMA
3304/3304 [==============================] - 1s 180us/step - loss: 0.5725 - acc: 0.7297 - val_loss: 0.4365 - val_acc: 0.8935
Number of true positives for validation data: 21
Number of true negatives for validation data: 1766
Number of false positives for validation data: 88
Number of false negatives for validation data: 125
Data saved at /home/brendonm/pulse_count_validation/time1538436072_epoch0.json
Number of true positives for real_world_test data: 2
Number of true negatives for real_world_test data: 11
Number of false positives for real_world_test data: 1
Number of false negatives for real_world_test data: 16
Data saved at /home/brendonm/pulse_count_real_world_test/time1538436072_epoch0.json
Train on 3304 samples, validate on 2000 samples
Epoch 1/1
3304/3304 [==============================] - 0s 94us/step - loss: 0.3572 - acc: 0.9134 - val_loss: 0.3025 - val_acc: 0.9270
Number of true positives for validation data: 6
Number of true negatives for validation data: 1848
Number of false positives for validation data: 6
Number of false negatives for validation data: 140
Data saved at /home/brendonm/pulse_count_validation/time1538436072_epoch1.json
Number of true positives for real_world_test data: 0
Number of true negatives for real_world_test data: 12
Number of false positives for real_world_test data: 0
Number of false negatives for real_world_test data: 18
Data saved at /home/brendonm/pulse_count_real_world_test/time1538436072_epoch1.json
Train on 3304 samples, validate on 2000 samples
Epoch 1/1
3304/3304 [==============================] - 0s 87us/step - loss: 0.2856 - acc: 0.9274 - val_loss: 0.2650 - val_acc: 0.9275
Number of true positives for validation data: 5
Number of true negatives for validation data: 1850
Number of false positives for validation data: 4
Number of false negatives for validation data: 141
Data saved at /home/brendonm/pulse_count_validation/time1538436072_epoch2.json
Number of true positives for real_world_test data: 0
Number of true negatives for real_world_test data: 12
Number of false positives for real_world_test data: 0
Number of false negatives for real_world_test data: 18
Data saved at /home/brendonm/pulse_count_real_world_test/time1538436072_epoch2.json
Train on 3304 samples, validate on 2000 samples
Epoch 1/1
3304/3304 [==============================] - 0s 85us/step - loss: 0.2592 - acc: 0.9280 - val_loss: 0.2426 - val_acc: 0.9290
Number of true positives for validation data: 7
Number of true negatives for validation data: 1851
Number of false positives for validation data: 3
Number of false negatives for validation data: 139
Data saved at /home/brendonm/pulse_count_validation/time1538436073_epoch3.json
Number of true positives for real_world_test data: 0
Number of true negatives for real_world_test data: 12
Number of false positives for real_world_test data: 0
Number of false negatives for real_world_test data: 18
Data saved at /home/brendonm/pulse_count_real_world_test/time1538436073_epoch3.json
Train on 3304 samples, validate on 2000 samples
Epoch 1/1
3304/3304 [==============================] - 0s 86us/step - loss: 0.2395 - acc: 0.9316 - val_loss: 0.2241 - val_acc: 0.9345
Number of true positives for validation data: 18
Number of true negatives for validation data: 1851
Number of false positives for validation data: 3
Number of false negatives for validation data: 128
Data saved at /home/brendonm/pulse_count_validation/time1538436073_epoch4.json
Number of true positives for real_world_test data: 0
Number of true negatives for real_world_test data: 12
Number of false positives for real_world_test data: 0
Number of false negatives for real_world_test data: 18
Data saved at /home/brendonm/pulse_count_real_world_test/time1538436073_epoch4.json
Train on 3304 samples, validate on 2000 samples
Epoch 1/1
3304/3304 [==============================] - 0s 89us/step - loss: 0.2252 - acc: 0.9328 - val_loss: 0.2087 - val_acc: 0.9385
Number of true positives for validation data: 28
Number of true negatives for validation data: 1849
Number of false positives for validation data: 5
Number of false negatives for validation data: 118
Data saved at /home/brendonm/pulse_count_validation/time1538436073_epoch5.json
Number of true positives for real_world_test data: 0
Number of true negatives for real_world_test data: 12
Number of false positives for real_world_test data: 0
Number of false negatives for real_world_test data: 18
Data saved at /home/brendonm/pulse_count_real_world_test/time1538436073_epoch5.json
Train on 3304 samples, validate on 2000 samples
Epoch 1/1
3304/3304 [==============================] - 0s 90us/step - loss: 0.2140 - acc: 0.9352 - val_loss: 0.1967 - val_acc: 0.9420
Number of true positives for validation data: 35
Number of true negatives for validation data: 1849
Number of false positives for validation data: 5
Number of false negatives for validation data: 111
Data saved at /home/brendonm/pulse_count_validation/time1538436074_epoch6.json
Number of true positives for real_world_test data: 1
Number of true negatives for real_world_test data: 12
Number of false positives for real_world_test data: 0
Number of false negatives for real_world_test data: 17
Data saved at /home/brendonm/pulse_count_real_world_test/time1538436074_epoch6.json
Train on 3304 samples, validate on 2000 samples
Epoch 1/1
3304/3304 [==============================] - 0s 92us/step - loss: 0.2024 - acc: 0.9377 - val_loss: 0.1868 - val_acc: 0.9425
Number of true positives for validation data: 36
Number of true negatives for validation data: 1849
Number of false positives for validation data: 5
Number of false negatives for validation data: 110
Data saved at /home/brendonm/pulse_count_validation/time1538436074_epoch7.json
Number of true positives for real_world_test data: 1
Number of true negatives for real_world_test data: 12
Number of false positives for real_world_test data: 0
Number of false negatives for real_world_test data: 17
Data saved at /home/brendonm/pulse_count_real_world_test/time1538436074_epoch7.json
Train on 3304 samples, validate on 2000 samples
Epoch 1/1
3304/3304 [==============================] - 0s 90us/step - loss: 0.1940 - acc: 0.9401 - val_loss: 0.1791 - val_acc: 0.9435
Number of true positives for validation data: 43
Number of true negatives for validation data: 1844
Number of false positives for validation data: 10
Number of false negatives for validation data: 103
Data saved at /home/brendonm/pulse_count_validation/time1538436075_epoch8.json
Number of true positives for real_world_test data: 1
Number of true negatives for real_world_test data: 12
Number of false positives for real_world_test data: 0
Number of false negatives for real_world_test data: 17
Data saved at /home/brendonm/pulse_count_real_world_test/time1538436075_epoch8.json
Train on 3304 samples, validate on 2000 samples
Epoch 1/1
3304/3304 [==============================] - 0s 89us/step - loss: 0.1877 - acc: 0.9401 - val_loss: 0.1724 - val_acc: 0.9480
Number of true positives for validation data: 51
Number of true negatives for validation data: 1845
Number of false positives for validation data: 9
Number of false negatives for validation data: 95
Data saved at /home/brendonm/pulse_count_validation/time1538436075_epoch9.json
Number of true positives for real_world_test data: 1
Number of true negatives for real_world_test data: 12
Number of false positives for real_world_test data: 0
Number of false negatives for real_world_test data: 17
Data saved at /home/brendonm/pulse_count_real_world_test/time1538436075_epoch9.json
Train on 3304 samples, validate on 2000 samples
Epoch 1/1
3304/3304 [==============================] - 0s 91us/step - loss: 0.1810 - acc: 0.9452 - val_loss: 0.1658 - val_acc: 0.9505
Number of true positives for validation data: 52
Number of true negatives for validation data: 1849
Number of false positives for validation data: 5
Number of false negatives for validation data: 94
Data saved at /home/brendonm/pulse_count_validation/time1538436075_epoch10.json
Number of true positives for real_world_test data: 1
Number of true negatives for real_world_test data: 12
Number of false positives for real_world_test data: 0
Number of false negatives for real_world_test data: 17
Data saved at /home/brendonm/pulse_count_real_world_test/time1538436075_epoch10.json
Train on 3304 samples, validate on 2000 samples
Epoch 1/1
3304/3304 [==============================] - 0s 89us/step - loss: 0.1769 - acc: 0.9446 - val_loss: 0.1604 - val_acc: 0.9515
Number of true positives for validation data: 54
Number of true negatives for validation data: 1849
Number of false positives for validation data: 5
Number of false negatives for validation data: 92
Data saved at /home/brendonm/pulse_count_validation/time1538436076_epoch11.json
Number of true positives for real_world_test data: 1
Number of true negatives for real_world_test data: 12
Number of false positives for real_world_test data: 0
Number of false negatives for real_world_test data: 17
Data saved at /home/brendonm/pulse_count_real_world_test/time1538436076_epoch11.json
Train on 3304 samples, validate on 2000 samples
Epoch 1/1
3304/3304 [==============================] - 0s 89us/step - loss: 0.1729 - acc: 0.9431 - val_loss: 0.1571 - val_acc: 0.9535
Number of true positives for validation data: 63
Number of true negatives for validation data: 1844
Number of false positives for validation data: 10
Number of false negatives for validation data: 83
Data saved at /home/brendonm/pulse_count_validation/time1538436076_epoch12.json
Number of true positives for real_world_test data: 1
Number of true negatives for real_world_test data: 12
Number of false positives for real_world_test data: 0
Number of false negatives for real_world_test data: 17
Data saved at /home/brendonm/pulse_count_real_world_test/time1538436076_epoch12.json
Train on 3304 samples, validate on 2000 samples
Epoch 1/1
3304/3304 [==============================] - 0s 86us/step - loss: 0.1702 - acc: 0.9461 - val_loss: 0.1529 - val_acc: 0.9520
Number of true positives for validation data: 60
Number of true negatives for validation data: 1844
Number of false positives for validation data: 10
Number of false negatives for validation data: 86
Data saved at /home/brendonm/pulse_count_validation/time1538436076_epoch13.json
Number of true positives for real_world_test data: 1
Number of true negatives for real_world_test data: 12
Number of false positives for real_world_test data: 0
Number of false negatives for real_world_test data: 17
Data saved at /home/brendonm/pulse_count_real_world_test/time1538436077_epoch13.json
Train on 3304 samples, validate on 2000 samples
Epoch 1/1
3304/3304 [==============================] - 0s 91us/step - loss: 0.1671 - acc: 0.9449 - val_loss: 0.1492 - val_acc: 0.9530
Number of true positives for validation data: 61
Number of true negatives for validation data: 1845
Number of false positives for validation data: 9
Number of false negatives for validation data: 85
Data saved at /home/brendonm/pulse_count_validation/time1538436077_epoch14.json
Number of true positives for real_world_test data: 1
Number of true negatives for real_world_test data: 12
Number of false positives for real_world_test data: 0
Number of false negatives for real_world_test data: 17
Data saved at /home/brendonm/pulse_count_real_world_test/time1538436077_epoch14.json
Train on 3304 samples, validate on 2000 samples
Epoch 1/1
3304/3304 [==============================] - 0s 90us/step - loss: 0.1621 - acc: 0.9470 - val_loss: 0.1458 - val_acc: 0.9540
Number of true positives for validation data: 59
Number of true negatives for validation data: 1849
Number of false positives for validation data: 5
Number of false negatives for validation data: 87
Data saved at /home/brendonm/pulse_count_validation/time1538436077_epoch15.json
Number of true positives for real_world_test data: 1
Number of true negatives for real_world_test data: 12
Number of false positives for real_world_test data: 0
Number of false negatives for real_world_test data: 17
Data saved at /home/brendonm/pulse_count_real_world_test/time1538436077_epoch15.json
Train on 3304 samples, validate on 2000 samples
Epoch 1/1
3304/3304 [==============================] - 0s 87us/step - loss: 0.1578 - acc: 0.9482 - val_loss: 0.1430 - val_acc: 0.9590
Number of true positives for validation data: 76
Number of true negatives for validation data: 1842
Number of false positives for validation data: 12
Number of false negatives for validation data: 70
Data saved at /home/brendonm/pulse_count_validation/time1538436078_epoch16.json
Number of true positives for real_world_test data: 1
Number of true negatives for real_world_test data: 12
Number of false positives for real_world_test data: 0
Number of false negatives for real_world_test data: 17
Data saved at /home/brendonm/pulse_count_real_world_test/time1538436078_epoch16.json
Train on 3304 samples, validate on 2000 samples
Epoch 1/1
3304/3304 [==============================] - 0s 88us/step - loss: 0.1574 - acc: 0.9495 - val_loss: 0.1379 - val_acc: 0.9585
Number of true positives for validation data: 70
Number of true negatives for validation data: 1847
Number of false positives for validation data: 7
Number of false negatives for validation data: 76
Data saved at /home/brendonm/pulse_count_validation/time1538436078_epoch17.json
Number of true positives for real_world_test data: 1
Number of true negatives for real_world_test data: 12
Number of false positives for real_world_test data: 0
Number of false negatives for real_world_test data: 17
Data saved at /home/brendonm/pulse_count_real_world_test/time1538436078_epoch17.json
Train on 3304 samples, validate on 2000 samples
Epoch 1/1
3304/3304 [==============================] - 0s 87us/step - loss: 0.1523 - acc: 0.9513 - val_loss: 0.1343 - val_acc: 0.9590
Number of true positives for validation data: 71
Number of true negatives for validation data: 1847
Number of false positives for validation data: 7
Number of false negatives for validation data: 75
Data saved at /home/brendonm/pulse_count_validation/time1538436078_epoch18.json
Number of true positives for real_world_test data: 1
Number of true negatives for real_world_test data: 12
Number of false positives for real_world_test data: 0
Number of false negatives for real_world_test data: 17
Data saved at /home/brendonm/pulse_count_real_world_test/time1538436078_epoch18.json
Train on 3304 samples, validate on 2000 samples
Epoch 1/1
3304/3304 [==============================] - 0s 87us/step - loss: 0.1519 - acc: 0.9495 - val_loss: 0.1312 - val_acc: 0.9605
Number of true positives for validation data: 75
Number of true negatives for validation data: 1846
Number of false positives for validation data: 8
Number of false negatives for validation data: 71
Data saved at /home/brendonm/pulse_count_validation/time1538436079_epoch19.json
Number of true positives for real_world_test data: 1
Number of true negatives for real_world_test data: 12
Number of false positives for real_world_test data: 0
Number of false negatives for real_world_test data: 17
Data saved at /home/brendonm/pulse_count_real_world_test/time1538436079_epoch19.json
Train on 3304 samples, validate on 2000 samples
Epoch 1/1
3304/3304 [==============================] - 0s 90us/step - loss: 0.1462 - acc: 0.9558 - val_loss: 0.1270 - val_acc: 0.9595
Number of true positives for validation data: 72
Number of true negatives for validation data: 1847
Number of false positives for validation data: 7
Number of false negatives for validation data: 74
Data saved at /home/brendonm/pulse_count_validation/time1538436079_epoch20.json
Number of true positives for real_world_test data: 1
Number of true negatives for real_world_test data: 12
Number of false positives for real_world_test data: 0
Number of false negatives for real_world_test data: 17
Data saved at /home/brendonm/pulse_count_real_world_test/time1538436079_epoch20.json
Train on 3304 samples, validate on 2000 samples
Epoch 1/1
3304/3304 [==============================] - 0s 87us/step - loss: 0.1442 - acc: 0.9516 - val_loss: 0.1259 - val_acc: 0.9630
Number of true positives for validation data: 80
Number of true negatives for validation data: 1846
Number of false positives for validation data: 8
Number of false negatives for validation data: 66
Data saved at /home/brendonm/pulse_count_validation/time1538436079_epoch21.json
Number of true positives for real_world_test data: 1
Number of true negatives for real_world_test data: 12
Number of false positives for real_world_test data: 0
Number of false negatives for real_world_test data: 17
Data saved at /home/brendonm/pulse_count_real_world_test/time1538436080_epoch21.json
Train on 3304 samples, validate on 2000 samples
Epoch 1/1
3304/3304 [==============================] - 0s 88us/step - loss: 0.1444 - acc: 0.9540 - val_loss: 0.1234 - val_acc: 0.9635
Number of true positives for validation data: 81
Number of true negatives for validation data: 1846
Number of false positives for validation data: 8
Number of false negatives for validation data: 65
Data saved at /home/brendonm/pulse_count_validation/time1538436080_epoch22.json
Number of true positives for real_world_test data: 1
Number of true negatives for real_world_test data: 12
Number of false positives for real_world_test data: 0
Number of false negatives for real_world_test data: 17
Data saved at /home/brendonm/pulse_count_real_world_test/time1538436080_epoch22.json
Train on 3304 samples, validate on 2000 samples
Epoch 1/1
3304/3304 [==============================] - 0s 88us/step - loss: 0.1382 - acc: 0.9543 - val_loss: 0.1207 - val_acc: 0.9630
Number of true positives for validation data: 79
Number of true negatives for validation data: 1847
Number of false positives for validation data: 7
Number of false negatives for validation data: 67
Data saved at /home/brendonm/pulse_count_validation/time1538436080_epoch23.json
Number of true positives for real_world_test data: 1
Number of true negatives for real_world_test data: 12
Number of false positives for real_world_test data: 0
Number of false negatives for real_world_test data: 17
Data saved at /home/brendonm/pulse_count_real_world_test/time1538436080_epoch23.json
Train on 3304 samples, validate on 2000 samples
Epoch 1/1
3304/3304 [==============================] - 0s 89us/step - loss: 0.1409 - acc: 0.9555 - val_loss: 0.1185 - val_acc: 0.9630
Number of true positives for validation data: 78
Number of true negatives for validation data: 1848
Number of false positives for validation data: 6
Number of false negatives for validation data: 68
Data saved at /home/brendonm/pulse_count_validation/time1538436081_epoch24.json
Number of true positives for real_world_test data: 1
Number of true negatives for real_world_test data: 12
Number of false positives for real_world_test data: 0
Number of false negatives for real_world_test data: 17
Data saved at /home/brendonm/pulse_count_real_world_test/time1538436081_epoch24.json
Train on 3304 samples, validate on 2000 samples
Epoch 1/1
3304/3304 [==============================] - 0s 87us/step - loss: 0.1321 - acc: 0.9588 - val_loss: 0.1169 - val_acc: 0.9630
Number of true positives for validation data: 77
Number of true negatives for validation data: 1849
Number of false positives for validation data: 5
Number of false negatives for validation data: 69
Data saved at /home/brendonm/pulse_count_validation/time1538436081_epoch25.json
Number of true positives for real_world_test data: 1
Number of true negatives for real_world_test data: 12
Number of false positives for real_world_test data: 0
Number of false negatives for real_world_test data: 17
Data saved at /home/brendonm/pulse_count_real_world_test/time1538436081_epoch25.json
Train on 3304 samples, validate on 2000 samples
Epoch 1/1
3304/3304 [==============================] - 0s 87us/step - loss: 0.1358 - acc: 0.9552 - val_loss: 0.1152 - val_acc: 0.9650
Number of true positives for validation data: 83
Number of true negatives for validation data: 1847
Number of false positives for validation data: 7
Number of false negatives for validation data: 63
Data saved at /home/brendonm/pulse_count_validation/time1538436081_epoch26.json
Number of true positives for real_world_test data: 1
Number of true negatives for real_world_test data: 12
Number of false positives for real_world_test data: 0
Number of false negatives for real_world_test data: 17
Data saved at /home/brendonm/pulse_count_real_world_test/time1538436081_epoch26.json
Train on 3304 samples, validate on 2000 samples
Epoch 1/1
3304/3304 [==============================] - 0s 85us/step - loss: 0.1301 - acc: 0.9582 - val_loss: 0.1117 - val_acc: 0.9655
Number of true positives for validation data: 81
Number of true negatives for validation data: 1850
Number of false positives for validation data: 4
Number of false negatives for validation data: 65
Data saved at /home/brendonm/pulse_count_validation/time1538436082_epoch27.json
Number of true positives for real_world_test data: 1
Number of true negatives for real_world_test data: 12
Number of false positives for real_world_test data: 0
Number of false negatives for real_world_test data: 17
Data saved at /home/brendonm/pulse_count_real_world_test/time1538436082_epoch27.json
Train on 3304 samples, validate on 2000 samples
Epoch 1/1
3304/3304 [==============================] - 0s 89us/step - loss: 0.1351 - acc: 0.9537 - val_loss: 0.1122 - val_acc: 0.9670
Number of true positives for validation data: 90
Number of true negatives for validation data: 1844
Number of false positives for validation data: 10
Number of false negatives for validation data: 56
Data saved at /home/brendonm/pulse_count_validation/time1538436082_epoch28.json
Number of true positives for real_world_test data: 1
Number of true negatives for real_world_test data: 12
Number of false positives for real_world_test data: 0
Number of false negatives for real_world_test data: 17
Data saved at /home/brendonm/pulse_count_real_world_test/time1538436082_epoch28.json
Train on 3304 samples, validate on 2000 samples
Epoch 1/1
3304/3304 [==============================] - 0s 86us/step - loss: 0.1309 - acc: 0.9594 - val_loss: 0.1097 - val_acc: 0.9660
Number of true positives for validation data: 87
Number of true negatives for validation data: 1845
Number of false positives for validation data: 9
Number of false negatives for validation data: 59
Data saved at /home/brendonm/pulse_count_validation/time1538436082_epoch29.json
Number of true positives for real_world_test data: 1
Number of true negatives for real_world_test data: 12
Number of false positives for real_world_test data: 0
Number of false negatives for real_world_test data: 17
Data saved at /home/brendonm/pulse_count_real_world_test/time1538436082_epoch29.json
Train on 3304 samples, validate on 2000 samples
Epoch 1/1
3304/3304 [==============================] - 0s 88us/step - loss: 0.1297 - acc: 0.9573 - val_loss: 0.1083 - val_acc: 0.9670
Number of true positives for validation data: 89
Number of true negatives for validation data: 1845
Number of false positives for validation data: 9
Number of false negatives for validation data: 57
Data saved at /home/brendonm/pulse_count_validation/time1538436083_epoch30.json
Number of true positives for real_world_test data: 1
Number of true negatives for real_world_test data: 12
Number of false positives for real_world_test data: 0
Number of false negatives for real_world_test data: 17
Data saved at /home/brendonm/pulse_count_real_world_test/time1538436083_epoch30.json
Train on 3304 samples, validate on 2000 samples
Epoch 1/1
3304/3304 [==============================] - 0s 91us/step - loss: 0.1236 - acc: 0.9607 - val_loss: 0.1064 - val_acc: 0.9645
Number of true positives for validation data: 80
Number of true negatives for validation data: 1849
Number of false positives for validation data: 5
Number of false negatives for validation data: 66
Data saved at /home/brendonm/pulse_count_validation/time1538436083_epoch31.json
Number of true positives for real_world_test data: 1
Number of true negatives for real_world_test data: 12
Number of false positives for real_world_test data: 0
Number of false negatives for real_world_test data: 17
Data saved at /home/brendonm/pulse_count_real_world_test/time1538436083_epoch31.json
Train on 3304 samples, validate on 2000 samples
Epoch 1/1
3304/3304 [==============================] - 0s 87us/step - loss: 0.1257 - acc: 0.9597 - val_loss: 0.1064 - val_acc: 0.9690
Number of true positives for validation data: 93
Number of true negatives for validation data: 1845
Number of false positives for validation data: 9
Number of false negatives for validation data: 53
Data saved at /home/brendonm/pulse_count_validation/time1538436084_epoch32.json
Number of true positives for real_world_test data: 1
Number of true negatives for real_world_test data: 12
Number of false positives for real_world_test data: 0
Number of false negatives for real_world_test data: 17
Data saved at /home/brendonm/pulse_count_real_world_test/time1538436084_epoch32.json
Train on 3304 samples, validate on 2000 samples
Epoch 1/1
3304/3304 [==============================] - 0s 93us/step - loss: 0.1227 - acc: 0.9625 - val_loss: 0.1038 - val_acc: 0.9685
Number of true positives for validation data: 91
Number of true negatives for validation data: 1846
Number of false positives for validation data: 8
Number of false negatives for validation data: 55
Data saved at /home/brendonm/pulse_count_validation/time1538436084_epoch33.json
Number of true positives for real_world_test data: 1
Number of true negatives for real_world_test data: 12
Number of false positives for real_world_test data: 0
Number of false negatives for real_world_test data: 17
Data saved at /home/brendonm/pulse_count_real_world_test/time1538436084_epoch33.json
Train on 3304 samples, validate on 2000 samples
Epoch 1/1
3304/3304 [==============================] - 0s 92us/step - loss: 0.1238 - acc: 0.9597 - val_loss: 0.1026 - val_acc: 0.9685
Number of true positives for validation data: 90
Number of true negatives for validation data: 1847
Number of false positives for validation data: 7
Number of false negatives for validation data: 56
Data saved at /home/brendonm/pulse_count_validation/time1538436084_epoch34.json
Number of true positives for real_world_test data: 1
Number of true negatives for real_world_test data: 12
Number of false positives for real_world_test data: 0
Number of false negatives for real_world_test data: 17
Data saved at /home/brendonm/pulse_count_real_world_test/time1538436084_epoch34.json
Train on 3304 samples, validate on 2000 samples
Epoch 1/1
3304/3304 [==============================] - 0s 88us/step - loss: 0.1226 - acc: 0.9637 - val_loss: 0.1015 - val_acc: 0.9700
Number of true positives for validation data: 93
Number of true negatives for validation data: 1847
Number of false positives for validation data: 7
Number of false negatives for validation data: 53
Data saved at /home/brendonm/pulse_count_validation/time1538436085_epoch35.json
Number of true positives for real_world_test data: 1
Number of true negatives for real_world_test data: 12
Number of false positives for real_world_test data: 0
Number of false negatives for real_world_test data: 17
Data saved at /home/brendonm/pulse_count_real_world_test/time1538436085_epoch35.json
Train on 3304 samples, validate on 2000 samples
Epoch 1/1
3304/3304 [==============================] - 0s 91us/step - loss: 0.1210 - acc: 0.9616 - val_loss: 0.1006 - val_acc: 0.9685
Number of true positives for validation data: 88
Number of true negatives for validation data: 1849
Number of false positives for validation data: 5
Number of false negatives for validation data: 58
Data saved at /home/brendonm/pulse_count_validation/time1538436085_epoch36.json
Number of true positives for real_world_test data: 1
Number of true negatives for real_world_test data: 12
Number of false positives for real_world_test data: 0
Number of false negatives for real_world_test data: 17
Data saved at /home/brendonm/pulse_count_real_world_test/time1538436085_epoch36.json
Train on 3304 samples, validate on 2000 samples
Epoch 1/1
3304/3304 [==============================] - 0s 91us/step - loss: 0.1204 - acc: 0.9619 - val_loss: 0.0997 - val_acc: 0.9715
Number of true positives for validation data: 94
Number of true negatives for validation data: 1849
Number of false positives for validation data: 5
Number of false negatives for validation data: 52
Data saved at /home/brendonm/pulse_count_validation/time1538436086_epoch37.json
Number of true positives for real_world_test data: 1
Number of true negatives for real_world_test data: 12
Number of false positives for real_world_test data: 0
Number of false negatives for real_world_test data: 17
Data saved at /home/brendonm/pulse_count_real_world_test/time1538436086_epoch37.json
Train on 3304 samples, validate on 2000 samples
Epoch 1/1
3304/3304 [==============================] - 0s 90us/step - loss: 0.1166 - acc: 0.9640 - val_loss: 0.0984 - val_acc: 0.9695
Number of true positives for validation data: 89
Number of true negatives for validation data: 1850
Number of false positives for validation data: 4
Number of false negatives for validation data: 57
Data saved at /home/brendonm/pulse_count_validation/time1538436086_epoch38.json
Number of true positives for real_world_test data: 1
Number of true negatives for real_world_test data: 12
Number of false positives for real_world_test data: 0
Number of false negatives for real_world_test data: 17
Data saved at /home/brendonm/pulse_count_real_world_test/time1538436086_epoch38.json
Train on 3304 samples, validate on 2000 samples
Epoch 1/1
3304/3304 [==============================] - 0s 88us/step - loss: 0.1223 - acc: 0.9579 - val_loss: 0.0986 - val_acc: 0.9715
Number of true positives for validation data: 97
Number of true negatives for validation data: 1846
Number of false positives for validation data: 8
Number of false negatives for validation data: 49
Data saved at /home/brendonm/pulse_count_validation/time1538436086_epoch39.json
Number of true positives for real_world_test data: 1
Number of true negatives for real_world_test data: 12
Number of false positives for real_world_test data: 0
Number of false negatives for real_world_test data: 17
Data saved at /home/brendonm/pulse_count_real_world_test/time1538436086_epoch39.json
Train on 3304 samples, validate on 2000 samples
Epoch 1/1
3304/3304 [==============================] - 0s 93us/step - loss: 0.1191 - acc: 0.9652 - val_loss: 0.0985 - val_acc: 0.9710
Number of true positives for validation data: 96
Number of true negatives for validation data: 1846
Number of false positives for validation data: 8
Number of false negatives for validation data: 50
Data saved at /home/brendonm/pulse_count_validation/time1538436087_epoch40.json
Number of true positives for real_world_test data: 1
Number of true negatives for real_world_test data: 12
Number of false positives for real_world_test data: 0
Number of false negatives for real_world_test data: 17
Data saved at /home/brendonm/pulse_count_real_world_test/time1538436087_epoch40.json
Train on 3304 samples, validate on 2000 samples
Epoch 1/1
3304/3304 [==============================] - 0s 91us/step - loss: 0.1153 - acc: 0.9631 - val_loss: 0.0992 - val_acc: 0.9725
Number of true positives for validation data: 100
Number of true negatives for validation data: 1845
Number of false positives for validation data: 9
Number of false negatives for validation data: 46
Data saved at /home/brendonm/pulse_count_validation/time1538436087_epoch41.json
Number of true positives for real_world_test data: 1
Number of true negatives for real_world_test data: 12
Number of false positives for real_world_test data: 0
Number of false negatives for real_world_test data: 17
Data saved at /home/brendonm/pulse_count_real_world_test/time1538436087_epoch41.json
Train on 3304 samples, validate on 2000 samples
Epoch 1/1
3304/3304 [==============================] - 0s 87us/step - loss: 0.1155 - acc: 0.9649 - val_loss: 0.0974 - val_acc: 0.9730
Number of true positives for validation data: 100
Number of true negatives for validation data: 1846
Number of false positives for validation data: 8
Number of false negatives for validation data: 46
Data saved at /home/brendonm/pulse_count_validation/time1538436087_epoch42.json
Number of true positives for real_world_test data: 1
Number of true negatives for real_world_test data: 12
Number of false positives for real_world_test data: 0
Number of false negatives for real_world_test data: 17
Data saved at /home/brendonm/pulse_count_real_world_test/time1538436087_epoch42.json
Train on 3304 samples, validate on 2000 samples
Epoch 1/1
3304/3304 [==============================] - 0s 90us/step - loss: 0.1150 - acc: 0.9637 - val_loss: 0.0948 - val_acc: 0.9730
Number of true positives for validation data: 99
Number of true negatives for validation data: 1847
Number of false positives for validation data: 7
Number of false negatives for validation data: 47
Data saved at /home/brendonm/pulse_count_validation/time1538436088_epoch43.json
Number of true positives for real_world_test data: 1
Number of true negatives for real_world_test data: 12
Number of false positives for real_world_test data: 0
Number of false negatives for real_world_test data: 17
Data saved at /home/brendonm/pulse_count_real_world_test/time1538436088_epoch43.json
Train on 3304 samples, validate on 2000 samples
Epoch 1/1
3304/3304 [==============================] - 0s 92us/step - loss: 0.1157 - acc: 0.9646 - val_loss: 0.0947 - val_acc: 0.9735
Number of true positives for validation data: 101
Number of true negatives for validation data: 1846
Number of false positives for validation data: 8
Number of false negatives for validation data: 45
Data saved at /home/brendonm/pulse_count_validation/time1538436088_epoch44.json
Number of true positives for real_world_test data: 1
Number of true negatives for real_world_test data: 12
Number of false positives for real_world_test data: 0
Number of false negatives for real_world_test data: 17
Data saved at /home/brendonm/pulse_count_real_world_test/time1538436088_epoch44.json
Train on 3304 samples, validate on 2000 samples
Epoch 1/1
3304/3304 [==============================] - 0s 92us/step - loss: 0.1127 - acc: 0.9631 - val_loss: 0.0937 - val_acc: 0.9715
Number of true positives for validation data: 97
Number of true negatives for validation data: 1846
Number of false positives for validation data: 8
Number of false negatives for validation data: 49
Data saved at /home/brendonm/pulse_count_validation/time1538436089_epoch45.json
Number of true positives for real_world_test data: 1
Number of true negatives for real_world_test data: 12
Number of false positives for real_world_test data: 0
Number of false negatives for real_world_test data: 17
Data saved at /home/brendonm/pulse_count_real_world_test/time1538436089_epoch45.json
Train on 3304 samples, validate on 2000 samples
Epoch 1/1
3304/3304 [==============================] - 0s 91us/step - loss: 0.1182 - acc: 0.9610 - val_loss: 0.0946 - val_acc: 0.9745
Number of true positives for validation data: 104
Number of true negatives for validation data: 1845
Number of false positives for validation data: 9
Number of false negatives for validation data: 42
Data saved at /home/brendonm/pulse_count_validation/time1538436089_epoch46.json
Number of true positives for real_world_test data: 1
Number of true negatives for real_world_test data: 12
Number of false positives for real_world_test data: 0
Number of false negatives for real_world_test data: 17
Data saved at /home/brendonm/pulse_count_real_world_test/time1538436089_epoch46.json
Train on 3304 samples, validate on 2000 samples
Epoch 1/1
3304/3304 [==============================] - 0s 94us/step - loss: 0.1133 - acc: 0.9640 - val_loss: 0.0928 - val_acc: 0.9730
Number of true positives for validation data: 100
Number of true negatives for validation data: 1846
Number of false positives for validation data: 8
Number of false negatives for validation data: 46
Data saved at /home/brendonm/pulse_count_validation/time1538436089_epoch47.json
Number of true positives for real_world_test data: 1
Number of true negatives for real_world_test data: 12
Number of false positives for real_world_test data: 0
Number of false negatives for real_world_test data: 17
Data saved at /home/brendonm/pulse_count_real_world_test/time1538436089_epoch47.json
Train on 3304 samples, validate on 2000 samples
Epoch 1/1
3304/3304 [==============================] - 0s 91us/step - loss: 0.1062 - acc: 0.9685 - val_loss: 0.0922 - val_acc: 0.9750
Number of true positives for validation data: 104
Number of true negatives for validation data: 1846
Number of false positives for validation data: 8
Number of false negatives for validation data: 42
Data saved at /home/brendonm/pulse_count_validation/time1538436090_epoch48.json
Number of true positives for real_world_test data: 1
Number of true negatives for real_world_test data: 12
Number of false positives for real_world_test data: 0
Number of false negatives for real_world_test data: 17
Data saved at /home/brendonm/pulse_count_real_world_test/time1538436090_epoch48.json
Train on 3304 samples, validate on 2000 samples
Epoch 1/1
3304/3304 [==============================] - 0s 92us/step - loss: 0.1124 - acc: 0.9661 - val_loss: 0.0921 - val_acc: 0.9715
Number of true positives for validation data: 95
Number of true negatives for validation data: 1848
Number of false positives for validation data: 6
Number of false negatives for validation data: 51
Data saved at /home/brendonm/pulse_count_validation/time1538436090_epoch49.json
Number of true positives for real_world_test data: 1
Number of true negatives for real_world_test data: 12
Number of false positives for real_world_test data: 0
Number of false negatives for real_world_test data: 17
Data saved at /home/brendonm/pulse_count_real_world_test/time1538436090_epoch49.json
Train on 3304 samples, validate on 2000 samples
Epoch 1/1
3304/3304 [==============================] - 0s 87us/step - loss: 0.1120 - acc: 0.9634 - val_loss: 0.0908 - val_acc: 0.9745
Number of true positives for validation data: 99
Number of true negatives for validation data: 1850
Number of false positives for validation data: 4
Number of false negatives for validation data: 47
Data saved at /home/brendonm/pulse_count_validation/time1538436091_epoch50.json
Number of true positives for real_world_test data: 1
Number of true negatives for real_world_test data: 12
Number of false positives for real_world_test data: 0
Number of false negatives for real_world_test data: 17
Data saved at /home/brendonm/pulse_count_real_world_test/time1538436091_epoch50.json
Train on 3304 samples, validate on 2000 samples
Epoch 1/1
3304/3304 [==============================] - 0s 88us/step - loss: 0.1067 - acc: 0.9685 - val_loss: 0.0920 - val_acc: 0.9740
Number of true positives for validation data: 100
Number of true negatives for validation data: 1848
Number of false positives for validation data: 6
Number of false negatives for validation data: 46
Data saved at /home/brendonm/pulse_count_validation/time1538436091_epoch51.json
Number of true positives for real_world_test data: 1
Number of true negatives for real_world_test data: 12
Number of false positives for real_world_test data: 0
Number of false negatives for real_world_test data: 17
Data saved at /home/brendonm/pulse_count_real_world_test/time1538436091_epoch51.json
Train on 3304 samples, validate on 2000 samples
Epoch 1/1
3304/3304 [==============================] - 0s 90us/step - loss: 0.1079 - acc: 0.9664 - val_loss: 0.0906 - val_acc: 0.9740
Number of true positives for validation data: 102
Number of true negatives for validation data: 1846
Number of false positives for validation data: 8
Number of false negatives for validation data: 44
Data saved at /home/brendonm/pulse_count_validation/time1538436091_epoch52.json
Number of true positives for real_world_test data: 1
Number of true negatives for real_world_test data: 12
Number of false positives for real_world_test data: 0
Number of false negatives for real_world_test data: 17
Data saved at /home/brendonm/pulse_count_real_world_test/time1538436091_epoch52.json
Train on 3304 samples, validate on 2000 samples
Epoch 1/1
3304/3304 [==============================] - 0s 90us/step - loss: 0.1108 - acc: 0.9640 - val_loss: 0.0907 - val_acc: 0.9745
Number of true positives for validation data: 103
Number of true negatives for validation data: 1846
Number of false positives for validation data: 8
Number of false negatives for validation data: 43
Data saved at /home/brendonm/pulse_count_validation/time1538436092_epoch53.json
Number of true positives for real_world_test data: 1
Number of true negatives for real_world_test data: 12
Number of false positives for real_world_test data: 0
Number of false negatives for real_world_test data: 17
Data saved at /home/brendonm/pulse_count_real_world_test/time1538436092_epoch53.json
Train on 3304 samples, validate on 2000 samples
Epoch 1/1
3304/3304 [==============================] - 0s 91us/step - loss: 0.1123 - acc: 0.9640 - val_loss: 0.0894 - val_acc: 0.9740
Number of true positives for validation data: 99
Number of true negatives for validation data: 1849
Number of false positives for validation data: 5
Number of false negatives for validation data: 47
Data saved at /home/brendonm/pulse_count_validation/time1538436092_epoch54.json
Number of true positives for real_world_test data: 1
Number of true negatives for real_world_test data: 12
Number of false positives for real_world_test data: 0
Number of false negatives for real_world_test data: 17
Data saved at /home/brendonm/pulse_count_real_world_test/time1538436092_epoch54.json
Train on 3304 samples, validate on 2000 samples
Epoch 1/1
3304/3304 [==============================] - 0s 90us/step - loss: 0.1117 - acc: 0.9631 - val_loss: 0.0919 - val_acc: 0.9745
Number of true positives for validation data: 104
Number of true negatives for validation data: 1845
Number of false positives for validation data: 9
Number of false negatives for validation data: 42
Data saved at /home/brendonm/pulse_count_validation/time1538436092_epoch55.json
Number of true positives for real_world_test data: 1
Number of true negatives for real_world_test data: 12
Number of false positives for real_world_test data: 0
Number of false negatives for real_world_test data: 17
Data saved at /home/brendonm/pulse_count_real_world_test/time1538436092_epoch55.json
Train on 3304 samples, validate on 2000 samples
Epoch 1/1
3304/3304 [==============================] - 0s 88us/step - loss: 0.1070 - acc: 0.9679 - val_loss: 0.0892 - val_acc: 0.9735
Number of true positives for validation data: 102
Number of true negatives for validation data: 1845
Number of false positives for validation data: 9
Number of false negatives for validation data: 44
Data saved at /home/brendonm/pulse_count_validation/time1538436093_epoch56.json
Number of true positives for real_world_test data: 1
Number of true negatives for real_world_test data: 12
Number of false positives for real_world_test data: 0
Number of false negatives for real_world_test data: 17
Data saved at /home/brendonm/pulse_count_real_world_test/time1538436093_epoch56.json
Train on 3304 samples, validate on 2000 samples
Epoch 1/1
3304/3304 [==============================] - 0s 90us/step - loss: 0.1090 - acc: 0.9664 - val_loss: 0.0886 - val_acc: 0.9745
Number of true positives for validation data: 102
Number of true negatives for validation data: 1847
Number of false positives for validation data: 7
Number of false negatives for validation data: 44
Data saved at /home/brendonm/pulse_count_validation/time1538436093_epoch57.json
Number of true positives for real_world_test data: 1
Number of true negatives for real_world_test data: 12
Number of false positives for real_world_test data: 0
Number of false negatives for real_world_test data: 17
Data saved at /home/brendonm/pulse_count_real_world_test/time1538436093_epoch57.json
Train on 3304 samples, validate on 2000 samples
Epoch 1/1
3304/3304 [==============================] - 0s 87us/step - loss: 0.1036 - acc: 0.9679 - val_loss: 0.0883 - val_acc: 0.9745
Number of true positives for validation data: 102
Number of true negatives for validation data: 1847
Number of false positives for validation data: 7
Number of false negatives for validation data: 44
Data saved at /home/brendonm/pulse_count_validation/time1538436094_epoch58.json
Number of true positives for real_world_test data: 1
Number of true negatives for real_world_test data: 12
Number of false positives for real_world_test data: 0
Number of false negatives for real_world_test data: 17
Data saved at /home/brendonm/pulse_count_real_world_test/time1538436094_epoch58.json
Train on 3304 samples, validate on 2000 samples
Epoch 1/1
3304/3304 [==============================] - 0s 87us/step - loss: 0.1086 - acc: 0.9646 - val_loss: 0.0886 - val_acc: 0.9755
Number of true positives for validation data: 104
Number of true negatives for validation data: 1847
Number of false positives for validation data: 7
Number of false negatives for validation data: 42
Data saved at /home/brendonm/pulse_count_validation/time1538436094_epoch59.json
Number of true positives for real_world_test data: 1
Number of true negatives for real_world_test data: 12
Number of false positives for real_world_test data: 0
Number of false negatives for real_world_test data: 17
Data saved at /home/brendonm/pulse_count_real_world_test/time1538436094_epoch59.json
Train on 3304 samples, validate on 2000 samples
Epoch 1/1
3304/3304 [==============================] - 0s 88us/step - loss: 0.1051 - acc: 0.9658 - val_loss: 0.0875 - val_acc: 0.9765
Number of true positives for validation data: 103
Number of true negatives for validation data: 1850
Number of false positives for validation data: 4
Number of false negatives for validation data: 43
Data saved at /home/brendonm/pulse_count_validation/time1538436094_epoch60.json
Number of true positives for real_world_test data: 1
Number of true negatives for real_world_test data: 12
Number of false positives for real_world_test data: 0
Number of false negatives for real_world_test data: 17
Data saved at /home/brendonm/pulse_count_real_world_test/time1538436094_epoch60.json
Train on 3304 samples, validate on 2000 samples
Epoch 1/1
3304/3304 [==============================] - 0s 89us/step - loss: 0.1035 - acc: 0.9682 - val_loss: 0.0870 - val_acc: 0.9760
Number of true positives for validation data: 105
Number of true negatives for validation data: 1847
Number of false positives for validation data: 7
Number of false negatives for validation data: 41
Data saved at /home/brendonm/pulse_count_validation/time1538436095_epoch61.json
Number of true positives for real_world_test data: 1
Number of true negatives for real_world_test data: 12
Number of false positives for real_world_test data: 0
Number of false negatives for real_world_test data: 17
Data saved at /home/brendonm/pulse_count_real_world_test/time1538436095_epoch61.json
Train on 3304 samples, validate on 2000 samples
Epoch 1/1
3304/3304 [==============================] - 0s 89us/step - loss: 0.1068 - acc: 0.9661 - val_loss: 0.0866 - val_acc: 0.9750
Number of true positives for validation data: 104
Number of true negatives for validation data: 1846
Number of false positives for validation data: 8
Number of false negatives for validation data: 42
Data saved at /home/brendonm/pulse_count_validation/time1538436095_epoch62.json
Number of true positives for real_world_test data: 1
Number of true negatives for real_world_test data: 12
Number of false positives for real_world_test data: 0
Number of false negatives for real_world_test data: 17
Data saved at /home/brendonm/pulse_count_real_world_test/time1538436095_epoch62.json
Train on 3304 samples, validate on 2000 samples
Epoch 1/1
3304/3304 [==============================] - 0s 90us/step - loss: 0.1029 - acc: 0.9670 - val_loss: 0.0858 - val_acc: 0.9760
Number of true positives for validation data: 101
Number of true negatives for validation data: 1851
Number of false positives for validation data: 3
Number of false negatives for validation data: 45
Data saved at /home/brendonm/pulse_count_validation/time1538436095_epoch63.json
Number of true positives for real_world_test data: 1
Number of true negatives for real_world_test data: 12
Number of false positives for real_world_test data: 0
Number of false negatives for real_world_test data: 17
Data saved at /home/brendonm/pulse_count_real_world_test/time1538436095_epoch63.json
Train on 3304 samples, validate on 2000 samples
Epoch 1/1
3304/3304 [==============================] - 0s 88us/step - loss: 0.1038 - acc: 0.9676 - val_loss: 0.0879 - val_acc: 0.9730
Number of true positives for validation data: 103
Number of true negatives for validation data: 1843
Number of false positives for validation data: 11
Number of false negatives for validation data: 43
Data saved at /home/brendonm/pulse_count_validation/time1538436096_epoch64.json
Number of true positives for real_world_test data: 1
Number of true negatives for real_world_test data: 12
Number of false positives for real_world_test data: 0
Number of false negatives for real_world_test data: 17
Data saved at /home/brendonm/pulse_count_real_world_test/time1538436096_epoch64.json
Train on 3304 samples, validate on 2000 samples
Epoch 1/1
3304/3304 [==============================] - 0s 91us/step - loss: 0.1066 - acc: 0.9664 - val_loss: 0.0859 - val_acc: 0.9740
Number of true positives for validation data: 103
Number of true negatives for validation data: 1845
Number of false positives for validation data: 9
Number of false negatives for validation data: 43
Data saved at /home/brendonm/pulse_count_validation/time1538436096_epoch65.json
Number of true positives for real_world_test data: 1
Number of true negatives for real_world_test data: 12
Number of false positives for real_world_test data: 0
Number of false negatives for real_world_test data: 17
Data saved at /home/brendonm/pulse_count_real_world_test/time1538436096_epoch65.json
Train on 3304 samples, validate on 2000 samples
Epoch 1/1
3304/3304 [==============================] - 0s 91us/step - loss: 0.1057 - acc: 0.9679 - val_loss: 0.0850 - val_acc: 0.9765
Number of true positives for validation data: 104
Number of true negatives for validation data: 1849
Number of false positives for validation data: 5
Number of false negatives for validation data: 42
Data saved at /home/brendonm/pulse_count_validation/time1538436097_epoch66.json
Number of true positives for real_world_test data: 1
Number of true negatives for real_world_test data: 12
Number of false positives for real_world_test data: 0
Number of false negatives for real_world_test data: 17
Data saved at /home/brendonm/pulse_count_real_world_test/time1538436097_epoch66.json
Train on 3304 samples, validate on 2000 samples
Epoch 1/1
3304/3304 [==============================] - 0s 92us/step - loss: 0.1007 - acc: 0.9697 - val_loss: 0.0853 - val_acc: 0.9755
Number of true positives for validation data: 104
Number of true negatives for validation data: 1847
Number of false positives for validation data: 7
Number of false negatives for validation data: 42
Data saved at /home/brendonm/pulse_count_validation/time1538436097_epoch67.json
Number of true positives for real_world_test data: 1
Number of true negatives for real_world_test data: 12
Number of false positives for real_world_test data: 0
Number of false negatives for real_world_test data: 17
Data saved at /home/brendonm/pulse_count_real_world_test/time1538436097_epoch67.json
Train on 3304 samples, validate on 2000 samples
Epoch 1/1
3304/3304 [==============================] - 0s 88us/step - loss: 0.0992 - acc: 0.9703 - val_loss: 0.0849 - val_acc: 0.9750
Number of true positives for validation data: 101
Number of true negatives for validation data: 1849
Number of false positives for validation data: 5
Number of false negatives for validation data: 45
Data saved at /home/brendonm/pulse_count_validation/time1538436097_epoch68.json
Number of true positives for real_world_test data: 1
Number of true negatives for real_world_test data: 12
Number of false positives for real_world_test data: 0
Number of false negatives for real_world_test data: 17
Data saved at /home/brendonm/pulse_count_real_world_test/time1538436097_epoch68.json
Train on 3304 samples, validate on 2000 samples
Epoch 1/1
3304/3304 [==============================] - 0s 86us/step - loss: 0.1079 - acc: 0.9661 - val_loss: 0.0854 - val_acc: 0.9745
Number of true positives for validation data: 103
Number of true negatives for validation data: 1846
Number of false positives for validation data: 8
Number of false negatives for validation data: 43
Data saved at /home/brendonm/pulse_count_validation/time1538436098_epoch69.json
Number of true positives for real_world_test data: 1
Number of true negatives for real_world_test data: 12
Number of false positives for real_world_test data: 0
Number of false negatives for real_world_test data: 17
Data saved at /home/brendonm/pulse_count_real_world_test/time1538436098_epoch69.json
Train on 3304 samples, validate on 2000 samples
Epoch 1/1
3304/3304 [==============================] - 0s 87us/step - loss: 0.1032 - acc: 0.9700 - val_loss: 0.0863 - val_acc: 0.9750
Number of true positives for validation data: 104
Number of true negatives for validation data: 1846
Number of false positives for validation data: 8
Number of false negatives for validation data: 42
Data saved at /home/brendonm/pulse_count_validation/time1538436098_epoch70.json
Number of true positives for real_world_test data: 1
Number of true negatives for real_world_test data: 12
Number of false positives for real_world_test data: 0
Number of false negatives for real_world_test data: 17
Data saved at /home/brendonm/pulse_count_real_world_test/time1538436098_epoch70.json
Train on 3304 samples, validate on 2000 samples
Epoch 1/1
3304/3304 [==============================] - 0s 87us/step - loss: 0.0982 - acc: 0.9694 - val_loss: 0.0847 - val_acc: 0.9740
Number of true positives for validation data: 104
Number of true negatives for validation data: 1844
Number of false positives for validation data: 10
Number of false negatives for validation data: 42
Data saved at /home/brendonm/pulse_count_validation/time1538436098_epoch71.json
Number of true positives for real_world_test data: 1
Number of true negatives for real_world_test data: 12
Number of false positives for real_world_test data: 0
Number of false negatives for real_world_test data: 17
Data saved at /home/brendonm/pulse_count_real_world_test/time1538436098_epoch71.json
Train on 3304 samples, validate on 2000 samples
Epoch 1/1
3304/3304 [==============================] - 0s 90us/step - loss: 0.1043 - acc: 0.9688 - val_loss: 0.0826 - val_acc: 0.9770
Number of true positives for validation data: 104
Number of true negatives for validation data: 1850
Number of false positives for validation data: 4
Number of false negatives for validation data: 42
Data saved at /home/brendonm/pulse_count_validation/time1538436099_epoch72.json
Number of true positives for real_world_test data: 1
Number of true negatives for real_world_test data: 12
Number of false positives for real_world_test data: 0
Number of false negatives for real_world_test data: 17
Data saved at /home/brendonm/pulse_count_real_world_test/time1538436099_epoch72.json
Train on 3304 samples, validate on 2000 samples
Epoch 1/1
3304/3304 [==============================] - 0s 90us/step - loss: 0.1016 - acc: 0.9697 - val_loss: 0.0834 - val_acc: 0.9750
Number of true positives for validation data: 102
Number of true negatives for validation data: 1848
Number of false positives for validation data: 6
Number of false negatives for validation data: 44
Data saved at /home/brendonm/pulse_count_validation/time1538436099_epoch73.json
Number of true positives for real_world_test data: 1
Number of true negatives for real_world_test data: 12
Number of false positives for real_world_test data: 0
Number of false negatives for real_world_test data: 17
Data saved at /home/brendonm/pulse_count_real_world_test/time1538436099_epoch73.json
Train on 3304 samples, validate on 2000 samples
Epoch 1/1
3304/3304 [==============================] - 0s 90us/step - loss: 0.1034 - acc: 0.9673 - val_loss: 0.0834 - val_acc: 0.9750
Number of true positives for validation data: 100
Number of true negatives for validation data: 1850
Number of false positives for validation data: 4
Number of false negatives for validation data: 46
Data saved at /home/brendonm/pulse_count_validation/time1538436100_epoch74.json
Number of true positives for real_world_test data: 1
Number of true negatives for real_world_test data: 12
Number of false positives for real_world_test data: 0
Number of false negatives for real_world_test data: 17
Data saved at /home/brendonm/pulse_count_real_world_test/time1538436100_epoch74.json
Train on 3304 samples, validate on 2000 samples
Epoch 1/1
3304/3304 [==============================] - 0s 91us/step - loss: 0.0980 - acc: 0.9703 - val_loss: 0.0831 - val_acc: 0.9755
Number of true positives for validation data: 103
Number of true negatives for validation data: 1848
Number of false positives for validation data: 6
Number of false negatives for validation data: 43
Data saved at /home/brendonm/pulse_count_validation/time1538436100_epoch75.json
Number of true positives for real_world_test data: 2
Number of true negatives for real_world_test data: 12
Number of false positives for real_world_test data: 0
Number of false negatives for real_world_test data: 16
Data saved at /home/brendonm/pulse_count_real_world_test/time1538436100_epoch75.json
Train on 3304 samples, validate on 2000 samples
Epoch 1/1
3304/3304 [==============================] - 0s 90us/step - loss: 0.1023 - acc: 0.9679 - val_loss: 0.0819 - val_acc: 0.9760
Number of true positives for validation data: 103
Number of true negatives for validation data: 1849
Number of false positives for validation data: 5
Number of false negatives for validation data: 43
Data saved at /home/brendonm/pulse_count_validation/time1538436100_epoch76.json
Number of true positives for real_world_test data: 2
Number of true negatives for real_world_test data: 12
Number of false positives for real_world_test data: 0
Number of false negatives for real_world_test data: 16
Data saved at /home/brendonm/pulse_count_real_world_test/time1538436100_epoch76.json
Train on 3304 samples, validate on 2000 samples
Epoch 1/1
3304/3304 [==============================] - 0s 87us/step - loss: 0.1014 - acc: 0.9679 - val_loss: 0.0832 - val_acc: 0.9755
Number of true positives for validation data: 103
Number of true negatives for validation data: 1848
Number of false positives for validation data: 6
Number of false negatives for validation data: 43
Data saved at /home/brendonm/pulse_count_validation/time1538436101_epoch77.json
Number of true positives for real_world_test data: 2
Number of true negatives for real_world_test data: 12
Number of false positives for real_world_test data: 0
Number of false negatives for real_world_test data: 16
Data saved at /home/brendonm/pulse_count_real_world_test/time1538436101_epoch77.json
Train on 3304 samples, validate on 2000 samples
Epoch 1/1
3304/3304 [==============================] - 0s 85us/step - loss: 0.1035 - acc: 0.9667 - val_loss: 0.0828 - val_acc: 0.9755
Number of true positives for validation data: 103
Number of true negatives for validation data: 1848
Number of false positives for validation data: 6
Number of false negatives for validation data: 43
Data saved at /home/brendonm/pulse_count_validation/time1538436101_epoch78.json
Number of true positives for real_world_test data: 2
Number of true negatives for real_world_test data: 12
Number of false positives for real_world_test data: 0
Number of false negatives for real_world_test data: 16
Data saved at /home/brendonm/pulse_count_real_world_test/time1538436101_epoch78.json
Train on 3304 samples, validate on 2000 samples
Epoch 1/1
3304/3304 [==============================] - 0s 87us/step - loss: 0.1014 - acc: 0.9676 - val_loss: 0.0828 - val_acc: 0.9750
Number of true positives for validation data: 104
Number of true negatives for validation data: 1846
Number of false positives for validation data: 8
Number of false negatives for validation data: 42
Data saved at /home/brendonm/pulse_count_validation/time1538436101_epoch79.json
Number of true positives for real_world_test data: 2
Number of true negatives for real_world_test data: 12
Number of false positives for real_world_test data: 0
Number of false negatives for real_world_test data: 16
Data saved at /home/brendonm/pulse_count_real_world_test/time1538436101_epoch79.json
Train on 3304 samples, validate on 2000 samples
Epoch 1/1
3304/3304 [==============================] - 0s 88us/step - loss: 0.0981 - acc: 0.9697 - val_loss: 0.0820 - val_acc: 0.9765
Number of true positives for validation data: 105
Number of true negatives for validation data: 1848
Number of false positives for validation data: 6
Number of false negatives for validation data: 41
Data saved at /home/brendonm/pulse_count_validation/time1538436102_epoch80.json
Number of true positives for real_world_test data: 2
Number of true negatives for real_world_test data: 12
Number of false positives for real_world_test data: 0
Number of false negatives for real_world_test data: 16
Data saved at /home/brendonm/pulse_count_real_world_test/time1538436102_epoch80.json
Train on 3304 samples, validate on 2000 samples
Epoch 1/1
3304/3304 [==============================] - 0s 84us/step - loss: 0.1004 - acc: 0.9679 - val_loss: 0.0809 - val_acc: 0.9770
Number of true positives for validation data: 105
Number of true negatives for validation data: 1849
Number of false positives for validation data: 5
Number of false negatives for validation data: 41
Data saved at /home/brendonm/pulse_count_validation/time1538436102_epoch81.json
Number of true positives for real_world_test data: 2
Number of true negatives for real_world_test data: 12
Number of false positives for real_world_test data: 0
Number of false negatives for real_world_test data: 16
Data saved at /home/brendonm/pulse_count_real_world_test/time1538436102_epoch81.json
Train on 3304 samples, validate on 2000 samples
Epoch 1/1
3304/3304 [==============================] - 0s 88us/step - loss: 0.0981 - acc: 0.9709 - val_loss: 0.0815 - val_acc: 0.9755
Number of true positives for validation data: 102
Number of true negatives for validation data: 1849
Number of false positives for validation data: 5
Number of false negatives for validation data: 44
Data saved at /home/brendonm/pulse_count_validation/time1538436103_epoch82.json
Number of true positives for real_world_test data: 2
Number of true negatives for real_world_test data: 12
Number of false positives for real_world_test data: 0
Number of false negatives for real_world_test data: 16
Data saved at /home/brendonm/pulse_count_real_world_test/time1538436103_epoch82.json
Train on 3304 samples, validate on 2000 samples
Epoch 1/1
3304/3304 [==============================] - 0s 91us/step - loss: 0.1010 - acc: 0.9655 - val_loss: 0.0821 - val_acc: 0.9760
Number of true positives for validation data: 107
Number of true negatives for validation data: 1845
Number of false positives for validation data: 9
Number of false negatives for validation data: 39
Data saved at /home/brendonm/pulse_count_validation/time1538436103_epoch83.json
Number of true positives for real_world_test data: 2
Number of true negatives for real_world_test data: 12
Number of false positives for real_world_test data: 0
Number of false negatives for real_world_test data: 16
Data saved at /home/brendonm/pulse_count_real_world_test/time1538436103_epoch83.json
Train on 3304 samples, validate on 2000 samples
Epoch 1/1
3304/3304 [==============================] - 0s 89us/step - loss: 0.1024 - acc: 0.9688 - val_loss: 0.0815 - val_acc: 0.9765
Number of true positives for validation data: 104
Number of true negatives for validation data: 1849
Number of false positives for validation data: 5
Number of false negatives for validation data: 42
Data saved at /home/brendonm/pulse_count_validation/time1538436103_epoch84.json
Number of true positives for real_world_test data: 1
Number of true negatives for real_world_test data: 12
Number of false positives for real_world_test data: 0
Number of false negatives for real_world_test data: 17
Data saved at /home/brendonm/pulse_count_real_world_test/time1538436103_epoch84.json
Train on 3304 samples, validate on 2000 samples
Epoch 1/1
3304/3304 [==============================] - 0s 92us/step - loss: 0.1020 - acc: 0.9667 - val_loss: 0.0803 - val_acc: 0.9770
Number of true positives for validation data: 105
Number of true negatives for validation data: 1849
Number of false positives for validation data: 5
Number of false negatives for validation data: 41
Data saved at /home/brendonm/pulse_count_validation/time1538436104_epoch85.json
Number of true positives for real_world_test data: 2
Number of true negatives for real_world_test data: 12
Number of false positives for real_world_test data: 0
Number of false negatives for real_world_test data: 16
Data saved at /home/brendonm/pulse_count_real_world_test/time1538436104_epoch85.json
Train on 3304 samples, validate on 2000 samples
Epoch 1/1
3304/3304 [==============================] - 0s 92us/step - loss: 0.0987 - acc: 0.9691 - val_loss: 0.0806 - val_acc: 0.9775
Number of true positives for validation data: 107
Number of true negatives for validation data: 1848
Number of false positives for validation data: 6
Number of false negatives for validation data: 39
Data saved at /home/brendonm/pulse_count_validation/time1538436104_epoch86.json
Number of true positives for real_world_test data: 2
Number of true negatives for real_world_test data: 12
Number of false positives for real_world_test data: 0
Number of false negatives for real_world_test data: 16
Data saved at /home/brendonm/pulse_count_real_world_test/time1538436104_epoch86.json
Train on 3304 samples, validate on 2000 samples
Epoch 1/1
3304/3304 [==============================] - 0s 88us/step - loss: 0.1028 - acc: 0.9688 - val_loss: 0.0803 - val_acc: 0.9775
Number of true positives for validation data: 106
Number of true negatives for validation data: 1849
Number of false positives for validation data: 5
Number of false negatives for validation data: 40
Data saved at /home/brendonm/pulse_count_validation/time1538436104_epoch87.json
Number of true positives for real_world_test data: 2
Number of true negatives for real_world_test data: 12
Number of false positives for real_world_test data: 0
Number of false negatives for real_world_test data: 16
Data saved at /home/brendonm/pulse_count_real_world_test/time1538436105_epoch87.json
Train on 3304 samples, validate on 2000 samples
Epoch 1/1
3304/3304 [==============================] - 0s 89us/step - loss: 0.1014 - acc: 0.9691 - val_loss: 0.0796 - val_acc: 0.9765
Number of true positives for validation data: 104
Number of true negatives for validation data: 1849
Number of false positives for validation data: 5
Number of false negatives for validation data: 42
Data saved at /home/brendonm/pulse_count_validation/time1538436105_epoch88.json
Number of true positives for real_world_test data: 1
Number of true negatives for real_world_test data: 12
Number of false positives for real_world_test data: 0
Number of false negatives for real_world_test data: 17
Data saved at /home/brendonm/pulse_count_real_world_test/time1538436105_epoch88.json
Train on 3304 samples, validate on 2000 samples
Epoch 1/1
3304/3304 [==============================] - 0s 89us/step - loss: 0.0973 - acc: 0.9682 - val_loss: 0.0798 - val_acc: 0.9770
Number of true positives for validation data: 104
Number of true negatives for validation data: 1850
Number of false positives for validation data: 4
Number of false negatives for validation data: 42
Data saved at /home/brendonm/pulse_count_validation/time1538436105_epoch89.json
Number of true positives for real_world_test data: 1
Number of true negatives for real_world_test data: 12
Number of false positives for real_world_test data: 0
Number of false negatives for real_world_test data: 17
Data saved at /home/brendonm/pulse_count_real_world_test/time1538436105_epoch89.json
Train on 3304 samples, validate on 2000 samples
Epoch 1/1
3304/3304 [==============================] - 0s 84us/step - loss: 0.0976 - acc: 0.9688 - val_loss: 0.0781 - val_acc: 0.9770
Number of true positives for validation data: 105
Number of true negatives for validation data: 1849
Number of false positives for validation data: 5
Number of false negatives for validation data: 41
Data saved at /home/brendonm/pulse_count_validation/time1538436106_epoch90.json
Number of true positives for real_world_test data: 1
Number of true negatives for real_world_test data: 12
Number of false positives for real_world_test data: 0
Number of false negatives for real_world_test data: 17
Data saved at /home/brendonm/pulse_count_real_world_test/time1538436106_epoch90.json
Train on 3304 samples, validate on 2000 samples
Epoch 1/1
3304/3304 [==============================] - 0s 89us/step - loss: 0.0974 - acc: 0.9694 - val_loss: 0.0784 - val_acc: 0.9775
Number of true positives for validation data: 107
Number of true negatives for validation data: 1848
Number of false positives for validation data: 6
Number of false negatives for validation data: 39
Data saved at /home/brendonm/pulse_count_validation/time1538436106_epoch91.json
Number of true positives for real_world_test data: 2
Number of true negatives for real_world_test data: 12
Number of false positives for real_world_test data: 0
Number of false negatives for real_world_test data: 16
Data saved at /home/brendonm/pulse_count_real_world_test/time1538436106_epoch91.json
Train on 3304 samples, validate on 2000 samples
Epoch 1/1
3304/3304 [==============================] - 0s 87us/step - loss: 0.0976 - acc: 0.9725 - val_loss: 0.0774 - val_acc: 0.9785
Number of true positives for validation data: 107
Number of true negatives for validation data: 1850
Number of false positives for validation data: 4
Number of false negatives for validation data: 39
Data saved at /home/brendonm/pulse_count_validation/time1538436106_epoch92.json
Number of true positives for real_world_test data: 1
Number of true negatives for real_world_test data: 12
Number of false positives for real_world_test data: 0
Number of false negatives for real_world_test data: 17
Data saved at /home/brendonm/pulse_count_real_world_test/time1538436106_epoch92.json
Train on 3304 samples, validate on 2000 samples
Epoch 1/1
3304/3304 [==============================] - 0s 87us/step - loss: 0.0971 - acc: 0.9700 - val_loss: 0.0771 - val_acc: 0.9790
Number of true positives for validation data: 108
Number of true negatives for validation data: 1850
Number of false positives for validation data: 4
Number of false negatives for validation data: 38
Data saved at /home/brendonm/pulse_count_validation/time1538436107_epoch93.json
Number of true positives for real_world_test data: 2
Number of true negatives for real_world_test data: 12
Number of false positives for real_world_test data: 0
Number of false negatives for real_world_test data: 16
Data saved at /home/brendonm/pulse_count_real_world_test/time1538436107_epoch93.json
Train on 3304 samples, validate on 2000 samples
Epoch 1/1
3304/3304 [==============================] - 0s 90us/step - loss: 0.0937 - acc: 0.9734 - val_loss: 0.0785 - val_acc: 0.9790
Number of true positives for validation data: 109
Number of true negatives for validation data: 1849
Number of false positives for validation data: 5
Number of false negatives for validation data: 37
Data saved at /home/brendonm/pulse_count_validation/time1538436107_epoch94.json
Number of true positives for real_world_test data: 3
Number of true negatives for real_world_test data: 12
Number of false positives for real_world_test data: 0
Number of false negatives for real_world_test data: 15
Data saved at /home/brendonm/pulse_count_real_world_test/time1538436107_epoch94.json
Train on 3304 samples, validate on 2000 samples
Epoch 1/1
3304/3304 [==============================] - 0s 89us/step - loss: 0.0962 - acc: 0.9697 - val_loss: 0.0774 - val_acc: 0.9780
Number of true positives for validation data: 108
Number of true negatives for validation data: 1848
Number of false positives for validation data: 6
Number of false negatives for validation data: 38
Data saved at /home/brendonm/pulse_count_validation/time1538436107_epoch95.json
Number of true positives for real_world_test data: 2
Number of true negatives for real_world_test data: 12
Number of false positives for real_world_test data: 0
Number of false negatives for real_world_test data: 16
Data saved at /home/brendonm/pulse_count_real_world_test/time1538436108_epoch95.json
Train on 3304 samples, validate on 2000 samples
Epoch 1/1
3304/3304 [==============================] - 0s 89us/step - loss: 0.0955 - acc: 0.9722 - val_loss: 0.0777 - val_acc: 0.9765
Number of true positives for validation data: 106
Number of true negatives for validation data: 1847
Number of false positives for validation data: 7
Number of false negatives for validation data: 40
Data saved at /home/brendonm/pulse_count_validation/time1538436108_epoch96.json
Number of true positives for real_world_test data: 2
Number of true negatives for real_world_test data: 12
Number of false positives for real_world_test data: 0
Number of false negatives for real_world_test data: 16
Data saved at /home/brendonm/pulse_count_real_world_test/time1538436108_epoch96.json
Train on 3304 samples, validate on 2000 samples
Epoch 1/1
3304/3304 [==============================] - 0s 89us/step - loss: 0.0947 - acc: 0.9728 - val_loss: 0.0770 - val_acc: 0.9785
Number of true positives for validation data: 108
Number of true negatives for validation data: 1849
Number of false positives for validation data: 5
Number of false negatives for validation data: 38
Data saved at /home/brendonm/pulse_count_validation/time1538436108_epoch97.json
Number of true positives for real_world_test data: 2
Number of true negatives for real_world_test data: 12
Number of false positives for real_world_test data: 0
Number of false negatives for real_world_test data: 16
Data saved at /home/brendonm/pulse_count_real_world_test/time1538436108_epoch97.json
Train on 3304 samples, validate on 2000 samples
Epoch 1/1
3304/3304 [==============================] - 0s 89us/step - loss: 0.0980 - acc: 0.9691 - val_loss: 0.0763 - val_acc: 0.9790
Number of true positives for validation data: 108
Number of true negatives for validation data: 1850
Number of false positives for validation data: 4
Number of false negatives for validation data: 38
Data saved at /home/brendonm/pulse_count_validation/time1538436109_epoch98.json
Number of true positives for real_world_test data: 2
Number of true negatives for real_world_test data: 12
Number of false positives for real_world_test data: 0
Number of false negatives for real_world_test data: 16
Data saved at /home/brendonm/pulse_count_real_world_test/time1538436109_epoch98.json
Train on 3304 samples, validate on 2000 samples
Epoch 1/1
3304/3304 [==============================] - 0s 91us/step - loss: 0.0910 - acc: 0.9731 - val_loss: 0.0753 - val_acc: 0.9810
Number of true positives for validation data: 109
Number of true negatives for validation data: 1853
Number of false positives for validation data: 1
Number of false negatives for validation data: 37
Data saved at /home/brendonm/pulse_count_validation/time1538436109_epoch99.json
Number of true positives for real_world_test data: 1
Number of true negatives for real_world_test data: 12
Number of false positives for real_world_test data: 0
Number of false negatives for real_world_test data: 17
Data saved at /home/brendonm/pulse_count_real_world_test/time1538436109_epoch99.json
