Using TensorFlow backend.
/usr/lib/python3.6/importlib/_bootstrap.py:219: RuntimeWarning: numpy.dtype size changed, may indicate binary incompatibility. Expected 96, got 88
  return f(*args, **kwds)
_________________________________________________________________
Layer (type)                 Output Shape              Param #   
=================================================================
batch_normalization_1 (Batch (None, 255)               1020      
_________________________________________________________________
dense_1 (Dense)              (None, 24)                6144      
_________________________________________________________________
dropout_1 (Dropout)          (None, 24)                0         
_________________________________________________________________
dense_2 (Dense)              (None, 1)                 25        
=================================================================
Total params: 7,189
Trainable params: 6,679
Non-trainable params: 510
_________________________________________________________________
None
Epoch 0
Train on 2804 samples, validate on 500 samples
Epoch 1/1
2018-10-27 11:31:43.298327: I tensorflow/core/platform/cpu_feature_guard.cc:140] Your CPU supports instructions that this TensorFlow binary was not compiled to use: AVX2 FMA
2018-10-27 11:31:43.382457: I tensorflow/stream_executor/cuda/cuda_gpu_executor.cc:898] successful NUMA node read from SysFS had negative value (-1), but there must be at least one NUMA node, so returning NUMA node zero
2018-10-27 11:31:43.382791: I tensorflow/core/common_runtime/gpu/gpu_device.cc:1356] Found device 0 with properties: 
name: GeForce GTX 1080 major: 6 minor: 1 memoryClockRate(GHz): 1.8475
pciBusID: 0000:01:00.0
totalMemory: 7.93GiB freeMemory: 7.35GiB
2018-10-27 11:31:43.382804: I tensorflow/core/common_runtime/gpu/gpu_device.cc:1435] Adding visible gpu devices: 0
2018-10-27 11:31:43.534789: I tensorflow/core/common_runtime/gpu/gpu_device.cc:923] Device interconnect StreamExecutor with strength 1 edge matrix:
2018-10-27 11:31:43.534816: I tensorflow/core/common_runtime/gpu/gpu_device.cc:929]      0 
2018-10-27 11:31:43.534823: I tensorflow/core/common_runtime/gpu/gpu_device.cc:942] 0:   N 
2018-10-27 11:31:43.534943: I tensorflow/core/common_runtime/gpu/gpu_device.cc:1053] Created TensorFlow device (/job:localhost/replica:0/task:0/device:GPU:0 with 7096 MB memory) -> physical GPU (device: 0, name: GeForce GTX 1080, pci bus id: 0000:01:00.0, compute capability: 6.1)
2804/2804 [==============================] - 1s 249us/step - loss: 0.0545 - acc: 0.3320 - val_loss: 0.5414 - val_acc: 0.1940
Epoch 1
Train on 2804 samples, validate on 500 samples
Epoch 1/1
2804/2804 [==============================] - 0s 49us/step - loss: 0.0357 - acc: 0.2272 - val_loss: 0.5330 - val_acc: 0.1980
Epoch 2
Train on 2804 samples, validate on 500 samples
Epoch 1/1
2804/2804 [==============================] - 0s 49us/step - loss: 0.0265 - acc: 0.2372 - val_loss: 0.4944 - val_acc: 0.2240
Epoch 3
Train on 2804 samples, validate on 500 samples
Epoch 1/1
2804/2804 [==============================] - 0s 50us/step - loss: 0.0201 - acc: 0.2693 - val_loss: 0.4543 - val_acc: 0.2520
Epoch 4
Train on 2804 samples, validate on 500 samples
Epoch 1/1
2804/2804 [==============================] - 0s 49us/step - loss: 0.0158 - acc: 0.3046 - val_loss: 0.4259 - val_acc: 0.3080
Epoch 5
Train on 2804 samples, validate on 500 samples
Epoch 1/1
2804/2804 [==============================] - 0s 49us/step - loss: 0.0128 - acc: 0.3442 - val_loss: 0.4017 - val_acc: 0.3480
Epoch 6
Train on 2804 samples, validate on 500 samples
Epoch 1/1
2804/2804 [==============================] - 0s 49us/step - loss: 0.0109 - acc: 0.3734 - val_loss: 0.3975 - val_acc: 0.3600
Epoch 7
Train on 2804 samples, validate on 500 samples
Epoch 1/1
2804/2804 [==============================] - 0s 49us/step - loss: 0.0095 - acc: 0.3905 - val_loss: 0.3798 - val_acc: 0.4000
Epoch 8
Train on 2804 samples, validate on 500 samples
Epoch 1/1
2804/2804 [==============================] - 0s 49us/step - loss: 0.0088 - acc: 0.4265 - val_loss: 0.3898 - val_acc: 0.4060
Epoch 9
Train on 2804 samples, validate on 500 samples
Epoch 1/1
2804/2804 [==============================] - 0s 49us/step - loss: 0.0082 - acc: 0.4322 - val_loss: 0.3806 - val_acc: 0.4240
Epoch 10
Train on 2804 samples, validate on 500 samples
Epoch 1/1
2804/2804 [==============================] - 0s 49us/step - loss: 0.0078 - acc: 0.4551 - val_loss: 0.3763 - val_acc: 0.4320
Epoch 11
Train on 2804 samples, validate on 500 samples
Epoch 1/1
2804/2804 [==============================] - 0s 49us/step - loss: 0.0075 - acc: 0.4650 - val_loss: 0.3740 - val_acc: 0.4480
Epoch 12
Train on 2804 samples, validate on 500 samples
Epoch 1/1
2804/2804 [==============================] - 0s 49us/step - loss: 0.0073 - acc: 0.4693 - val_loss: 0.3724 - val_acc: 0.4760
Epoch 13
Train on 2804 samples, validate on 500 samples
Epoch 1/1
2804/2804 [==============================] - 0s 49us/step - loss: 0.0072 - acc: 0.4626 - val_loss: 0.3646 - val_acc: 0.4720
Epoch 14
Train on 2804 samples, validate on 500 samples
Epoch 1/1
2804/2804 [==============================] - 0s 49us/step - loss: 0.0070 - acc: 0.4757 - val_loss: 0.3560 - val_acc: 0.4860
Epoch 15
Train on 2804 samples, validate on 500 samples
Epoch 1/1
2804/2804 [==============================] - 0s 49us/step - loss: 0.0071 - acc: 0.4914 - val_loss: 0.3712 - val_acc: 0.4680
Epoch 16
Train on 2804 samples, validate on 500 samples
Epoch 1/1
2804/2804 [==============================] - 0s 49us/step - loss: 0.0070 - acc: 0.4650 - val_loss: 0.3580 - val_acc: 0.4860
Epoch 17
Train on 2804 samples, validate on 500 samples
Epoch 1/1
2804/2804 [==============================] - 0s 49us/step - loss: 0.0071 - acc: 0.4583 - val_loss: 0.3873 - val_acc: 0.4320
Epoch 18
Train on 2804 samples, validate on 500 samples
Epoch 1/1
2804/2804 [==============================] - 0s 49us/step - loss: 0.0070 - acc: 0.4536 - val_loss: 0.3868 - val_acc: 0.4420
Epoch 19
Train on 2804 samples, validate on 500 samples
Epoch 1/1
2804/2804 [==============================] - 0s 49us/step - loss: 0.0072 - acc: 0.4490 - val_loss: 0.3904 - val_acc: 0.4320
Epoch 20
Train on 2804 samples, validate on 500 samples
Epoch 1/1
2804/2804 [==============================] - 0s 49us/step - loss: 0.0069 - acc: 0.4497 - val_loss: 0.3727 - val_acc: 0.4520
Epoch 21
Train on 2804 samples, validate on 500 samples
Epoch 1/1
2804/2804 [==============================] - 0s 49us/step - loss: 0.0067 - acc: 0.4822 - val_loss: 0.3775 - val_acc: 0.4480
Epoch 22
Train on 2804 samples, validate on 500 samples
Epoch 1/1
2804/2804 [==============================] - 0s 49us/step - loss: 0.0068 - acc: 0.4747 - val_loss: 0.3793 - val_acc: 0.4600
Epoch 23
Train on 2804 samples, validate on 500 samples
Epoch 1/1
2804/2804 [==============================] - 0s 49us/step - loss: 0.0069 - acc: 0.4683 - val_loss: 0.3863 - val_acc: 0.4320
Epoch 24
Train on 2804 samples, validate on 500 samples
Epoch 1/1
2804/2804 [==============================] - 0s 49us/step - loss: 0.0068 - acc: 0.4747 - val_loss: 0.3933 - val_acc: 0.4080
Epoch 25
Train on 2804 samples, validate on 500 samples
Epoch 1/1
2804/2804 [==============================] - 0s 49us/step - loss: 0.0067 - acc: 0.4551 - val_loss: 0.3499 - val_acc: 0.4920
Epoch 26
Train on 2804 samples, validate on 500 samples
Epoch 1/1
2804/2804 [==============================] - 0s 49us/step - loss: 0.0067 - acc: 0.4929 - val_loss: 0.3809 - val_acc: 0.4300
Epoch 27
Train on 2804 samples, validate on 500 samples
Epoch 1/1
2804/2804 [==============================] - 0s 49us/step - loss: 0.0067 - acc: 0.4743 - val_loss: 0.3917 - val_acc: 0.4280
Epoch 28
Train on 2804 samples, validate on 500 samples
Epoch 1/1
2804/2804 [==============================] - 0s 49us/step - loss: 0.0067 - acc: 0.4757 - val_loss: 0.3735 - val_acc: 0.4580
Epoch 29
Train on 2804 samples, validate on 500 samples
Epoch 1/1
2804/2804 [==============================] - 0s 49us/step - loss: 0.0065 - acc: 0.4964 - val_loss: 0.3634 - val_acc: 0.4700
Epoch 30
Train on 2804 samples, validate on 500 samples
Epoch 1/1
2804/2804 [==============================] - 0s 49us/step - loss: 0.0067 - acc: 0.4982 - val_loss: 0.3838 - val_acc: 0.4520
Epoch 31
Train on 2804 samples, validate on 500 samples
Epoch 1/1
2804/2804 [==============================] - 0s 49us/step - loss: 0.0066 - acc: 0.4900 - val_loss: 0.3768 - val_acc: 0.4580
Epoch 32
Train on 2804 samples, validate on 500 samples
Epoch 1/1
2804/2804 [==============================] - 0s 49us/step - loss: 0.0067 - acc: 0.4782 - val_loss: 0.3835 - val_acc: 0.4600
Epoch 33
Train on 2804 samples, validate on 500 samples
Epoch 1/1
2804/2804 [==============================] - 0s 49us/step - loss: 0.0066 - acc: 0.4690 - val_loss: 0.3920 - val_acc: 0.4540
Epoch 34
Train on 2804 samples, validate on 500 samples
Epoch 1/1
2804/2804 [==============================] - 0s 49us/step - loss: 0.0066 - acc: 0.4800 - val_loss: 0.3662 - val_acc: 0.4800
Epoch 35
Train on 2804 samples, validate on 500 samples
Epoch 1/1
2804/2804 [==============================] - 0s 49us/step - loss: 0.0068 - acc: 0.4829 - val_loss: 0.3850 - val_acc: 0.4440
Epoch 36
Train on 2804 samples, validate on 500 samples
Epoch 1/1
2804/2804 [==============================] - 0s 49us/step - loss: 0.0067 - acc: 0.4593 - val_loss: 0.3842 - val_acc: 0.4260
Epoch 37
Train on 2804 samples, validate on 500 samples
Epoch 1/1
2804/2804 [==============================] - 0s 49us/step - loss: 0.0065 - acc: 0.5000 - val_loss: 0.3544 - val_acc: 0.4920
Epoch 38
Train on 2804 samples, validate on 500 samples
Epoch 1/1
2804/2804 [==============================] - 0s 49us/step - loss: 0.0067 - acc: 0.4654 - val_loss: 0.3760 - val_acc: 0.4620
Epoch 39
Train on 2804 samples, validate on 500 samples
Epoch 1/1
2804/2804 [==============================] - 0s 49us/step - loss: 0.0064 - acc: 0.4875 - val_loss: 0.3359 - val_acc: 0.5180
Epoch 40
Train on 2804 samples, validate on 500 samples
Epoch 1/1
2804/2804 [==============================] - 0s 49us/step - loss: 0.0065 - acc: 0.4964 - val_loss: 0.3743 - val_acc: 0.4660
Epoch 41
Train on 2804 samples, validate on 500 samples
Epoch 1/1
2804/2804 [==============================] - 0s 49us/step - loss: 0.0066 - acc: 0.4886 - val_loss: 0.3826 - val_acc: 0.4480
Epoch 42
Train on 2804 samples, validate on 500 samples
Epoch 1/1
2804/2804 [==============================] - 0s 49us/step - loss: 0.0067 - acc: 0.4593 - val_loss: 0.3664 - val_acc: 0.4780
Epoch 43
Train on 2804 samples, validate on 500 samples
Epoch 1/1
2804/2804 [==============================] - 0s 49us/step - loss: 0.0065 - acc: 0.4950 - val_loss: 0.3527 - val_acc: 0.4880
Epoch 44
Train on 2804 samples, validate on 500 samples
Epoch 1/1
2804/2804 [==============================] - 0s 49us/step - loss: 0.0065 - acc: 0.5046 - val_loss: 0.3894 - val_acc: 0.4560
Epoch 45
Train on 2804 samples, validate on 500 samples
Epoch 1/1
2804/2804 [==============================] - 0s 49us/step - loss: 0.0066 - acc: 0.4772 - val_loss: 0.3875 - val_acc: 0.4460
Epoch 46
Train on 2804 samples, validate on 500 samples
Epoch 1/1
2804/2804 [==============================] - 0s 49us/step - loss: 0.0064 - acc: 0.4782 - val_loss: 0.3398 - val_acc: 0.5040
Epoch 47
Train on 2804 samples, validate on 500 samples
Epoch 1/1
2804/2804 [==============================] - 0s 49us/step - loss: 0.0065 - acc: 0.4918 - val_loss: 0.3634 - val_acc: 0.4960
Epoch 48
Train on 2804 samples, validate on 500 samples
Epoch 1/1
2804/2804 [==============================] - 0s 49us/step - loss: 0.0064 - acc: 0.5025 - val_loss: 0.3555 - val_acc: 0.4940
Epoch 49
Train on 2804 samples, validate on 500 samples
Epoch 1/1
2804/2804 [==============================] - 0s 49us/step - loss: 0.0063 - acc: 0.5075 - val_loss: 0.3649 - val_acc: 0.4780
Epoch 50
Train on 2804 samples, validate on 500 samples
Epoch 1/1
2804/2804 [==============================] - 0s 49us/step - loss: 0.0062 - acc: 0.5182 - val_loss: 0.3552 - val_acc: 0.4960
Epoch 51
Train on 2804 samples, validate on 500 samples
Epoch 1/1
2804/2804 [==============================] - 0s 49us/step - loss: 0.0063 - acc: 0.5246 - val_loss: 0.3514 - val_acc: 0.5120
Epoch 52
Train on 2804 samples, validate on 500 samples
Epoch 1/1
2804/2804 [==============================] - 0s 49us/step - loss: 0.0067 - acc: 0.4979 - val_loss: 0.3915 - val_acc: 0.4300
Epoch 53
Train on 2804 samples, validate on 500 samples
Epoch 1/1
2804/2804 [==============================] - 0s 49us/step - loss: 0.0064 - acc: 0.4911 - val_loss: 0.3662 - val_acc: 0.4660
Epoch 54
Train on 2804 samples, validate on 500 samples
Epoch 1/1
2804/2804 [==============================] - 0s 49us/step - loss: 0.0063 - acc: 0.5086 - val_loss: 0.3617 - val_acc: 0.4820
Epoch 55
Train on 2804 samples, validate on 500 samples
Epoch 1/1
2804/2804 [==============================] - 0s 49us/step - loss: 0.0065 - acc: 0.5053 - val_loss: 0.3866 - val_acc: 0.4440
Epoch 56
Train on 2804 samples, validate on 500 samples
Epoch 1/1
2804/2804 [==============================] - 0s 49us/step - loss: 0.0063 - acc: 0.5086 - val_loss: 0.3672 - val_acc: 0.4860
Epoch 57
Train on 2804 samples, validate on 500 samples
Epoch 1/1
2804/2804 [==============================] - 0s 49us/step - loss: 0.0063 - acc: 0.5061 - val_loss: 0.3620 - val_acc: 0.4880
Epoch 58
Train on 2804 samples, validate on 500 samples
Epoch 1/1
2804/2804 [==============================] - 0s 49us/step - loss: 0.0065 - acc: 0.4939 - val_loss: 0.3751 - val_acc: 0.4820
Epoch 59
Train on 2804 samples, validate on 500 samples
Epoch 1/1
2804/2804 [==============================] - 0s 49us/step - loss: 0.0062 - acc: 0.5100 - val_loss: 0.3383 - val_acc: 0.5060
Epoch 60
Train on 2804 samples, validate on 500 samples
Epoch 1/1
2804/2804 [==============================] - 0s 49us/step - loss: 0.0063 - acc: 0.5300 - val_loss: 0.3648 - val_acc: 0.4800
Epoch 61
Train on 2804 samples, validate on 500 samples
Epoch 1/1
2804/2804 [==============================] - 0s 49us/step - loss: 0.0065 - acc: 0.4786 - val_loss: 0.3630 - val_acc: 0.4760
Epoch 62
Train on 2804 samples, validate on 500 samples
Epoch 1/1
2804/2804 [==============================] - 0s 49us/step - loss: 0.0063 - acc: 0.4943 - val_loss: 0.3329 - val_acc: 0.5240
Epoch 63
Train on 2804 samples, validate on 500 samples
Epoch 1/1
2804/2804 [==============================] - 0s 49us/step - loss: 0.0064 - acc: 0.5143 - val_loss: 0.3669 - val_acc: 0.4820
Epoch 64
Train on 2804 samples, validate on 500 samples
Epoch 1/1
2804/2804 [==============================] - 0s 49us/step - loss: 0.0062 - acc: 0.5014 - val_loss: 0.3561 - val_acc: 0.4900
Epoch 65
Train on 2804 samples, validate on 500 samples
Epoch 1/1
2804/2804 [==============================] - 0s 49us/step - loss: 0.0061 - acc: 0.5157 - val_loss: 0.3530 - val_acc: 0.5080
Epoch 66
Train on 2804 samples, validate on 500 samples
Epoch 1/1
2804/2804 [==============================] - 0s 49us/step - loss: 0.0062 - acc: 0.5200 - val_loss: 0.3383 - val_acc: 0.5240
Epoch 67
Train on 2804 samples, validate on 500 samples
Epoch 1/1
2804/2804 [==============================] - 0s 49us/step - loss: 0.0065 - acc: 0.5218 - val_loss: 0.3928 - val_acc: 0.4280
Epoch 68
Train on 2804 samples, validate on 500 samples
Epoch 1/1
2804/2804 [==============================] - 0s 49us/step - loss: 0.0062 - acc: 0.4929 - val_loss: 0.3387 - val_acc: 0.5060
Epoch 69
Train on 2804 samples, validate on 500 samples
Epoch 1/1
2804/2804 [==============================] - 0s 49us/step - loss: 0.0062 - acc: 0.5292 - val_loss: 0.3411 - val_acc: 0.5180
Epoch 70
Train on 2804 samples, validate on 500 samples
Epoch 1/1
2804/2804 [==============================] - 0s 49us/step - loss: 0.0062 - acc: 0.5164 - val_loss: 0.3478 - val_acc: 0.4960
Epoch 71
Train on 2804 samples, validate on 500 samples
Epoch 1/1
2804/2804 [==============================] - 0s 49us/step - loss: 0.0062 - acc: 0.5260 - val_loss: 0.3496 - val_acc: 0.4960
Epoch 72
Train on 2804 samples, validate on 500 samples
Epoch 1/1
2804/2804 [==============================] - 0s 49us/step - loss: 0.0061 - acc: 0.5278 - val_loss: 0.3539 - val_acc: 0.4880
Epoch 73
Train on 2804 samples, validate on 500 samples
Epoch 1/1
2804/2804 [==============================] - 0s 49us/step - loss: 0.0059 - acc: 0.5460 - val_loss: 0.3284 - val_acc: 0.5280
Epoch 74
Train on 2804 samples, validate on 500 samples
Epoch 1/1
2804/2804 [==============================] - 0s 49us/step - loss: 0.0061 - acc: 0.5357 - val_loss: 0.3539 - val_acc: 0.4880
Epoch 75
Train on 2804 samples, validate on 500 samples
Epoch 1/1
2804/2804 [==============================] - 0s 49us/step - loss: 0.0061 - acc: 0.5300 - val_loss: 0.3354 - val_acc: 0.5260
Epoch 76
Train on 2804 samples, validate on 500 samples
Epoch 1/1
2804/2804 [==============================] - 0s 49us/step - loss: 0.0062 - acc: 0.5032 - val_loss: 0.3352 - val_acc: 0.5140
Epoch 77
Train on 2804 samples, validate on 500 samples
Epoch 1/1
2804/2804 [==============================] - 0s 49us/step - loss: 0.0062 - acc: 0.5314 - val_loss: 0.3614 - val_acc: 0.4700
Epoch 78
Train on 2804 samples, validate on 500 samples
Epoch 1/1
2804/2804 [==============================] - 0s 49us/step - loss: 0.0061 - acc: 0.5260 - val_loss: 0.3596 - val_acc: 0.4800
Epoch 79
Train on 2804 samples, validate on 500 samples
Epoch 1/1
2804/2804 [==============================] - 0s 49us/step - loss: 0.0061 - acc: 0.5289 - val_loss: 0.3410 - val_acc: 0.5260
Epoch 80
Train on 2804 samples, validate on 500 samples
Epoch 1/1
2804/2804 [==============================] - 0s 49us/step - loss: 0.0061 - acc: 0.5257 - val_loss: 0.3147 - val_acc: 0.5660
Epoch 81
Train on 2804 samples, validate on 500 samples
Epoch 1/1
2804/2804 [==============================] - 0s 49us/step - loss: 0.0063 - acc: 0.5107 - val_loss: 0.3584 - val_acc: 0.4920
Epoch 82
Train on 2804 samples, validate on 500 samples
Epoch 1/1
2804/2804 [==============================] - 0s 49us/step - loss: 0.0061 - acc: 0.5168 - val_loss: 0.3427 - val_acc: 0.5240
Epoch 83
Train on 2804 samples, validate on 500 samples
Epoch 1/1
2804/2804 [==============================] - 0s 49us/step - loss: 0.0060 - acc: 0.5321 - val_loss: 0.3501 - val_acc: 0.5020
Epoch 84
Train on 2804 samples, validate on 500 samples
Epoch 1/1
2804/2804 [==============================] - 0s 49us/step - loss: 0.0063 - acc: 0.4982 - val_loss: 0.3462 - val_acc: 0.5260
Epoch 85
Train on 2804 samples, validate on 500 samples
Epoch 1/1
2804/2804 [==============================] - 0s 49us/step - loss: 0.0060 - acc: 0.5278 - val_loss: 0.3323 - val_acc: 0.5400
Epoch 86
Train on 2804 samples, validate on 500 samples
Epoch 1/1
2804/2804 [==============================] - 0s 49us/step - loss: 0.0060 - acc: 0.5414 - val_loss: 0.3563 - val_acc: 0.4980
Epoch 87
Train on 2804 samples, validate on 500 samples
Epoch 1/1
2804/2804 [==============================] - 0s 49us/step - loss: 0.0061 - acc: 0.5185 - val_loss: 0.3380 - val_acc: 0.5180
Epoch 88
Train on 2804 samples, validate on 500 samples
Epoch 1/1
2804/2804 [==============================] - 0s 49us/step - loss: 0.0061 - acc: 0.5210 - val_loss: 0.3253 - val_acc: 0.5280
Epoch 89
Train on 2804 samples, validate on 500 samples
Epoch 1/1
2804/2804 [==============================] - 0s 49us/step - loss: 0.0060 - acc: 0.5328 - val_loss: 0.3219 - val_acc: 0.5500
Epoch 90
Train on 2804 samples, validate on 500 samples
Epoch 1/1
2804/2804 [==============================] - 0s 49us/step - loss: 0.0059 - acc: 0.5378 - val_loss: 0.3192 - val_acc: 0.5460
Epoch 91
Train on 2804 samples, validate on 500 samples
Epoch 1/1
2804/2804 [==============================] - 0s 49us/step - loss: 0.0061 - acc: 0.5335 - val_loss: 0.3282 - val_acc: 0.5180
Epoch 92
Train on 2804 samples, validate on 500 samples
Epoch 1/1
2804/2804 [==============================] - 0s 50us/step - loss: 0.0059 - acc: 0.5556 - val_loss: 0.3339 - val_acc: 0.5200
Epoch 93
Train on 2804 samples, validate on 500 samples
Epoch 1/1
2804/2804 [==============================] - 0s 49us/step - loss: 0.0060 - acc: 0.5300 - val_loss: 0.3131 - val_acc: 0.5680
Epoch 94
Train on 2804 samples, validate on 500 samples
Epoch 1/1
2804/2804 [==============================] - 0s 49us/step - loss: 0.0061 - acc: 0.5410 - val_loss: 0.3574 - val_acc: 0.4960
Epoch 95
Train on 2804 samples, validate on 500 samples
Epoch 1/1
2804/2804 [==============================] - 0s 49us/step - loss: 0.0059 - acc: 0.5371 - val_loss: 0.3247 - val_acc: 0.5300
Epoch 96
Train on 2804 samples, validate on 500 samples
Epoch 1/1
2804/2804 [==============================] - 0s 49us/step - loss: 0.0059 - acc: 0.5392 - val_loss: 0.3468 - val_acc: 0.5120
Epoch 97
Train on 2804 samples, validate on 500 samples
Epoch 1/1
2804/2804 [==============================] - 0s 49us/step - loss: 0.0059 - acc: 0.5414 - val_loss: 0.3377 - val_acc: 0.5120
Epoch 98
Train on 2804 samples, validate on 500 samples
Epoch 1/1
2804/2804 [==============================] - 0s 49us/step - loss: 0.0059 - acc: 0.5464 - val_loss: 0.3481 - val_acc: 0.5120
Epoch 99
Train on 2804 samples, validate on 500 samples
Epoch 1/1
2804/2804 [==============================] - 0s 50us/step - loss: 0.0061 - acc: 0.5235 - val_loss: 0.3111 - val_acc: 0.5640
_________________________________________________________________
Layer (type)                 Output Shape              Param #   
=================================================================
batch_normalization_2 (Batch (None, 255)               1020      
_________________________________________________________________
dense_3 (Dense)              (None, 24)                6144      
_________________________________________________________________
dropout_2 (Dropout)          (None, 24)                0         
_________________________________________________________________
dense_4 (Dense)              (None, 1)                 25        
=================================================================
Total params: 7,189
Trainable params: 6,679
Non-trainable params: 510
_________________________________________________________________
None
Epoch 0
Train on 2804 samples, validate on 500 samples
Epoch 1/1
2804/2804 [==============================] - 0s 118us/step - loss: 0.0483 - acc: 0.2158 - val_loss: 0.5661 - val_acc: 0.1660
Epoch 1
Train on 2804 samples, validate on 500 samples
Epoch 1/1
2804/2804 [==============================] - 0s 50us/step - loss: 0.0307 - acc: 0.1644 - val_loss: 0.5234 - val_acc: 0.1860
Epoch 2
Train on 2804 samples, validate on 500 samples
Epoch 1/1
2804/2804 [==============================] - 0s 50us/step - loss: 0.0213 - acc: 0.2054 - val_loss: 0.4767 - val_acc: 0.2180
Epoch 3
Train on 2804 samples, validate on 500 samples
Epoch 1/1
2804/2804 [==============================] - 0s 50us/step - loss: 0.0156 - acc: 0.2493 - val_loss: 0.4451 - val_acc: 0.2660
Epoch 4
Train on 2804 samples, validate on 500 samples
Epoch 1/1
2804/2804 [==============================] - 0s 50us/step - loss: 0.0121 - acc: 0.2999 - val_loss: 0.4266 - val_acc: 0.3000
Epoch 5
Train on 2804 samples, validate on 500 samples
Epoch 1/1
2804/2804 [==============================] - 0s 50us/step - loss: 0.0102 - acc: 0.3235 - val_loss: 0.4156 - val_acc: 0.3340
Epoch 6
Train on 2804 samples, validate on 500 samples
Epoch 1/1
2804/2804 [==============================] - 0s 50us/step - loss: 0.0089 - acc: 0.3798 - val_loss: 0.4142 - val_acc: 0.3740
Epoch 7
Train on 2804 samples, validate on 500 samples
Epoch 1/1
2804/2804 [==============================] - 0s 50us/step - loss: 0.0081 - acc: 0.4001 - val_loss: 0.3781 - val_acc: 0.4280
Epoch 8
Train on 2804 samples, validate on 500 samples
Epoch 1/1
2804/2804 [==============================] - 0s 50us/step - loss: 0.0078 - acc: 0.4422 - val_loss: 0.3874 - val_acc: 0.4340
Epoch 9
Train on 2804 samples, validate on 500 samples
Epoch 1/1
2804/2804 [==============================] - 0s 50us/step - loss: 0.0075 - acc: 0.4354 - val_loss: 0.3804 - val_acc: 0.4480
Epoch 10
Train on 2804 samples, validate on 500 samples
Epoch 1/1
2804/2804 [==============================] - 0s 50us/step - loss: 0.0074 - acc: 0.4586 - val_loss: 0.3886 - val_acc: 0.4260
Epoch 11
Train on 2804 samples, validate on 500 samples
Epoch 1/1
2804/2804 [==============================] - 0s 50us/step - loss: 0.0073 - acc: 0.4344 - val_loss: 0.3753 - val_acc: 0.4560
Epoch 12
Train on 2804 samples, validate on 500 samples
Epoch 1/1
2804/2804 [==============================] - 0s 50us/step - loss: 0.0074 - acc: 0.4547 - val_loss: 0.4172 - val_acc: 0.3960
Epoch 13
Train on 2804 samples, validate on 500 samples
Epoch 1/1
2804/2804 [==============================] - 0s 50us/step - loss: 0.0072 - acc: 0.4379 - val_loss: 0.3878 - val_acc: 0.4160
Epoch 14
Train on 2804 samples, validate on 500 samples
Epoch 1/1
2804/2804 [==============================] - 0s 50us/step - loss: 0.0071 - acc: 0.4394 - val_loss: 0.3803 - val_acc: 0.4320
Epoch 15
Train on 2804 samples, validate on 500 samples
Epoch 1/1
2804/2804 [==============================] - 0s 50us/step - loss: 0.0069 - acc: 0.4661 - val_loss: 0.3853 - val_acc: 0.4300
Epoch 16
Train on 2804 samples, validate on 500 samples
Epoch 1/1
2804/2804 [==============================] - 0s 50us/step - loss: 0.0069 - acc: 0.4608 - val_loss: 0.3812 - val_acc: 0.4480
Epoch 17
Train on 2804 samples, validate on 500 samples
Epoch 1/1
2804/2804 [==============================] - 0s 50us/step - loss: 0.0069 - acc: 0.4618 - val_loss: 0.3885 - val_acc: 0.4500
Epoch 18
Train on 2804 samples, validate on 500 samples
Epoch 1/1
2804/2804 [==============================] - 0s 49us/step - loss: 0.0068 - acc: 0.4807 - val_loss: 0.3895 - val_acc: 0.4420
Epoch 19
Train on 2804 samples, validate on 500 samples
Epoch 1/1
2804/2804 [==============================] - 0s 49us/step - loss: 0.0067 - acc: 0.4626 - val_loss: 0.3723 - val_acc: 0.4700
Epoch 20
Train on 2804 samples, validate on 500 samples
Epoch 1/1
2804/2804 [==============================] - 0s 50us/step - loss: 0.0066 - acc: 0.4825 - val_loss: 0.3700 - val_acc: 0.4680
Epoch 21
Train on 2804 samples, validate on 500 samples
Epoch 1/1
2804/2804 [==============================] - 0s 49us/step - loss: 0.0069 - acc: 0.4843 - val_loss: 0.3870 - val_acc: 0.4220
Epoch 22
Train on 2804 samples, validate on 500 samples
Epoch 1/1
2804/2804 [==============================] - 0s 50us/step - loss: 0.0067 - acc: 0.4579 - val_loss: 0.3543 - val_acc: 0.4860
Epoch 23
Train on 2804 samples, validate on 500 samples
Epoch 1/1
2804/2804 [==============================] - 0s 50us/step - loss: 0.0068 - acc: 0.4847 - val_loss: 0.3878 - val_acc: 0.4460
Epoch 24
Train on 2804 samples, validate on 500 samples
Epoch 1/1
2804/2804 [==============================] - 0s 50us/step - loss: 0.0066 - acc: 0.4829 - val_loss: 0.3664 - val_acc: 0.4760
Epoch 25
Train on 2804 samples, validate on 500 samples
Epoch 1/1
2804/2804 [==============================] - 0s 49us/step - loss: 0.0067 - acc: 0.4775 - val_loss: 0.3674 - val_acc: 0.4780
Epoch 26
Train on 2804 samples, validate on 500 samples
Epoch 1/1
2804/2804 [==============================] - 0s 49us/step - loss: 0.0067 - acc: 0.4968 - val_loss: 0.3702 - val_acc: 0.4600
Epoch 27
Train on 2804 samples, validate on 500 samples
Epoch 1/1
2804/2804 [==============================] - 0s 50us/step - loss: 0.0066 - acc: 0.4779 - val_loss: 0.3514 - val_acc: 0.4760
Epoch 28
Train on 2804 samples, validate on 500 samples
Epoch 1/1
2804/2804 [==============================] - 0s 50us/step - loss: 0.0067 - acc: 0.4658 - val_loss: 0.3563 - val_acc: 0.4740
Epoch 29
Train on 2804 samples, validate on 500 samples
Epoch 1/1
2804/2804 [==============================] - 0s 50us/step - loss: 0.0066 - acc: 0.4811 - val_loss: 0.3658 - val_acc: 0.4700
Epoch 30
Train on 2804 samples, validate on 500 samples
Epoch 1/1
2804/2804 [==============================] - 0s 50us/step - loss: 0.0068 - acc: 0.4879 - val_loss: 0.3847 - val_acc: 0.4280
Epoch 31
Train on 2804 samples, validate on 500 samples
Epoch 1/1
2804/2804 [==============================] - 0s 49us/step - loss: 0.0065 - acc: 0.4750 - val_loss: 0.3670 - val_acc: 0.4640
Epoch 32
Train on 2804 samples, validate on 500 samples
Epoch 1/1
2804/2804 [==============================] - 0s 49us/step - loss: 0.0066 - acc: 0.4725 - val_loss: 0.3465 - val_acc: 0.4940
Epoch 33
Train on 2804 samples, validate on 500 samples
Epoch 1/1
2804/2804 [==============================] - 0s 49us/step - loss: 0.0064 - acc: 0.4932 - val_loss: 0.3451 - val_acc: 0.4860
Epoch 34
Train on 2804 samples, validate on 500 samples
Epoch 1/1
2804/2804 [==============================] - 0s 49us/step - loss: 0.0066 - acc: 0.4954 - val_loss: 0.3698 - val_acc: 0.4660
Epoch 35
Train on 2804 samples, validate on 500 samples
Epoch 1/1
2804/2804 [==============================] - 0s 50us/step - loss: 0.0067 - acc: 0.4882 - val_loss: 0.4033 - val_acc: 0.4300
Epoch 36
Train on 2804 samples, validate on 500 samples
Epoch 1/1
2804/2804 [==============================] - 0s 49us/step - loss: 0.0066 - acc: 0.4757 - val_loss: 0.3647 - val_acc: 0.4840
Epoch 37
Train on 2804 samples, validate on 500 samples
Epoch 1/1
2804/2804 [==============================] - 0s 50us/step - loss: 0.0066 - acc: 0.4857 - val_loss: 0.4096 - val_acc: 0.4100
Epoch 38
Train on 2804 samples, validate on 500 samples
Epoch 1/1
2804/2804 [==============================] - 0s 50us/step - loss: 0.0064 - acc: 0.4854 - val_loss: 0.3413 - val_acc: 0.5260
Epoch 39
Train on 2804 samples, validate on 500 samples
Epoch 1/1
2804/2804 [==============================] - 0s 50us/step - loss: 0.0063 - acc: 0.5178 - val_loss: 0.3757 - val_acc: 0.4680
Epoch 40
Train on 2804 samples, validate on 500 samples
Epoch 1/1
2804/2804 [==============================] - 0s 50us/step - loss: 0.0062 - acc: 0.5082 - val_loss: 0.3349 - val_acc: 0.5160
Epoch 41
Train on 2804 samples, validate on 500 samples
Epoch 1/1
2804/2804 [==============================] - 0s 50us/step - loss: 0.0063 - acc: 0.5093 - val_loss: 0.3381 - val_acc: 0.5180
Epoch 42
Train on 2804 samples, validate on 500 samples
Epoch 1/1
2804/2804 [==============================] - 0s 50us/step - loss: 0.0063 - acc: 0.5064 - val_loss: 0.3568 - val_acc: 0.4760
Epoch 43
Train on 2804 samples, validate on 500 samples
Epoch 1/1
2804/2804 [==============================] - 0s 49us/step - loss: 0.0064 - acc: 0.5132 - val_loss: 0.3758 - val_acc: 0.4640
Epoch 44
Train on 2804 samples, validate on 500 samples
Epoch 1/1
2804/2804 [==============================] - 0s 50us/step - loss: 0.0064 - acc: 0.4904 - val_loss: 0.3473 - val_acc: 0.5040
Epoch 45
Train on 2804 samples, validate on 500 samples
Epoch 1/1
2804/2804 [==============================] - 0s 50us/step - loss: 0.0063 - acc: 0.5093 - val_loss: 0.3495 - val_acc: 0.5000
Epoch 46
Train on 2804 samples, validate on 500 samples
Epoch 1/1
2804/2804 [==============================] - 0s 50us/step - loss: 0.0063 - acc: 0.5032 - val_loss: 0.3587 - val_acc: 0.4960
Epoch 47
Train on 2804 samples, validate on 500 samples
Epoch 1/1
2804/2804 [==============================] - 0s 49us/step - loss: 0.0064 - acc: 0.5178 - val_loss: 0.3704 - val_acc: 0.4700
Epoch 48
Train on 2804 samples, validate on 500 samples
Epoch 1/1
2804/2804 [==============================] - 0s 50us/step - loss: 0.0064 - acc: 0.4964 - val_loss: 0.3327 - val_acc: 0.5240
Epoch 49
Train on 2804 samples, validate on 500 samples
Epoch 1/1
2804/2804 [==============================] - 0s 49us/step - loss: 0.0064 - acc: 0.5150 - val_loss: 0.3835 - val_acc: 0.4600
Epoch 50
Train on 2804 samples, validate on 500 samples
Epoch 1/1
2804/2804 [==============================] - 0s 49us/step - loss: 0.0063 - acc: 0.4918 - val_loss: 0.3458 - val_acc: 0.4980
Epoch 51
Train on 2804 samples, validate on 500 samples
Epoch 1/1
2804/2804 [==============================] - 0s 50us/step - loss: 0.0062 - acc: 0.5253 - val_loss: 0.3531 - val_acc: 0.4940
Epoch 52
Train on 2804 samples, validate on 500 samples
Epoch 1/1
2804/2804 [==============================] - 0s 50us/step - loss: 0.0064 - acc: 0.5103 - val_loss: 0.3529 - val_acc: 0.4920
Epoch 53
Train on 2804 samples, validate on 500 samples
Epoch 1/1
2804/2804 [==============================] - 0s 50us/step - loss: 0.0062 - acc: 0.5146 - val_loss: 0.3560 - val_acc: 0.4940
Epoch 54
Train on 2804 samples, validate on 500 samples
Epoch 1/1
2804/2804 [==============================] - 0s 50us/step - loss: 0.0062 - acc: 0.5232 - val_loss: 0.3454 - val_acc: 0.5160
Epoch 55
Train on 2804 samples, validate on 500 samples
Epoch 1/1
2804/2804 [==============================] - 0s 49us/step - loss: 0.0063 - acc: 0.5068 - val_loss: 0.3605 - val_acc: 0.4860
Epoch 56
Train on 2804 samples, validate on 500 samples
Epoch 1/1
2804/2804 [==============================] - 0s 50us/step - loss: 0.0064 - acc: 0.5053 - val_loss: 0.3925 - val_acc: 0.4280
Epoch 57
Train on 2804 samples, validate on 500 samples
Epoch 1/1
2804/2804 [==============================] - 0s 50us/step - loss: 0.0064 - acc: 0.4864 - val_loss: 0.3438 - val_acc: 0.5040
Epoch 58
Train on 2804 samples, validate on 500 samples
Epoch 1/1
2804/2804 [==============================] - 0s 50us/step - loss: 0.0061 - acc: 0.5264 - val_loss: 0.3337 - val_acc: 0.5240
Epoch 59
Train on 2804 samples, validate on 500 samples
Epoch 1/1
2804/2804 [==============================] - 0s 50us/step - loss: 0.0062 - acc: 0.5332 - val_loss: 0.3651 - val_acc: 0.4800
Epoch 60
Train on 2804 samples, validate on 500 samples
Epoch 1/1
2804/2804 [==============================] - 0s 50us/step - loss: 0.0061 - acc: 0.5310 - val_loss: 0.3295 - val_acc: 0.5320
Epoch 61
Train on 2804 samples, validate on 500 samples
Epoch 1/1
2804/2804 [==============================] - 0s 50us/step - loss: 0.0061 - acc: 0.5235 - val_loss: 0.3232 - val_acc: 0.5340
Epoch 62
Train on 2804 samples, validate on 500 samples
Epoch 1/1
2804/2804 [==============================] - 0s 50us/step - loss: 0.0060 - acc: 0.5307 - val_loss: 0.3310 - val_acc: 0.5260
Epoch 63
Train on 2804 samples, validate on 500 samples
Epoch 1/1
2804/2804 [==============================] - 0s 50us/step - loss: 0.0061 - acc: 0.5310 - val_loss: 0.3171 - val_acc: 0.5420
Epoch 64
Train on 2804 samples, validate on 500 samples
Epoch 1/1
2804/2804 [==============================] - 0s 50us/step - loss: 0.0062 - acc: 0.5300 - val_loss: 0.3457 - val_acc: 0.5060
Epoch 65
Train on 2804 samples, validate on 500 samples
Epoch 1/1
2804/2804 [==============================] - 0s 49us/step - loss: 0.0063 - acc: 0.5103 - val_loss: 0.3627 - val_acc: 0.4800
Epoch 66
Train on 2804 samples, validate on 500 samples
Epoch 1/1
2804/2804 [==============================] - 0s 50us/step - loss: 0.0061 - acc: 0.5221 - val_loss: 0.3391 - val_acc: 0.5160
Epoch 67
Train on 2804 samples, validate on 500 samples
Epoch 1/1
2804/2804 [==============================] - 0s 50us/step - loss: 0.0063 - acc: 0.5182 - val_loss: 0.3823 - val_acc: 0.4560
Epoch 68
Train on 2804 samples, validate on 500 samples
Epoch 1/1
2804/2804 [==============================] - 0s 50us/step - loss: 0.0063 - acc: 0.5086 - val_loss: 0.3641 - val_acc: 0.4720
Epoch 69
Train on 2804 samples, validate on 500 samples
Epoch 1/1
2804/2804 [==============================] - 0s 50us/step - loss: 0.0062 - acc: 0.5289 - val_loss: 0.3621 - val_acc: 0.4780
Epoch 70
Train on 2804 samples, validate on 500 samples
Epoch 1/1
2804/2804 [==============================] - 0s 50us/step - loss: 0.0062 - acc: 0.5061 - val_loss: 0.3377 - val_acc: 0.5040
Epoch 71
Train on 2804 samples, validate on 500 samples
Epoch 1/1
2804/2804 [==============================] - 0s 50us/step - loss: 0.0060 - acc: 0.5267 - val_loss: 0.3385 - val_acc: 0.5280
Epoch 72
Train on 2804 samples, validate on 500 samples
Epoch 1/1
2804/2804 [==============================] - 0s 50us/step - loss: 0.0061 - acc: 0.5171 - val_loss: 0.3451 - val_acc: 0.5040
Epoch 73
Train on 2804 samples, validate on 500 samples
Epoch 1/1
2804/2804 [==============================] - 0s 50us/step - loss: 0.0060 - acc: 0.5296 - val_loss: 0.3269 - val_acc: 0.5440
Epoch 74
Train on 2804 samples, validate on 500 samples
Epoch 1/1
2804/2804 [==============================] - 0s 49us/step - loss: 0.0062 - acc: 0.5264 - val_loss: 0.3628 - val_acc: 0.4720
Epoch 75
Train on 2804 samples, validate on 500 samples
Epoch 1/1
2804/2804 [==============================] - 0s 50us/step - loss: 0.0061 - acc: 0.5210 - val_loss: 0.3362 - val_acc: 0.5200
Epoch 76
Train on 2804 samples, validate on 500 samples
Epoch 1/1
2804/2804 [==============================] - 0s 50us/step - loss: 0.0061 - acc: 0.5335 - val_loss: 0.3674 - val_acc: 0.4760
Epoch 77
Train on 2804 samples, validate on 500 samples
Epoch 1/1
2804/2804 [==============================] - 0s 50us/step - loss: 0.0061 - acc: 0.5246 - val_loss: 0.3695 - val_acc: 0.4840
Epoch 78
Train on 2804 samples, validate on 500 samples
Epoch 1/1
2804/2804 [==============================] - 0s 50us/step - loss: 0.0060 - acc: 0.5232 - val_loss: 0.3539 - val_acc: 0.4920
Epoch 79
Train on 2804 samples, validate on 500 samples
Epoch 1/1
2804/2804 [==============================] - 0s 50us/step - loss: 0.0060 - acc: 0.5335 - val_loss: 0.3437 - val_acc: 0.5100
Epoch 80
Train on 2804 samples, validate on 500 samples
Epoch 1/1
2804/2804 [==============================] - 0s 49us/step - loss: 0.0060 - acc: 0.5203 - val_loss: 0.3229 - val_acc: 0.5360
Epoch 81
Train on 2804 samples, validate on 500 samples
Epoch 1/1
2804/2804 [==============================] - 0s 50us/step - loss: 0.0060 - acc: 0.5542 - val_loss: 0.3393 - val_acc: 0.5200
Epoch 82
Train on 2804 samples, validate on 500 samples
Epoch 1/1
2804/2804 [==============================] - 0s 50us/step - loss: 0.0059 - acc: 0.5421 - val_loss: 0.3399 - val_acc: 0.5260
Epoch 83
Train on 2804 samples, validate on 500 samples
Epoch 1/1
2804/2804 [==============================] - 0s 49us/step - loss: 0.0058 - acc: 0.5392 - val_loss: 0.3004 - val_acc: 0.5860
Epoch 84
Train on 2804 samples, validate on 500 samples
Epoch 1/1
2804/2804 [==============================] - 0s 49us/step - loss: 0.0058 - acc: 0.5660 - val_loss: 0.3055 - val_acc: 0.5680
Epoch 85
Train on 2804 samples, validate on 500 samples
Epoch 1/1
2804/2804 [==============================] - 0s 50us/step - loss: 0.0060 - acc: 0.5571 - val_loss: 0.3490 - val_acc: 0.5040
Epoch 86
Train on 2804 samples, validate on 500 samples
Epoch 1/1
2804/2804 [==============================] - 0s 50us/step - loss: 0.0060 - acc: 0.5346 - val_loss: 0.3424 - val_acc: 0.5200
Epoch 87
Train on 2804 samples, validate on 500 samples
Epoch 1/1
2804/2804 [==============================] - 0s 49us/step - loss: 0.0060 - acc: 0.5382 - val_loss: 0.3491 - val_acc: 0.5100
Epoch 88
Train on 2804 samples, validate on 500 samples
Epoch 1/1
2804/2804 [==============================] - 0s 50us/step - loss: 0.0058 - acc: 0.5421 - val_loss: 0.3160 - val_acc: 0.5460
Epoch 89
Train on 2804 samples, validate on 500 samples
Epoch 1/1
2804/2804 [==============================] - 0s 50us/step - loss: 0.0059 - acc: 0.5506 - val_loss: 0.3242 - val_acc: 0.5400
Epoch 90
Train on 2804 samples, validate on 500 samples
Epoch 1/1
2804/2804 [==============================] - 0s 49us/step - loss: 0.0059 - acc: 0.5521 - val_loss: 0.3361 - val_acc: 0.5280
Epoch 91
Train on 2804 samples, validate on 500 samples
Epoch 1/1
2804/2804 [==============================] - 0s 49us/step - loss: 0.0061 - acc: 0.5253 - val_loss: 0.3613 - val_acc: 0.4840
Epoch 92
Train on 2804 samples, validate on 500 samples
Epoch 1/1
2804/2804 [==============================] - 0s 49us/step - loss: 0.0060 - acc: 0.5332 - val_loss: 0.3389 - val_acc: 0.5180
Epoch 93
Train on 2804 samples, validate on 500 samples
Epoch 1/1
2804/2804 [==============================] - 0s 49us/step - loss: 0.0060 - acc: 0.5332 - val_loss: 0.3460 - val_acc: 0.5180
Epoch 94
Train on 2804 samples, validate on 500 samples
Epoch 1/1
2804/2804 [==============================] - 0s 50us/step - loss: 0.0058 - acc: 0.5417 - val_loss: 0.3334 - val_acc: 0.5340
Epoch 95
Train on 2804 samples, validate on 500 samples
Epoch 1/1
2804/2804 [==============================] - 0s 49us/step - loss: 0.0059 - acc: 0.5578 - val_loss: 0.3616 - val_acc: 0.4820
Epoch 96
Train on 2804 samples, validate on 500 samples
Epoch 1/1
2804/2804 [==============================] - 0s 50us/step - loss: 0.0059 - acc: 0.5374 - val_loss: 0.3343 - val_acc: 0.5460
Epoch 97
Train on 2804 samples, validate on 500 samples
Epoch 1/1
2804/2804 [==============================] - 0s 49us/step - loss: 0.0060 - acc: 0.5350 - val_loss: 0.3229 - val_acc: 0.5560
Epoch 98
Train on 2804 samples, validate on 500 samples
Epoch 1/1
2804/2804 [==============================] - 0s 50us/step - loss: 0.0059 - acc: 0.5339 - val_loss: 0.3164 - val_acc: 0.5560
Epoch 99
Train on 2804 samples, validate on 500 samples
Epoch 1/1
2804/2804 [==============================] - 0s 50us/step - loss: 0.0058 - acc: 0.5531 - val_loss: 0.3306 - val_acc: 0.5340
_________________________________________________________________
Layer (type)                 Output Shape              Param #   
=================================================================
batch_normalization_3 (Batch (None, 255)               1020      
_________________________________________________________________
dense_5 (Dense)              (None, 24)                6144      
_________________________________________________________________
dropout_3 (Dropout)          (None, 24)                0         
_________________________________________________________________
dense_6 (Dense)              (None, 1)                 25        
=================================================================
Total params: 7,189
Trainable params: 6,679
Non-trainable params: 510
_________________________________________________________________
None
Epoch 0
Train on 2804 samples, validate on 500 samples
Epoch 1/1
2804/2804 [==============================] - 0s 125us/step - loss: 0.0546 - acc: 0.4711 - val_loss: 0.4349 - val_acc: 0.3500
Epoch 1
Train on 2804 samples, validate on 500 samples
Epoch 1/1
2804/2804 [==============================] - 0s 50us/step - loss: 0.0337 - acc: 0.3238 - val_loss: 0.4732 - val_acc: 0.3140
Epoch 2
Train on 2804 samples, validate on 500 samples
Epoch 1/1
2804/2804 [==============================] - 0s 50us/step - loss: 0.0246 - acc: 0.3042 - val_loss: 0.4598 - val_acc: 0.3260
Epoch 3
Train on 2804 samples, validate on 500 samples
Epoch 1/1
2804/2804 [==============================] - 0s 50us/step - loss: 0.0188 - acc: 0.3135 - val_loss: 0.4370 - val_acc: 0.3420
Epoch 4
Train on 2804 samples, validate on 500 samples
Epoch 1/1
2804/2804 [==============================] - 0s 50us/step - loss: 0.0148 - acc: 0.3491 - val_loss: 0.4114 - val_acc: 0.3620
Epoch 5
Train on 2804 samples, validate on 500 samples
Epoch 1/1
2804/2804 [==============================] - 0s 50us/step - loss: 0.0122 - acc: 0.3745 - val_loss: 0.4021 - val_acc: 0.3740
Epoch 6
Train on 2804 samples, validate on 500 samples
Epoch 1/1
2804/2804 [==============================] - 0s 50us/step - loss: 0.0106 - acc: 0.3969 - val_loss: 0.4078 - val_acc: 0.3640
Epoch 7
Train on 2804 samples, validate on 500 samples
Epoch 1/1
2804/2804 [==============================] - 0s 50us/step - loss: 0.0094 - acc: 0.4034 - val_loss: 0.3852 - val_acc: 0.4020
Epoch 8
Train on 2804 samples, validate on 500 samples
Epoch 1/1
2804/2804 [==============================] - 0s 50us/step - loss: 0.0087 - acc: 0.4233 - val_loss: 0.3860 - val_acc: 0.4100
Epoch 9
Train on 2804 samples, validate on 500 samples
Epoch 1/1
2804/2804 [==============================] - 0s 50us/step - loss: 0.0082 - acc: 0.4426 - val_loss: 0.3959 - val_acc: 0.4080
Epoch 10
Train on 2804 samples, validate on 500 samples
Epoch 1/1
2804/2804 [==============================] - 0s 50us/step - loss: 0.0078 - acc: 0.4379 - val_loss: 0.3754 - val_acc: 0.4420
Epoch 11
Train on 2804 samples, validate on 500 samples
Epoch 1/1
2804/2804 [==============================] - 0s 50us/step - loss: 0.0073 - acc: 0.4597 - val_loss: 0.3654 - val_acc: 0.4660
Epoch 12
Train on 2804 samples, validate on 500 samples
Epoch 1/1
2804/2804 [==============================] - 0s 50us/step - loss: 0.0072 - acc: 0.4782 - val_loss: 0.3708 - val_acc: 0.4840
Epoch 13
Train on 2804 samples, validate on 500 samples
Epoch 1/1
2804/2804 [==============================] - 0s 50us/step - loss: 0.0073 - acc: 0.4693 - val_loss: 0.3690 - val_acc: 0.4700
Epoch 14
Train on 2804 samples, validate on 500 samples
Epoch 1/1
2804/2804 [==============================] - 0s 50us/step - loss: 0.0072 - acc: 0.4494 - val_loss: 0.3703 - val_acc: 0.4380
Epoch 15
Train on 2804 samples, validate on 500 samples
Epoch 1/1
2804/2804 [==============================] - 0s 50us/step - loss: 0.0071 - acc: 0.4693 - val_loss: 0.3826 - val_acc: 0.4420
Epoch 16
Train on 2804 samples, validate on 500 samples
Epoch 1/1
2804/2804 [==============================] - 0s 50us/step - loss: 0.0070 - acc: 0.4551 - val_loss: 0.3767 - val_acc: 0.4540
Epoch 17
Train on 2804 samples, validate on 500 samples
Epoch 1/1
2804/2804 [==============================] - 0s 50us/step - loss: 0.0068 - acc: 0.4743 - val_loss: 0.3700 - val_acc: 0.4620
Epoch 18
Train on 2804 samples, validate on 500 samples
Epoch 1/1
2804/2804 [==============================] - 0s 50us/step - loss: 0.0070 - acc: 0.4650 - val_loss: 0.4020 - val_acc: 0.4100
Epoch 19
Train on 2804 samples, validate on 500 samples
Epoch 1/1
2804/2804 [==============================] - 0s 50us/step - loss: 0.0069 - acc: 0.4568 - val_loss: 0.3773 - val_acc: 0.4420
Epoch 20
Train on 2804 samples, validate on 500 samples
Epoch 1/1
2804/2804 [==============================] - 0s 50us/step - loss: 0.0068 - acc: 0.4629 - val_loss: 0.3841 - val_acc: 0.4280
Epoch 21
Train on 2804 samples, validate on 500 samples
Epoch 1/1
2804/2804 [==============================] - 0s 50us/step - loss: 0.0067 - acc: 0.4700 - val_loss: 0.3662 - val_acc: 0.4540
Epoch 22
Train on 2804 samples, validate on 500 samples
Epoch 1/1
2804/2804 [==============================] - 0s 50us/step - loss: 0.0066 - acc: 0.4864 - val_loss: 0.3606 - val_acc: 0.4740
Epoch 23
Train on 2804 samples, validate on 500 samples
Epoch 1/1
2804/2804 [==============================] - 0s 50us/step - loss: 0.0066 - acc: 0.4840 - val_loss: 0.3514 - val_acc: 0.4920
Epoch 24
Train on 2804 samples, validate on 500 samples
Epoch 1/1
2804/2804 [==============================] - 0s 50us/step - loss: 0.0069 - acc: 0.4601 - val_loss: 0.3619 - val_acc: 0.4840
Epoch 25
Train on 2804 samples, validate on 500 samples
Epoch 1/1
2804/2804 [==============================] - 0s 50us/step - loss: 0.0066 - acc: 0.4832 - val_loss: 0.3878 - val_acc: 0.4380
Epoch 26
Train on 2804 samples, validate on 500 samples
Epoch 1/1
2804/2804 [==============================] - 0s 50us/step - loss: 0.0066 - acc: 0.4683 - val_loss: 0.3555 - val_acc: 0.4820
Epoch 27
Train on 2804 samples, validate on 500 samples
Epoch 1/1
2804/2804 [==============================] - 0s 50us/step - loss: 0.0068 - acc: 0.4761 - val_loss: 0.3832 - val_acc: 0.4520
Epoch 28
Train on 2804 samples, validate on 500 samples
Epoch 1/1
2804/2804 [==============================] - 0s 50us/step - loss: 0.0067 - acc: 0.4818 - val_loss: 0.3952 - val_acc: 0.4280
Epoch 29
Train on 2804 samples, validate on 500 samples
Epoch 1/1
2804/2804 [==============================] - 0s 50us/step - loss: 0.0067 - acc: 0.4622 - val_loss: 0.3892 - val_acc: 0.4100
Epoch 30
Train on 2804 samples, validate on 500 samples
Epoch 1/1
2804/2804 [==============================] - 0s 50us/step - loss: 0.0065 - acc: 0.4875 - val_loss: 0.3738 - val_acc: 0.4620
Epoch 31
Train on 2804 samples, validate on 500 samples
Epoch 1/1
2804/2804 [==============================] - 0s 50us/step - loss: 0.0066 - acc: 0.4747 - val_loss: 0.3624 - val_acc: 0.4800
Epoch 32
Train on 2804 samples, validate on 500 samples
Epoch 1/1
2804/2804 [==============================] - 0s 50us/step - loss: 0.0065 - acc: 0.4872 - val_loss: 0.3563 - val_acc: 0.4940
Epoch 33
Train on 2804 samples, validate on 500 samples
Epoch 1/1
2804/2804 [==============================] - 0s 50us/step - loss: 0.0066 - acc: 0.4868 - val_loss: 0.3683 - val_acc: 0.4800
Epoch 34
Train on 2804 samples, validate on 500 samples
Epoch 1/1
2804/2804 [==============================] - 0s 50us/step - loss: 0.0065 - acc: 0.4925 - val_loss: 0.3540 - val_acc: 0.4880
Epoch 35
Train on 2804 samples, validate on 500 samples
Epoch 1/1
2804/2804 [==============================] - 0s 50us/step - loss: 0.0065 - acc: 0.5086 - val_loss: 0.3689 - val_acc: 0.4540
Epoch 36
Train on 2804 samples, validate on 500 samples
Epoch 1/1
2804/2804 [==============================] - 0s 50us/step - loss: 0.0065 - acc: 0.4872 - val_loss: 0.3483 - val_acc: 0.4920
Epoch 37
Train on 2804 samples, validate on 500 samples
Epoch 1/1
2804/2804 [==============================] - 0s 50us/step - loss: 0.0065 - acc: 0.4918 - val_loss: 0.3409 - val_acc: 0.5100
Epoch 38
Train on 2804 samples, validate on 500 samples
Epoch 1/1
2804/2804 [==============================] - 0s 50us/step - loss: 0.0065 - acc: 0.4943 - val_loss: 0.3505 - val_acc: 0.4980
Epoch 39
Train on 2804 samples, validate on 500 samples
Epoch 1/1
2804/2804 [==============================] - 0s 50us/step - loss: 0.0064 - acc: 0.5068 - val_loss: 0.3721 - val_acc: 0.4640
Epoch 40
Train on 2804 samples, validate on 500 samples
Epoch 1/1
2804/2804 [==============================] - 0s 50us/step - loss: 0.0063 - acc: 0.5046 - val_loss: 0.3383 - val_acc: 0.5200
Epoch 41
Train on 2804 samples, validate on 500 samples
Epoch 1/1
2804/2804 [==============================] - 0s 50us/step - loss: 0.0065 - acc: 0.5093 - val_loss: 0.3769 - val_acc: 0.4600
Epoch 42
Train on 2804 samples, validate on 500 samples
Epoch 1/1
2804/2804 [==============================] - 0s 50us/step - loss: 0.0064 - acc: 0.4996 - val_loss: 0.3393 - val_acc: 0.5120
Epoch 43
Train on 2804 samples, validate on 500 samples
Epoch 1/1
2804/2804 [==============================] - 0s 50us/step - loss: 0.0065 - acc: 0.5050 - val_loss: 0.3763 - val_acc: 0.4500
Epoch 44
Train on 2804 samples, validate on 500 samples
Epoch 1/1
2804/2804 [==============================] - 0s 50us/step - loss: 0.0065 - acc: 0.4797 - val_loss: 0.3457 - val_acc: 0.4820
Epoch 45
Train on 2804 samples, validate on 500 samples
Epoch 1/1
2804/2804 [==============================] - 0s 50us/step - loss: 0.0064 - acc: 0.4982 - val_loss: 0.3435 - val_acc: 0.5040
Epoch 46
Train on 2804 samples, validate on 500 samples
Epoch 1/1
2804/2804 [==============================] - 0s 50us/step - loss: 0.0063 - acc: 0.5139 - val_loss: 0.3416 - val_acc: 0.5160
Epoch 47
Train on 2804 samples, validate on 500 samples
Epoch 1/1
2804/2804 [==============================] - 0s 50us/step - loss: 0.0063 - acc: 0.5114 - val_loss: 0.3657 - val_acc: 0.4780
Epoch 48
Train on 2804 samples, validate on 500 samples
Epoch 1/1
2804/2804 [==============================] - 0s 50us/step - loss: 0.0063 - acc: 0.5121 - val_loss: 0.3546 - val_acc: 0.4900
Epoch 49
Train on 2804 samples, validate on 500 samples
Epoch 1/1
2804/2804 [==============================] - 0s 50us/step - loss: 0.0063 - acc: 0.5157 - val_loss: 0.3614 - val_acc: 0.4920
Epoch 50
Train on 2804 samples, validate on 500 samples
Epoch 1/1
2804/2804 [==============================] - 0s 50us/step - loss: 0.0063 - acc: 0.5103 - val_loss: 0.3281 - val_acc: 0.5360
Epoch 51
Train on 2804 samples, validate on 500 samples
Epoch 1/1
2804/2804 [==============================] - 0s 50us/step - loss: 0.0066 - acc: 0.4847 - val_loss: 0.3559 - val_acc: 0.4920
Epoch 52
Train on 2804 samples, validate on 500 samples
Epoch 1/1
2804/2804 [==============================] - 0s 50us/step - loss: 0.0063 - acc: 0.5064 - val_loss: 0.3536 - val_acc: 0.4880
Epoch 53
Train on 2804 samples, validate on 500 samples
Epoch 1/1
2804/2804 [==============================] - 0s 50us/step - loss: 0.0062 - acc: 0.5107 - val_loss: 0.3284 - val_acc: 0.5220
Epoch 54
Train on 2804 samples, validate on 500 samples
Epoch 1/1
2804/2804 [==============================] - 0s 50us/step - loss: 0.0064 - acc: 0.5064 - val_loss: 0.3675 - val_acc: 0.4660
Epoch 55
Train on 2804 samples, validate on 500 samples
Epoch 1/1
2804/2804 [==============================] - 0s 50us/step - loss: 0.0062 - acc: 0.5118 - val_loss: 0.3338 - val_acc: 0.5140
Epoch 56
Train on 2804 samples, validate on 500 samples
Epoch 1/1
2804/2804 [==============================] - 0s 50us/step - loss: 0.0063 - acc: 0.5086 - val_loss: 0.3308 - val_acc: 0.5360
Epoch 57
Train on 2804 samples, validate on 500 samples
Epoch 1/1
2804/2804 [==============================] - 0s 50us/step - loss: 0.0061 - acc: 0.5275 - val_loss: 0.3364 - val_acc: 0.5260
Epoch 58
Train on 2804 samples, validate on 500 samples
Epoch 1/1
2804/2804 [==============================] - 0s 50us/step - loss: 0.0062 - acc: 0.5157 - val_loss: 0.3336 - val_acc: 0.5400
Epoch 59
Train on 2804 samples, validate on 500 samples
Epoch 1/1
2804/2804 [==============================] - 0s 50us/step - loss: 0.0063 - acc: 0.5396 - val_loss: 0.3820 - val_acc: 0.4560
Epoch 60
Train on 2804 samples, validate on 500 samples
Epoch 1/1
2804/2804 [==============================] - 0s 50us/step - loss: 0.0062 - acc: 0.5036 - val_loss: 0.3582 - val_acc: 0.4840
Epoch 61
Train on 2804 samples, validate on 500 samples
Epoch 1/1
2804/2804 [==============================] - 0s 50us/step - loss: 0.0061 - acc: 0.5307 - val_loss: 0.3429 - val_acc: 0.5280
Epoch 62
Train on 2804 samples, validate on 500 samples
Epoch 1/1
2804/2804 [==============================] - 0s 50us/step - loss: 0.0063 - acc: 0.5164 - val_loss: 0.3540 - val_acc: 0.4980
Epoch 63
Train on 2804 samples, validate on 500 samples
Epoch 1/1
2804/2804 [==============================] - 0s 50us/step - loss: 0.0061 - acc: 0.5146 - val_loss: 0.3361 - val_acc: 0.5260
Epoch 64
Train on 2804 samples, validate on 500 samples
Epoch 1/1
2804/2804 [==============================] - 0s 50us/step - loss: 0.0062 - acc: 0.5364 - val_loss: 0.3737 - val_acc: 0.4700
Epoch 65
Train on 2804 samples, validate on 500 samples
Epoch 1/1
2804/2804 [==============================] - 0s 50us/step - loss: 0.0063 - acc: 0.5018 - val_loss: 0.3479 - val_acc: 0.5040
Epoch 66
Train on 2804 samples, validate on 500 samples
Epoch 1/1
2804/2804 [==============================] - 0s 50us/step - loss: 0.0060 - acc: 0.5128 - val_loss: 0.3254 - val_acc: 0.5280
Epoch 67
Train on 2804 samples, validate on 500 samples
Epoch 1/1
2804/2804 [==============================] - 0s 50us/step - loss: 0.0060 - acc: 0.5364 - val_loss: 0.3153 - val_acc: 0.5520
Epoch 68
Train on 2804 samples, validate on 500 samples
Epoch 1/1
2804/2804 [==============================] - 0s 50us/step - loss: 0.0062 - acc: 0.5310 - val_loss: 0.3460 - val_acc: 0.5220
Epoch 69
Train on 2804 samples, validate on 500 samples
Epoch 1/1
2804/2804 [==============================] - 0s 50us/step - loss: 0.0061 - acc: 0.5275 - val_loss: 0.3544 - val_acc: 0.5120
Epoch 70
Train on 2804 samples, validate on 500 samples
Epoch 1/1
2804/2804 [==============================] - 0s 50us/step - loss: 0.0061 - acc: 0.5200 - val_loss: 0.3238 - val_acc: 0.5480
Epoch 71
Train on 2804 samples, validate on 500 samples
Epoch 1/1
2804/2804 [==============================] - 0s 50us/step - loss: 0.0060 - acc: 0.5296 - val_loss: 0.3146 - val_acc: 0.5680
Epoch 72
Train on 2804 samples, validate on 500 samples
Epoch 1/1
2804/2804 [==============================] - 0s 50us/step - loss: 0.0062 - acc: 0.5267 - val_loss: 0.3342 - val_acc: 0.5360
Epoch 73
Train on 2804 samples, validate on 500 samples
Epoch 1/1
2804/2804 [==============================] - 0s 50us/step - loss: 0.0060 - acc: 0.5414 - val_loss: 0.3288 - val_acc: 0.5500
Epoch 74
Train on 2804 samples, validate on 500 samples
Epoch 1/1
2804/2804 [==============================] - 0s 50us/step - loss: 0.0060 - acc: 0.5442 - val_loss: 0.3382 - val_acc: 0.5260
Epoch 75
Train on 2804 samples, validate on 500 samples
Epoch 1/1
2804/2804 [==============================] - 0s 50us/step - loss: 0.0060 - acc: 0.5407 - val_loss: 0.3413 - val_acc: 0.5120
Epoch 76
Train on 2804 samples, validate on 500 samples
Epoch 1/1
2804/2804 [==============================] - 0s 49us/step - loss: 0.0060 - acc: 0.5300 - val_loss: 0.3251 - val_acc: 0.5420
Epoch 77
Train on 2804 samples, validate on 500 samples
Epoch 1/1
2804/2804 [==============================] - 0s 50us/step - loss: 0.0060 - acc: 0.5396 - val_loss: 0.3370 - val_acc: 0.5340
Epoch 78
Train on 2804 samples, validate on 500 samples
Epoch 1/1
2804/2804 [==============================] - 0s 50us/step - loss: 0.0060 - acc: 0.5346 - val_loss: 0.3297 - val_acc: 0.5480
Epoch 79
Train on 2804 samples, validate on 500 samples
Epoch 1/1
2804/2804 [==============================] - 0s 50us/step - loss: 0.0060 - acc: 0.5460 - val_loss: 0.3445 - val_acc: 0.5300
Epoch 80
Train on 2804 samples, validate on 500 samples
Epoch 1/1
2804/2804 [==============================] - 0s 50us/step - loss: 0.0061 - acc: 0.5296 - val_loss: 0.3504 - val_acc: 0.5120
Epoch 81
Train on 2804 samples, validate on 500 samples
Epoch 1/1
2804/2804 [==============================] - 0s 50us/step - loss: 0.0060 - acc: 0.5214 - val_loss: 0.3180 - val_acc: 0.5620
Epoch 82
Train on 2804 samples, validate on 500 samples
Epoch 1/1
2804/2804 [==============================] - 0s 50us/step - loss: 0.0060 - acc: 0.5385 - val_loss: 0.3096 - val_acc: 0.5720
Epoch 83
Train on 2804 samples, validate on 500 samples
Epoch 1/1
2804/2804 [==============================] - 0s 50us/step - loss: 0.0061 - acc: 0.5328 - val_loss: 0.3405 - val_acc: 0.5260
Epoch 84
Train on 2804 samples, validate on 500 samples
Epoch 1/1
2804/2804 [==============================] - 0s 50us/step - loss: 0.0061 - acc: 0.5317 - val_loss: 0.3391 - val_acc: 0.5060
Epoch 85
Train on 2804 samples, validate on 500 samples
Epoch 1/1
2804/2804 [==============================] - 0s 50us/step - loss: 0.0060 - acc: 0.5385 - val_loss: 0.3526 - val_acc: 0.4960
Epoch 86
Train on 2804 samples, validate on 500 samples
Epoch 1/1
2804/2804 [==============================] - 0s 50us/step - loss: 0.0059 - acc: 0.5396 - val_loss: 0.3233 - val_acc: 0.5300
Epoch 87
Train on 2804 samples, validate on 500 samples
Epoch 1/1
2804/2804 [==============================] - 0s 50us/step - loss: 0.0059 - acc: 0.5528 - val_loss: 0.3219 - val_acc: 0.5460
Epoch 88
Train on 2804 samples, validate on 500 samples
Epoch 1/1
2804/2804 [==============================] - 0s 50us/step - loss: 0.0058 - acc: 0.5553 - val_loss: 0.3299 - val_acc: 0.5400
Epoch 89
Train on 2804 samples, validate on 500 samples
Epoch 1/1
2804/2804 [==============================] - 0s 50us/step - loss: 0.0058 - acc: 0.5613 - val_loss: 0.3406 - val_acc: 0.5180
Epoch 90
Train on 2804 samples, validate on 500 samples
Epoch 1/1
2804/2804 [==============================] - 0s 50us/step - loss: 0.0059 - acc: 0.5539 - val_loss: 0.3247 - val_acc: 0.5400
Epoch 91
Train on 2804 samples, validate on 500 samples
Epoch 1/1
2804/2804 [==============================] - 0s 50us/step - loss: 0.0060 - acc: 0.5599 - val_loss: 0.3559 - val_acc: 0.5080
Epoch 92
Train on 2804 samples, validate on 500 samples
Epoch 1/1
2804/2804 [==============================] - 0s 50us/step - loss: 0.0058 - acc: 0.5399 - val_loss: 0.3083 - val_acc: 0.5660
Epoch 93
Train on 2804 samples, validate on 500 samples
Epoch 1/1
2804/2804 [==============================] - 0s 50us/step - loss: 0.0061 - acc: 0.5392 - val_loss: 0.3652 - val_acc: 0.4920
Epoch 94
Train on 2804 samples, validate on 500 samples
Epoch 1/1
2804/2804 [==============================] - 0s 50us/step - loss: 0.0061 - acc: 0.5275 - val_loss: 0.3576 - val_acc: 0.5000
Epoch 95
Train on 2804 samples, validate on 500 samples
Epoch 1/1
2804/2804 [==============================] - 0s 50us/step - loss: 0.0060 - acc: 0.5325 - val_loss: 0.3522 - val_acc: 0.5000
Epoch 96
Train on 2804 samples, validate on 500 samples
Epoch 1/1
2804/2804 [==============================] - 0s 50us/step - loss: 0.0058 - acc: 0.5392 - val_loss: 0.3249 - val_acc: 0.5400
Epoch 97
Train on 2804 samples, validate on 500 samples
Epoch 1/1
2804/2804 [==============================] - 0s 50us/step - loss: 0.0060 - acc: 0.5367 - val_loss: 0.3195 - val_acc: 0.5440
Epoch 98
Train on 2804 samples, validate on 500 samples
Epoch 1/1
2804/2804 [==============================] - 0s 50us/step - loss: 0.0059 - acc: 0.5460 - val_loss: 0.3290 - val_acc: 0.5320
Epoch 99
Train on 2804 samples, validate on 500 samples
Epoch 1/1
2804/2804 [==============================] - 0s 50us/step - loss: 0.0058 - acc: 0.5371 - val_loss: 0.3207 - val_acc: 0.5520
Neck alphas removed: 0.9648648648648649
Nuclear recoils removed: 0.5080633549316055
