Using TensorFlow backend.
_________________________________________________________________
Layer (type)                 Output Shape              Param #   
=================================================================
batch_normalization_1 (Batch (None, 16)                64        
_________________________________________________________________
dense_1 (Dense)              (None, 12)                204       
_________________________________________________________________
dropout_1 (Dropout)          (None, 12)                0         
_________________________________________________________________
dense_2 (Dense)              (None, 8)                 104       
_________________________________________________________________
dropout_2 (Dropout)          (None, 8)                 0         
_________________________________________________________________
dense_3 (Dense)              (None, 1)                 9         
=================================================================
Total params: 381
Trainable params: 349
Non-trainable params: 32
_________________________________________________________________
None
Train on 496 samples, validate on 128 samples
Epoch 1/1
2018-08-01 14:25:35.772483: I tensorflow/core/platform/cpu_feature_guard.cc:141] Your CPU supports instructions that this TensorFlow binary was not compiled to use: AVX2 FMA
2018-08-01 14:25:35.986006: I tensorflow/core/common_runtime/gpu/gpu_device.cc:1392] Found device 0 with properties: 
name: GeForce GTX 1060 6GB major: 6 minor: 1 memoryClockRate(GHz): 1.759
pciBusID: 0000:03:00.0
totalMemory: 5.93GiB freeMemory: 5.52GiB
2018-08-01 14:25:35.986049: I tensorflow/core/common_runtime/gpu/gpu_device.cc:1471] Adding visible gpu devices: 0
2018-08-01 14:25:36.256263: I tensorflow/core/common_runtime/gpu/gpu_device.cc:952] Device interconnect StreamExecutor with strength 1 edge matrix:
2018-08-01 14:25:36.256319: I tensorflow/core/common_runtime/gpu/gpu_device.cc:958]      0 
2018-08-01 14:25:36.256326: I tensorflow/core/common_runtime/gpu/gpu_device.cc:971] 0:   N 
2018-08-01 14:25:36.256535: I tensorflow/core/common_runtime/gpu/gpu_device.cc:1084] Created TensorFlow device (/job:localhost/replica:0/task:0/device:GPU:0 with 5293 MB memory) -> physical GPU (device: 0, name: GeForce GTX 1060 6GB, pci bus id: 0000:03:00.0, compute capability: 6.1)
496/496 [==============================] - 1s 2ms/step - loss: 0.7949 - mean_absolute_error: 0.7171 - val_loss: 0.6585 - val_mean_absolute_error: 0.6687
Data saved at /home/brendonm/ap_simulation_time1533147936_epoch0.json
Train on 496 samples, validate on 128 samples
Epoch 1/1
496/496 [==============================] - 0s 196us/step - loss: 0.5209 - mean_absolute_error: 0.5830 - val_loss: 0.4340 - val_mean_absolute_error: 0.5471
Data saved at /home/brendonm/ap_simulation_time1533147937_epoch1.json
Train on 496 samples, validate on 128 samples
Epoch 1/1
496/496 [==============================] - 0s 203us/step - loss: 0.3277 - mean_absolute_error: 0.4550 - val_loss: 0.2874 - val_mean_absolute_error: 0.4484
Data saved at /home/brendonm/ap_simulation_time1533147937_epoch2.json
Train on 496 samples, validate on 128 samples
Epoch 1/1
496/496 [==============================] - 0s 221us/step - loss: 0.2225 - mean_absolute_error: 0.3862 - val_loss: 0.1988 - val_mean_absolute_error: 0.3681
Data saved at /home/brendonm/ap_simulation_time1533147937_epoch3.json
Train on 496 samples, validate on 128 samples
Epoch 1/1
496/496 [==============================] - 0s 204us/step - loss: 0.1686 - mean_absolute_error: 0.3322 - val_loss: 0.1455 - val_mean_absolute_error: 0.3112
Data saved at /home/brendonm/ap_simulation_time1533147937_epoch4.json
Train on 496 samples, validate on 128 samples
Epoch 1/1
496/496 [==============================] - 0s 212us/step - loss: 0.1184 - mean_absolute_error: 0.2791 - val_loss: 0.1154 - val_mean_absolute_error: 0.2772
Data saved at /home/brendonm/ap_simulation_time1533147937_epoch5.json
Train on 496 samples, validate on 128 samples
Epoch 1/1
496/496 [==============================] - 0s 201us/step - loss: 0.1068 - mean_absolute_error: 0.2623 - val_loss: 0.0981 - val_mean_absolute_error: 0.2572
Data saved at /home/brendonm/ap_simulation_time1533147937_epoch6.json
Train on 496 samples, validate on 128 samples
Epoch 1/1
496/496 [==============================] - 0s 205us/step - loss: 0.0986 - mean_absolute_error: 0.2519 - val_loss: 0.0865 - val_mean_absolute_error: 0.2426
Data saved at /home/brendonm/ap_simulation_time1533147937_epoch7.json
Train on 496 samples, validate on 128 samples
Epoch 1/1
496/496 [==============================] - 0s 208us/step - loss: 0.0748 - mean_absolute_error: 0.2209 - val_loss: 0.0799 - val_mean_absolute_error: 0.2331
Data saved at /home/brendonm/ap_simulation_time1533147937_epoch8.json
Train on 496 samples, validate on 128 samples
Epoch 1/1
496/496 [==============================] - 0s 198us/step - loss: 0.0799 - mean_absolute_error: 0.2201 - val_loss: 0.0758 - val_mean_absolute_error: 0.2261
Data saved at /home/brendonm/ap_simulation_time1533147937_epoch9.json
Train on 496 samples, validate on 128 samples
Epoch 1/1
496/496 [==============================] - 0s 211us/step - loss: 0.0715 - mean_absolute_error: 0.2116 - val_loss: 0.0747 - val_mean_absolute_error: 0.2250
Data saved at /home/brendonm/ap_simulation_time1533147938_epoch10.json
Train on 496 samples, validate on 128 samples
Epoch 1/1
496/496 [==============================] - 0s 198us/step - loss: 0.0633 - mean_absolute_error: 0.2004 - val_loss: 0.0695 - val_mean_absolute_error: 0.2167
Data saved at /home/brendonm/ap_simulation_time1533147938_epoch11.json
Train on 496 samples, validate on 128 samples
Epoch 1/1
496/496 [==============================] - 0s 206us/step - loss: 0.0634 - mean_absolute_error: 0.1974 - val_loss: 0.0675 - val_mean_absolute_error: 0.2142
Data saved at /home/brendonm/ap_simulation_time1533147938_epoch12.json
Train on 496 samples, validate on 128 samples
Epoch 1/1
496/496 [==============================] - 0s 204us/step - loss: 0.0637 - mean_absolute_error: 0.1983 - val_loss: 0.0623 - val_mean_absolute_error: 0.2056
Data saved at /home/brendonm/ap_simulation_time1533147938_epoch13.json
Train on 496 samples, validate on 128 samples
Epoch 1/1
496/496 [==============================] - 0s 201us/step - loss: 0.0635 - mean_absolute_error: 0.1983 - val_loss: 0.0628 - val_mean_absolute_error: 0.2069
Data saved at /home/brendonm/ap_simulation_time1533147938_epoch14.json
Train on 496 samples, validate on 128 samples
Epoch 1/1
496/496 [==============================] - 0s 210us/step - loss: 0.0672 - mean_absolute_error: 0.2050 - val_loss: 0.0611 - val_mean_absolute_error: 0.2039
Data saved at /home/brendonm/ap_simulation_time1533147938_epoch15.json
Train on 496 samples, validate on 128 samples
Epoch 1/1
496/496 [==============================] - 0s 215us/step - loss: 0.0593 - mean_absolute_error: 0.1923 - val_loss: 0.0586 - val_mean_absolute_error: 0.2003
Data saved at /home/brendonm/ap_simulation_time1533147938_epoch16.json
Train on 496 samples, validate on 128 samples
Epoch 1/1
496/496 [==============================] - 0s 208us/step - loss: 0.0657 - mean_absolute_error: 0.2014 - val_loss: 0.0565 - val_mean_absolute_error: 0.1952
Data saved at /home/brendonm/ap_simulation_time1533147938_epoch17.json
Train on 496 samples, validate on 128 samples
Epoch 1/1
496/496 [==============================] - 0s 224us/step - loss: 0.0611 - mean_absolute_error: 0.1937 - val_loss: 0.0612 - val_mean_absolute_error: 0.2040
Data saved at /home/brendonm/ap_simulation_time1533147938_epoch18.json
Train on 496 samples, validate on 128 samples
Epoch 1/1
496/496 [==============================] - 0s 204us/step - loss: 0.0654 - mean_absolute_error: 0.2015 - val_loss: 0.0574 - val_mean_absolute_error: 0.1970
Data saved at /home/brendonm/ap_simulation_time1533147939_epoch19.json
Train on 496 samples, validate on 128 samples
Epoch 1/1
496/496 [==============================] - 0s 207us/step - loss: 0.0568 - mean_absolute_error: 0.1917 - val_loss: 0.0536 - val_mean_absolute_error: 0.1893
Data saved at /home/brendonm/ap_simulation_time1533147939_epoch20.json
Train on 496 samples, validate on 128 samples
Epoch 1/1
496/496 [==============================] - 0s 209us/step - loss: 0.0512 - mean_absolute_error: 0.1805 - val_loss: 0.0541 - val_mean_absolute_error: 0.1898
Data saved at /home/brendonm/ap_simulation_time1533147939_epoch21.json
Train on 496 samples, validate on 128 samples
Epoch 1/1
496/496 [==============================] - 0s 213us/step - loss: 0.0549 - mean_absolute_error: 0.1804 - val_loss: 0.0542 - val_mean_absolute_error: 0.1905
Data saved at /home/brendonm/ap_simulation_time1533147939_epoch22.json
Train on 496 samples, validate on 128 samples
Epoch 1/1
496/496 [==============================] - 0s 215us/step - loss: 0.0556 - mean_absolute_error: 0.1869 - val_loss: 0.0529 - val_mean_absolute_error: 0.1881
Data saved at /home/brendonm/ap_simulation_time1533147939_epoch23.json
Train on 496 samples, validate on 128 samples
Epoch 1/1
496/496 [==============================] - 0s 208us/step - loss: 0.0520 - mean_absolute_error: 0.1825 - val_loss: 0.0526 - val_mean_absolute_error: 0.1865
Data saved at /home/brendonm/ap_simulation_time1533147939_epoch24.json
Train on 496 samples, validate on 128 samples
Epoch 1/1
496/496 [==============================] - 0s 207us/step - loss: 0.0558 - mean_absolute_error: 0.1864 - val_loss: 0.0515 - val_mean_absolute_error: 0.1843
Data saved at /home/brendonm/ap_simulation_time1533147939_epoch25.json
Train on 496 samples, validate on 128 samples
Epoch 1/1
496/496 [==============================] - 0s 210us/step - loss: 0.0501 - mean_absolute_error: 0.1748 - val_loss: 0.0517 - val_mean_absolute_error: 0.1844
Data saved at /home/brendonm/ap_simulation_time1533147939_epoch26.json
Train on 496 samples, validate on 128 samples
Epoch 1/1
496/496 [==============================] - 0s 216us/step - loss: 0.0465 - mean_absolute_error: 0.1720 - val_loss: 0.0494 - val_mean_absolute_error: 0.1791
Data saved at /home/brendonm/ap_simulation_time1533147940_epoch27.json
Train on 496 samples, validate on 128 samples
Epoch 1/1
496/496 [==============================] - 0s 214us/step - loss: 0.0521 - mean_absolute_error: 0.1797 - val_loss: 0.0514 - val_mean_absolute_error: 0.1837
Data saved at /home/brendonm/ap_simulation_time1533147940_epoch28.json
Train on 496 samples, validate on 128 samples
Epoch 1/1
496/496 [==============================] - 0s 213us/step - loss: 0.0502 - mean_absolute_error: 0.1754 - val_loss: 0.0481 - val_mean_absolute_error: 0.1763
Data saved at /home/brendonm/ap_simulation_time1533147940_epoch29.json
Train on 496 samples, validate on 128 samples
Epoch 1/1
496/496 [==============================] - 0s 211us/step - loss: 0.0445 - mean_absolute_error: 0.1659 - val_loss: 0.0464 - val_mean_absolute_error: 0.1734
Data saved at /home/brendonm/ap_simulation_time1533147940_epoch30.json
Train on 496 samples, validate on 128 samples
Epoch 1/1
496/496 [==============================] - 0s 206us/step - loss: 0.0425 - mean_absolute_error: 0.1623 - val_loss: 0.0463 - val_mean_absolute_error: 0.1721
Data saved at /home/brendonm/ap_simulation_time1533147940_epoch31.json
Train on 496 samples, validate on 128 samples
Epoch 1/1
496/496 [==============================] - 0s 207us/step - loss: 0.0496 - mean_absolute_error: 0.1716 - val_loss: 0.0475 - val_mean_absolute_error: 0.1752
Data saved at /home/brendonm/ap_simulation_time1533147940_epoch32.json
Train on 496 samples, validate on 128 samples
Epoch 1/1
496/496 [==============================] - 0s 212us/step - loss: 0.0482 - mean_absolute_error: 0.1738 - val_loss: 0.0447 - val_mean_absolute_error: 0.1689
Data saved at /home/brendonm/ap_simulation_time1533147940_epoch33.json
Train on 496 samples, validate on 128 samples
Epoch 1/1
496/496 [==============================] - 0s 208us/step - loss: 0.0414 - mean_absolute_error: 0.1616 - val_loss: 0.0447 - val_mean_absolute_error: 0.1689
Data saved at /home/brendonm/ap_simulation_time1533147940_epoch34.json
Train on 496 samples, validate on 128 samples
Epoch 1/1
496/496 [==============================] - 0s 205us/step - loss: 0.0513 - mean_absolute_error: 0.1773 - val_loss: 0.0461 - val_mean_absolute_error: 0.1720
Data saved at /home/brendonm/ap_simulation_time1533147940_epoch35.json
Train on 496 samples, validate on 128 samples
Epoch 1/1
496/496 [==============================] - 0s 210us/step - loss: 0.0465 - mean_absolute_error: 0.1666 - val_loss: 0.0438 - val_mean_absolute_error: 0.1668
Data saved at /home/brendonm/ap_simulation_time1533147941_epoch36.json
Train on 496 samples, validate on 128 samples
Epoch 1/1
496/496 [==============================] - 0s 218us/step - loss: 0.0473 - mean_absolute_error: 0.1694 - val_loss: 0.0422 - val_mean_absolute_error: 0.1630
Data saved at /home/brendonm/ap_simulation_time1533147941_epoch37.json
Train on 496 samples, validate on 128 samples
Epoch 1/1
496/496 [==============================] - 0s 214us/step - loss: 0.0475 - mean_absolute_error: 0.1710 - val_loss: 0.0419 - val_mean_absolute_error: 0.1621
Data saved at /home/brendonm/ap_simulation_time1533147941_epoch38.json
Train on 496 samples, validate on 128 samples
Epoch 1/1
496/496 [==============================] - 0s 211us/step - loss: 0.0436 - mean_absolute_error: 0.1582 - val_loss: 0.0450 - val_mean_absolute_error: 0.1694
Data saved at /home/brendonm/ap_simulation_time1533147941_epoch39.json
Train on 496 samples, validate on 128 samples
Epoch 1/1
496/496 [==============================] - 0s 205us/step - loss: 0.0443 - mean_absolute_error: 0.1644 - val_loss: 0.0438 - val_mean_absolute_error: 0.1667
Data saved at /home/brendonm/ap_simulation_time1533147941_epoch40.json
Train on 496 samples, validate on 128 samples
Epoch 1/1
496/496 [==============================] - 0s 206us/step - loss: 0.0420 - mean_absolute_error: 0.1625 - val_loss: 0.0448 - val_mean_absolute_error: 0.1694
Data saved at /home/brendonm/ap_simulation_time1533147941_epoch41.json
Train on 496 samples, validate on 128 samples
Epoch 1/1
496/496 [==============================] - 0s 193us/step - loss: 0.0415 - mean_absolute_error: 0.1612 - val_loss: 0.0422 - val_mean_absolute_error: 0.1641
Data saved at /home/brendonm/ap_simulation_time1533147941_epoch42.json
Train on 496 samples, validate on 128 samples
Epoch 1/1
496/496 [==============================] - 0s 208us/step - loss: 0.0429 - mean_absolute_error: 0.1615 - val_loss: 0.0408 - val_mean_absolute_error: 0.1612
Data saved at /home/brendonm/ap_simulation_time1533147941_epoch43.json
Train on 496 samples, validate on 128 samples
Epoch 1/1
496/496 [==============================] - 0s 210us/step - loss: 0.0441 - mean_absolute_error: 0.1635 - val_loss: 0.0390 - val_mean_absolute_error: 0.1567
Data saved at /home/brendonm/ap_simulation_time1533147941_epoch44.json
Train on 496 samples, validate on 128 samples
Epoch 1/1
496/496 [==============================] - 0s 202us/step - loss: 0.0432 - mean_absolute_error: 0.1627 - val_loss: 0.0404 - val_mean_absolute_error: 0.1596
Data saved at /home/brendonm/ap_simulation_time1533147942_epoch45.json
Train on 496 samples, validate on 128 samples
Epoch 1/1
496/496 [==============================] - 0s 218us/step - loss: 0.0424 - mean_absolute_error: 0.1602 - val_loss: 0.0414 - val_mean_absolute_error: 0.1622
Data saved at /home/brendonm/ap_simulation_time1533147942_epoch46.json
Train on 496 samples, validate on 128 samples
Epoch 1/1
496/496 [==============================] - 0s 216us/step - loss: 0.0414 - mean_absolute_error: 0.1643 - val_loss: 0.0385 - val_mean_absolute_error: 0.1548
Data saved at /home/brendonm/ap_simulation_time1533147942_epoch47.json
Train on 496 samples, validate on 128 samples
Epoch 1/1
496/496 [==============================] - 0s 209us/step - loss: 0.0399 - mean_absolute_error: 0.1524 - val_loss: 0.0380 - val_mean_absolute_error: 0.1541
Data saved at /home/brendonm/ap_simulation_time1533147942_epoch48.json
Train on 496 samples, validate on 128 samples
Epoch 1/1
496/496 [==============================] - 0s 207us/step - loss: 0.0432 - mean_absolute_error: 0.1644 - val_loss: 0.0419 - val_mean_absolute_error: 0.1636
Data saved at /home/brendonm/ap_simulation_time1533147942_epoch49.json
Train on 496 samples, validate on 128 samples
Epoch 1/1
496/496 [==============================] - 0s 216us/step - loss: 0.0398 - mean_absolute_error: 0.1562 - val_loss: 0.0380 - val_mean_absolute_error: 0.1543
Data saved at /home/brendonm/ap_simulation_time1533147942_epoch50.json
Train on 496 samples, validate on 128 samples
Epoch 1/1
496/496 [==============================] - 0s 194us/step - loss: 0.0374 - mean_absolute_error: 0.1533 - val_loss: 0.0381 - val_mean_absolute_error: 0.1551
Data saved at /home/brendonm/ap_simulation_time1533147942_epoch51.json
Train on 496 samples, validate on 128 samples
Epoch 1/1
496/496 [==============================] - 0s 197us/step - loss: 0.0467 - mean_absolute_error: 0.1712 - val_loss: 0.0417 - val_mean_absolute_error: 0.1630
Data saved at /home/brendonm/ap_simulation_time1533147942_epoch52.json
Train on 496 samples, validate on 128 samples
Epoch 1/1
496/496 [==============================] - 0s 210us/step - loss: 0.0412 - mean_absolute_error: 0.1531 - val_loss: 0.0371 - val_mean_absolute_error: 0.1520
Data saved at /home/brendonm/ap_simulation_time1533147942_epoch53.json
Train on 496 samples, validate on 128 samples
Epoch 1/1
496/496 [==============================] - 0s 215us/step - loss: 0.0425 - mean_absolute_error: 0.1610 - val_loss: 0.0354 - val_mean_absolute_error: 0.1477
Data saved at /home/brendonm/ap_simulation_time1533147943_epoch54.json
Train on 496 samples, validate on 128 samples
Epoch 1/1
496/496 [==============================] - 0s 199us/step - loss: 0.0407 - mean_absolute_error: 0.1619 - val_loss: 0.0381 - val_mean_absolute_error: 0.1541
Data saved at /home/brendonm/ap_simulation_time1533147943_epoch55.json
Train on 496 samples, validate on 128 samples
Epoch 1/1
496/496 [==============================] - 0s 197us/step - loss: 0.0367 - mean_absolute_error: 0.1519 - val_loss: 0.0370 - val_mean_absolute_error: 0.1520
Data saved at /home/brendonm/ap_simulation_time1533147943_epoch56.json
Train on 496 samples, validate on 128 samples
Epoch 1/1
496/496 [==============================] - 0s 205us/step - loss: 0.0369 - mean_absolute_error: 0.1491 - val_loss: 0.0359 - val_mean_absolute_error: 0.1491
Data saved at /home/brendonm/ap_simulation_time1533147943_epoch57.json
Train on 496 samples, validate on 128 samples
Epoch 1/1
496/496 [==============================] - 0s 210us/step - loss: 0.0405 - mean_absolute_error: 0.1595 - val_loss: 0.0396 - val_mean_absolute_error: 0.1577
Data saved at /home/brendonm/ap_simulation_time1533147943_epoch58.json
Train on 496 samples, validate on 128 samples
Epoch 1/1
496/496 [==============================] - 0s 204us/step - loss: 0.0365 - mean_absolute_error: 0.1504 - val_loss: 0.0362 - val_mean_absolute_error: 0.1503
Data saved at /home/brendonm/ap_simulation_time1533147943_epoch59.json
Train on 496 samples, validate on 128 samples
Epoch 1/1
496/496 [==============================] - 0s 216us/step - loss: 0.0368 - mean_absolute_error: 0.1493 - val_loss: 0.0359 - val_mean_absolute_error: 0.1497
Data saved at /home/brendonm/ap_simulation_time1533147943_epoch60.json
Train on 496 samples, validate on 128 samples
Epoch 1/1
496/496 [==============================] - 0s 201us/step - loss: 0.0369 - mean_absolute_error: 0.1523 - val_loss: 0.0349 - val_mean_absolute_error: 0.1472
Data saved at /home/brendonm/ap_simulation_time1533147943_epoch61.json
Train on 496 samples, validate on 128 samples
Epoch 1/1
496/496 [==============================] - 0s 205us/step - loss: 0.0406 - mean_absolute_error: 0.1546 - val_loss: 0.0361 - val_mean_absolute_error: 0.1490
Data saved at /home/brendonm/ap_simulation_time1533147943_epoch62.json
Train on 496 samples, validate on 128 samples
Epoch 1/1
496/496 [==============================] - 0s 207us/step - loss: 0.0558 - mean_absolute_error: 0.1828 - val_loss: 0.0369 - val_mean_absolute_error: 0.1513
Data saved at /home/brendonm/ap_simulation_time1533147944_epoch63.json
Train on 496 samples, validate on 128 samples
Epoch 1/1
496/496 [==============================] - 0s 203us/step - loss: 0.0392 - mean_absolute_error: 0.1583 - val_loss: 0.0384 - val_mean_absolute_error: 0.1546
Data saved at /home/brendonm/ap_simulation_time1533147944_epoch64.json
Train on 496 samples, validate on 128 samples
Epoch 1/1
496/496 [==============================] - 0s 205us/step - loss: 0.0352 - mean_absolute_error: 0.1447 - val_loss: 0.0348 - val_mean_absolute_error: 0.1472
Data saved at /home/brendonm/ap_simulation_time1533147944_epoch65.json
Train on 496 samples, validate on 128 samples
Epoch 1/1
496/496 [==============================] - 0s 198us/step - loss: 0.0368 - mean_absolute_error: 0.1513 - val_loss: 0.0348 - val_mean_absolute_error: 0.1477
Data saved at /home/brendonm/ap_simulation_time1533147944_epoch66.json
Train on 496 samples, validate on 128 samples
Epoch 1/1
496/496 [==============================] - 0s 202us/step - loss: 0.0370 - mean_absolute_error: 0.1531 - val_loss: 0.0380 - val_mean_absolute_error: 0.1543
Data saved at /home/brendonm/ap_simulation_time1533147944_epoch67.json
Train on 496 samples, validate on 128 samples
Epoch 1/1
496/496 [==============================] - 0s 200us/step - loss: 0.0380 - mean_absolute_error: 0.1567 - val_loss: 0.0380 - val_mean_absolute_error: 0.1543
Data saved at /home/brendonm/ap_simulation_time1533147944_epoch68.json
Train on 496 samples, validate on 128 samples
Epoch 1/1
496/496 [==============================] - 0s 203us/step - loss: 0.0446 - mean_absolute_error: 0.1656 - val_loss: 0.0357 - val_mean_absolute_error: 0.1491
Data saved at /home/brendonm/ap_simulation_time1533147944_epoch69.json
Train on 496 samples, validate on 128 samples
Epoch 1/1
496/496 [==============================] - 0s 218us/step - loss: 0.0317 - mean_absolute_error: 0.1445 - val_loss: 0.0356 - val_mean_absolute_error: 0.1488
Data saved at /home/brendonm/ap_simulation_time1533147944_epoch70.json
Train on 496 samples, validate on 128 samples
Epoch 1/1
496/496 [==============================] - 0s 205us/step - loss: 0.0352 - mean_absolute_error: 0.1442 - val_loss: 0.0345 - val_mean_absolute_error: 0.1464
Data saved at /home/brendonm/ap_simulation_time1533147944_epoch71.json
Train on 496 samples, validate on 128 samples
Epoch 1/1
496/496 [==============================] - 0s 210us/step - loss: 0.0313 - mean_absolute_error: 0.1406 - val_loss: 0.0377 - val_mean_absolute_error: 0.1544
Data saved at /home/brendonm/ap_simulation_time1533147945_epoch72.json
Train on 496 samples, validate on 128 samples
Epoch 1/1
496/496 [==============================] - 0s 209us/step - loss: 0.0339 - mean_absolute_error: 0.1436 - val_loss: 0.0360 - val_mean_absolute_error: 0.1499
Data saved at /home/brendonm/ap_simulation_time1533147945_epoch73.json
Train on 496 samples, validate on 128 samples
Epoch 1/1
496/496 [==============================] - 0s 194us/step - loss: 0.0395 - mean_absolute_error: 0.1562 - val_loss: 0.0401 - val_mean_absolute_error: 0.1590
Data saved at /home/brendonm/ap_simulation_time1533147945_epoch74.json
Train on 496 samples, validate on 128 samples
Epoch 1/1
496/496 [==============================] - 0s 201us/step - loss: 0.0419 - mean_absolute_error: 0.1622 - val_loss: 0.0388 - val_mean_absolute_error: 0.1564
Data saved at /home/brendonm/ap_simulation_time1533147945_epoch75.json
Train on 496 samples, validate on 128 samples
Epoch 1/1
496/496 [==============================] - 0s 220us/step - loss: 0.0365 - mean_absolute_error: 0.1514 - val_loss: 0.0350 - val_mean_absolute_error: 0.1475
Data saved at /home/brendonm/ap_simulation_time1533147945_epoch76.json
Train on 496 samples, validate on 128 samples
Epoch 1/1
496/496 [==============================] - 0s 207us/step - loss: 0.0304 - mean_absolute_error: 0.1356 - val_loss: 0.0339 - val_mean_absolute_error: 0.1453
Data saved at /home/brendonm/ap_simulation_time1533147945_epoch77.json
Train on 496 samples, validate on 128 samples
Epoch 1/1
496/496 [==============================] - 0s 205us/step - loss: 0.0407 - mean_absolute_error: 0.1560 - val_loss: 0.0374 - val_mean_absolute_error: 0.1531
Data saved at /home/brendonm/ap_simulation_time1533147945_epoch78.json
Train on 496 samples, validate on 128 samples
Epoch 1/1
496/496 [==============================] - 0s 207us/step - loss: 0.0402 - mean_absolute_error: 0.1565 - val_loss: 0.0372 - val_mean_absolute_error: 0.1523
Data saved at /home/brendonm/ap_simulation_time1533147945_epoch79.json
Train on 496 samples, validate on 128 samples
Epoch 1/1
496/496 [==============================] - 0s 211us/step - loss: 0.0332 - mean_absolute_error: 0.1458 - val_loss: 0.0326 - val_mean_absolute_error: 0.1422
Data saved at /home/brendonm/ap_simulation_time1533147945_epoch80.json
Train on 496 samples, validate on 128 samples
Epoch 1/1
496/496 [==============================] - 0s 206us/step - loss: 0.0368 - mean_absolute_error: 0.1510 - val_loss: 0.0336 - val_mean_absolute_error: 0.1454
Data saved at /home/brendonm/ap_simulation_time1533147946_epoch81.json
Train on 496 samples, validate on 128 samples
Epoch 1/1
496/496 [==============================] - 0s 203us/step - loss: 0.0358 - mean_absolute_error: 0.1440 - val_loss: 0.0344 - val_mean_absolute_error: 0.1467
Data saved at /home/brendonm/ap_simulation_time1533147946_epoch82.json
Train on 496 samples, validate on 128 samples
Epoch 1/1
496/496 [==============================] - 0s 198us/step - loss: 0.0388 - mean_absolute_error: 0.1566 - val_loss: 0.0375 - val_mean_absolute_error: 0.1534
Data saved at /home/brendonm/ap_simulation_time1533147946_epoch83.json
Train on 496 samples, validate on 128 samples
Epoch 1/1
496/496 [==============================] - 0s 213us/step - loss: 0.0331 - mean_absolute_error: 0.1419 - val_loss: 0.0345 - val_mean_absolute_error: 0.1469
Data saved at /home/brendonm/ap_simulation_time1533147946_epoch84.json
Train on 496 samples, validate on 128 samples
Epoch 1/1
496/496 [==============================] - 0s 200us/step - loss: 0.0357 - mean_absolute_error: 0.1468 - val_loss: 0.0339 - val_mean_absolute_error: 0.1460
Data saved at /home/brendonm/ap_simulation_time1533147946_epoch85.json
Train on 496 samples, validate on 128 samples
Epoch 1/1
496/496 [==============================] - 0s 207us/step - loss: 0.0330 - mean_absolute_error: 0.1437 - val_loss: 0.0338 - val_mean_absolute_error: 0.1444
Data saved at /home/brendonm/ap_simulation_time1533147946_epoch86.json
Train on 496 samples, validate on 128 samples
Epoch 1/1
496/496 [==============================] - 0s 196us/step - loss: 0.0308 - mean_absolute_error: 0.1393 - val_loss: 0.0347 - val_mean_absolute_error: 0.1468
Data saved at /home/brendonm/ap_simulation_time1533147946_epoch87.json
Train on 496 samples, validate on 128 samples
Epoch 1/1
496/496 [==============================] - 0s 215us/step - loss: 0.0327 - mean_absolute_error: 0.1399 - val_loss: 0.0332 - val_mean_absolute_error: 0.1442
Data saved at /home/brendonm/ap_simulation_time1533147946_epoch88.json
Train on 496 samples, validate on 128 samples
Epoch 1/1
496/496 [==============================] - 0s 199us/step - loss: 0.0422 - mean_absolute_error: 0.1631 - val_loss: 0.0381 - val_mean_absolute_error: 0.1548
Data saved at /home/brendonm/ap_simulation_time1533147946_epoch89.json
Train on 496 samples, validate on 128 samples
Epoch 1/1
496/496 [==============================] - 0s 211us/step - loss: 0.0350 - mean_absolute_error: 0.1451 - val_loss: 0.0346 - val_mean_absolute_error: 0.1470
Data saved at /home/brendonm/ap_simulation_time1533147947_epoch90.json
Train on 496 samples, validate on 128 samples
Epoch 1/1
496/496 [==============================] - 0s 200us/step - loss: 0.0348 - mean_absolute_error: 0.1451 - val_loss: 0.0325 - val_mean_absolute_error: 0.1420
Data saved at /home/brendonm/ap_simulation_time1533147947_epoch91.json
Train on 496 samples, validate on 128 samples
Epoch 1/1
496/496 [==============================] - 0s 208us/step - loss: 0.0326 - mean_absolute_error: 0.1409 - val_loss: 0.0358 - val_mean_absolute_error: 0.1496
Data saved at /home/brendonm/ap_simulation_time1533147947_epoch92.json
Train on 496 samples, validate on 128 samples
Epoch 1/1
496/496 [==============================] - 0s 203us/step - loss: 0.0388 - mean_absolute_error: 0.1553 - val_loss: 0.0347 - val_mean_absolute_error: 0.1466
Data saved at /home/brendonm/ap_simulation_time1533147947_epoch93.json
Train on 496 samples, validate on 128 samples
Epoch 1/1
496/496 [==============================] - 0s 218us/step - loss: 0.0356 - mean_absolute_error: 0.1487 - val_loss: 0.0336 - val_mean_absolute_error: 0.1439
Data saved at /home/brendonm/ap_simulation_time1533147947_epoch94.json
Train on 496 samples, validate on 128 samples
Epoch 1/1
496/496 [==============================] - 0s 203us/step - loss: 0.0341 - mean_absolute_error: 0.1477 - val_loss: 0.0348 - val_mean_absolute_error: 0.1471
Data saved at /home/brendonm/ap_simulation_time1533147947_epoch95.json
Train on 496 samples, validate on 128 samples
Epoch 1/1
496/496 [==============================] - 0s 209us/step - loss: 0.0388 - mean_absolute_error: 0.1527 - val_loss: 0.0323 - val_mean_absolute_error: 0.1417
Data saved at /home/brendonm/ap_simulation_time1533147947_epoch96.json
Train on 496 samples, validate on 128 samples
Epoch 1/1
496/496 [==============================] - 0s 204us/step - loss: 0.0341 - mean_absolute_error: 0.1452 - val_loss: 0.0365 - val_mean_absolute_error: 0.1509
Data saved at /home/brendonm/ap_simulation_time1533147947_epoch97.json
Train on 496 samples, validate on 128 samples
Epoch 1/1
496/496 [==============================] - 0s 199us/step - loss: 0.0319 - mean_absolute_error: 0.1410 - val_loss: 0.0358 - val_mean_absolute_error: 0.1495
Data saved at /home/brendonm/ap_simulation_time1533147947_epoch98.json
Train on 496 samples, validate on 128 samples
Epoch 1/1
496/496 [==============================] - 0s 201us/step - loss: 0.0390 - mean_absolute_error: 0.1546 - val_loss: 0.0352 - val_mean_absolute_error: 0.1485
Data saved at /home/brendonm/ap_simulation_time1533147948_epoch99.json
Train on 496 samples, validate on 128 samples
Epoch 1/1
496/496 [==============================] - 0s 212us/step - loss: 0.0357 - mean_absolute_error: 0.1511 - val_loss: 0.0377 - val_mean_absolute_error: 0.1539
Data saved at /home/brendonm/ap_simulation_time1533147948_epoch100.json
Train on 496 samples, validate on 128 samples
Epoch 1/1
496/496 [==============================] - 0s 212us/step - loss: 0.0320 - mean_absolute_error: 0.1400 - val_loss: 0.0336 - val_mean_absolute_error: 0.1444
Data saved at /home/brendonm/ap_simulation_time1533147948_epoch101.json
Train on 496 samples, validate on 128 samples
Epoch 1/1
496/496 [==============================] - 0s 208us/step - loss: 0.0324 - mean_absolute_error: 0.1439 - val_loss: 0.0348 - val_mean_absolute_error: 0.1476
Data saved at /home/brendonm/ap_simulation_time1533147948_epoch102.json
Train on 496 samples, validate on 128 samples
Epoch 1/1
496/496 [==============================] - 0s 193us/step - loss: 0.0453 - mean_absolute_error: 0.1650 - val_loss: 0.0350 - val_mean_absolute_error: 0.1477
Data saved at /home/brendonm/ap_simulation_time1533147948_epoch103.json
Train on 496 samples, validate on 128 samples
Epoch 1/1
496/496 [==============================] - 0s 206us/step - loss: 0.0394 - mean_absolute_error: 0.1581 - val_loss: 0.0364 - val_mean_absolute_error: 0.1508
Data saved at /home/brendonm/ap_simulation_time1533147948_epoch104.json
Train on 496 samples, validate on 128 samples
Epoch 1/1
496/496 [==============================] - 0s 205us/step - loss: 0.0336 - mean_absolute_error: 0.1403 - val_loss: 0.0354 - val_mean_absolute_error: 0.1469
Data saved at /home/brendonm/ap_simulation_time1533147948_epoch105.json
Train on 496 samples, validate on 128 samples
Epoch 1/1
496/496 [==============================] - 0s 202us/step - loss: 0.0317 - mean_absolute_error: 0.1384 - val_loss: 0.0332 - val_mean_absolute_error: 0.1439
Data saved at /home/brendonm/ap_simulation_time1533147948_epoch106.json
Train on 496 samples, validate on 128 samples
Epoch 1/1
496/496 [==============================] - 0s 205us/step - loss: 0.0300 - mean_absolute_error: 0.1373 - val_loss: 0.0336 - val_mean_absolute_error: 0.1451
Data saved at /home/brendonm/ap_simulation_time1533147948_epoch107.json
Train on 496 samples, validate on 128 samples
Epoch 1/1
496/496 [==============================] - 0s 200us/step - loss: 0.0298 - mean_absolute_error: 0.1336 - val_loss: 0.0350 - val_mean_absolute_error: 0.1484
Data saved at /home/brendonm/ap_simulation_time1533147949_epoch108.json
Train on 496 samples, validate on 128 samples
Epoch 1/1
496/496 [==============================] - 0s 207us/step - loss: 0.0312 - mean_absolute_error: 0.1367 - val_loss: 0.0329 - val_mean_absolute_error: 0.1433
Data saved at /home/brendonm/ap_simulation_time1533147949_epoch109.json
Train on 496 samples, validate on 128 samples
Epoch 1/1
496/496 [==============================] - 0s 213us/step - loss: 0.0313 - mean_absolute_error: 0.1368 - val_loss: 0.0323 - val_mean_absolute_error: 0.1410
Data saved at /home/brendonm/ap_simulation_time1533147949_epoch110.json
Train on 496 samples, validate on 128 samples
Epoch 1/1
496/496 [==============================] - 0s 208us/step - loss: 0.0336 - mean_absolute_error: 0.1429 - val_loss: 0.0315 - val_mean_absolute_error: 0.1385
Data saved at /home/brendonm/ap_simulation_time1533147949_epoch111.json
Train on 496 samples, validate on 128 samples
Epoch 1/1
496/496 [==============================] - 0s 210us/step - loss: 0.0299 - mean_absolute_error: 0.1354 - val_loss: 0.0333 - val_mean_absolute_error: 0.1426
Data saved at /home/brendonm/ap_simulation_time1533147949_epoch112.json
Train on 496 samples, validate on 128 samples
Epoch 1/1
496/496 [==============================] - 0s 208us/step - loss: 0.0272 - mean_absolute_error: 0.1252 - val_loss: 0.0349 - val_mean_absolute_error: 0.1473
Data saved at /home/brendonm/ap_simulation_time1533147949_epoch113.json
Train on 496 samples, validate on 128 samples
Epoch 1/1
496/496 [==============================] - 0s 193us/step - loss: 0.0302 - mean_absolute_error: 0.1392 - val_loss: 0.0348 - val_mean_absolute_error: 0.1460
Data saved at /home/brendonm/ap_simulation_time1533147949_epoch114.json
Train on 496 samples, validate on 128 samples
Epoch 1/1
496/496 [==============================] - 0s 205us/step - loss: 0.0272 - mean_absolute_error: 0.1308 - val_loss: 0.0323 - val_mean_absolute_error: 0.1405
Data saved at /home/brendonm/ap_simulation_time1533147949_epoch115.json
Train on 496 samples, validate on 128 samples
Epoch 1/1
496/496 [==============================] - 0s 219us/step - loss: 0.0314 - mean_absolute_error: 0.1349 - val_loss: 0.0322 - val_mean_absolute_error: 0.1405
Data saved at /home/brendonm/ap_simulation_time1533147949_epoch116.json
Train on 496 samples, validate on 128 samples
Epoch 1/1
496/496 [==============================] - 0s 199us/step - loss: 0.0370 - mean_absolute_error: 0.1434 - val_loss: 0.0327 - val_mean_absolute_error: 0.1412
Data saved at /home/brendonm/ap_simulation_time1533147950_epoch117.json
Train on 496 samples, validate on 128 samples
Epoch 1/1
496/496 [==============================] - 0s 209us/step - loss: 0.0383 - mean_absolute_error: 0.1504 - val_loss: 0.0323 - val_mean_absolute_error: 0.1410
Data saved at /home/brendonm/ap_simulation_time1533147950_epoch118.json
Train on 496 samples, validate on 128 samples
Epoch 1/1
496/496 [==============================] - 0s 214us/step - loss: 0.0333 - mean_absolute_error: 0.1422 - val_loss: 0.0325 - val_mean_absolute_error: 0.1413
Data saved at /home/brendonm/ap_simulation_time1533147950_epoch119.json
Train on 496 samples, validate on 128 samples
Epoch 1/1
496/496 [==============================] - 0s 212us/step - loss: 0.0305 - mean_absolute_error: 0.1326 - val_loss: 0.0349 - val_mean_absolute_error: 0.1471
Data saved at /home/brendonm/ap_simulation_time1533147950_epoch120.json
Train on 496 samples, validate on 128 samples
Epoch 1/1
496/496 [==============================] - 0s 205us/step - loss: 0.0303 - mean_absolute_error: 0.1317 - val_loss: 0.0330 - val_mean_absolute_error: 0.1428
Data saved at /home/brendonm/ap_simulation_time1533147950_epoch121.json
Train on 496 samples, validate on 128 samples
Epoch 1/1
496/496 [==============================] - 0s 207us/step - loss: 0.0333 - mean_absolute_error: 0.1417 - val_loss: 0.0317 - val_mean_absolute_error: 0.1394
Data saved at /home/brendonm/ap_simulation_time1533147950_epoch122.json
Train on 496 samples, validate on 128 samples
Epoch 1/1
496/496 [==============================] - 0s 223us/step - loss: 0.0339 - mean_absolute_error: 0.1474 - val_loss: 0.0297 - val_mean_absolute_error: 0.1341
Data saved at /home/brendonm/ap_simulation_time1533147950_epoch123.json
Train on 496 samples, validate on 128 samples
Epoch 1/1
496/496 [==============================] - 0s 204us/step - loss: 0.0451 - mean_absolute_error: 0.1615 - val_loss: 0.0339 - val_mean_absolute_error: 0.1444
Data saved at /home/brendonm/ap_simulation_time1533147950_epoch124.json
Train on 496 samples, validate on 128 samples
Epoch 1/1
496/496 [==============================] - 0s 199us/step - loss: 0.0288 - mean_absolute_error: 0.1316 - val_loss: 0.0361 - val_mean_absolute_error: 0.1497
Data saved at /home/brendonm/ap_simulation_time1533147950_epoch125.json
Train on 496 samples, validate on 128 samples
Epoch 1/1
496/496 [==============================] - 0s 205us/step - loss: 0.0355 - mean_absolute_error: 0.1453 - val_loss: 0.0345 - val_mean_absolute_error: 0.1455
Data saved at /home/brendonm/ap_simulation_time1533147951_epoch126.json
Train on 496 samples, validate on 128 samples
Epoch 1/1
496/496 [==============================] - 0s 204us/step - loss: 0.0323 - mean_absolute_error: 0.1359 - val_loss: 0.0327 - val_mean_absolute_error: 0.1420
Data saved at /home/brendonm/ap_simulation_time1533147951_epoch127.json
Train on 496 samples, validate on 128 samples
Epoch 1/1
496/496 [==============================] - 0s 206us/step - loss: 0.0351 - mean_absolute_error: 0.1487 - val_loss: 0.0320 - val_mean_absolute_error: 0.1396
Data saved at /home/brendonm/ap_simulation_time1533147951_epoch128.json
Train on 496 samples, validate on 128 samples
Epoch 1/1
496/496 [==============================] - 0s 203us/step - loss: 0.0356 - mean_absolute_error: 0.1457 - val_loss: 0.0349 - val_mean_absolute_error: 0.1464
Data saved at /home/brendonm/ap_simulation_time1533147951_epoch129.json
Train on 496 samples, validate on 128 samples
Epoch 1/1
496/496 [==============================] - 0s 199us/step - loss: 0.0370 - mean_absolute_error: 0.1530 - val_loss: 0.0308 - val_mean_absolute_error: 0.1356
Data saved at /home/brendonm/ap_simulation_time1533147951_epoch130.json
Train on 496 samples, validate on 128 samples
Epoch 1/1
496/496 [==============================] - 0s 213us/step - loss: 0.0316 - mean_absolute_error: 0.1379 - val_loss: 0.0312 - val_mean_absolute_error: 0.1372
Data saved at /home/brendonm/ap_simulation_time1533147951_epoch131.json
Train on 496 samples, validate on 128 samples
Epoch 1/1
496/496 [==============================] - 0s 204us/step - loss: 0.0361 - mean_absolute_error: 0.1479 - val_loss: 0.0312 - val_mean_absolute_error: 0.1379
Data saved at /home/brendonm/ap_simulation_time1533147951_epoch132.json
Train on 496 samples, validate on 128 samples
Epoch 1/1
496/496 [==============================] - 0s 209us/step - loss: 0.0295 - mean_absolute_error: 0.1331 - val_loss: 0.0312 - val_mean_absolute_error: 0.1382
Data saved at /home/brendonm/ap_simulation_time1533147951_epoch133.json
Train on 496 samples, validate on 128 samples
Epoch 1/1
496/496 [==============================] - 0s 222us/step - loss: 0.0296 - mean_absolute_error: 0.1321 - val_loss: 0.0300 - val_mean_absolute_error: 0.1342
Data saved at /home/brendonm/ap_simulation_time1533147952_epoch134.json
Train on 496 samples, validate on 128 samples
Epoch 1/1
496/496 [==============================] - 0s 208us/step - loss: 0.0272 - mean_absolute_error: 0.1279 - val_loss: 0.0333 - val_mean_absolute_error: 0.1427
Data saved at /home/brendonm/ap_simulation_time1533147952_epoch135.json
Train on 496 samples, validate on 128 samples
Epoch 1/1
496/496 [==============================] - 0s 215us/step - loss: 0.0313 - mean_absolute_error: 0.1409 - val_loss: 0.0341 - val_mean_absolute_error: 0.1440
Data saved at /home/brendonm/ap_simulation_time1533147952_epoch136.json
Train on 496 samples, validate on 128 samples
Epoch 1/1
496/496 [==============================] - 0s 208us/step - loss: 0.0319 - mean_absolute_error: 0.1379 - val_loss: 0.0325 - val_mean_absolute_error: 0.1392
Data saved at /home/brendonm/ap_simulation_time1533147952_epoch137.json
Train on 496 samples, validate on 128 samples
Epoch 1/1
496/496 [==============================] - 0s 213us/step - loss: 0.0280 - mean_absolute_error: 0.1299 - val_loss: 0.0338 - val_mean_absolute_error: 0.1442
Data saved at /home/brendonm/ap_simulation_time1533147952_epoch138.json
Train on 496 samples, validate on 128 samples
Epoch 1/1
496/496 [==============================] - 0s 222us/step - loss: 0.0279 - mean_absolute_error: 0.1300 - val_loss: 0.0325 - val_mean_absolute_error: 0.1416
Data saved at /home/brendonm/ap_simulation_time1533147952_epoch139.json
Train on 496 samples, validate on 128 samples
Epoch 1/1
496/496 [==============================] - 0s 215us/step - loss: 0.0311 - mean_absolute_error: 0.1341 - val_loss: 0.0336 - val_mean_absolute_error: 0.1431
Data saved at /home/brendonm/ap_simulation_time1533147952_epoch140.json
Train on 496 samples, validate on 128 samples
Epoch 1/1
496/496 [==============================] - 0s 215us/step - loss: 0.0403 - mean_absolute_error: 0.1512 - val_loss: 0.0376 - val_mean_absolute_error: 0.1524
Data saved at /home/brendonm/ap_simulation_time1533147952_epoch141.json
Train on 496 samples, validate on 128 samples
Epoch 1/1
496/496 [==============================] - 0s 219us/step - loss: 0.0330 - mean_absolute_error: 0.1474 - val_loss: 0.0342 - val_mean_absolute_error: 0.1440
Data saved at /home/brendonm/ap_simulation_time1533147952_epoch142.json
Train on 496 samples, validate on 128 samples
Epoch 1/1
496/496 [==============================] - 0s 211us/step - loss: 0.0299 - mean_absolute_error: 0.1345 - val_loss: 0.0293 - val_mean_absolute_error: 0.1325
Data saved at /home/brendonm/ap_simulation_time1533147953_epoch143.json
Train on 496 samples, validate on 128 samples
Epoch 1/1
496/496 [==============================] - 0s 216us/step - loss: 0.0330 - mean_absolute_error: 0.1386 - val_loss: 0.0300 - val_mean_absolute_error: 0.1338
Data saved at /home/brendonm/ap_simulation_time1533147953_epoch144.json
Train on 496 samples, validate on 128 samples
Epoch 1/1
496/496 [==============================] - 0s 213us/step - loss: 0.0301 - mean_absolute_error: 0.1353 - val_loss: 0.0325 - val_mean_absolute_error: 0.1408
Data saved at /home/brendonm/ap_simulation_time1533147953_epoch145.json
Train on 496 samples, validate on 128 samples
Epoch 1/1
496/496 [==============================] - 0s 215us/step - loss: 0.0337 - mean_absolute_error: 0.1394 - val_loss: 0.0318 - val_mean_absolute_error: 0.1388
Data saved at /home/brendonm/ap_simulation_time1533147953_epoch146.json
Train on 496 samples, validate on 128 samples
Epoch 1/1
496/496 [==============================] - 0s 219us/step - loss: 0.0267 - mean_absolute_error: 0.1253 - val_loss: 0.0327 - val_mean_absolute_error: 0.1407
Data saved at /home/brendonm/ap_simulation_time1533147953_epoch147.json
Train on 496 samples, validate on 128 samples
Epoch 1/1
496/496 [==============================] - 0s 210us/step - loss: 0.0308 - mean_absolute_error: 0.1352 - val_loss: 0.0310 - val_mean_absolute_error: 0.1361
Data saved at /home/brendonm/ap_simulation_time1533147953_epoch148.json
Train on 496 samples, validate on 128 samples
Epoch 1/1
496/496 [==============================] - 0s 214us/step - loss: 0.0309 - mean_absolute_error: 0.1371 - val_loss: 0.0343 - val_mean_absolute_error: 0.1437
Data saved at /home/brendonm/ap_simulation_time1533147953_epoch149.json
Train on 496 samples, validate on 128 samples
Epoch 1/1
496/496 [==============================] - 0s 204us/step - loss: 0.0363 - mean_absolute_error: 0.1458 - val_loss: 0.0283 - val_mean_absolute_error: 0.1287
Data saved at /home/brendonm/ap_simulation_time1533147953_epoch150.json
Train on 496 samples, validate on 128 samples
Epoch 1/1
496/496 [==============================] - 0s 216us/step - loss: 0.0310 - mean_absolute_error: 0.1338 - val_loss: 0.0317 - val_mean_absolute_error: 0.1390
Data saved at /home/brendonm/ap_simulation_time1533147953_epoch151.json
Train on 496 samples, validate on 128 samples
Epoch 1/1
496/496 [==============================] - 0s 212us/step - loss: 0.0314 - mean_absolute_error: 0.1352 - val_loss: 0.0308 - val_mean_absolute_error: 0.1357
Data saved at /home/brendonm/ap_simulation_time1533147954_epoch152.json
Train on 496 samples, validate on 128 samples
Epoch 1/1
496/496 [==============================] - 0s 191us/step - loss: 0.0281 - mean_absolute_error: 0.1273 - val_loss: 0.0308 - val_mean_absolute_error: 0.1368
Data saved at /home/brendonm/ap_simulation_time1533147954_epoch153.json
Train on 496 samples, validate on 128 samples
Epoch 1/1
496/496 [==============================] - 0s 205us/step - loss: 0.0268 - mean_absolute_error: 0.1284 - val_loss: 0.0308 - val_mean_absolute_error: 0.1351
Data saved at /home/brendonm/ap_simulation_time1533147954_epoch154.json
Train on 496 samples, validate on 128 samples
Epoch 1/1
496/496 [==============================] - 0s 200us/step - loss: 0.0296 - mean_absolute_error: 0.1341 - val_loss: 0.0298 - val_mean_absolute_error: 0.1325
Data saved at /home/brendonm/ap_simulation_time1533147954_epoch155.json
Train on 496 samples, validate on 128 samples
Epoch 1/1
496/496 [==============================] - 0s 210us/step - loss: 0.0343 - mean_absolute_error: 0.1457 - val_loss: 0.0280 - val_mean_absolute_error: 0.1278
Data saved at /home/brendonm/ap_simulation_time1533147954_epoch156.json
Train on 496 samples, validate on 128 samples
Epoch 1/1
496/496 [==============================] - 0s 206us/step - loss: 0.0341 - mean_absolute_error: 0.1416 - val_loss: 0.0329 - val_mean_absolute_error: 0.1414
Data saved at /home/brendonm/ap_simulation_time1533147954_epoch157.json
Train on 496 samples, validate on 128 samples
Epoch 1/1
496/496 [==============================] - 0s 213us/step - loss: 0.0281 - mean_absolute_error: 0.1323 - val_loss: 0.0324 - val_mean_absolute_error: 0.1393
Data saved at /home/brendonm/ap_simulation_time1533147954_epoch158.json
Train on 496 samples, validate on 128 samples
Epoch 1/1
496/496 [==============================] - 0s 209us/step - loss: 0.0263 - mean_absolute_error: 0.1230 - val_loss: 0.0287 - val_mean_absolute_error: 0.1302
Data saved at /home/brendonm/ap_simulation_time1533147954_epoch159.json
Train on 496 samples, validate on 128 samples
Epoch 1/1
496/496 [==============================] - 0s 209us/step - loss: 0.0376 - mean_absolute_error: 0.1462 - val_loss: 0.0330 - val_mean_absolute_error: 0.1411
Data saved at /home/brendonm/ap_simulation_time1533147954_epoch160.json
Train on 496 samples, validate on 128 samples
Epoch 1/1
496/496 [==============================] - 0s 209us/step - loss: 0.0369 - mean_absolute_error: 0.1503 - val_loss: 0.0304 - val_mean_absolute_error: 0.1341
Data saved at /home/brendonm/ap_simulation_time1533147955_epoch161.json
Train on 496 samples, validate on 128 samples
Epoch 1/1
496/496 [==============================] - 0s 208us/step - loss: 0.0307 - mean_absolute_error: 0.1356 - val_loss: 0.0270 - val_mean_absolute_error: 0.1261
Data saved at /home/brendonm/ap_simulation_time1533147955_epoch162.json
Train on 496 samples, validate on 128 samples
Epoch 1/1
496/496 [==============================] - 0s 200us/step - loss: 0.0276 - mean_absolute_error: 0.1270 - val_loss: 0.0304 - val_mean_absolute_error: 0.1354
Data saved at /home/brendonm/ap_simulation_time1533147955_epoch163.json
Train on 496 samples, validate on 128 samples
Epoch 1/1
496/496 [==============================] - 0s 201us/step - loss: 0.0252 - mean_absolute_error: 0.1230 - val_loss: 0.0279 - val_mean_absolute_error: 0.1277
Data saved at /home/brendonm/ap_simulation_time1533147955_epoch164.json
Train on 496 samples, validate on 128 samples
Epoch 1/1
496/496 [==============================] - 0s 208us/step - loss: 0.0264 - mean_absolute_error: 0.1267 - val_loss: 0.0299 - val_mean_absolute_error: 0.1328
Data saved at /home/brendonm/ap_simulation_time1533147955_epoch165.json
Train on 496 samples, validate on 128 samples
Epoch 1/1
496/496 [==============================] - 0s 209us/step - loss: 0.0318 - mean_absolute_error: 0.1373 - val_loss: 0.0309 - val_mean_absolute_error: 0.1351
Data saved at /home/brendonm/ap_simulation_time1533147955_epoch166.json
Train on 496 samples, validate on 128 samples
Epoch 1/1
496/496 [==============================] - 0s 207us/step - loss: 0.0326 - mean_absolute_error: 0.1413 - val_loss: 0.0282 - val_mean_absolute_error: 0.1281
Data saved at /home/brendonm/ap_simulation_time1533147955_epoch167.json
Train on 496 samples, validate on 128 samples
Epoch 1/1
496/496 [==============================] - 0s 213us/step - loss: 0.0249 - mean_absolute_error: 0.1227 - val_loss: 0.0291 - val_mean_absolute_error: 0.1304
Data saved at /home/brendonm/ap_simulation_time1533147955_epoch168.json
Train on 496 samples, validate on 128 samples
Epoch 1/1
496/496 [==============================] - 0s 205us/step - loss: 0.0266 - mean_absolute_error: 0.1237 - val_loss: 0.0309 - val_mean_absolute_error: 0.1353
Data saved at /home/brendonm/ap_simulation_time1533147955_epoch169.json
Train on 496 samples, validate on 128 samples
Epoch 1/1
496/496 [==============================] - 0s 210us/step - loss: 0.0282 - mean_absolute_error: 0.1294 - val_loss: 0.0305 - val_mean_absolute_error: 0.1338
Data saved at /home/brendonm/ap_simulation_time1533147956_epoch170.json
Train on 496 samples, validate on 128 samples
Epoch 1/1
496/496 [==============================] - 0s 208us/step - loss: 0.0263 - mean_absolute_error: 0.1219 - val_loss: 0.0302 - val_mean_absolute_error: 0.1338
Data saved at /home/brendonm/ap_simulation_time1533147956_epoch171.json
Train on 496 samples, validate on 128 samples
Epoch 1/1
496/496 [==============================] - 0s 212us/step - loss: 0.0259 - mean_absolute_error: 0.1251 - val_loss: 0.0310 - val_mean_absolute_error: 0.1346
Data saved at /home/brendonm/ap_simulation_time1533147956_epoch172.json
Train on 496 samples, validate on 128 samples
Epoch 1/1
496/496 [==============================] - 0s 205us/step - loss: 0.0290 - mean_absolute_error: 0.1301 - val_loss: 0.0323 - val_mean_absolute_error: 0.1388
Data saved at /home/brendonm/ap_simulation_time1533147956_epoch173.json
Train on 496 samples, validate on 128 samples
Epoch 1/1
496/496 [==============================] - 0s 201us/step - loss: 0.0344 - mean_absolute_error: 0.1447 - val_loss: 0.0333 - val_mean_absolute_error: 0.1415
Data saved at /home/brendonm/ap_simulation_time1533147956_epoch174.json
Train on 496 samples, validate on 128 samples
Epoch 1/1
496/496 [==============================] - 0s 204us/step - loss: 0.0214 - mean_absolute_error: 0.1126 - val_loss: 0.0276 - val_mean_absolute_error: 0.1258
Data saved at /home/brendonm/ap_simulation_time1533147956_epoch175.json
Train on 496 samples, validate on 128 samples
Epoch 1/1
496/496 [==============================] - 0s 208us/step - loss: 0.0267 - mean_absolute_error: 0.1256 - val_loss: 0.0305 - val_mean_absolute_error: 0.1334
Data saved at /home/brendonm/ap_simulation_time1533147956_epoch176.json
Train on 496 samples, validate on 128 samples
Epoch 1/1
496/496 [==============================] - 0s 211us/step - loss: 0.0276 - mean_absolute_error: 0.1272 - val_loss: 0.0328 - val_mean_absolute_error: 0.1384
Data saved at /home/brendonm/ap_simulation_time1533147956_epoch177.json
Train on 496 samples, validate on 128 samples
Epoch 1/1
496/496 [==============================] - 0s 210us/step - loss: 0.0318 - mean_absolute_error: 0.1361 - val_loss: 0.0304 - val_mean_absolute_error: 0.1343
Data saved at /home/brendonm/ap_simulation_time1533147956_epoch178.json
Train on 496 samples, validate on 128 samples
Epoch 1/1
496/496 [==============================] - 0s 192us/step - loss: 0.0290 - mean_absolute_error: 0.1333 - val_loss: 0.0301 - val_mean_absolute_error: 0.1323
Data saved at /home/brendonm/ap_simulation_time1533147957_epoch179.json
Train on 496 samples, validate on 128 samples
Epoch 1/1
496/496 [==============================] - 0s 208us/step - loss: 0.0255 - mean_absolute_error: 0.1237 - val_loss: 0.0311 - val_mean_absolute_error: 0.1340
Data saved at /home/brendonm/ap_simulation_time1533147957_epoch180.json
Train on 496 samples, validate on 128 samples
Epoch 1/1
496/496 [==============================] - 0s 198us/step - loss: 0.0249 - mean_absolute_error: 0.1222 - val_loss: 0.0327 - val_mean_absolute_error: 0.1377
Data saved at /home/brendonm/ap_simulation_time1533147957_epoch181.json
Train on 496 samples, validate on 128 samples
Epoch 1/1
496/496 [==============================] - 0s 204us/step - loss: 0.0296 - mean_absolute_error: 0.1335 - val_loss: 0.0301 - val_mean_absolute_error: 0.1322
Data saved at /home/brendonm/ap_simulation_time1533147957_epoch182.json
Train on 496 samples, validate on 128 samples
Epoch 1/1
496/496 [==============================] - 0s 208us/step - loss: 0.0258 - mean_absolute_error: 0.1260 - val_loss: 0.0282 - val_mean_absolute_error: 0.1269
Data saved at /home/brendonm/ap_simulation_time1533147957_epoch183.json
Train on 496 samples, validate on 128 samples
Epoch 1/1
496/496 [==============================] - 0s 202us/step - loss: 0.0288 - mean_absolute_error: 0.1346 - val_loss: 0.0343 - val_mean_absolute_error: 0.1430
Data saved at /home/brendonm/ap_simulation_time1533147957_epoch184.json
Train on 496 samples, validate on 128 samples
Epoch 1/1
496/496 [==============================] - 0s 208us/step - loss: 0.0264 - mean_absolute_error: 0.1266 - val_loss: 0.0291 - val_mean_absolute_error: 0.1291
Data saved at /home/brendonm/ap_simulation_time1533147957_epoch185.json
Train on 496 samples, validate on 128 samples
Epoch 1/1
496/496 [==============================] - 0s 209us/step - loss: 0.0265 - mean_absolute_error: 0.1281 - val_loss: 0.0305 - val_mean_absolute_error: 0.1330
Data saved at /home/brendonm/ap_simulation_time1533147957_epoch186.json
Train on 496 samples, validate on 128 samples
Epoch 1/1
496/496 [==============================] - 0s 204us/step - loss: 0.0347 - mean_absolute_error: 0.1382 - val_loss: 0.0314 - val_mean_absolute_error: 0.1370
Data saved at /home/brendonm/ap_simulation_time1533147957_epoch187.json
Train on 496 samples, validate on 128 samples
Epoch 1/1
496/496 [==============================] - 0s 211us/step - loss: 0.0271 - mean_absolute_error: 0.1254 - val_loss: 0.0299 - val_mean_absolute_error: 0.1323
Data saved at /home/brendonm/ap_simulation_time1533147958_epoch188.json
Train on 496 samples, validate on 128 samples
Epoch 1/1
496/496 [==============================] - 0s 205us/step - loss: 0.0250 - mean_absolute_error: 0.1185 - val_loss: 0.0321 - val_mean_absolute_error: 0.1376
Data saved at /home/brendonm/ap_simulation_time1533147958_epoch189.json
Train on 496 samples, validate on 128 samples
Epoch 1/1
496/496 [==============================] - 0s 188us/step - loss: 0.0273 - mean_absolute_error: 0.1270 - val_loss: 0.0323 - val_mean_absolute_error: 0.1362
Data saved at /home/brendonm/ap_simulation_time1533147958_epoch190.json
Train on 496 samples, validate on 128 samples
Epoch 1/1
496/496 [==============================] - 0s 206us/step - loss: 0.0268 - mean_absolute_error: 0.1251 - val_loss: 0.0282 - val_mean_absolute_error: 0.1265
Data saved at /home/brendonm/ap_simulation_time1533147958_epoch191.json
Train on 496 samples, validate on 128 samples
Epoch 1/1
496/496 [==============================] - 0s 206us/step - loss: 0.0284 - mean_absolute_error: 0.1341 - val_loss: 0.0297 - val_mean_absolute_error: 0.1312
Data saved at /home/brendonm/ap_simulation_time1533147958_epoch192.json
Train on 496 samples, validate on 128 samples
Epoch 1/1
496/496 [==============================] - 0s 208us/step - loss: 0.0285 - mean_absolute_error: 0.1278 - val_loss: 0.0291 - val_mean_absolute_error: 0.1294
Data saved at /home/brendonm/ap_simulation_time1533147958_epoch193.json
Train on 496 samples, validate on 128 samples
Epoch 1/1
496/496 [==============================] - 0s 197us/step - loss: 0.0300 - mean_absolute_error: 0.1308 - val_loss: 0.0293 - val_mean_absolute_error: 0.1297
Data saved at /home/brendonm/ap_simulation_time1533147958_epoch194.json
Train on 496 samples, validate on 128 samples
Epoch 1/1
496/496 [==============================] - 0s 205us/step - loss: 0.0328 - mean_absolute_error: 0.1359 - val_loss: 0.0314 - val_mean_absolute_error: 0.1356
Data saved at /home/brendonm/ap_simulation_time1533147958_epoch195.json
Train on 496 samples, validate on 128 samples
Epoch 1/1
496/496 [==============================] - 0s 203us/step - loss: 0.0304 - mean_absolute_error: 0.1317 - val_loss: 0.0286 - val_mean_absolute_error: 0.1274
Data saved at /home/brendonm/ap_simulation_time1533147958_epoch196.json
Train on 496 samples, validate on 128 samples
Epoch 1/1
496/496 [==============================] - 0s 201us/step - loss: 0.0274 - mean_absolute_error: 0.1246 - val_loss: 0.0288 - val_mean_absolute_error: 0.1281
Data saved at /home/brendonm/ap_simulation_time1533147959_epoch197.json
Train on 496 samples, validate on 128 samples
Epoch 1/1
496/496 [==============================] - 0s 196us/step - loss: 0.0274 - mean_absolute_error: 0.1297 - val_loss: 0.0297 - val_mean_absolute_error: 0.1306
Data saved at /home/brendonm/ap_simulation_time1533147959_epoch198.json
Train on 496 samples, validate on 128 samples
Epoch 1/1
496/496 [==============================] - 0s 192us/step - loss: 0.0257 - mean_absolute_error: 0.1230 - val_loss: 0.0287 - val_mean_absolute_error: 0.1275
Data saved at /home/brendonm/ap_simulation_time1533147959_epoch199.json
Train on 496 samples, validate on 128 samples
Epoch 1/1
496/496 [==============================] - 0s 189us/step - loss: 0.0311 - mean_absolute_error: 0.1357 - val_loss: 0.0303 - val_mean_absolute_error: 0.1319
Data saved at /home/brendonm/ap_simulation_time1533147959_epoch200.json
Train on 496 samples, validate on 128 samples
Epoch 1/1
496/496 [==============================] - 0s 191us/step - loss: 0.0247 - mean_absolute_error: 0.1227 - val_loss: 0.0303 - val_mean_absolute_error: 0.1320
Data saved at /home/brendonm/ap_simulation_time1533147959_epoch201.json
Train on 496 samples, validate on 128 samples
Epoch 1/1
496/496 [==============================] - 0s 197us/step - loss: 0.0242 - mean_absolute_error: 0.1196 - val_loss: 0.0279 - val_mean_absolute_error: 0.1262
Data saved at /home/brendonm/ap_simulation_time1533147959_epoch202.json
Train on 496 samples, validate on 128 samples
Epoch 1/1
496/496 [==============================] - 0s 199us/step - loss: 0.0294 - mean_absolute_error: 0.1350 - val_loss: 0.0294 - val_mean_absolute_error: 0.1307
Data saved at /home/brendonm/ap_simulation_time1533147959_epoch203.json
Train on 496 samples, validate on 128 samples
Epoch 1/1
496/496 [==============================] - 0s 208us/step - loss: 0.0263 - mean_absolute_error: 0.1267 - val_loss: 0.0295 - val_mean_absolute_error: 0.1297
Data saved at /home/brendonm/ap_simulation_time1533147959_epoch204.json
Train on 496 samples, validate on 128 samples
Epoch 1/1
496/496 [==============================] - 0s 194us/step - loss: 0.0315 - mean_absolute_error: 0.1338 - val_loss: 0.0302 - val_mean_absolute_error: 0.1315
Data saved at /home/brendonm/ap_simulation_time1533147959_epoch205.json
Train on 496 samples, validate on 128 samples
Epoch 1/1
496/496 [==============================] - 0s 196us/step - loss: 0.0269 - mean_absolute_error: 0.1261 - val_loss: 0.0302 - val_mean_absolute_error: 0.1309
Data saved at /home/brendonm/ap_simulation_time1533147960_epoch206.json
Train on 496 samples, validate on 128 samples
Epoch 1/1
496/496 [==============================] - 0s 201us/step - loss: 0.0253 - mean_absolute_error: 0.1197 - val_loss: 0.0288 - val_mean_absolute_error: 0.1277
Data saved at /home/brendonm/ap_simulation_time1533147960_epoch207.json
Train on 496 samples, validate on 128 samples
Epoch 1/1
496/496 [==============================] - 0s 205us/step - loss: 0.0280 - mean_absolute_error: 0.1260 - val_loss: 0.0318 - val_mean_absolute_error: 0.1359
Data saved at /home/brendonm/ap_simulation_time1533147960_epoch208.json
Train on 496 samples, validate on 128 samples
Epoch 1/1
496/496 [==============================] - 0s 212us/step - loss: 0.0276 - mean_absolute_error: 0.1282 - val_loss: 0.0321 - val_mean_absolute_error: 0.1351
Data saved at /home/brendonm/ap_simulation_time1533147960_epoch209.json
Train on 496 samples, validate on 128 samples
Epoch 1/1
496/496 [==============================] - 0s 209us/step - loss: 0.0327 - mean_absolute_error: 0.1353 - val_loss: 0.0314 - val_mean_absolute_error: 0.1340
Data saved at /home/brendonm/ap_simulation_time1533147960_epoch210.json
Train on 496 samples, validate on 128 samples
Epoch 1/1
496/496 [==============================] - 0s 204us/step - loss: 0.0283 - mean_absolute_error: 0.1273 - val_loss: 0.0287 - val_mean_absolute_error: 0.1275
Data saved at /home/brendonm/ap_simulation_time1533147960_epoch211.json
Train on 496 samples, validate on 128 samples
Epoch 1/1
496/496 [==============================] - 0s 199us/step - loss: 0.0282 - mean_absolute_error: 0.1295 - val_loss: 0.0326 - val_mean_absolute_error: 0.1383
Data saved at /home/brendonm/ap_simulation_time1533147960_epoch212.json
Train on 496 samples, validate on 128 samples
Epoch 1/1
496/496 [==============================] - 0s 208us/step - loss: 0.0292 - mean_absolute_error: 0.1309 - val_loss: 0.0265 - val_mean_absolute_error: 0.1222
Data saved at /home/brendonm/ap_simulation_time1533147960_epoch213.json
Train on 496 samples, validate on 128 samples
Epoch 1/1
496/496 [==============================] - 0s 199us/step - loss: 0.0254 - mean_absolute_error: 0.1231 - val_loss: 0.0323 - val_mean_absolute_error: 0.1382
Data saved at /home/brendonm/ap_simulation_time1533147960_epoch214.json
Train on 496 samples, validate on 128 samples
Epoch 1/1
496/496 [==============================] - 0s 202us/step - loss: 0.0293 - mean_absolute_error: 0.1327 - val_loss: 0.0279 - val_mean_absolute_error: 0.1264
Data saved at /home/brendonm/ap_simulation_time1533147961_epoch215.json
Train on 496 samples, validate on 128 samples
Epoch 1/1
496/496 [==============================] - 0s 195us/step - loss: 0.0265 - mean_absolute_error: 0.1276 - val_loss: 0.0279 - val_mean_absolute_error: 0.1260
Data saved at /home/brendonm/ap_simulation_time1533147961_epoch216.json
Train on 496 samples, validate on 128 samples
Epoch 1/1
496/496 [==============================] - 0s 200us/step - loss: 0.0284 - mean_absolute_error: 0.1300 - val_loss: 0.0287 - val_mean_absolute_error: 0.1278
Data saved at /home/brendonm/ap_simulation_time1533147961_epoch217.json
Train on 496 samples, validate on 128 samples
Epoch 1/1
496/496 [==============================] - 0s 206us/step - loss: 0.0338 - mean_absolute_error: 0.1377 - val_loss: 0.0268 - val_mean_absolute_error: 0.1233
Data saved at /home/brendonm/ap_simulation_time1533147961_epoch218.json
Train on 496 samples, validate on 128 samples
Epoch 1/1
496/496 [==============================] - 0s 209us/step - loss: 0.0283 - mean_absolute_error: 0.1294 - val_loss: 0.0323 - val_mean_absolute_error: 0.1379
Data saved at /home/brendonm/ap_simulation_time1533147961_epoch219.json
Train on 496 samples, validate on 128 samples
Epoch 1/1
496/496 [==============================] - 0s 214us/step - loss: 0.0260 - mean_absolute_error: 0.1237 - val_loss: 0.0280 - val_mean_absolute_error: 0.1264
Data saved at /home/brendonm/ap_simulation_time1533147961_epoch220.json
Train on 496 samples, validate on 128 samples
Epoch 1/1
496/496 [==============================] - 0s 207us/step - loss: 0.0317 - mean_absolute_error: 0.1352 - val_loss: 0.0269 - val_mean_absolute_error: 0.1236
Data saved at /home/brendonm/ap_simulation_time1533147961_epoch221.json
Train on 496 samples, validate on 128 samples
Epoch 1/1
496/496 [==============================] - 0s 206us/step - loss: 0.0265 - mean_absolute_error: 0.1224 - val_loss: 0.0305 - val_mean_absolute_error: 0.1318
Data saved at /home/brendonm/ap_simulation_time1533147961_epoch222.json
Train on 496 samples, validate on 128 samples
Epoch 1/1
496/496 [==============================] - 0s 203us/step - loss: 0.0273 - mean_absolute_error: 0.1262 - val_loss: 0.0308 - val_mean_absolute_error: 0.1324
Data saved at /home/brendonm/ap_simulation_time1533147961_epoch223.json
Train on 496 samples, validate on 128 samples
Epoch 1/1
496/496 [==============================] - 0s 224us/step - loss: 0.0254 - mean_absolute_error: 0.1217 - val_loss: 0.0264 - val_mean_absolute_error: 0.1208
Data saved at /home/brendonm/ap_simulation_time1533147962_epoch224.json
Train on 496 samples, validate on 128 samples
Epoch 1/1
496/496 [==============================] - 0s 204us/step - loss: 0.0261 - mean_absolute_error: 0.1208 - val_loss: 0.0288 - val_mean_absolute_error: 0.1276
Data saved at /home/brendonm/ap_simulation_time1533147962_epoch225.json
Train on 496 samples, validate on 128 samples
Epoch 1/1
496/496 [==============================] - 0s 192us/step - loss: 0.0335 - mean_absolute_error: 0.1363 - val_loss: 0.0289 - val_mean_absolute_error: 0.1279
Data saved at /home/brendonm/ap_simulation_time1533147962_epoch226.json
Train on 496 samples, validate on 128 samples
Epoch 1/1
496/496 [==============================] - 0s 200us/step - loss: 0.0271 - mean_absolute_error: 0.1260 - val_loss: 0.0277 - val_mean_absolute_error: 0.1250
Data saved at /home/brendonm/ap_simulation_time1533147962_epoch227.json
Train on 496 samples, validate on 128 samples
Epoch 1/1
496/496 [==============================] - 0s 192us/step - loss: 0.0262 - mean_absolute_error: 0.1214 - val_loss: 0.0309 - val_mean_absolute_error: 0.1336
Data saved at /home/brendonm/ap_simulation_time1533147962_epoch228.json
Train on 496 samples, validate on 128 samples
Epoch 1/1
496/496 [==============================] - 0s 199us/step - loss: 0.0304 - mean_absolute_error: 0.1282 - val_loss: 0.0286 - val_mean_absolute_error: 0.1260
Data saved at /home/brendonm/ap_simulation_time1533147962_epoch229.json
Train on 496 samples, validate on 128 samples
Epoch 1/1
496/496 [==============================] - 0s 202us/step - loss: 0.0299 - mean_absolute_error: 0.1318 - val_loss: 0.0316 - val_mean_absolute_error: 0.1352
Data saved at /home/brendonm/ap_simulation_time1533147962_epoch230.json
Train on 496 samples, validate on 128 samples
Epoch 1/1
496/496 [==============================] - 0s 195us/step - loss: 0.0255 - mean_absolute_error: 0.1197 - val_loss: 0.0273 - val_mean_absolute_error: 0.1225
Data saved at /home/brendonm/ap_simulation_time1533147962_epoch231.json
Train on 496 samples, validate on 128 samples
Epoch 1/1
496/496 [==============================] - 0s 204us/step - loss: 0.0307 - mean_absolute_error: 0.1308 - val_loss: 0.0331 - val_mean_absolute_error: 0.1385
Data saved at /home/brendonm/ap_simulation_time1533147962_epoch232.json
Train on 496 samples, validate on 128 samples
Epoch 1/1
496/496 [==============================] - 0s 187us/step - loss: 0.0241 - mean_absolute_error: 0.1191 - val_loss: 0.0289 - val_mean_absolute_error: 0.1272
Data saved at /home/brendonm/ap_simulation_time1533147963_epoch233.json
Train on 496 samples, validate on 128 samples
Epoch 1/1
496/496 [==============================] - 0s 197us/step - loss: 0.0294 - mean_absolute_error: 0.1288 - val_loss: 0.0294 - val_mean_absolute_error: 0.1284
Data saved at /home/brendonm/ap_simulation_time1533147963_epoch234.json
Train on 496 samples, validate on 128 samples
Epoch 1/1
496/496 [==============================] - 0s 207us/step - loss: 0.0317 - mean_absolute_error: 0.1332 - val_loss: 0.0301 - val_mean_absolute_error: 0.1312
Data saved at /home/brendonm/ap_simulation_time1533147963_epoch235.json
Train on 496 samples, validate on 128 samples
Epoch 1/1
496/496 [==============================] - 0s 203us/step - loss: 0.0263 - mean_absolute_error: 0.1257 - val_loss: 0.0265 - val_mean_absolute_error: 0.1210
Data saved at /home/brendonm/ap_simulation_time1533147963_epoch236.json
Train on 496 samples, validate on 128 samples
Epoch 1/1
496/496 [==============================] - 0s 194us/step - loss: 0.0292 - mean_absolute_error: 0.1226 - val_loss: 0.0307 - val_mean_absolute_error: 0.1326
Data saved at /home/brendonm/ap_simulation_time1533147963_epoch237.json
Train on 496 samples, validate on 128 samples
Epoch 1/1
496/496 [==============================] - 0s 210us/step - loss: 0.0235 - mean_absolute_error: 0.1162 - val_loss: 0.0283 - val_mean_absolute_error: 0.1262
Data saved at /home/brendonm/ap_simulation_time1533147963_epoch238.json
Train on 496 samples, validate on 128 samples
Epoch 1/1
496/496 [==============================] - 0s 193us/step - loss: 0.0206 - mean_absolute_error: 0.1094 - val_loss: 0.0248 - val_mean_absolute_error: 0.1159
Data saved at /home/brendonm/ap_simulation_time1533147963_epoch239.json
Train on 496 samples, validate on 128 samples
Epoch 1/1
496/496 [==============================] - 0s 193us/step - loss: 0.0202 - mean_absolute_error: 0.1112 - val_loss: 0.0287 - val_mean_absolute_error: 0.1259
Data saved at /home/brendonm/ap_simulation_time1533147963_epoch240.json
Train on 496 samples, validate on 128 samples
Epoch 1/1
496/496 [==============================] - 0s 201us/step - loss: 0.0284 - mean_absolute_error: 0.1254 - val_loss: 0.0277 - val_mean_absolute_error: 0.1240
Data saved at /home/brendonm/ap_simulation_time1533147963_epoch241.json
Train on 496 samples, validate on 128 samples
Epoch 1/1
496/496 [==============================] - 0s 210us/step - loss: 0.0282 - mean_absolute_error: 0.1265 - val_loss: 0.0287 - val_mean_absolute_error: 0.1263
Data saved at /home/brendonm/ap_simulation_time1533147963_epoch242.json
Train on 496 samples, validate on 128 samples
Epoch 1/1
496/496 [==============================] - 0s 204us/step - loss: 0.0239 - mean_absolute_error: 0.1149 - val_loss: 0.0255 - val_mean_absolute_error: 0.1166
Data saved at /home/brendonm/ap_simulation_time1533147964_epoch243.json
Train on 496 samples, validate on 128 samples
Epoch 1/1
496/496 [==============================] - 0s 203us/step - loss: 0.0288 - mean_absolute_error: 0.1276 - val_loss: 0.0301 - val_mean_absolute_error: 0.1305
Data saved at /home/brendonm/ap_simulation_time1533147964_epoch244.json
Train on 496 samples, validate on 128 samples
Epoch 1/1
496/496 [==============================] - 0s 203us/step - loss: 0.0287 - mean_absolute_error: 0.1294 - val_loss: 0.0319 - val_mean_absolute_error: 0.1339
Data saved at /home/brendonm/ap_simulation_time1533147964_epoch245.json
Train on 496 samples, validate on 128 samples
Epoch 1/1
496/496 [==============================] - 0s 199us/step - loss: 0.0272 - mean_absolute_error: 0.1246 - val_loss: 0.0271 - val_mean_absolute_error: 0.1216
Data saved at /home/brendonm/ap_simulation_time1533147964_epoch246.json
Train on 496 samples, validate on 128 samples
Epoch 1/1
496/496 [==============================] - 0s 202us/step - loss: 0.0334 - mean_absolute_error: 0.1367 - val_loss: 0.0285 - val_mean_absolute_error: 0.1258
Data saved at /home/brendonm/ap_simulation_time1533147964_epoch247.json
Train on 496 samples, validate on 128 samples
Epoch 1/1
496/496 [==============================] - 0s 200us/step - loss: 0.0276 - mean_absolute_error: 0.1282 - val_loss: 0.0295 - val_mean_absolute_error: 0.1285
Data saved at /home/brendonm/ap_simulation_time1533147964_epoch248.json
Train on 496 samples, validate on 128 samples
Epoch 1/1
496/496 [==============================] - 0s 201us/step - loss: 0.0263 - mean_absolute_error: 0.1232 - val_loss: 0.0246 - val_mean_absolute_error: 0.1147
Data saved at /home/brendonm/ap_simulation_time1533147964_epoch249.json
