Using TensorFlow backend.
2018-09-28 17:26:50.853417: I tensorflow/core/platform/cpu_feature_guard.cc:141] Your CPU supports instructions that this TensorFlow binary was not compiled to use: AVX2 FMA
_________________________________________________________________
Layer (type)                 Output Shape              Param #   
=================================================================
batch_normalization_1 (Batch (None, 10, 35, 1)         4         
_________________________________________________________________
conv2d_1 (Conv2D)            (None, 4, 17, 8)          80        
_________________________________________________________________
conv2d_2 (Conv2D)            (None, 2, 8, 8)           264       
_________________________________________________________________
flatten_1 (Flatten)          (None, 128)               0         
_________________________________________________________________
dense_1 (Dense)              (None, 8)                 1032      
_________________________________________________________________
dense_2 (Dense)              (None, 1)                 9         
=================================================================
Total params: 1,389
Trainable params: 1,387
Non-trainable params: 2
_________________________________________________________________
None
Train on 3304 samples, validate on 2000 samples
Epoch 1/1
3304/3304 [==============================] - 1s 328us/step - loss: 0.4252 - acc: 0.8275 - val_loss: 0.2623 - val_acc: 0.9250
Number of true positives for validation data: 0
Number of true negatives for validation data: 1850
Number of false positives for validation data: 0
Number of false negatives for validation data: 150
Data saved at /home/brendonm/pulse_count_validation/time1538170012_epoch0.json
Number of true positives for real_world_test data: 0
Number of true negatives for real_world_test data: 12
Number of false positives for real_world_test data: 0
Number of false negatives for real_world_test data: 18
Data saved at /home/brendonm/pulse_count_real_world_test/time1538170012_epoch0.json
Train on 3304 samples, validate on 2000 samples
Epoch 1/1
3304/3304 [==============================] - 1s 226us/step - loss: 0.2529 - acc: 0.9274 - val_loss: 0.2476 - val_acc: 0.9250
Number of true positives for validation data: 0
Number of true negatives for validation data: 1850
Number of false positives for validation data: 0
Number of false negatives for validation data: 150
Data saved at /home/brendonm/pulse_count_validation/time1538170013_epoch1.json
Number of true positives for real_world_test data: 0
Number of true negatives for real_world_test data: 12
Number of false positives for real_world_test data: 0
Number of false negatives for real_world_test data: 18
Data saved at /home/brendonm/pulse_count_real_world_test/time1538170013_epoch1.json
Train on 3304 samples, validate on 2000 samples
Epoch 1/1
3304/3304 [==============================] - 1s 240us/step - loss: 0.2401 - acc: 0.9271 - val_loss: 0.2327 - val_acc: 0.9250
Number of true positives for validation data: 0
Number of true negatives for validation data: 1850
Number of false positives for validation data: 0
Number of false negatives for validation data: 150
Data saved at /home/brendonm/pulse_count_validation/time1538170014_epoch2.json
Number of true positives for real_world_test data: 0
Number of true negatives for real_world_test data: 12
Number of false positives for real_world_test data: 0
Number of false negatives for real_world_test data: 18
Data saved at /home/brendonm/pulse_count_real_world_test/time1538170014_epoch2.json
Train on 3304 samples, validate on 2000 samples
Epoch 1/1
3304/3304 [==============================] - 1s 234us/step - loss: 0.2286 - acc: 0.9268 - val_loss: 0.2191 - val_acc: 0.9270
Number of true positives for validation data: 4
Number of true negatives for validation data: 1850
Number of false positives for validation data: 0
Number of false negatives for validation data: 146
Data saved at /home/brendonm/pulse_count_validation/time1538170015_epoch3.json
Number of true positives for real_world_test data: 0
Number of true negatives for real_world_test data: 12
Number of false positives for real_world_test data: 0
Number of false negatives for real_world_test data: 18
Data saved at /home/brendonm/pulse_count_real_world_test/time1538170015_epoch3.json
Train on 3304 samples, validate on 2000 samples
Epoch 1/1
3304/3304 [==============================] - 1s 239us/step - loss: 0.2188 - acc: 0.9268 - val_loss: 0.2108 - val_acc: 0.9290
Number of true positives for validation data: 14
Number of true negatives for validation data: 1844
Number of false positives for validation data: 6
Number of false negatives for validation data: 136
Data saved at /home/brendonm/pulse_count_validation/time1538170016_epoch4.json
Number of true positives for real_world_test data: 0
Number of true negatives for real_world_test data: 12
Number of false positives for real_world_test data: 0
Number of false negatives for real_world_test data: 18
Data saved at /home/brendonm/pulse_count_real_world_test/time1538170016_epoch4.json
Train on 3304 samples, validate on 2000 samples
Epoch 1/1
3304/3304 [==============================] - 1s 237us/step - loss: 0.2124 - acc: 0.9286 - val_loss: 0.2053 - val_acc: 0.9295
Number of true positives for validation data: 14
Number of true negatives for validation data: 1845
Number of false positives for validation data: 5
Number of false negatives for validation data: 136
Data saved at /home/brendonm/pulse_count_validation/time1538170017_epoch5.json
Number of true positives for real_world_test data: 0
Number of true negatives for real_world_test data: 12
Number of false positives for real_world_test data: 0
Number of false negatives for real_world_test data: 18
Data saved at /home/brendonm/pulse_count_real_world_test/time1538170017_epoch5.json
Train on 3304 samples, validate on 2000 samples
Epoch 1/1
3304/3304 [==============================] - 1s 235us/step - loss: 0.2068 - acc: 0.9301 - val_loss: 0.1995 - val_acc: 0.9305
Number of true positives for validation data: 15
Number of true negatives for validation data: 1846
Number of false positives for validation data: 4
Number of false negatives for validation data: 135
Data saved at /home/brendonm/pulse_count_validation/time1538170018_epoch6.json
Number of true positives for real_world_test data: 0
Number of true negatives for real_world_test data: 12
Number of false positives for real_world_test data: 0
Number of false negatives for real_world_test data: 18
Data saved at /home/brendonm/pulse_count_real_world_test/time1538170018_epoch6.json
Train on 3304 samples, validate on 2000 samples
Epoch 1/1
3304/3304 [==============================] - 1s 239us/step - loss: 0.2031 - acc: 0.9298 - val_loss: 0.1943 - val_acc: 0.9320
Number of true positives for validation data: 18
Number of true negatives for validation data: 1846
Number of false positives for validation data: 4
Number of false negatives for validation data: 132
Data saved at /home/brendonm/pulse_count_validation/time1538170019_epoch7.json
Number of true positives for real_world_test data: 0
Number of true negatives for real_world_test data: 12
Number of false positives for real_world_test data: 0
Number of false negatives for real_world_test data: 18
Data saved at /home/brendonm/pulse_count_real_world_test/time1538170019_epoch7.json
Train on 3304 samples, validate on 2000 samples
Epoch 1/1
3304/3304 [==============================] - 1s 237us/step - loss: 0.1987 - acc: 0.9304 - val_loss: 0.1917 - val_acc: 0.9315
Number of true positives for validation data: 16
Number of true negatives for validation data: 1847
Number of false positives for validation data: 3
Number of false negatives for validation data: 134
Data saved at /home/brendonm/pulse_count_validation/time1538170020_epoch8.json
Number of true positives for real_world_test data: 0
Number of true negatives for real_world_test data: 12
Number of false positives for real_world_test data: 0
Number of false negatives for real_world_test data: 18
Data saved at /home/brendonm/pulse_count_real_world_test/time1538170020_epoch8.json
Train on 3304 samples, validate on 2000 samples
Epoch 1/1
3304/3304 [==============================] - 1s 238us/step - loss: 0.1952 - acc: 0.9313 - val_loss: 0.1867 - val_acc: 0.9370
Number of true positives for validation data: 32
Number of true negatives for validation data: 1842
Number of false positives for validation data: 8
Number of false negatives for validation data: 118
Data saved at /home/brendonm/pulse_count_validation/time1538170020_epoch9.json
Number of true positives for real_world_test data: 0
Number of true negatives for real_world_test data: 12
Number of false positives for real_world_test data: 0
Number of false negatives for real_world_test data: 18
Data saved at /home/brendonm/pulse_count_real_world_test/time1538170021_epoch9.json
Train on 3304 samples, validate on 2000 samples
Epoch 1/1
3304/3304 [==============================] - 1s 238us/step - loss: 0.1921 - acc: 0.9316 - val_loss: 0.1831 - val_acc: 0.9360
Number of true positives for validation data: 26
Number of true negatives for validation data: 1846
Number of false positives for validation data: 4
Number of false negatives for validation data: 124
Data saved at /home/brendonm/pulse_count_validation/time1538170021_epoch10.json
Number of true positives for real_world_test data: 0
Number of true negatives for real_world_test data: 12
Number of false positives for real_world_test data: 0
Number of false negatives for real_world_test data: 18
Data saved at /home/brendonm/pulse_count_real_world_test/time1538170021_epoch10.json
Train on 3304 samples, validate on 2000 samples
Epoch 1/1
3304/3304 [==============================] - 1s 246us/step - loss: 0.1876 - acc: 0.9337 - val_loss: 0.1792 - val_acc: 0.9385
Number of true positives for validation data: 36
Number of true negatives for validation data: 1841
Number of false positives for validation data: 9
Number of false negatives for validation data: 114
Data saved at /home/brendonm/pulse_count_validation/time1538170022_epoch11.json
Number of true positives for real_world_test data: 0
Number of true negatives for real_world_test data: 12
Number of false positives for real_world_test data: 0
Number of false negatives for real_world_test data: 18
Data saved at /home/brendonm/pulse_count_real_world_test/time1538170022_epoch11.json
Train on 3304 samples, validate on 2000 samples
Epoch 1/1
3304/3304 [==============================] - 1s 240us/step - loss: 0.1836 - acc: 0.9343 - val_loss: 0.1765 - val_acc: 0.9370
Number of true positives for validation data: 28
Number of true negatives for validation data: 1846
Number of false positives for validation data: 4
Number of false negatives for validation data: 122
Data saved at /home/brendonm/pulse_count_validation/time1538170023_epoch12.json
Number of true positives for real_world_test data: 0
Number of true negatives for real_world_test data: 12
Number of false positives for real_world_test data: 0
Number of false negatives for real_world_test data: 18
Data saved at /home/brendonm/pulse_count_real_world_test/time1538170023_epoch12.json
Train on 3304 samples, validate on 2000 samples
Epoch 1/1
3304/3304 [==============================] - 1s 235us/step - loss: 0.1805 - acc: 0.9370 - val_loss: 0.1738 - val_acc: 0.9395
Number of true positives for validation data: 33
Number of true negatives for validation data: 1846
Number of false positives for validation data: 4
Number of false negatives for validation data: 117
Data saved at /home/brendonm/pulse_count_validation/time1538170024_epoch13.json
Number of true positives for real_world_test data: 0
Number of true negatives for real_world_test data: 12
Number of false positives for real_world_test data: 0
Number of false negatives for real_world_test data: 18
Data saved at /home/brendonm/pulse_count_real_world_test/time1538170024_epoch13.json
Train on 3304 samples, validate on 2000 samples
Epoch 1/1
3304/3304 [==============================] - 1s 238us/step - loss: 0.1776 - acc: 0.9367 - val_loss: 0.1681 - val_acc: 0.9390
Number of true positives for validation data: 31
Number of true negatives for validation data: 1847
Number of false positives for validation data: 3
Number of false negatives for validation data: 119
Data saved at /home/brendonm/pulse_count_validation/time1538170025_epoch14.json
Number of true positives for real_world_test data: 0
Number of true negatives for real_world_test data: 12
Number of false positives for real_world_test data: 0
Number of false negatives for real_world_test data: 18
Data saved at /home/brendonm/pulse_count_real_world_test/time1538170025_epoch14.json
Train on 3304 samples, validate on 2000 samples
Epoch 1/1
3304/3304 [==============================] - 1s 240us/step - loss: 0.1735 - acc: 0.9383 - val_loss: 0.1646 - val_acc: 0.9410
Number of true positives for validation data: 37
Number of true negatives for validation data: 1845
Number of false positives for validation data: 5
Number of false negatives for validation data: 113
Data saved at /home/brendonm/pulse_count_validation/time1538170026_epoch15.json
Number of true positives for real_world_test data: 0
Number of true negatives for real_world_test data: 12
Number of false positives for real_world_test data: 0
Number of false negatives for real_world_test data: 18
Data saved at /home/brendonm/pulse_count_real_world_test/time1538170026_epoch15.json
Train on 3304 samples, validate on 2000 samples
Epoch 1/1
3304/3304 [==============================] - 1s 239us/step - loss: 0.1708 - acc: 0.9392 - val_loss: 0.1619 - val_acc: 0.9415
Number of true positives for validation data: 36
Number of true negatives for validation data: 1847
Number of false positives for validation data: 3
Number of false negatives for validation data: 114
Data saved at /home/brendonm/pulse_count_validation/time1538170027_epoch16.json
Number of true positives for real_world_test data: 0
Number of true negatives for real_world_test data: 12
Number of false positives for real_world_test data: 0
Number of false negatives for real_world_test data: 18
Data saved at /home/brendonm/pulse_count_real_world_test/time1538170027_epoch16.json
Train on 3304 samples, validate on 2000 samples
Epoch 1/1
3304/3304 [==============================] - 1s 236us/step - loss: 0.1676 - acc: 0.9389 - val_loss: 0.1589 - val_acc: 0.9460
Number of true positives for validation data: 53
Number of true negatives for validation data: 1839
Number of false positives for validation data: 11
Number of false negatives for validation data: 97
Data saved at /home/brendonm/pulse_count_validation/time1538170028_epoch17.json
Number of true positives for real_world_test data: 0
Number of true negatives for real_world_test data: 12
Number of false positives for real_world_test data: 0
Number of false negatives for real_world_test data: 18
Data saved at /home/brendonm/pulse_count_real_world_test/time1538170028_epoch17.json
Train on 3304 samples, validate on 2000 samples
Epoch 1/1
3304/3304 [==============================] - 1s 236us/step - loss: 0.1637 - acc: 0.9401 - val_loss: 0.1557 - val_acc: 0.9425
Number of true positives for validation data: 36
Number of true negatives for validation data: 1849
Number of false positives for validation data: 1
Number of false negatives for validation data: 114
Data saved at /home/brendonm/pulse_count_validation/time1538170029_epoch18.json
Number of true positives for real_world_test data: 0
Number of true negatives for real_world_test data: 12
Number of false positives for real_world_test data: 0
Number of false negatives for real_world_test data: 18
Data saved at /home/brendonm/pulse_count_real_world_test/time1538170029_epoch18.json
Train on 3304 samples, validate on 2000 samples
Epoch 1/1
3304/3304 [==============================] - 1s 245us/step - loss: 0.1610 - acc: 0.9416 - val_loss: 0.1549 - val_acc: 0.9435
Number of true positives for validation data: 38
Number of true negatives for validation data: 1849
Number of false positives for validation data: 1
Number of false negatives for validation data: 112
Data saved at /home/brendonm/pulse_count_validation/time1538170030_epoch19.json
Number of true positives for real_world_test data: 0
Number of true negatives for real_world_test data: 12
Number of false positives for real_world_test data: 0
Number of false negatives for real_world_test data: 18
Data saved at /home/brendonm/pulse_count_real_world_test/time1538170030_epoch19.json
Train on 3304 samples, validate on 2000 samples
Epoch 1/1
3304/3304 [==============================] - 1s 239us/step - loss: 0.1564 - acc: 0.9434 - val_loss: 0.1575 - val_acc: 0.9460
Number of true positives for validation data: 63
Number of true negatives for validation data: 1829
Number of false positives for validation data: 21
Number of false negatives for validation data: 87
Data saved at /home/brendonm/pulse_count_validation/time1538170031_epoch20.json
Number of true positives for real_world_test data: 1
Number of true negatives for real_world_test data: 11
Number of false positives for real_world_test data: 1
Number of false negatives for real_world_test data: 17
Data saved at /home/brendonm/pulse_count_real_world_test/time1538170031_epoch20.json
Train on 3304 samples, validate on 2000 samples
Epoch 1/1
3304/3304 [==============================] - 1s 243us/step - loss: 0.1548 - acc: 0.9443 - val_loss: 0.1453 - val_acc: 0.9515
Number of true positives for validation data: 56
Number of true negatives for validation data: 1847
Number of false positives for validation data: 3
Number of false negatives for validation data: 94
Data saved at /home/brendonm/pulse_count_validation/time1538170032_epoch21.json
Number of true positives for real_world_test data: 0
Number of true negatives for real_world_test data: 12
Number of false positives for real_world_test data: 0
Number of false negatives for real_world_test data: 18
Data saved at /home/brendonm/pulse_count_real_world_test/time1538170032_epoch21.json
Train on 3304 samples, validate on 2000 samples
Epoch 1/1
3304/3304 [==============================] - 1s 242us/step - loss: 0.1515 - acc: 0.9458 - val_loss: 0.1425 - val_acc: 0.9500
Number of true positives for validation data: 53
Number of true negatives for validation data: 1847
Number of false positives for validation data: 3
Number of false negatives for validation data: 97
Data saved at /home/brendonm/pulse_count_validation/time1538170033_epoch22.json
Number of true positives for real_world_test data: 0
Number of true negatives for real_world_test data: 12
Number of false positives for real_world_test data: 0
Number of false negatives for real_world_test data: 18
Data saved at /home/brendonm/pulse_count_real_world_test/time1538170033_epoch22.json
Train on 3304 samples, validate on 2000 samples
Epoch 1/1
3304/3304 [==============================] - 1s 239us/step - loss: 0.1467 - acc: 0.9492 - val_loss: 0.1397 - val_acc: 0.9490
Number of true positives for validation data: 50
Number of true negatives for validation data: 1848
Number of false positives for validation data: 2
Number of false negatives for validation data: 100
Data saved at /home/brendonm/pulse_count_validation/time1538170034_epoch23.json
Number of true positives for real_world_test data: 0
Number of true negatives for real_world_test data: 12
Number of false positives for real_world_test data: 0
Number of false negatives for real_world_test data: 18
Data saved at /home/brendonm/pulse_count_real_world_test/time1538170034_epoch23.json
Train on 3304 samples, validate on 2000 samples
Epoch 1/1
3304/3304 [==============================] - 1s 241us/step - loss: 0.1462 - acc: 0.9479 - val_loss: 0.1373 - val_acc: 0.9560
Number of true positives for validation data: 70
Number of true negatives for validation data: 1842
Number of false positives for validation data: 8
Number of false negatives for validation data: 80
Data saved at /home/brendonm/pulse_count_validation/time1538170035_epoch24.json
Number of true positives for real_world_test data: 0
Number of true negatives for real_world_test data: 11
Number of false positives for real_world_test data: 1
Number of false negatives for real_world_test data: 18
Data saved at /home/brendonm/pulse_count_real_world_test/time1538170035_epoch24.json
Train on 3304 samples, validate on 2000 samples
Epoch 1/1
3304/3304 [==============================] - 1s 239us/step - loss: 0.1415 - acc: 0.9495 - val_loss: 0.1350 - val_acc: 0.9565
Number of true positives for validation data: 71
Number of true negatives for validation data: 1842
Number of false positives for validation data: 8
Number of false negatives for validation data: 79
Data saved at /home/brendonm/pulse_count_validation/time1538170036_epoch25.json
Number of true positives for real_world_test data: 0
Number of true negatives for real_world_test data: 12
Number of false positives for real_world_test data: 0
Number of false negatives for real_world_test data: 18
Data saved at /home/brendonm/pulse_count_real_world_test/time1538170036_epoch25.json
Train on 3304 samples, validate on 2000 samples
Epoch 1/1
3304/3304 [==============================] - 1s 241us/step - loss: 0.1385 - acc: 0.9501 - val_loss: 0.1312 - val_acc: 0.9530
Number of true positives for validation data: 58
Number of true negatives for validation data: 1848
Number of false positives for validation data: 2
Number of false negatives for validation data: 92
Data saved at /home/brendonm/pulse_count_validation/time1538170036_epoch26.json
Number of true positives for real_world_test data: 0
Number of true negatives for real_world_test data: 12
Number of false positives for real_world_test data: 0
Number of false negatives for real_world_test data: 18
Data saved at /home/brendonm/pulse_count_real_world_test/time1538170037_epoch26.json
Train on 3304 samples, validate on 2000 samples
Epoch 1/1
3304/3304 [==============================] - 1s 242us/step - loss: 0.1354 - acc: 0.9540 - val_loss: 0.1282 - val_acc: 0.9565
Number of true positives for validation data: 67
Number of true negatives for validation data: 1846
Number of false positives for validation data: 4
Number of false negatives for validation data: 83
Data saved at /home/brendonm/pulse_count_validation/time1538170037_epoch27.json
Number of true positives for real_world_test data: 1
Number of true negatives for real_world_test data: 11
Number of false positives for real_world_test data: 1
Number of false negatives for real_world_test data: 17
Data saved at /home/brendonm/pulse_count_real_world_test/time1538170037_epoch27.json
Train on 3304 samples, validate on 2000 samples
Epoch 1/1
3304/3304 [==============================] - 1s 244us/step - loss: 0.1317 - acc: 0.9540 - val_loss: 0.1242 - val_acc: 0.9610
Number of true positives for validation data: 75
Number of true negatives for validation data: 1847
Number of false positives for validation data: 3
Number of false negatives for validation data: 75
Data saved at /home/brendonm/pulse_count_validation/time1538170038_epoch28.json
Number of true positives for real_world_test data: 1
Number of true negatives for real_world_test data: 11
Number of false positives for real_world_test data: 1
Number of false negatives for real_world_test data: 17
Data saved at /home/brendonm/pulse_count_real_world_test/time1538170038_epoch28.json
Train on 3304 samples, validate on 2000 samples
Epoch 1/1
3304/3304 [==============================] - 1s 239us/step - loss: 0.1279 - acc: 0.9561 - val_loss: 0.1206 - val_acc: 0.9635
Number of true positives for validation data: 79
Number of true negatives for validation data: 1848
Number of false positives for validation data: 2
Number of false negatives for validation data: 71
Data saved at /home/brendonm/pulse_count_validation/time1538170039_epoch29.json
Number of true positives for real_world_test data: 2
Number of true negatives for real_world_test data: 11
Number of false positives for real_world_test data: 1
Number of false negatives for real_world_test data: 16
Data saved at /home/brendonm/pulse_count_real_world_test/time1538170039_epoch29.json
Train on 3304 samples, validate on 2000 samples
Epoch 1/1
3304/3304 [==============================] - 1s 243us/step - loss: 0.1249 - acc: 0.9582 - val_loss: 0.1184 - val_acc: 0.9650
Number of true positives for validation data: 83
Number of true negatives for validation data: 1847
Number of false positives for validation data: 3
Number of false negatives for validation data: 67
Data saved at /home/brendonm/pulse_count_validation/time1538170040_epoch30.json
Number of true positives for real_world_test data: 2
Number of true negatives for real_world_test data: 11
Number of false positives for real_world_test data: 1
Number of false negatives for real_world_test data: 16
Data saved at /home/brendonm/pulse_count_real_world_test/time1538170040_epoch30.json
Train on 3304 samples, validate on 2000 samples
Epoch 1/1
3304/3304 [==============================] - 1s 243us/step - loss: 0.1223 - acc: 0.9585 - val_loss: 0.1143 - val_acc: 0.9635
Number of true positives for validation data: 79
Number of true negatives for validation data: 1848
Number of false positives for validation data: 2
Number of false negatives for validation data: 71
Data saved at /home/brendonm/pulse_count_validation/time1538170041_epoch31.json
Number of true positives for real_world_test data: 2
Number of true negatives for real_world_test data: 11
Number of false positives for real_world_test data: 1
Number of false negatives for real_world_test data: 16
Data saved at /home/brendonm/pulse_count_real_world_test/time1538170041_epoch31.json
Train on 3304 samples, validate on 2000 samples
Epoch 1/1
3304/3304 [==============================] - 1s 241us/step - loss: 0.1190 - acc: 0.9591 - val_loss: 0.1120 - val_acc: 0.9625
Number of true positives for validation data: 77
Number of true negatives for validation data: 1848
Number of false positives for validation data: 2
Number of false negatives for validation data: 73
Data saved at /home/brendonm/pulse_count_validation/time1538170042_epoch32.json
Number of true positives for real_world_test data: 2
Number of true negatives for real_world_test data: 11
Number of false positives for real_world_test data: 1
Number of false negatives for real_world_test data: 16
Data saved at /home/brendonm/pulse_count_real_world_test/time1538170042_epoch32.json
Train on 3304 samples, validate on 2000 samples
Epoch 1/1
3304/3304 [==============================] - 1s 240us/step - loss: 0.1169 - acc: 0.9594 - val_loss: 0.1083 - val_acc: 0.9650
Number of true positives for validation data: 83
Number of true negatives for validation data: 1847
Number of false positives for validation data: 3
Number of false negatives for validation data: 67
Data saved at /home/brendonm/pulse_count_validation/time1538170043_epoch33.json
Number of true positives for real_world_test data: 2
Number of true negatives for real_world_test data: 11
Number of false positives for real_world_test data: 1
Number of false negatives for real_world_test data: 16
Data saved at /home/brendonm/pulse_count_real_world_test/time1538170043_epoch33.json
Train on 3304 samples, validate on 2000 samples
Epoch 1/1
3304/3304 [==============================] - 1s 243us/step - loss: 0.1117 - acc: 0.9613 - val_loss: 0.1061 - val_acc: 0.9655
Number of true positives for validation data: 85
Number of true negatives for validation data: 1846
Number of false positives for validation data: 4
Number of false negatives for validation data: 65
Data saved at /home/brendonm/pulse_count_validation/time1538170044_epoch34.json
Number of true positives for real_world_test data: 2
Number of true negatives for real_world_test data: 11
Number of false positives for real_world_test data: 1
Number of false negatives for real_world_test data: 16
Data saved at /home/brendonm/pulse_count_real_world_test/time1538170044_epoch34.json
Train on 3304 samples, validate on 2000 samples
Epoch 1/1
3304/3304 [==============================] - 1s 242us/step - loss: 0.1099 - acc: 0.9619 - val_loss: 0.1036 - val_acc: 0.9695
Number of true positives for validation data: 92
Number of true negatives for validation data: 1847
Number of false positives for validation data: 3
Number of false negatives for validation data: 58
Data saved at /home/brendonm/pulse_count_validation/time1538170045_epoch35.json
Number of true positives for real_world_test data: 2
Number of true negatives for real_world_test data: 11
Number of false positives for real_world_test data: 1
Number of false negatives for real_world_test data: 16
Data saved at /home/brendonm/pulse_count_real_world_test/time1538170045_epoch35.json
Train on 3304 samples, validate on 2000 samples
Epoch 1/1
3304/3304 [==============================] - 1s 240us/step - loss: 0.1068 - acc: 0.9619 - val_loss: 0.1009 - val_acc: 0.9710
Number of true positives for validation data: 95
Number of true negatives for validation data: 1847
Number of false positives for validation data: 3
Number of false negatives for validation data: 55
Data saved at /home/brendonm/pulse_count_validation/time1538170046_epoch36.json
Number of true positives for real_world_test data: 2
Number of true negatives for real_world_test data: 11
Number of false positives for real_world_test data: 1
Number of false negatives for real_world_test data: 16
Data saved at /home/brendonm/pulse_count_real_world_test/time1538170046_epoch36.json
Train on 3304 samples, validate on 2000 samples
Epoch 1/1
3304/3304 [==============================] - 1s 239us/step - loss: 0.1035 - acc: 0.9631 - val_loss: 0.0971 - val_acc: 0.9695
Number of true positives for validation data: 92
Number of true negatives for validation data: 1847
Number of false positives for validation data: 3
Number of false negatives for validation data: 58
Data saved at /home/brendonm/pulse_count_validation/time1538170047_epoch37.json
Number of true positives for real_world_test data: 2
Number of true negatives for real_world_test data: 11
Number of false positives for real_world_test data: 1
Number of false negatives for real_world_test data: 16
Data saved at /home/brendonm/pulse_count_real_world_test/time1538170047_epoch37.json
Train on 3304 samples, validate on 2000 samples
Epoch 1/1
3304/3304 [==============================] - 1s 240us/step - loss: 0.1000 - acc: 0.9655 - val_loss: 0.0947 - val_acc: 0.9675
Number of true positives for validation data: 85
Number of true negatives for validation data: 1850
Number of false positives for validation data: 0
Number of false negatives for validation data: 65
Data saved at /home/brendonm/pulse_count_validation/time1538170048_epoch38.json
Number of true positives for real_world_test data: 1
Number of true negatives for real_world_test data: 11
Number of false positives for real_world_test data: 1
Number of false negatives for real_world_test data: 17
Data saved at /home/brendonm/pulse_count_real_world_test/time1538170048_epoch38.json
Train on 3304 samples, validate on 2000 samples
Epoch 1/1
3304/3304 [==============================] - 1s 241us/step - loss: 0.0983 - acc: 0.9649 - val_loss: 0.0914 - val_acc: 0.9710
Number of true positives for validation data: 93
Number of true negatives for validation data: 1849
Number of false positives for validation data: 1
Number of false negatives for validation data: 57
Data saved at /home/brendonm/pulse_count_validation/time1538170049_epoch39.json
Number of true positives for real_world_test data: 2
Number of true negatives for real_world_test data: 11
Number of false positives for real_world_test data: 1
Number of false negatives for real_world_test data: 16
Data saved at /home/brendonm/pulse_count_real_world_test/time1538170049_epoch39.json
Train on 3304 samples, validate on 2000 samples
Epoch 1/1
3304/3304 [==============================] - 1s 235us/step - loss: 0.0950 - acc: 0.9688 - val_loss: 0.0891 - val_acc: 0.9730
Number of true positives for validation data: 97
Number of true negatives for validation data: 1849
Number of false positives for validation data: 1
Number of false negatives for validation data: 53
Data saved at /home/brendonm/pulse_count_validation/time1538170050_epoch40.json
Number of true positives for real_world_test data: 2
Number of true negatives for real_world_test data: 11
Number of false positives for real_world_test data: 1
Number of false negatives for real_world_test data: 16
Data saved at /home/brendonm/pulse_count_real_world_test/time1538170050_epoch40.json
Train on 3304 samples, validate on 2000 samples
Epoch 1/1
3304/3304 [==============================] - 1s 234us/step - loss: 0.0918 - acc: 0.9679 - val_loss: 0.0866 - val_acc: 0.9730
Number of true positives for validation data: 97
Number of true negatives for validation data: 1849
Number of false positives for validation data: 1
Number of false negatives for validation data: 53
Data saved at /home/brendonm/pulse_count_validation/time1538170051_epoch41.json
Number of true positives for real_world_test data: 2
Number of true negatives for real_world_test data: 11
Number of false positives for real_world_test data: 1
Number of false negatives for real_world_test data: 16
Data saved at /home/brendonm/pulse_count_real_world_test/time1538170051_epoch41.json
Train on 3304 samples, validate on 2000 samples
Epoch 1/1
3304/3304 [==============================] - 1s 234us/step - loss: 0.0902 - acc: 0.9697 - val_loss: 0.0848 - val_acc: 0.9715
Number of true positives for validation data: 93
Number of true negatives for validation data: 1850
Number of false positives for validation data: 0
Number of false negatives for validation data: 57
Data saved at /home/brendonm/pulse_count_validation/time1538170052_epoch42.json
Number of true positives for real_world_test data: 1
Number of true negatives for real_world_test data: 11
Number of false positives for real_world_test data: 1
Number of false negatives for real_world_test data: 17
Data saved at /home/brendonm/pulse_count_real_world_test/time1538170052_epoch42.json
Train on 3304 samples, validate on 2000 samples
Epoch 1/1
3304/3304 [==============================] - 1s 239us/step - loss: 0.0859 - acc: 0.9706 - val_loss: 0.0826 - val_acc: 0.9800
Number of true positives for validation data: 111
Number of true negatives for validation data: 1849
Number of false positives for validation data: 1
Number of false negatives for validation data: 39
Data saved at /home/brendonm/pulse_count_validation/time1538170053_epoch43.json
Number of true positives for real_world_test data: 2
Number of true negatives for real_world_test data: 11
Number of false positives for real_world_test data: 1
Number of false negatives for real_world_test data: 16
Data saved at /home/brendonm/pulse_count_real_world_test/time1538170053_epoch43.json
Train on 3304 samples, validate on 2000 samples
Epoch 1/1
3304/3304 [==============================] - 1s 243us/step - loss: 0.0834 - acc: 0.9728 - val_loss: 0.0785 - val_acc: 0.9795
Number of true positives for validation data: 110
Number of true negatives for validation data: 1849
Number of false positives for validation data: 1
Number of false negatives for validation data: 40
Data saved at /home/brendonm/pulse_count_validation/time1538170053_epoch44.json
Number of true positives for real_world_test data: 2
Number of true negatives for real_world_test data: 11
Number of false positives for real_world_test data: 1
Number of false negatives for real_world_test data: 16
Data saved at /home/brendonm/pulse_count_real_world_test/time1538170053_epoch44.json
Train on 3304 samples, validate on 2000 samples
Epoch 1/1
3304/3304 [==============================] - 1s 240us/step - loss: 0.0826 - acc: 0.9743 - val_loss: 0.0778 - val_acc: 0.9800
Number of true positives for validation data: 111
Number of true negatives for validation data: 1849
Number of false positives for validation data: 1
Number of false negatives for validation data: 39
Data saved at /home/brendonm/pulse_count_validation/time1538170054_epoch45.json
Number of true positives for real_world_test data: 2
Number of true negatives for real_world_test data: 11
Number of false positives for real_world_test data: 1
Number of false negatives for real_world_test data: 16
Data saved at /home/brendonm/pulse_count_real_world_test/time1538170054_epoch45.json
Train on 3304 samples, validate on 2000 samples
Epoch 1/1
3304/3304 [==============================] - 1s 244us/step - loss: 0.0783 - acc: 0.9755 - val_loss: 0.0734 - val_acc: 0.9780
Number of true positives for validation data: 106
Number of true negatives for validation data: 1850
Number of false positives for validation data: 0
Number of false negatives for validation data: 44
Data saved at /home/brendonm/pulse_count_validation/time1538170055_epoch46.json
Number of true positives for real_world_test data: 2
Number of true negatives for real_world_test data: 11
Number of false positives for real_world_test data: 1
Number of false negatives for real_world_test data: 16
Data saved at /home/brendonm/pulse_count_real_world_test/time1538170055_epoch46.json
Train on 3304 samples, validate on 2000 samples
Epoch 1/1
3304/3304 [==============================] - 1s 239us/step - loss: 0.0750 - acc: 0.9779 - val_loss: 0.0731 - val_acc: 0.9810
Number of true positives for validation data: 112
Number of true negatives for validation data: 1850
Number of false positives for validation data: 0
Number of false negatives for validation data: 38
Data saved at /home/brendonm/pulse_count_validation/time1538170056_epoch47.json
Number of true positives for real_world_test data: 2
Number of true negatives for real_world_test data: 11
Number of false positives for real_world_test data: 1
Number of false negatives for real_world_test data: 16
Data saved at /home/brendonm/pulse_count_real_world_test/time1538170056_epoch47.json
Train on 3304 samples, validate on 2000 samples
Epoch 1/1
3304/3304 [==============================] - 1s 236us/step - loss: 0.0732 - acc: 0.9767 - val_loss: 0.0683 - val_acc: 0.9825
Number of true positives for validation data: 115
Number of true negatives for validation data: 1850
Number of false positives for validation data: 0
Number of false negatives for validation data: 35
Data saved at /home/brendonm/pulse_count_validation/time1538170057_epoch48.json
Number of true positives for real_world_test data: 1
Number of true negatives for real_world_test data: 11
Number of false positives for real_world_test data: 1
Number of false negatives for real_world_test data: 17
Data saved at /home/brendonm/pulse_count_real_world_test/time1538170057_epoch48.json
Train on 3304 samples, validate on 2000 samples
Epoch 1/1
3304/3304 [==============================] - 1s 240us/step - loss: 0.0703 - acc: 0.9800 - val_loss: 0.0661 - val_acc: 0.9800
Number of true positives for validation data: 110
Number of true negatives for validation data: 1850
Number of false positives for validation data: 0
Number of false negatives for validation data: 40
Data saved at /home/brendonm/pulse_count_validation/time1538170058_epoch49.json
Number of true positives for real_world_test data: 1
Number of true negatives for real_world_test data: 11
Number of false positives for real_world_test data: 1
Number of false negatives for real_world_test data: 17
Data saved at /home/brendonm/pulse_count_real_world_test/time1538170058_epoch49.json
Train on 3304 samples, validate on 2000 samples
Epoch 1/1
3304/3304 [==============================] - 1s 242us/step - loss: 0.0689 - acc: 0.9782 - val_loss: 0.0641 - val_acc: 0.9830
Number of true positives for validation data: 116
Number of true negatives for validation data: 1850
Number of false positives for validation data: 0
Number of false negatives for validation data: 34
Data saved at /home/brendonm/pulse_count_validation/time1538170059_epoch50.json
Number of true positives for real_world_test data: 1
Number of true negatives for real_world_test data: 11
Number of false positives for real_world_test data: 1
Number of false negatives for real_world_test data: 17
Data saved at /home/brendonm/pulse_count_real_world_test/time1538170059_epoch50.json
Train on 3304 samples, validate on 2000 samples
Epoch 1/1
3304/3304 [==============================] - 1s 242us/step - loss: 0.0669 - acc: 0.9791 - val_loss: 0.0641 - val_acc: 0.9805
Number of true positives for validation data: 112
Number of true negatives for validation data: 1849
Number of false positives for validation data: 1
Number of false negatives for validation data: 38
Data saved at /home/brendonm/pulse_count_validation/time1538170060_epoch51.json
Number of true positives for real_world_test data: 1
Number of true negatives for real_world_test data: 11
Number of false positives for real_world_test data: 1
Number of false negatives for real_world_test data: 17
Data saved at /home/brendonm/pulse_count_real_world_test/time1538170060_epoch51.json
Train on 3304 samples, validate on 2000 samples
Epoch 1/1
3304/3304 [==============================] - 1s 241us/step - loss: 0.0659 - acc: 0.9794 - val_loss: 0.0612 - val_acc: 0.9865
Number of true positives for validation data: 123
Number of true negatives for validation data: 1850
Number of false positives for validation data: 0
Number of false negatives for validation data: 27
Data saved at /home/brendonm/pulse_count_validation/time1538170061_epoch52.json
Number of true positives for real_world_test data: 2
Number of true negatives for real_world_test data: 11
Number of false positives for real_world_test data: 1
Number of false negatives for real_world_test data: 16
Data saved at /home/brendonm/pulse_count_real_world_test/time1538170061_epoch52.json
Train on 3304 samples, validate on 2000 samples
Epoch 1/1
3304/3304 [==============================] - 1s 236us/step - loss: 0.0630 - acc: 0.9803 - val_loss: 0.0577 - val_acc: 0.9865
Number of true positives for validation data: 123
Number of true negatives for validation data: 1850
Number of false positives for validation data: 0
Number of false negatives for validation data: 27
Data saved at /home/brendonm/pulse_count_validation/time1538170062_epoch53.json
Number of true positives for real_world_test data: 1
Number of true negatives for real_world_test data: 11
Number of false positives for real_world_test data: 1
Number of false negatives for real_world_test data: 17
Data saved at /home/brendonm/pulse_count_real_world_test/time1538170062_epoch53.json
Train on 3304 samples, validate on 2000 samples
Epoch 1/1
3304/3304 [==============================] - 1s 242us/step - loss: 0.0608 - acc: 0.9824 - val_loss: 0.0558 - val_acc: 0.9865
Number of true positives for validation data: 123
Number of true negatives for validation data: 1850
Number of false positives for validation data: 0
Number of false negatives for validation data: 27
Data saved at /home/brendonm/pulse_count_validation/time1538170063_epoch54.json
Number of true positives for real_world_test data: 1
Number of true negatives for real_world_test data: 11
Number of false positives for real_world_test data: 1
Number of false negatives for real_world_test data: 17
Data saved at /home/brendonm/pulse_count_real_world_test/time1538170063_epoch54.json
Train on 3304 samples, validate on 2000 samples
Epoch 1/1
3304/3304 [==============================] - 1s 242us/step - loss: 0.0587 - acc: 0.9840 - val_loss: 0.0581 - val_acc: 0.9880
Number of true positives for validation data: 127
Number of true negatives for validation data: 1849
Number of false positives for validation data: 1
Number of false negatives for validation data: 23
Data saved at /home/brendonm/pulse_count_validation/time1538170064_epoch55.json
Number of true positives for real_world_test data: 2
Number of true negatives for real_world_test data: 11
Number of false positives for real_world_test data: 1
Number of false negatives for real_world_test data: 16
Data saved at /home/brendonm/pulse_count_real_world_test/time1538170064_epoch55.json
Train on 3304 samples, validate on 2000 samples
Epoch 1/1
3304/3304 [==============================] - 1s 237us/step - loss: 0.0556 - acc: 0.9837 - val_loss: 0.0532 - val_acc: 0.9885
Number of true positives for validation data: 127
Number of true negatives for validation data: 1850
Number of false positives for validation data: 0
Number of false negatives for validation data: 23
Data saved at /home/brendonm/pulse_count_validation/time1538170065_epoch56.json
Number of true positives for real_world_test data: 2
Number of true negatives for real_world_test data: 11
Number of false positives for real_world_test data: 1
Number of false negatives for real_world_test data: 16
Data saved at /home/brendonm/pulse_count_real_world_test/time1538170065_epoch56.json
Train on 3304 samples, validate on 2000 samples
Epoch 1/1
3304/3304 [==============================] - 1s 239us/step - loss: 0.0547 - acc: 0.9852 - val_loss: 0.0501 - val_acc: 0.9885
Number of true positives for validation data: 127
Number of true negatives for validation data: 1850
Number of false positives for validation data: 0
Number of false negatives for validation data: 23
Data saved at /home/brendonm/pulse_count_validation/time1538170066_epoch57.json
Number of true positives for real_world_test data: 2
Number of true negatives for real_world_test data: 11
Number of false positives for real_world_test data: 1
Number of false negatives for real_world_test data: 16
Data saved at /home/brendonm/pulse_count_real_world_test/time1538170066_epoch57.json
Train on 3304 samples, validate on 2000 samples
Epoch 1/1
3304/3304 [==============================] - 1s 239us/step - loss: 0.0519 - acc: 0.9855 - val_loss: 0.0485 - val_acc: 0.9880
Number of true positives for validation data: 126
Number of true negatives for validation data: 1850
Number of false positives for validation data: 0
Number of false negatives for validation data: 24
Data saved at /home/brendonm/pulse_count_validation/time1538170067_epoch58.json
Number of true positives for real_world_test data: 2
Number of true negatives for real_world_test data: 11
Number of false positives for real_world_test data: 1
Number of false negatives for real_world_test data: 16
Data saved at /home/brendonm/pulse_count_real_world_test/time1538170067_epoch58.json
Train on 3304 samples, validate on 2000 samples
Epoch 1/1
3304/3304 [==============================] - 1s 237us/step - loss: 0.0502 - acc: 0.9858 - val_loss: 0.0477 - val_acc: 0.9910
Number of true positives for validation data: 132
Number of true negatives for validation data: 1850
Number of false positives for validation data: 0
Number of false negatives for validation data: 18
Data saved at /home/brendonm/pulse_count_validation/time1538170068_epoch59.json
Number of true positives for real_world_test data: 2
Number of true negatives for real_world_test data: 11
Number of false positives for real_world_test data: 1
Number of false negatives for real_world_test data: 16
Data saved at /home/brendonm/pulse_count_real_world_test/time1538170068_epoch59.json
Train on 3304 samples, validate on 2000 samples
Epoch 1/1
3304/3304 [==============================] - 1s 241us/step - loss: 0.0483 - acc: 0.9873 - val_loss: 0.0454 - val_acc: 0.9915
Number of true positives for validation data: 133
Number of true negatives for validation data: 1850
Number of false positives for validation data: 0
Number of false negatives for validation data: 17
Data saved at /home/brendonm/pulse_count_validation/time1538170069_epoch60.json
Number of true positives for real_world_test data: 2
Number of true negatives for real_world_test data: 11
Number of false positives for real_world_test data: 1
Number of false negatives for real_world_test data: 16
Data saved at /home/brendonm/pulse_count_real_world_test/time1538170069_epoch60.json
Train on 3304 samples, validate on 2000 samples
Epoch 1/1
3304/3304 [==============================] - 1s 243us/step - loss: 0.0464 - acc: 0.9876 - val_loss: 0.0460 - val_acc: 0.9865
Number of true positives for validation data: 123
Number of true negatives for validation data: 1850
Number of false positives for validation data: 0
Number of false negatives for validation data: 27
Data saved at /home/brendonm/pulse_count_validation/time1538170070_epoch61.json
Number of true positives for real_world_test data: 1
Number of true negatives for real_world_test data: 11
Number of false positives for real_world_test data: 1
Number of false negatives for real_world_test data: 17
Data saved at /home/brendonm/pulse_count_real_world_test/time1538170070_epoch61.json
Train on 3304 samples, validate on 2000 samples
Epoch 1/1
3304/3304 [==============================] - 1s 239us/step - loss: 0.0453 - acc: 0.9885 - val_loss: 0.0464 - val_acc: 0.9930
Number of true positives for validation data: 136
Number of true negatives for validation data: 1850
Number of false positives for validation data: 0
Number of false negatives for validation data: 14
Data saved at /home/brendonm/pulse_count_validation/time1538170070_epoch62.json
Number of true positives for real_world_test data: 2
Number of true negatives for real_world_test data: 11
Number of false positives for real_world_test data: 1
Number of false negatives for real_world_test data: 16
Data saved at /home/brendonm/pulse_count_real_world_test/time1538170070_epoch62.json
Train on 3304 samples, validate on 2000 samples
Epoch 1/1
3304/3304 [==============================] - 1s 241us/step - loss: 0.0443 - acc: 0.9888 - val_loss: 0.0409 - val_acc: 0.9925
Number of true positives for validation data: 135
Number of true negatives for validation data: 1850
Number of false positives for validation data: 0
Number of false negatives for validation data: 15
Data saved at /home/brendonm/pulse_count_validation/time1538170071_epoch63.json
Number of true positives for real_world_test data: 2
Number of true negatives for real_world_test data: 11
Number of false positives for real_world_test data: 1
Number of false negatives for real_world_test data: 16
Data saved at /home/brendonm/pulse_count_real_world_test/time1538170071_epoch63.json
Train on 3304 samples, validate on 2000 samples
Epoch 1/1
3304/3304 [==============================] - 1s 242us/step - loss: 0.0432 - acc: 0.9897 - val_loss: 0.0401 - val_acc: 0.9935
Number of true positives for validation data: 137
Number of true negatives for validation data: 1850
Number of false positives for validation data: 0
Number of false negatives for validation data: 13
Data saved at /home/brendonm/pulse_count_validation/time1538170072_epoch64.json
Number of true positives for real_world_test data: 2
Number of true negatives for real_world_test data: 11
Number of false positives for real_world_test data: 1
Number of false negatives for real_world_test data: 16
Data saved at /home/brendonm/pulse_count_real_world_test/time1538170072_epoch64.json
Train on 3304 samples, validate on 2000 samples
Epoch 1/1
3304/3304 [==============================] - 1s 241us/step - loss: 0.0414 - acc: 0.9924 - val_loss: 0.0387 - val_acc: 0.9910
Number of true positives for validation data: 133
Number of true negatives for validation data: 1849
Number of false positives for validation data: 1
Number of false negatives for validation data: 17
Data saved at /home/brendonm/pulse_count_validation/time1538170073_epoch65.json
Number of true positives for real_world_test data: 2
Number of true negatives for real_world_test data: 11
Number of false positives for real_world_test data: 1
Number of false negatives for real_world_test data: 16
Data saved at /home/brendonm/pulse_count_real_world_test/time1538170073_epoch65.json
Train on 3304 samples, validate on 2000 samples
Epoch 1/1
3304/3304 [==============================] - 1s 240us/step - loss: 0.0398 - acc: 0.9906 - val_loss: 0.0385 - val_acc: 0.9900
Number of true positives for validation data: 130
Number of true negatives for validation data: 1850
Number of false positives for validation data: 0
Number of false negatives for validation data: 20
Data saved at /home/brendonm/pulse_count_validation/time1538170074_epoch66.json
Number of true positives for real_world_test data: 2
Number of true negatives for real_world_test data: 11
Number of false positives for real_world_test data: 1
Number of false negatives for real_world_test data: 16
Data saved at /home/brendonm/pulse_count_real_world_test/time1538170074_epoch66.json
Train on 3304 samples, validate on 2000 samples
Epoch 1/1
3304/3304 [==============================] - 1s 241us/step - loss: 0.0399 - acc: 0.9915 - val_loss: 0.0367 - val_acc: 0.9940
Number of true positives for validation data: 138
Number of true negatives for validation data: 1850
Number of false positives for validation data: 0
Number of false negatives for validation data: 12
Data saved at /home/brendonm/pulse_count_validation/time1538170075_epoch67.json
Number of true positives for real_world_test data: 2
Number of true negatives for real_world_test data: 11
Number of false positives for real_world_test data: 1
Number of false negatives for real_world_test data: 16
Data saved at /home/brendonm/pulse_count_real_world_test/time1538170075_epoch67.json
Train on 3304 samples, validate on 2000 samples
Epoch 1/1
3304/3304 [==============================] - 1s 238us/step - loss: 0.0377 - acc: 0.9933 - val_loss: 0.0360 - val_acc: 0.9950
Number of true positives for validation data: 140
Number of true negatives for validation data: 1850
Number of false positives for validation data: 0
Number of false negatives for validation data: 10
Data saved at /home/brendonm/pulse_count_validation/time1538170076_epoch68.json
Number of true positives for real_world_test data: 2
Number of true negatives for real_world_test data: 10
Number of false positives for real_world_test data: 2
Number of false negatives for real_world_test data: 16
Data saved at /home/brendonm/pulse_count_real_world_test/time1538170076_epoch68.json
Train on 3304 samples, validate on 2000 samples
Epoch 1/1
3304/3304 [==============================] - 1s 240us/step - loss: 0.0373 - acc: 0.9921 - val_loss: 0.0349 - val_acc: 0.9945
Number of true positives for validation data: 139
Number of true negatives for validation data: 1850
Number of false positives for validation data: 0
Number of false negatives for validation data: 11
Data saved at /home/brendonm/pulse_count_validation/time1538170077_epoch69.json
Number of true positives for real_world_test data: 2
Number of true negatives for real_world_test data: 11
Number of false positives for real_world_test data: 1
Number of false negatives for real_world_test data: 16
Data saved at /home/brendonm/pulse_count_real_world_test/time1538170077_epoch69.json
Train on 3304 samples, validate on 2000 samples
Epoch 1/1
3304/3304 [==============================] - 1s 240us/step - loss: 0.0359 - acc: 0.9942 - val_loss: 0.0334 - val_acc: 0.9950
Number of true positives for validation data: 140
Number of true negatives for validation data: 1850
Number of false positives for validation data: 0
Number of false negatives for validation data: 10
Data saved at /home/brendonm/pulse_count_validation/time1538170078_epoch70.json
Number of true positives for real_world_test data: 2
Number of true negatives for real_world_test data: 11
Number of false positives for real_world_test data: 1
Number of false negatives for real_world_test data: 16
Data saved at /home/brendonm/pulse_count_real_world_test/time1538170078_epoch70.json
Train on 3304 samples, validate on 2000 samples
Epoch 1/1
3304/3304 [==============================] - 1s 241us/step - loss: 0.0353 - acc: 0.9933 - val_loss: 0.0326 - val_acc: 0.9955
Number of true positives for validation data: 141
Number of true negatives for validation data: 1850
Number of false positives for validation data: 0
Number of false negatives for validation data: 9
Data saved at /home/brendonm/pulse_count_validation/time1538170079_epoch71.json
Number of true positives for real_world_test data: 2
Number of true negatives for real_world_test data: 11
Number of false positives for real_world_test data: 1
Number of false negatives for real_world_test data: 16
Data saved at /home/brendonm/pulse_count_real_world_test/time1538170079_epoch71.json
Train on 3304 samples, validate on 2000 samples
Epoch 1/1
3304/3304 [==============================] - 1s 240us/step - loss: 0.0333 - acc: 0.9946 - val_loss: 0.0314 - val_acc: 0.9955
Number of true positives for validation data: 141
Number of true negatives for validation data: 1850
Number of false positives for validation data: 0
Number of false negatives for validation data: 9
Data saved at /home/brendonm/pulse_count_validation/time1538170080_epoch72.json
Number of true positives for real_world_test data: 2
Number of true negatives for real_world_test data: 11
Number of false positives for real_world_test data: 1
Number of false negatives for real_world_test data: 16
Data saved at /home/brendonm/pulse_count_real_world_test/time1538170080_epoch72.json
Train on 3304 samples, validate on 2000 samples
Epoch 1/1
3304/3304 [==============================] - 1s 238us/step - loss: 0.0323 - acc: 0.9955 - val_loss: 0.0303 - val_acc: 0.9945
Number of true positives for validation data: 139
Number of true negatives for validation data: 1850
Number of false positives for validation data: 0
Number of false negatives for validation data: 11
Data saved at /home/brendonm/pulse_count_validation/time1538170081_epoch73.json
Number of true positives for real_world_test data: 2
Number of true negatives for real_world_test data: 11
Number of false positives for real_world_test data: 1
Number of false negatives for real_world_test data: 16
Data saved at /home/brendonm/pulse_count_real_world_test/time1538170081_epoch73.json
Train on 3304 samples, validate on 2000 samples
Epoch 1/1
3304/3304 [==============================] - 1s 236us/step - loss: 0.0316 - acc: 0.9936 - val_loss: 0.0295 - val_acc: 0.9955
Number of true positives for validation data: 141
Number of true negatives for validation data: 1850
Number of false positives for validation data: 0
Number of false negatives for validation data: 9
Data saved at /home/brendonm/pulse_count_validation/time1538170082_epoch74.json
Number of true positives for real_world_test data: 2
Number of true negatives for real_world_test data: 11
Number of false positives for real_world_test data: 1
Number of false negatives for real_world_test data: 16
Data saved at /home/brendonm/pulse_count_real_world_test/time1538170082_epoch74.json
Train on 3304 samples, validate on 2000 samples
Epoch 1/1
3304/3304 [==============================] - 1s 240us/step - loss: 0.0301 - acc: 0.9952 - val_loss: 0.0288 - val_acc: 0.9950
Number of true positives for validation data: 140
Number of true negatives for validation data: 1850
Number of false positives for validation data: 0
Number of false negatives for validation data: 10
Data saved at /home/brendonm/pulse_count_validation/time1538170083_epoch75.json
Number of true positives for real_world_test data: 3
Number of true negatives for real_world_test data: 11
Number of false positives for real_world_test data: 1
Number of false negatives for real_world_test data: 15
Data saved at /home/brendonm/pulse_count_real_world_test/time1538170083_epoch75.json
Train on 3304 samples, validate on 2000 samples
Epoch 1/1
3304/3304 [==============================] - 1s 238us/step - loss: 0.0298 - acc: 0.9955 - val_loss: 0.0289 - val_acc: 0.9945
Number of true positives for validation data: 139
Number of true negatives for validation data: 1850
Number of false positives for validation data: 0
Number of false negatives for validation data: 11
Data saved at /home/brendonm/pulse_count_validation/time1538170084_epoch76.json
Number of true positives for real_world_test data: 2
Number of true negatives for real_world_test data: 11
Number of false positives for real_world_test data: 1
Number of false negatives for real_world_test data: 16
Data saved at /home/brendonm/pulse_count_real_world_test/time1538170084_epoch76.json
Train on 3304 samples, validate on 2000 samples
Epoch 1/1
3304/3304 [==============================] - 1s 241us/step - loss: 0.0285 - acc: 0.9949 - val_loss: 0.0277 - val_acc: 0.9960
Number of true positives for validation data: 142
Number of true negatives for validation data: 1850
Number of false positives for validation data: 0
Number of false negatives for validation data: 8
Data saved at /home/brendonm/pulse_count_validation/time1538170085_epoch77.json
Number of true positives for real_world_test data: 3
Number of true negatives for real_world_test data: 10
Number of false positives for real_world_test data: 2
Number of false negatives for real_world_test data: 15
Data saved at /home/brendonm/pulse_count_real_world_test/time1538170085_epoch77.json
Train on 3304 samples, validate on 2000 samples
Epoch 1/1
3304/3304 [==============================] - 1s 238us/step - loss: 0.0276 - acc: 0.9964 - val_loss: 0.0268 - val_acc: 0.9950
Number of true positives for validation data: 140
Number of true negatives for validation data: 1850
Number of false positives for validation data: 0
Number of false negatives for validation data: 10
Data saved at /home/brendonm/pulse_count_validation/time1538170086_epoch78.json
Number of true positives for real_world_test data: 2
Number of true negatives for real_world_test data: 10
Number of false positives for real_world_test data: 2
Number of false negatives for real_world_test data: 16
Data saved at /home/brendonm/pulse_count_real_world_test/time1538170086_epoch78.json
Train on 3304 samples, validate on 2000 samples
Epoch 1/1
3304/3304 [==============================] - 1s 242us/step - loss: 0.0274 - acc: 0.9955 - val_loss: 0.0267 - val_acc: 0.9950
Number of true positives for validation data: 140
Number of true negatives for validation data: 1850
Number of false positives for validation data: 0
Number of false negatives for validation data: 10
Data saved at /home/brendonm/pulse_count_validation/time1538170086_epoch79.json
Number of true positives for real_world_test data: 3
Number of true negatives for real_world_test data: 11
Number of false positives for real_world_test data: 1
Number of false negatives for real_world_test data: 15
Data saved at /home/brendonm/pulse_count_real_world_test/time1538170087_epoch79.json
Train on 3304 samples, validate on 2000 samples
Epoch 1/1
3304/3304 [==============================] - 1s 244us/step - loss: 0.0261 - acc: 0.9958 - val_loss: 0.0254 - val_acc: 0.9960
Number of true positives for validation data: 142
Number of true negatives for validation data: 1850
Number of false positives for validation data: 0
Number of false negatives for validation data: 8
Data saved at /home/brendonm/pulse_count_validation/time1538170087_epoch80.json
Number of true positives for real_world_test data: 3
Number of true negatives for real_world_test data: 10
Number of false positives for real_world_test data: 2
Number of false negatives for real_world_test data: 15
Data saved at /home/brendonm/pulse_count_real_world_test/time1538170087_epoch80.json
Train on 3304 samples, validate on 2000 samples
Epoch 1/1
3304/3304 [==============================] - 1s 239us/step - loss: 0.0257 - acc: 0.9961 - val_loss: 0.0253 - val_acc: 0.9950
Number of true positives for validation data: 140
Number of true negatives for validation data: 1850
Number of false positives for validation data: 0
Number of false negatives for validation data: 10
Data saved at /home/brendonm/pulse_count_validation/time1538170088_epoch81.json
Number of true positives for real_world_test data: 2
Number of true negatives for real_world_test data: 10
Number of false positives for real_world_test data: 2
Number of false negatives for real_world_test data: 16
Data saved at /home/brendonm/pulse_count_real_world_test/time1538170088_epoch81.json
Train on 3304 samples, validate on 2000 samples
Epoch 1/1
3304/3304 [==============================] - 1s 242us/step - loss: 0.0259 - acc: 0.9955 - val_loss: 0.0254 - val_acc: 0.9960
Number of true positives for validation data: 142
Number of true negatives for validation data: 1850
Number of false positives for validation data: 0
Number of false negatives for validation data: 8
Data saved at /home/brendonm/pulse_count_validation/time1538170089_epoch82.json
Number of true positives for real_world_test data: 4
Number of true negatives for real_world_test data: 10
Number of false positives for real_world_test data: 2
Number of false negatives for real_world_test data: 14
Data saved at /home/brendonm/pulse_count_real_world_test/time1538170089_epoch82.json
Train on 3304 samples, validate on 2000 samples
Epoch 1/1
3304/3304 [==============================] - 1s 238us/step - loss: 0.0250 - acc: 0.9958 - val_loss: 0.0239 - val_acc: 0.9950
Number of true positives for validation data: 140
Number of true negatives for validation data: 1850
Number of false positives for validation data: 0
Number of false negatives for validation data: 10
Data saved at /home/brendonm/pulse_count_validation/time1538170090_epoch83.json
Number of true positives for real_world_test data: 3
Number of true negatives for real_world_test data: 10
Number of false positives for real_world_test data: 2
Number of false negatives for real_world_test data: 15
Data saved at /home/brendonm/pulse_count_real_world_test/time1538170090_epoch83.json
Train on 3304 samples, validate on 2000 samples
Epoch 1/1
3304/3304 [==============================] - 1s 237us/step - loss: 0.0245 - acc: 0.9961 - val_loss: 0.0227 - val_acc: 0.9955
Number of true positives for validation data: 141
Number of true negatives for validation data: 1850
Number of false positives for validation data: 0
Number of false negatives for validation data: 9
Data saved at /home/brendonm/pulse_count_validation/time1538170091_epoch84.json
Number of true positives for real_world_test data: 3
Number of true negatives for real_world_test data: 10
Number of false positives for real_world_test data: 2
Number of false negatives for real_world_test data: 15
Data saved at /home/brendonm/pulse_count_real_world_test/time1538170091_epoch84.json
Train on 3304 samples, validate on 2000 samples
Epoch 1/1
3304/3304 [==============================] - 1s 240us/step - loss: 0.0231 - acc: 0.9964 - val_loss: 0.0223 - val_acc: 0.9960
Number of true positives for validation data: 142
Number of true negatives for validation data: 1850
Number of false positives for validation data: 0
Number of false negatives for validation data: 8
Data saved at /home/brendonm/pulse_count_validation/time1538170092_epoch85.json
Number of true positives for real_world_test data: 3
Number of true negatives for real_world_test data: 10
Number of false positives for real_world_test data: 2
Number of false negatives for real_world_test data: 15
Data saved at /home/brendonm/pulse_count_real_world_test/time1538170092_epoch85.json
Train on 3304 samples, validate on 2000 samples
Epoch 1/1
3304/3304 [==============================] - 1s 247us/step - loss: 0.0227 - acc: 0.9964 - val_loss: 0.0223 - val_acc: 0.9955
Number of true positives for validation data: 141
Number of true negatives for validation data: 1850
Number of false positives for validation data: 0
Number of false negatives for validation data: 9
Data saved at /home/brendonm/pulse_count_validation/time1538170093_epoch86.json
Number of true positives for real_world_test data: 2
Number of true negatives for real_world_test data: 10
Number of false positives for real_world_test data: 2
Number of false negatives for real_world_test data: 16
Data saved at /home/brendonm/pulse_count_real_world_test/time1538170093_epoch86.json
Train on 3304 samples, validate on 2000 samples
Epoch 1/1
3304/3304 [==============================] - 1s 241us/step - loss: 0.0224 - acc: 0.9964 - val_loss: 0.0220 - val_acc: 0.9965
Number of true positives for validation data: 143
Number of true negatives for validation data: 1850
Number of false positives for validation data: 0
Number of false negatives for validation data: 7
Data saved at /home/brendonm/pulse_count_validation/time1538170094_epoch87.json
Number of true positives for real_world_test data: 4
Number of true negatives for real_world_test data: 10
Number of false positives for real_world_test data: 2
Number of false negatives for real_world_test data: 14
Data saved at /home/brendonm/pulse_count_real_world_test/time1538170094_epoch87.json
Train on 3304 samples, validate on 2000 samples
Epoch 1/1
3304/3304 [==============================] - 1s 241us/step - loss: 0.0214 - acc: 0.9961 - val_loss: 0.0208 - val_acc: 0.9965
Number of true positives for validation data: 143
Number of true negatives for validation data: 1850
Number of false positives for validation data: 0
Number of false negatives for validation data: 7
Data saved at /home/brendonm/pulse_count_validation/time1538170095_epoch88.json
Number of true positives for real_world_test data: 3
Number of true negatives for real_world_test data: 10
Number of false positives for real_world_test data: 2
Number of false negatives for real_world_test data: 15
Data saved at /home/brendonm/pulse_count_real_world_test/time1538170095_epoch88.json
Train on 3304 samples, validate on 2000 samples
Epoch 1/1
3304/3304 [==============================] - 1s 239us/step - loss: 0.0209 - acc: 0.9967 - val_loss: 0.0203 - val_acc: 0.9965
Number of true positives for validation data: 143
Number of true negatives for validation data: 1850
Number of false positives for validation data: 0
Number of false negatives for validation data: 7
Data saved at /home/brendonm/pulse_count_validation/time1538170096_epoch89.json
Number of true positives for real_world_test data: 4
Number of true negatives for real_world_test data: 10
Number of false positives for real_world_test data: 2
Number of false negatives for real_world_test data: 14
Data saved at /home/brendonm/pulse_count_real_world_test/time1538170096_epoch89.json
Train on 3304 samples, validate on 2000 samples
Epoch 1/1
3304/3304 [==============================] - 1s 244us/step - loss: 0.0209 - acc: 0.9967 - val_loss: 0.0200 - val_acc: 0.9970
Number of true positives for validation data: 144
Number of true negatives for validation data: 1850
Number of false positives for validation data: 0
Number of false negatives for validation data: 6
Data saved at /home/brendonm/pulse_count_validation/time1538170097_epoch90.json
Number of true positives for real_world_test data: 4
Number of true negatives for real_world_test data: 10
Number of false positives for real_world_test data: 2
Number of false negatives for real_world_test data: 14
Data saved at /home/brendonm/pulse_count_real_world_test/time1538170097_epoch90.json
Train on 3304 samples, validate on 2000 samples
Epoch 1/1
3304/3304 [==============================] - 1s 244us/step - loss: 0.0205 - acc: 0.9967 - val_loss: 0.0195 - val_acc: 0.9965
Number of true positives for validation data: 143
Number of true negatives for validation data: 1850
Number of false positives for validation data: 0
Number of false negatives for validation data: 7
Data saved at /home/brendonm/pulse_count_validation/time1538170098_epoch91.json
Number of true positives for real_world_test data: 2
Number of true negatives for real_world_test data: 10
Number of false positives for real_world_test data: 2
Number of false negatives for real_world_test data: 16
Data saved at /home/brendonm/pulse_count_real_world_test/time1538170098_epoch91.json
Train on 3304 samples, validate on 2000 samples
Epoch 1/1
3304/3304 [==============================] - 1s 241us/step - loss: 0.0200 - acc: 0.9970 - val_loss: 0.0191 - val_acc: 0.9970
Number of true positives for validation data: 144
Number of true negatives for validation data: 1850
Number of false positives for validation data: 0
Number of false negatives for validation data: 6
Data saved at /home/brendonm/pulse_count_validation/time1538170099_epoch92.json
Number of true positives for real_world_test data: 4
Number of true negatives for real_world_test data: 10
Number of false positives for real_world_test data: 2
Number of false negatives for real_world_test data: 14
Data saved at /home/brendonm/pulse_count_real_world_test/time1538170099_epoch92.json
Train on 3304 samples, validate on 2000 samples
Epoch 1/1
3304/3304 [==============================] - 1s 239us/step - loss: 0.0195 - acc: 0.9973 - val_loss: 0.0186 - val_acc: 0.9970
Number of true positives for validation data: 144
Number of true negatives for validation data: 1850
Number of false positives for validation data: 0
Number of false negatives for validation data: 6
Data saved at /home/brendonm/pulse_count_validation/time1538170100_epoch93.json
Number of true positives for real_world_test data: 3
Number of true negatives for real_world_test data: 10
Number of false positives for real_world_test data: 2
Number of false negatives for real_world_test data: 15
Data saved at /home/brendonm/pulse_count_real_world_test/time1538170100_epoch93.json
Train on 3304 samples, validate on 2000 samples
Epoch 1/1
3304/3304 [==============================] - 1s 239us/step - loss: 0.0187 - acc: 0.9970 - val_loss: 0.0179 - val_acc: 0.9970
Number of true positives for validation data: 144
Number of true negatives for validation data: 1850
Number of false positives for validation data: 0
Number of false negatives for validation data: 6
Data saved at /home/brendonm/pulse_count_validation/time1538170101_epoch94.json
Number of true positives for real_world_test data: 2
Number of true negatives for real_world_test data: 10
Number of false positives for real_world_test data: 2
Number of false negatives for real_world_test data: 16
Data saved at /home/brendonm/pulse_count_real_world_test/time1538170101_epoch94.json
Train on 3304 samples, validate on 2000 samples
Epoch 1/1
3304/3304 [==============================] - 1s 244us/step - loss: 0.0177 - acc: 0.9973 - val_loss: 0.0175 - val_acc: 0.9970
Number of true positives for validation data: 144
Number of true negatives for validation data: 1850
Number of false positives for validation data: 0
Number of false negatives for validation data: 6
Data saved at /home/brendonm/pulse_count_validation/time1538170102_epoch95.json
Number of true positives for real_world_test data: 4
Number of true negatives for real_world_test data: 10
Number of false positives for real_world_test data: 2
Number of false negatives for real_world_test data: 14
Data saved at /home/brendonm/pulse_count_real_world_test/time1538170102_epoch95.json
Train on 3304 samples, validate on 2000 samples
Epoch 1/1
3304/3304 [==============================] - 1s 242us/step - loss: 0.0177 - acc: 0.9973 - val_loss: 0.0171 - val_acc: 0.9970
Number of true positives for validation data: 144
Number of true negatives for validation data: 1850
Number of false positives for validation data: 0
Number of false negatives for validation data: 6
Data saved at /home/brendonm/pulse_count_validation/time1538170103_epoch96.json
Number of true positives for real_world_test data: 2
Number of true negatives for real_world_test data: 10
Number of false positives for real_world_test data: 2
Number of false negatives for real_world_test data: 16
Data saved at /home/brendonm/pulse_count_real_world_test/time1538170103_epoch96.json
Train on 3304 samples, validate on 2000 samples
Epoch 1/1
3304/3304 [==============================] - 1s 241us/step - loss: 0.0173 - acc: 0.9973 - val_loss: 0.0169 - val_acc: 0.9970
Number of true positives for validation data: 144
Number of true negatives for validation data: 1850
Number of false positives for validation data: 0
Number of false negatives for validation data: 6
Data saved at /home/brendonm/pulse_count_validation/time1538170104_epoch97.json
Number of true positives for real_world_test data: 2
Number of true negatives for real_world_test data: 10
Number of false positives for real_world_test data: 2
Number of false negatives for real_world_test data: 16
Data saved at /home/brendonm/pulse_count_real_world_test/time1538170104_epoch97.json
Train on 3304 samples, validate on 2000 samples
Epoch 1/1
3304/3304 [==============================] - 1s 240us/step - loss: 0.0175 - acc: 0.9970 - val_loss: 0.0166 - val_acc: 0.9970
Number of true positives for validation data: 144
Number of true negatives for validation data: 1850
Number of false positives for validation data: 0
Number of false negatives for validation data: 6
Data saved at /home/brendonm/pulse_count_validation/time1538170104_epoch98.json
Number of true positives for real_world_test data: 2
Number of true negatives for real_world_test data: 10
Number of false positives for real_world_test data: 2
Number of false negatives for real_world_test data: 16
Data saved at /home/brendonm/pulse_count_real_world_test/time1538170105_epoch98.json
Train on 3304 samples, validate on 2000 samples
Epoch 1/1
3304/3304 [==============================] - 1s 237us/step - loss: 0.0170 - acc: 0.9973 - val_loss: 0.0174 - val_acc: 0.9970
Number of true positives for validation data: 144
Number of true negatives for validation data: 1850
Number of false positives for validation data: 0
Number of false negatives for validation data: 6
Data saved at /home/brendonm/pulse_count_validation/time1538170105_epoch99.json
Number of true positives for real_world_test data: 4
Number of true negatives for real_world_test data: 10
Number of false positives for real_world_test data: 2
Number of false negatives for real_world_test data: 14
Data saved at /home/brendonm/pulse_count_real_world_test/time1538170105_epoch99.json
