Using TensorFlow backend.
_________________________________________________________________
Layer (type)                 Output Shape              Param #   
=================================================================
batch_normalization_1 (Batch (None, 72)                288       
_________________________________________________________________
dense_1 (Dense)              (None, 12)                876       
_________________________________________________________________
dropout_1 (Dropout)          (None, 12)                0         
_________________________________________________________________
dense_2 (Dense)              (None, 1)                 13        
=================================================================
Total params: 1,177
Trainable params: 1,033
Non-trainable params: 144
_________________________________________________________________
None
Train on 1555 samples, validate on 128 samples
Epoch 1/100
2018-07-15 20:55:06.760832: I tensorflow/core/platform/cpu_feature_guard.cc:140] Your CPU supports instructions that this TensorFlow binary was not compiled to use: AVX2 FMA
2018-07-15 20:55:06.824965: I tensorflow/stream_executor/cuda/cuda_gpu_executor.cc:898] successful NUMA node read from SysFS had negative value (-1), but there must be at least one NUMA node, so returning NUMA node zero
2018-07-15 20:55:06.825316: I tensorflow/core/common_runtime/gpu/gpu_device.cc:1356] Found device 0 with properties: 
name: GeForce GTX 1080 major: 6 minor: 1 memoryClockRate(GHz): 1.8475
pciBusID: 0000:01:00.0
totalMemory: 7.93GiB freeMemory: 6.93GiB
2018-07-15 20:55:06.825328: I tensorflow/core/common_runtime/gpu/gpu_device.cc:1435] Adding visible gpu devices: 0
2018-07-15 20:55:06.957812: I tensorflow/core/common_runtime/gpu/gpu_device.cc:923] Device interconnect StreamExecutor with strength 1 edge matrix:
2018-07-15 20:55:06.957840: I tensorflow/core/common_runtime/gpu/gpu_device.cc:929]      0 
2018-07-15 20:55:06.957845: I tensorflow/core/common_runtime/gpu/gpu_device.cc:942] 0:   N 
2018-07-15 20:55:06.957962: I tensorflow/core/common_runtime/gpu/gpu_device.cc:1053] Created TensorFlow device (/job:localhost/replica:0/task:0/device:GPU:0 with 6687 MB memory) -> physical GPU (device: 0, name: GeForce GTX 1080, pci bus id: 0000:01:00.0, compute capability: 6.1)
1555/1555 [==============================] - 1s 374us/step - loss: 0.2415 - acc: 0.5871 - val_loss: 0.1553 - val_acc: 0.8594
Epoch 2/100
1555/1555 [==============================] - 0s 49us/step - loss: 0.1915 - acc: 0.7235 - val_loss: 0.1494 - val_acc: 0.8984
Epoch 3/100
1555/1555 [==============================] - 0s 48us/step - loss: 0.1631 - acc: 0.7704 - val_loss: 0.1509 - val_acc: 0.8750
Epoch 4/100
1555/1555 [==============================] - 0s 48us/step - loss: 0.1468 - acc: 0.8084 - val_loss: 0.1604 - val_acc: 0.8047
Epoch 5/100
1555/1555 [==============================] - 0s 48us/step - loss: 0.1302 - acc: 0.8347 - val_loss: 0.1672 - val_acc: 0.7656
Epoch 6/100
1555/1555 [==============================] - 0s 48us/step - loss: 0.1271 - acc: 0.8341 - val_loss: 0.1829 - val_acc: 0.6953
Epoch 7/100
1555/1555 [==============================] - 0s 47us/step - loss: 0.1235 - acc: 0.8360 - val_loss: 0.1730 - val_acc: 0.7422
Epoch 8/100
1555/1555 [==============================] - 0s 48us/step - loss: 0.1185 - acc: 0.8482 - val_loss: 0.1746 - val_acc: 0.7266
Epoch 9/100
1555/1555 [==============================] - 0s 47us/step - loss: 0.1181 - acc: 0.8514 - val_loss: 0.1700 - val_acc: 0.7266
Epoch 10/100
1555/1555 [==============================] - 0s 48us/step - loss: 0.1210 - acc: 0.8469 - val_loss: 0.1671 - val_acc: 0.7344
Epoch 11/100
1555/1555 [==============================] - 0s 47us/step - loss: 0.1140 - acc: 0.8553 - val_loss: 0.1614 - val_acc: 0.7578
Epoch 12/100
1555/1555 [==============================] - 0s 48us/step - loss: 0.1122 - acc: 0.8585 - val_loss: 0.1830 - val_acc: 0.7109
Epoch 13/100
1555/1555 [==============================] - 0s 47us/step - loss: 0.1114 - acc: 0.8495 - val_loss: 0.1752 - val_acc: 0.7266
Epoch 14/100
1555/1555 [==============================] - 0s 47us/step - loss: 0.1077 - acc: 0.8656 - val_loss: 0.1493 - val_acc: 0.7734
Epoch 15/100
1555/1555 [==============================] - 0s 48us/step - loss: 0.1087 - acc: 0.8656 - val_loss: 0.1677 - val_acc: 0.7344
Epoch 16/100
1555/1555 [==============================] - 0s 47us/step - loss: 0.1075 - acc: 0.8559 - val_loss: 0.1534 - val_acc: 0.7578
Epoch 17/100
1555/1555 [==============================] - 0s 48us/step - loss: 0.1076 - acc: 0.8630 - val_loss: 0.1450 - val_acc: 0.7812
Epoch 18/100
1555/1555 [==============================] - 0s 48us/step - loss: 0.1094 - acc: 0.8559 - val_loss: 0.1508 - val_acc: 0.7734
Epoch 19/100
1555/1555 [==============================] - 0s 48us/step - loss: 0.1086 - acc: 0.8547 - val_loss: 0.1444 - val_acc: 0.7812
Epoch 20/100
1555/1555 [==============================] - 0s 48us/step - loss: 0.1101 - acc: 0.8605 - val_loss: 0.1304 - val_acc: 0.8203
Epoch 21/100
1555/1555 [==============================] - 0s 48us/step - loss: 0.1032 - acc: 0.8701 - val_loss: 0.1461 - val_acc: 0.7812
Epoch 22/100
1555/1555 [==============================] - 0s 48us/step - loss: 0.1044 - acc: 0.8656 - val_loss: 0.1350 - val_acc: 0.8047
Epoch 23/100
1555/1555 [==============================] - 0s 48us/step - loss: 0.1040 - acc: 0.8714 - val_loss: 0.1397 - val_acc: 0.7812
Epoch 24/100
1555/1555 [==============================] - 0s 48us/step - loss: 0.1050 - acc: 0.8630 - val_loss: 0.1347 - val_acc: 0.8125
Epoch 25/100
1555/1555 [==============================] - 0s 48us/step - loss: 0.1035 - acc: 0.8662 - val_loss: 0.1329 - val_acc: 0.8203
Epoch 26/100
1555/1555 [==============================] - 0s 48us/step - loss: 0.1019 - acc: 0.8656 - val_loss: 0.1322 - val_acc: 0.8125
Epoch 27/100
1555/1555 [==============================] - 0s 47us/step - loss: 0.0993 - acc: 0.8727 - val_loss: 0.1248 - val_acc: 0.8359
Epoch 28/100
1555/1555 [==============================] - 0s 47us/step - loss: 0.1006 - acc: 0.8630 - val_loss: 0.1388 - val_acc: 0.7969
Epoch 29/100
1555/1555 [==============================] - 0s 47us/step - loss: 0.1014 - acc: 0.8682 - val_loss: 0.1550 - val_acc: 0.7656
Epoch 30/100
1555/1555 [==============================] - 0s 48us/step - loss: 0.1061 - acc: 0.8579 - val_loss: 0.1632 - val_acc: 0.7422
Epoch 31/100
1555/1555 [==============================] - 0s 47us/step - loss: 0.1003 - acc: 0.8669 - val_loss: 0.1187 - val_acc: 0.8594
Epoch 32/100
1555/1555 [==============================] - 0s 47us/step - loss: 0.0997 - acc: 0.8714 - val_loss: 0.1234 - val_acc: 0.8438
Epoch 33/100
1555/1555 [==============================] - 0s 48us/step - loss: 0.1040 - acc: 0.8598 - val_loss: 0.1217 - val_acc: 0.8359
Epoch 34/100
1555/1555 [==============================] - 0s 48us/step - loss: 0.0997 - acc: 0.8720 - val_loss: 0.1411 - val_acc: 0.7734
Epoch 35/100
1555/1555 [==============================] - 0s 47us/step - loss: 0.0982 - acc: 0.8727 - val_loss: 0.1352 - val_acc: 0.7891
Epoch 36/100
1555/1555 [==============================] - 0s 47us/step - loss: 0.0980 - acc: 0.8759 - val_loss: 0.1178 - val_acc: 0.8750
Epoch 37/100
1555/1555 [==============================] - 0s 48us/step - loss: 0.1030 - acc: 0.8701 - val_loss: 0.1398 - val_acc: 0.7891
Epoch 38/100
1555/1555 [==============================] - 0s 47us/step - loss: 0.1011 - acc: 0.8707 - val_loss: 0.1235 - val_acc: 0.8203
Epoch 39/100
1555/1555 [==============================] - 0s 48us/step - loss: 0.0974 - acc: 0.8695 - val_loss: 0.1315 - val_acc: 0.8125
Epoch 40/100
1555/1555 [==============================] - 0s 48us/step - loss: 0.0991 - acc: 0.8752 - val_loss: 0.1259 - val_acc: 0.8281
Epoch 41/100
1555/1555 [==============================] - 0s 48us/step - loss: 0.0984 - acc: 0.8720 - val_loss: 0.1235 - val_acc: 0.8281
Epoch 42/100
1555/1555 [==============================] - 0s 48us/step - loss: 0.1036 - acc: 0.8656 - val_loss: 0.1234 - val_acc: 0.8203
Epoch 43/100
1555/1555 [==============================] - 0s 48us/step - loss: 0.1007 - acc: 0.8727 - val_loss: 0.1364 - val_acc: 0.7734
Epoch 44/100
1555/1555 [==============================] - 0s 47us/step - loss: 0.0936 - acc: 0.8778 - val_loss: 0.1146 - val_acc: 0.8672
Epoch 45/100
1555/1555 [==============================] - 0s 47us/step - loss: 0.1009 - acc: 0.8675 - val_loss: 0.1273 - val_acc: 0.8281
Epoch 46/100
1555/1555 [==============================] - 0s 48us/step - loss: 0.0966 - acc: 0.8707 - val_loss: 0.1185 - val_acc: 0.8516
Epoch 47/100
1555/1555 [==============================] - 0s 48us/step - loss: 0.0995 - acc: 0.8688 - val_loss: 0.1220 - val_acc: 0.8594
Epoch 48/100
1555/1555 [==============================] - 0s 48us/step - loss: 0.0995 - acc: 0.8720 - val_loss: 0.1257 - val_acc: 0.8516
Epoch 49/100
1555/1555 [==============================] - 0s 48us/step - loss: 0.0968 - acc: 0.8765 - val_loss: 0.1174 - val_acc: 0.8594
Epoch 50/100
1555/1555 [==============================] - 0s 47us/step - loss: 0.0976 - acc: 0.8727 - val_loss: 0.1357 - val_acc: 0.8125
Epoch 51/100
1555/1555 [==============================] - 0s 47us/step - loss: 0.0956 - acc: 0.8817 - val_loss: 0.1373 - val_acc: 0.7891
Epoch 52/100
1555/1555 [==============================] - 0s 48us/step - loss: 0.0940 - acc: 0.8727 - val_loss: 0.1287 - val_acc: 0.8203
Epoch 53/100
1555/1555 [==============================] - 0s 47us/step - loss: 0.0947 - acc: 0.8817 - val_loss: 0.1186 - val_acc: 0.8594
Epoch 54/100
1555/1555 [==============================] - 0s 47us/step - loss: 0.0976 - acc: 0.8727 - val_loss: 0.1390 - val_acc: 0.7891
Epoch 55/100
1555/1555 [==============================] - 0s 47us/step - loss: 0.0938 - acc: 0.8823 - val_loss: 0.1337 - val_acc: 0.8125
Epoch 56/100
1555/1555 [==============================] - 0s 47us/step - loss: 0.0957 - acc: 0.8720 - val_loss: 0.1263 - val_acc: 0.8438
Epoch 57/100
1555/1555 [==============================] - 0s 48us/step - loss: 0.0973 - acc: 0.8701 - val_loss: 0.1290 - val_acc: 0.8359
Epoch 58/100
1555/1555 [==============================] - 0s 47us/step - loss: 0.0960 - acc: 0.8759 - val_loss: 0.1382 - val_acc: 0.7734
Epoch 59/100
1555/1555 [==============================] - 0s 47us/step - loss: 0.0919 - acc: 0.8765 - val_loss: 0.1304 - val_acc: 0.8203
Epoch 60/100
1555/1555 [==============================] - 0s 48us/step - loss: 0.0944 - acc: 0.8791 - val_loss: 0.1434 - val_acc: 0.7734
Epoch 61/100
1555/1555 [==============================] - 0s 48us/step - loss: 0.1023 - acc: 0.8707 - val_loss: 0.1094 - val_acc: 0.8672
Epoch 62/100
1555/1555 [==============================] - 0s 48us/step - loss: 0.0998 - acc: 0.8688 - val_loss: 0.1290 - val_acc: 0.8047
Epoch 63/100
1555/1555 [==============================] - 0s 47us/step - loss: 0.0964 - acc: 0.8669 - val_loss: 0.1275 - val_acc: 0.8203
Epoch 64/100
1555/1555 [==============================] - 0s 48us/step - loss: 0.0977 - acc: 0.8740 - val_loss: 0.1329 - val_acc: 0.7969
Epoch 65/100
1555/1555 [==============================] - 0s 48us/step - loss: 0.0936 - acc: 0.8830 - val_loss: 0.1282 - val_acc: 0.8125
Epoch 66/100
1555/1555 [==============================] - 0s 47us/step - loss: 0.0950 - acc: 0.8772 - val_loss: 0.1337 - val_acc: 0.7969
Epoch 67/100
1555/1555 [==============================] - 0s 47us/step - loss: 0.0938 - acc: 0.8823 - val_loss: 0.1191 - val_acc: 0.8594
Epoch 68/100
1555/1555 [==============================] - 0s 47us/step - loss: 0.0968 - acc: 0.8772 - val_loss: 0.1318 - val_acc: 0.8047
Epoch 69/100
1555/1555 [==============================] - 0s 47us/step - loss: 0.0992 - acc: 0.8707 - val_loss: 0.1290 - val_acc: 0.8281
Epoch 70/100
1555/1555 [==============================] - 0s 48us/step - loss: 0.0971 - acc: 0.8727 - val_loss: 0.1151 - val_acc: 0.8672
Epoch 71/100
1555/1555 [==============================] - 0s 47us/step - loss: 0.0971 - acc: 0.8720 - val_loss: 0.1200 - val_acc: 0.8516
Epoch 72/100
1555/1555 [==============================] - 0s 48us/step - loss: 0.0955 - acc: 0.8752 - val_loss: 0.1276 - val_acc: 0.8125
Epoch 73/100
1555/1555 [==============================] - 0s 48us/step - loss: 0.0905 - acc: 0.8842 - val_loss: 0.1349 - val_acc: 0.7969
Epoch 74/100
1555/1555 [==============================] - 0s 48us/step - loss: 0.0911 - acc: 0.8830 - val_loss: 0.1346 - val_acc: 0.8047
Epoch 75/100
1555/1555 [==============================] - 0s 48us/step - loss: 0.0984 - acc: 0.8682 - val_loss: 0.1351 - val_acc: 0.7891
Epoch 76/100
1555/1555 [==============================] - 0s 47us/step - loss: 0.0940 - acc: 0.8778 - val_loss: 0.1372 - val_acc: 0.7891
Epoch 77/100
1555/1555 [==============================] - 0s 48us/step - loss: 0.0961 - acc: 0.8746 - val_loss: 0.1390 - val_acc: 0.7734
Epoch 78/100
1555/1555 [==============================] - 0s 48us/step - loss: 0.0943 - acc: 0.8797 - val_loss: 0.1143 - val_acc: 0.8750
Epoch 79/100
1555/1555 [==============================] - 0s 47us/step - loss: 0.0954 - acc: 0.8785 - val_loss: 0.1156 - val_acc: 0.8828
Epoch 80/100
1555/1555 [==============================] - 0s 47us/step - loss: 0.0992 - acc: 0.8669 - val_loss: 0.1247 - val_acc: 0.8359
Epoch 81/100
1555/1555 [==============================] - 0s 48us/step - loss: 0.0929 - acc: 0.8823 - val_loss: 0.1488 - val_acc: 0.7656
Epoch 82/100
1555/1555 [==============================] - 0s 47us/step - loss: 0.0889 - acc: 0.8823 - val_loss: 0.1099 - val_acc: 0.8906
Epoch 83/100
1555/1555 [==============================] - 0s 47us/step - loss: 0.0916 - acc: 0.8810 - val_loss: 0.1179 - val_acc: 0.8828
Epoch 84/100
1555/1555 [==============================] - 0s 48us/step - loss: 0.0916 - acc: 0.8836 - val_loss: 0.1283 - val_acc: 0.8047
Epoch 85/100
1555/1555 [==============================] - 0s 47us/step - loss: 0.0922 - acc: 0.8830 - val_loss: 0.1264 - val_acc: 0.8359
Epoch 86/100
1555/1555 [==============================] - 0s 48us/step - loss: 0.0937 - acc: 0.8765 - val_loss: 0.1198 - val_acc: 0.8672
Epoch 87/100
1555/1555 [==============================] - 0s 48us/step - loss: 0.0958 - acc: 0.8823 - val_loss: 0.1258 - val_acc: 0.8203
Epoch 88/100
1555/1555 [==============================] - 0s 47us/step - loss: 0.0929 - acc: 0.8791 - val_loss: 0.1299 - val_acc: 0.8047
Epoch 89/100
1555/1555 [==============================] - 0s 48us/step - loss: 0.0935 - acc: 0.8778 - val_loss: 0.1032 - val_acc: 0.8984
Epoch 90/100
1555/1555 [==============================] - 0s 49us/step - loss: 0.0949 - acc: 0.8772 - val_loss: 0.1314 - val_acc: 0.8281
Epoch 91/100
1555/1555 [==============================] - 0s 49us/step - loss: 0.0918 - acc: 0.8785 - val_loss: 0.1353 - val_acc: 0.7891
Epoch 92/100
1555/1555 [==============================] - 0s 48us/step - loss: 0.0908 - acc: 0.8868 - val_loss: 0.1339 - val_acc: 0.7969
Epoch 93/100
1555/1555 [==============================] - 0s 48us/step - loss: 0.0971 - acc: 0.8740 - val_loss: 0.1383 - val_acc: 0.7734
Epoch 94/100
1555/1555 [==============================] - 0s 47us/step - loss: 0.0938 - acc: 0.8804 - val_loss: 0.1462 - val_acc: 0.7656
Epoch 95/100
1555/1555 [==============================] - 0s 47us/step - loss: 0.0942 - acc: 0.8733 - val_loss: 0.1232 - val_acc: 0.8281
Epoch 96/100
1555/1555 [==============================] - 0s 48us/step - loss: 0.0934 - acc: 0.8785 - val_loss: 0.1143 - val_acc: 0.8828
Epoch 97/100
1555/1555 [==============================] - 0s 48us/step - loss: 0.0914 - acc: 0.8855 - val_loss: 0.1314 - val_acc: 0.8125
Epoch 98/100
1555/1555 [==============================] - 0s 48us/step - loss: 0.0960 - acc: 0.8740 - val_loss: 0.1280 - val_acc: 0.8203
Epoch 99/100
1555/1555 [==============================] - 0s 48us/step - loss: 0.0968 - acc: 0.8720 - val_loss: 0.1305 - val_acc: 0.8125
Epoch 100/100
1555/1555 [==============================] - 0s 48us/step - loss: 0.0936 - acc: 0.8810 - val_loss: 0.1087 - val_acc: 0.8906
Data saved at /home/brendonm/banded_low_resolution_time1531702514_epoch99.json
