Configuration: /home/brendonm/banded_grid_search/dropout0.25/l2_lambda0.003/training_examples64/ Accuracy: 0.9713107638888889 CWSD: 0.25819182151328907 Precision: 0.9603736240440659 Recall: 0.9948717948717949
Configuration: /home/brendonm/banded_grid_search/dropout0.25/l2_lambda0.003/training_examples256/ Accuracy: 0.9669618055555556 CWSD: 0.2693028699273165 Precision: 0.948877517865203 Recall: 0.9951690821256038
Configuration: /home/brendonm/banded_grid_search/dropout0/l2_lambda0/training_examples128/ Accuracy: 0.9472309027777778 CWSD: 0.3864992590621264 Precision: 0.9274557697888585 Recall: 0.9923868312757201
Configuration: /home/brendonm/banded_grid_search/dropout0/l2_lambda0.003/training_examples256/ Accuracy: 0.961796875 CWSD: 0.2813854047437936 Precision: 0.9408076705228741 Recall: 0.9979682539682541
Configuration: /home/brendonm/banded_grid_search/dropout0/l2_lambda0.001/training_examples64/ Accuracy: 0.8886024305555555 CWSD: 0.4614218027604678 Precision: 0.8480158218300691 Recall: 0.9993925925925926
Configuration: /home/brendonm/banded_grid_search/dropout0.5/l2_lambda0.001/training_examples256/ Accuracy: 0.9499392361111111 CWSD: 0.354179506034284 Precision: 0.9301273843634092 Recall: 0.9900857487922705
Configuration: /home/brendonm/banded_grid_search/dropout0.25/l2_lambda0.003/training_examples128/ Accuracy: 0.9444010416666666 CWSD: 0.3989293019824205 Precision: 0.9257515366926091 Recall: 0.9919046217250514
Configuration: /home/brendonm/banded_grid_search/dropout0.5/l2_lambda0/training_examples256/ Accuracy: 0.9514583333333333 CWSD: 0.3318997361754864 Precision: 0.9306239541874861 Recall: 0.9956695156695158
Configuration: /home/brendonm/banded_grid_search/dropout0/l2_lambda0/training_examples64/ Accuracy: 0.8862239583333333 CWSD: 0.46360772310572856 Precision: 0.8422938396535451 Recall: 1.0
Configuration: /home/brendonm/banded_grid_search/dropout0.25/l2_lambda0.001/training_examples32/ Accuracy: 0.8463541666666666 CWSD: 0.6412225597468176 Precision: 0.8085098673877439 Recall: 0.9828572862448199
Configuration: /home/brendonm/banded_grid_search/dropout0.25/l2_lambda0.001/training_examples64/ Accuracy: 0.8987413194444445 CWSD: 0.5229891101553199 Precision: 0.8715188004941853 Recall: 0.9875102880658435
Configuration: /home/brendonm/banded_grid_search/dropout0.25/l2_lambda0.001/training_examples256/ Accuracy: 0.9612326388888889 CWSD: 0.3054709020920808 Precision: 0.9431584405198664 Recall: 0.9953362573099414
Configuration: /home/brendonm/banded_grid_search/dropout0.5/l2_lambda0/training_examples32/ Accuracy: 0.8369965277777778 CWSD: 0.6935755621412758 Precision: 0.866431097942467 Recall: 0.8746963175514108
Configuration: /home/brendonm/banded_grid_search/dropout0.25/l2_lambda0/training_examples64/ Accuracy: 0.8914583333333334 CWSD: 0.49371591168050816 Precision: 0.8573883967902155 Recall: 0.9924242424242425
Configuration: /home/brendonm/banded_grid_search/dropout0.5/l2_lambda0.001/training_examples64/ Accuracy: 0.9382986111111111 CWSD: 0.4183270495669309 Precision: 0.9202722933216431 Recall: 0.9847776638566111
Configuration: /home/brendonm/banded_grid_search/dropout0.5/l2_lambda0.001/training_examples32/ Accuracy: 0.8140885416666667 CWSD: 0.642911103482256 Precision: 0.7971337511281376 Recall: 0.9475850946439182
Configuration: /home/brendonm/banded_grid_search/dropout0/l2_lambda0.003/training_examples64/ Accuracy: 0.9284809027777777 CWSD: 0.3930239573456669 Precision: 0.9042105316069492 Recall: 0.9956140350877193
Configuration: /home/brendonm/banded_grid_search/dropout0.5/l2_lambda0.003/training_examples32/ Accuracy: 0.8504600694444444 CWSD: 0.6563484554299247 Precision: 0.8503183646184825 Recall: 0.9380546479175478
Configuration: /home/brendonm/banded_grid_search/dropout0/l2_lambda0.001/training_examples256/ Accuracy: 0.9442534722222222 CWSD: 0.3881208608060187 Precision: 0.9257756382417188 Recall: 0.9865539664273842
Configuration: /home/brendonm/banded_grid_search/dropout0.5/l2_lambda0.003/training_examples256/ Accuracy: 0.9674913194444444 CWSD: 0.29729724432660837 Precision: 0.9495954347143126 Recall: 0.9993333333333333
Configuration: /home/brendonm/banded_grid_search/dropout0.5/l2_lambda0/training_examples64/ Accuracy: 0.9181684027777778 CWSD: 0.48503082380995616 Precision: 0.8975423067338532 Recall: 0.9794122383252818
Configuration: /home/brendonm/banded_grid_search/dropout0.25/l2_lambda0/training_examples256/ Accuracy: 0.9518923611111111 CWSD: 0.29549194020175656 Precision: 0.9213200688535279 Recall: 1.0
Configuration: /home/brendonm/banded_grid_search/dropout0.25/l2_lambda0/training_examples128/ Accuracy: 0.9126128472222222 CWSD: 0.4682906349412907 Precision: 0.884739491789718 Recall: 0.9926270221007063
Configuration: /home/brendonm/banded_grid_search/dropout0/l2_lambda0/training_examples32/ Accuracy: 0.8932291666666666 CWSD: 0.5392262281190899 Precision: 0.8678372214957583 Recall: 0.9774061554883473
Configuration: /home/brendonm/banded_grid_search/dropout0.5/l2_lambda0/training_examples128/ Accuracy: 0.9235069444444445 CWSD: 0.4070439556235928 Precision: 0.890986824600101 Recall: 0.9999259259259259
Configuration: /home/brendonm/banded_grid_search/dropout0.5/l2_lambda0.001/training_examples128/ Accuracy: 0.9477604166666667 CWSD: 0.3910016115436294 Precision: 0.9296853845155808 Recall: 0.9965079365079365
Configuration: /home/brendonm/banded_grid_search/dropout0.25/l2_lambda0/training_examples32/ Accuracy: 0.9479166666666666 CWSD: 0.4583700185023936 Precision: 0.9472405703808677 Recall: 0.9764237565454604
Configuration: /home/brendonm/banded_grid_search/dropout0/l2_lambda0.001/training_examples128/ Accuracy: 0.9454600694444444 CWSD: 0.3978898559186275 Precision: 0.9240943482922529 Recall: 0.9977777777777778
Configuration: /home/brendonm/banded_grid_search/dropout0/l2_lambda0.003/training_examples128/ Accuracy: 0.95 CWSD: 0.32423860940877614 Precision: 0.9256675719408903 Recall: 1.0
Configuration: /home/brendonm/banded_grid_search/dropout0/l2_lambda0.001/training_examples32/ Accuracy: 0.8463541666666666 CWSD: 0.6360095957524661 Precision: 0.8145029239766082 Recall: 0.9736111111111111
Configuration: /home/brendonm/banded_grid_search/dropout0/l2_lambda0.003/training_examples32/ Accuracy: 0.8098958333333334 CWSD: 0.6629380439068367 Precision: 0.7631886805701846 Recall: 0.9868025392582692
Configuration: /home/brendonm/banded_grid_search/dropout0.25/l2_lambda0.001/training_examples128/ Accuracy: 0.9334201388888889 CWSD: 0.37326172016512943 Precision: 0.9010011300690305 Recall: 0.9955555555555554
Configuration: /home/brendonm/banded_grid_search/dropout0/l2_lambda0/training_examples256/ Accuracy: 0.9002430555555555 CWSD: 0.47683751117917855 Precision: 0.8629715321436775 Recall: 0.9955555555555554
Configuration: /home/brendonm/banded_grid_search/dropout0.5/l2_lambda0.003/training_examples64/ Accuracy: 0.8801996527777778 CWSD: 0.5650658346249723 Precision: 0.8470802429448346 Recall: 0.9770116659892804
Configuration: /home/brendonm/banded_grid_search/dropout0.5/l2_lambda0.003/training_examples128/ Accuracy: 0.9471180555555556 CWSD: 0.38080759541802117 Precision: 0.9255946584376512 Recall: 0.9941203703703702
Configuration: /home/brendonm/banded_grid_search/dropout0.25/l2_lambda0.003/training_examples32/ Accuracy: 0.9192795138888888 CWSD: 0.5034166952966741 Precision: 0.9156811678365231 Recall: 0.9549790456833139
Overall mean accuracy: 0.9159121817129628
