Using TensorFlow backend.
/usr/lib/python3.6/importlib/_bootstrap.py:219: RuntimeWarning: numpy.dtype size changed, may indicate binary incompatibility. Expected 96, got 88
  return f(*args, **kwds)
(3304, 510)
(30, 510)
_________________________________________________________________
Layer (type)                 Output Shape              Param #   
=================================================================
batch_normalization_1 (Batch (None, 510)               2040      
_________________________________________________________________
dense_1 (Dense)              (None, 24)                12264     
_________________________________________________________________
dense_2 (Dense)              (None, 1)                 25        
=================================================================
Total params: 14,329
Trainable params: 13,309
Non-trainable params: 1,020
_________________________________________________________________
None
Epoch 0
Train on 2804 samples, validate on 500 samples
Epoch 1/1
2018-10-27 12:27:20.823070: I tensorflow/core/platform/cpu_feature_guard.cc:140] Your CPU supports instructions that this TensorFlow binary was not compiled to use: AVX2 FMA
2018-10-27 12:27:20.903305: I tensorflow/stream_executor/cuda/cuda_gpu_executor.cc:898] successful NUMA node read from SysFS had negative value (-1), but there must be at least one NUMA node, so returning NUMA node zero
2018-10-27 12:27:20.903620: I tensorflow/core/common_runtime/gpu/gpu_device.cc:1356] Found device 0 with properties: 
name: GeForce GTX 1080 major: 6 minor: 1 memoryClockRate(GHz): 1.8475
pciBusID: 0000:01:00.0
totalMemory: 7.93GiB freeMemory: 7.34GiB
2018-10-27 12:27:20.903632: I tensorflow/core/common_runtime/gpu/gpu_device.cc:1435] Adding visible gpu devices: 0
2018-10-27 12:27:21.052972: I tensorflow/core/common_runtime/gpu/gpu_device.cc:923] Device interconnect StreamExecutor with strength 1 edge matrix:
2018-10-27 12:27:21.052999: I tensorflow/core/common_runtime/gpu/gpu_device.cc:929]      0 
2018-10-27 12:27:21.053003: I tensorflow/core/common_runtime/gpu/gpu_device.cc:942] 0:   N 
2018-10-27 12:27:21.053118: I tensorflow/core/common_runtime/gpu/gpu_device.cc:1053] Created TensorFlow device (/job:localhost/replica:0/task:0/device:GPU:0 with 7087 MB memory) -> physical GPU (device: 0, name: GeForce GTX 1080, pci bus id: 0000:01:00.0, compute capability: 6.1)
2804/2804 [==============================] - 1s 246us/step - loss: 0.0291 - acc: 0.2364 - val_loss: 0.6271 - val_acc: 0.1600
Epoch 1
Train on 2804 samples, validate on 500 samples
Epoch 1/1
2804/2804 [==============================] - 0s 49us/step - loss: 0.0200 - acc: 0.1730 - val_loss: 0.5762 - val_acc: 0.1820
Epoch 2
Train on 2804 samples, validate on 500 samples
Epoch 1/1
2804/2804 [==============================] - 0s 49us/step - loss: 0.0155 - acc: 0.2225 - val_loss: 0.5181 - val_acc: 0.2300
Epoch 3
Train on 2804 samples, validate on 500 samples
Epoch 1/1
2804/2804 [==============================] - 0s 49us/step - loss: 0.0122 - acc: 0.2707 - val_loss: 0.4665 - val_acc: 0.2820
Epoch 4
Train on 2804 samples, validate on 500 samples
Epoch 1/1
2804/2804 [==============================] - 0s 49us/step - loss: 0.0098 - acc: 0.3274 - val_loss: 0.4303 - val_acc: 0.3180
Epoch 5
Train on 2804 samples, validate on 500 samples
Epoch 1/1
2804/2804 [==============================] - 0s 49us/step - loss: 0.0081 - acc: 0.3705 - val_loss: 0.3991 - val_acc: 0.3880
Epoch 6
Train on 2804 samples, validate on 500 samples
Epoch 1/1
2804/2804 [==============================] - 0s 50us/step - loss: 0.0069 - acc: 0.4108 - val_loss: 0.3944 - val_acc: 0.4120
Epoch 7
Train on 2804 samples, validate on 500 samples
Epoch 1/1
2804/2804 [==============================] - 0s 49us/step - loss: 0.0059 - acc: 0.4501 - val_loss: 0.3716 - val_acc: 0.4460
Epoch 8
Train on 2804 samples, validate on 500 samples
Epoch 1/1
2804/2804 [==============================] - 0s 49us/step - loss: 0.0052 - acc: 0.4622 - val_loss: 0.3683 - val_acc: 0.4620
Epoch 9
Train on 2804 samples, validate on 500 samples
Epoch 1/1
2804/2804 [==============================] - 0s 49us/step - loss: 0.0048 - acc: 0.4811 - val_loss: 0.3644 - val_acc: 0.4760
Epoch 10
Train on 2804 samples, validate on 500 samples
Epoch 1/1
2804/2804 [==============================] - 0s 50us/step - loss: 0.0044 - acc: 0.5089 - val_loss: 0.3651 - val_acc: 0.4720
Epoch 11
Train on 2804 samples, validate on 500 samples
Epoch 1/1
2804/2804 [==============================] - 0s 50us/step - loss: 0.0043 - acc: 0.4911 - val_loss: 0.3626 - val_acc: 0.4820
Epoch 12
Train on 2804 samples, validate on 500 samples
Epoch 1/1
2804/2804 [==============================] - 0s 50us/step - loss: 0.0039 - acc: 0.5225 - val_loss: 0.3369 - val_acc: 0.5120
Epoch 13
Train on 2804 samples, validate on 500 samples
Epoch 1/1
2804/2804 [==============================] - 0s 49us/step - loss: 0.0038 - acc: 0.5307 - val_loss: 0.3503 - val_acc: 0.5120
Epoch 14
Train on 2804 samples, validate on 500 samples
Epoch 1/1
2804/2804 [==============================] - 0s 50us/step - loss: 0.0038 - acc: 0.5350 - val_loss: 0.3604 - val_acc: 0.5020
Epoch 15
Train on 2804 samples, validate on 500 samples
Epoch 1/1
2804/2804 [==============================] - 0s 50us/step - loss: 0.0039 - acc: 0.5039 - val_loss: 0.3733 - val_acc: 0.5020
Epoch 16
Train on 2804 samples, validate on 500 samples
Epoch 1/1
2804/2804 [==============================] - 0s 50us/step - loss: 0.0038 - acc: 0.5121 - val_loss: 0.3494 - val_acc: 0.5220
Epoch 17
Train on 2804 samples, validate on 500 samples
Epoch 1/1
2804/2804 [==============================] - 0s 49us/step - loss: 0.0040 - acc: 0.5068 - val_loss: 0.4021 - val_acc: 0.4620
Epoch 18
Train on 2804 samples, validate on 500 samples
Epoch 1/1
2804/2804 [==============================] - 0s 49us/step - loss: 0.0040 - acc: 0.4843 - val_loss: 0.4146 - val_acc: 0.4380
Epoch 19
Train on 2804 samples, validate on 500 samples
Epoch 1/1
2804/2804 [==============================] - 0s 49us/step - loss: 0.0039 - acc: 0.4804 - val_loss: 0.3949 - val_acc: 0.4580
Epoch 20
Train on 2804 samples, validate on 500 samples
Epoch 1/1
2804/2804 [==============================] - 0s 49us/step - loss: 0.0038 - acc: 0.5000 - val_loss: 0.3799 - val_acc: 0.4720
Epoch 21
Train on 2804 samples, validate on 500 samples
Epoch 1/1
2804/2804 [==============================] - 0s 49us/step - loss: 0.0037 - acc: 0.4986 - val_loss: 0.3802 - val_acc: 0.4700
Epoch 22
Train on 2804 samples, validate on 500 samples
Epoch 1/1
2804/2804 [==============================] - 0s 50us/step - loss: 0.0037 - acc: 0.5168 - val_loss: 0.4030 - val_acc: 0.4640
Epoch 23
Train on 2804 samples, validate on 500 samples
Epoch 1/1
2804/2804 [==============================] - 0s 49us/step - loss: 0.0036 - acc: 0.5068 - val_loss: 0.3795 - val_acc: 0.4860
Epoch 24
Train on 2804 samples, validate on 500 samples
Epoch 1/1
2804/2804 [==============================] - 0s 50us/step - loss: 0.0038 - acc: 0.4911 - val_loss: 0.3724 - val_acc: 0.4980
Epoch 25
Train on 2804 samples, validate on 500 samples
Epoch 1/1
2804/2804 [==============================] - 0s 50us/step - loss: 0.0037 - acc: 0.5118 - val_loss: 0.3999 - val_acc: 0.4600
Epoch 26
Train on 2804 samples, validate on 500 samples
Epoch 1/1
2804/2804 [==============================] - 0s 49us/step - loss: 0.0037 - acc: 0.4765 - val_loss: 0.3655 - val_acc: 0.4980
Epoch 27
Train on 2804 samples, validate on 500 samples
Epoch 1/1
2804/2804 [==============================] - 0s 49us/step - loss: 0.0036 - acc: 0.5239 - val_loss: 0.4033 - val_acc: 0.4580
Epoch 28
Train on 2804 samples, validate on 500 samples
Epoch 1/1
2804/2804 [==============================] - 0s 49us/step - loss: 0.0039 - acc: 0.4636 - val_loss: 0.4026 - val_acc: 0.4680
Epoch 29
Train on 2804 samples, validate on 500 samples
Epoch 1/1
2804/2804 [==============================] - 0s 49us/step - loss: 0.0036 - acc: 0.4911 - val_loss: 0.3849 - val_acc: 0.4880
Epoch 30
Train on 2804 samples, validate on 500 samples
Epoch 1/1
2804/2804 [==============================] - 0s 49us/step - loss: 0.0035 - acc: 0.5121 - val_loss: 0.3907 - val_acc: 0.4740
Epoch 31
Train on 2804 samples, validate on 500 samples
Epoch 1/1
2804/2804 [==============================] - 0s 49us/step - loss: 0.0035 - acc: 0.5071 - val_loss: 0.3786 - val_acc: 0.4820
Epoch 32
Train on 2804 samples, validate on 500 samples
Epoch 1/1
2804/2804 [==============================] - 0s 50us/step - loss: 0.0034 - acc: 0.5175 - val_loss: 0.3613 - val_acc: 0.5080
Epoch 33
Train on 2804 samples, validate on 500 samples
Epoch 1/1
2804/2804 [==============================] - 0s 49us/step - loss: 0.0037 - acc: 0.4936 - val_loss: 0.4209 - val_acc: 0.4340
Epoch 34
Train on 2804 samples, validate on 500 samples
Epoch 1/1
2804/2804 [==============================] - 0s 49us/step - loss: 0.0036 - acc: 0.4914 - val_loss: 0.3785 - val_acc: 0.4800
Epoch 35
Train on 2804 samples, validate on 500 samples
Epoch 1/1
2804/2804 [==============================] - 0s 49us/step - loss: 0.0036 - acc: 0.5111 - val_loss: 0.4085 - val_acc: 0.4540
Epoch 36
Train on 2804 samples, validate on 500 samples
Epoch 1/1
2804/2804 [==============================] - 0s 49us/step - loss: 0.0036 - acc: 0.4811 - val_loss: 0.3788 - val_acc: 0.4940
Epoch 37
Train on 2804 samples, validate on 500 samples
Epoch 1/1
2804/2804 [==============================] - 0s 49us/step - loss: 0.0035 - acc: 0.5053 - val_loss: 0.3875 - val_acc: 0.4580
Epoch 38
Train on 2804 samples, validate on 500 samples
Epoch 1/1
2804/2804 [==============================] - 0s 49us/step - loss: 0.0034 - acc: 0.5193 - val_loss: 0.3687 - val_acc: 0.5000
Epoch 39
Train on 2804 samples, validate on 500 samples
Epoch 1/1
2804/2804 [==============================] - 0s 49us/step - loss: 0.0033 - acc: 0.5232 - val_loss: 0.3748 - val_acc: 0.4840
Epoch 40
Train on 2804 samples, validate on 500 samples
Epoch 1/1
2804/2804 [==============================] - 0s 49us/step - loss: 0.0035 - acc: 0.5168 - val_loss: 0.3920 - val_acc: 0.4800
Epoch 41
Train on 2804 samples, validate on 500 samples
Epoch 1/1
2804/2804 [==============================] - 0s 49us/step - loss: 0.0035 - acc: 0.5136 - val_loss: 0.3874 - val_acc: 0.4780
Epoch 42
Train on 2804 samples, validate on 500 samples
Epoch 1/1
2804/2804 [==============================] - 0s 49us/step - loss: 0.0034 - acc: 0.5218 - val_loss: 0.3659 - val_acc: 0.5060
Epoch 43
Train on 2804 samples, validate on 500 samples
Epoch 1/1
2804/2804 [==============================] - 0s 49us/step - loss: 0.0034 - acc: 0.5132 - val_loss: 0.3594 - val_acc: 0.5100
Epoch 44
Train on 2804 samples, validate on 500 samples
Epoch 1/1
2804/2804 [==============================] - 0s 49us/step - loss: 0.0033 - acc: 0.5342 - val_loss: 0.3792 - val_acc: 0.4740
Epoch 45
Train on 2804 samples, validate on 500 samples
Epoch 1/1
2804/2804 [==============================] - 0s 49us/step - loss: 0.0035 - acc: 0.5146 - val_loss: 0.3849 - val_acc: 0.4820
Epoch 46
Train on 2804 samples, validate on 500 samples
Epoch 1/1
2804/2804 [==============================] - 0s 49us/step - loss: 0.0035 - acc: 0.5082 - val_loss: 0.3979 - val_acc: 0.4700
Epoch 47
Train on 2804 samples, validate on 500 samples
Epoch 1/1
2804/2804 [==============================] - 0s 49us/step - loss: 0.0034 - acc: 0.5146 - val_loss: 0.3922 - val_acc: 0.4700
Epoch 48
Train on 2804 samples, validate on 500 samples
Epoch 1/1
2804/2804 [==============================] - 0s 49us/step - loss: 0.0035 - acc: 0.5021 - val_loss: 0.4023 - val_acc: 0.4560
Epoch 49
Train on 2804 samples, validate on 500 samples
Epoch 1/1
2804/2804 [==============================] - 0s 49us/step - loss: 0.0036 - acc: 0.5125 - val_loss: 0.4119 - val_acc: 0.4460
Epoch 50
Train on 2804 samples, validate on 500 samples
Epoch 1/1
2804/2804 [==============================] - 0s 49us/step - loss: 0.0035 - acc: 0.4864 - val_loss: 0.3717 - val_acc: 0.5000
Epoch 51
Train on 2804 samples, validate on 500 samples
Epoch 1/1
2804/2804 [==============================] - 0s 49us/step - loss: 0.0033 - acc: 0.5243 - val_loss: 0.3732 - val_acc: 0.5000
Epoch 52
Train on 2804 samples, validate on 500 samples
Epoch 1/1
2804/2804 [==============================] - 0s 49us/step - loss: 0.0035 - acc: 0.5150 - val_loss: 0.4222 - val_acc: 0.4440
Epoch 53
Train on 2804 samples, validate on 500 samples
Epoch 1/1
2804/2804 [==============================] - 0s 49us/step - loss: 0.0036 - acc: 0.5004 - val_loss: 0.4399 - val_acc: 0.4220
Epoch 54
Train on 2804 samples, validate on 500 samples
Epoch 1/1
2804/2804 [==============================] - 0s 49us/step - loss: 0.0035 - acc: 0.4950 - val_loss: 0.3799 - val_acc: 0.4840
Epoch 55
Train on 2804 samples, validate on 500 samples
Epoch 1/1
2804/2804 [==============================] - 0s 49us/step - loss: 0.0036 - acc: 0.4929 - val_loss: 0.4281 - val_acc: 0.4060
Epoch 56
Train on 2804 samples, validate on 500 samples
Epoch 1/1
2804/2804 [==============================] - 0s 49us/step - loss: 0.0035 - acc: 0.4825 - val_loss: 0.3875 - val_acc: 0.4720
Epoch 57
Train on 2804 samples, validate on 500 samples
Epoch 1/1
2804/2804 [==============================] - 0s 49us/step - loss: 0.0033 - acc: 0.5150 - val_loss: 0.3657 - val_acc: 0.4940
Epoch 58
Train on 2804 samples, validate on 500 samples
Epoch 1/1
2804/2804 [==============================] - 0s 49us/step - loss: 0.0033 - acc: 0.5442 - val_loss: 0.3611 - val_acc: 0.4900
Epoch 59
Train on 2804 samples, validate on 500 samples
Epoch 1/1
2804/2804 [==============================] - 0s 49us/step - loss: 0.0033 - acc: 0.5207 - val_loss: 0.3415 - val_acc: 0.5180
Epoch 60
Train on 2804 samples, validate on 500 samples
Epoch 1/1
2804/2804 [==============================] - 0s 49us/step - loss: 0.0034 - acc: 0.5278 - val_loss: 0.3685 - val_acc: 0.5000
Epoch 61
Train on 2804 samples, validate on 500 samples
Epoch 1/1
2804/2804 [==============================] - 0s 49us/step - loss: 0.0035 - acc: 0.5214 - val_loss: 0.4243 - val_acc: 0.4420
Epoch 62
Train on 2804 samples, validate on 500 samples
Epoch 1/1
2804/2804 [==============================] - 0s 49us/step - loss: 0.0034 - acc: 0.5136 - val_loss: 0.3866 - val_acc: 0.4660
Epoch 63
Train on 2804 samples, validate on 500 samples
Epoch 1/1
2804/2804 [==============================] - 0s 49us/step - loss: 0.0033 - acc: 0.5210 - val_loss: 0.3190 - val_acc: 0.5760
Epoch 64
Train on 2804 samples, validate on 500 samples
Epoch 1/1
2804/2804 [==============================] - 0s 49us/step - loss: 0.0032 - acc: 0.5531 - val_loss: 0.3498 - val_acc: 0.5280
Epoch 65
Train on 2804 samples, validate on 500 samples
Epoch 1/1
2804/2804 [==============================] - 0s 49us/step - loss: 0.0032 - acc: 0.5392 - val_loss: 0.3676 - val_acc: 0.5020
Epoch 66
Train on 2804 samples, validate on 500 samples
Epoch 1/1
2804/2804 [==============================] - 0s 49us/step - loss: 0.0033 - acc: 0.5360 - val_loss: 0.3816 - val_acc: 0.4660
Epoch 67
Train on 2804 samples, validate on 500 samples
Epoch 1/1
2804/2804 [==============================] - 0s 49us/step - loss: 0.0034 - acc: 0.5114 - val_loss: 0.3606 - val_acc: 0.5000
Epoch 68
Train on 2804 samples, validate on 500 samples
Epoch 1/1
2804/2804 [==============================] - 0s 49us/step - loss: 0.0033 - acc: 0.5492 - val_loss: 0.4081 - val_acc: 0.4640
Epoch 69
Train on 2804 samples, validate on 500 samples
Epoch 1/1
2804/2804 [==============================] - 0s 49us/step - loss: 0.0033 - acc: 0.5157 - val_loss: 0.3582 - val_acc: 0.5040
Epoch 70
Train on 2804 samples, validate on 500 samples
Epoch 1/1
2804/2804 [==============================] - 0s 49us/step - loss: 0.0032 - acc: 0.5346 - val_loss: 0.3375 - val_acc: 0.5300
Epoch 71
Train on 2804 samples, validate on 500 samples
Epoch 1/1
2804/2804 [==============================] - 0s 49us/step - loss: 0.0032 - acc: 0.5656 - val_loss: 0.3730 - val_acc: 0.4920
Epoch 72
Train on 2804 samples, validate on 500 samples
Epoch 1/1
2804/2804 [==============================] - 0s 49us/step - loss: 0.0031 - acc: 0.5542 - val_loss: 0.3294 - val_acc: 0.5440
Epoch 73
Train on 2804 samples, validate on 500 samples
Epoch 1/1
2804/2804 [==============================] - 0s 50us/step - loss: 0.0031 - acc: 0.5678 - val_loss: 0.3441 - val_acc: 0.5320
Epoch 74
Train on 2804 samples, validate on 500 samples
Epoch 1/1
2804/2804 [==============================] - 0s 49us/step - loss: 0.0034 - acc: 0.5424 - val_loss: 0.3923 - val_acc: 0.4760
Epoch 75
Train on 2804 samples, validate on 500 samples
Epoch 1/1
2804/2804 [==============================] - 0s 49us/step - loss: 0.0035 - acc: 0.5189 - val_loss: 0.3725 - val_acc: 0.5020
Epoch 76
Train on 2804 samples, validate on 500 samples
Epoch 1/1
2804/2804 [==============================] - 0s 49us/step - loss: 0.0033 - acc: 0.5357 - val_loss: 0.3662 - val_acc: 0.5060
Epoch 77
Train on 2804 samples, validate on 500 samples
Epoch 1/1
2804/2804 [==============================] - 0s 49us/step - loss: 0.0035 - acc: 0.5050 - val_loss: 0.3557 - val_acc: 0.5220
Epoch 78
Train on 2804 samples, validate on 500 samples
Epoch 1/1
2804/2804 [==============================] - 0s 49us/step - loss: 0.0033 - acc: 0.5296 - val_loss: 0.3714 - val_acc: 0.4980
Epoch 79
Train on 2804 samples, validate on 500 samples
Epoch 1/1
2804/2804 [==============================] - 0s 49us/step - loss: 0.0032 - acc: 0.5364 - val_loss: 0.3513 - val_acc: 0.4960
Epoch 80
Train on 2804 samples, validate on 500 samples
Epoch 1/1
2804/2804 [==============================] - 0s 49us/step - loss: 0.0032 - acc: 0.5489 - val_loss: 0.3661 - val_acc: 0.5020
Epoch 81
Train on 2804 samples, validate on 500 samples
Epoch 1/1
2804/2804 [==============================] - 0s 49us/step - loss: 0.0031 - acc: 0.5485 - val_loss: 0.3346 - val_acc: 0.5260
Epoch 82
Train on 2804 samples, validate on 500 samples
Epoch 1/1
2804/2804 [==============================] - 0s 49us/step - loss: 0.0031 - acc: 0.5674 - val_loss: 0.3596 - val_acc: 0.5100
Epoch 83
Train on 2804 samples, validate on 500 samples
Epoch 1/1
2804/2804 [==============================] - 0s 49us/step - loss: 0.0033 - acc: 0.5374 - val_loss: 0.3705 - val_acc: 0.5020
Epoch 84
Train on 2804 samples, validate on 500 samples
Epoch 1/1
2804/2804 [==============================] - 0s 49us/step - loss: 0.0032 - acc: 0.5396 - val_loss: 0.3443 - val_acc: 0.5200
Epoch 85
Train on 2804 samples, validate on 500 samples
Epoch 1/1
2804/2804 [==============================] - 0s 49us/step - loss: 0.0030 - acc: 0.5749 - val_loss: 0.3336 - val_acc: 0.5480
Epoch 86
Train on 2804 samples, validate on 500 samples
Epoch 1/1
2804/2804 [==============================] - 0s 49us/step - loss: 0.0031 - acc: 0.5660 - val_loss: 0.3623 - val_acc: 0.5000
Epoch 87
Train on 2804 samples, validate on 500 samples
Epoch 1/1
2804/2804 [==============================] - 0s 49us/step - loss: 0.0036 - acc: 0.5068 - val_loss: 0.4359 - val_acc: 0.4320
Epoch 88
Train on 2804 samples, validate on 500 samples
Epoch 1/1
2804/2804 [==============================] - 0s 49us/step - loss: 0.0035 - acc: 0.5029 - val_loss: 0.3495 - val_acc: 0.5180
Epoch 89
Train on 2804 samples, validate on 500 samples
Epoch 1/1
2804/2804 [==============================] - 0s 49us/step - loss: 0.0033 - acc: 0.5232 - val_loss: 0.3545 - val_acc: 0.5300
Epoch 90
Train on 2804 samples, validate on 500 samples
Epoch 1/1
2804/2804 [==============================] - 0s 49us/step - loss: 0.0030 - acc: 0.5728 - val_loss: 0.3279 - val_acc: 0.5300
Epoch 91
Train on 2804 samples, validate on 500 samples
Epoch 1/1
2804/2804 [==============================] - 0s 49us/step - loss: 0.0030 - acc: 0.5870 - val_loss: 0.3652 - val_acc: 0.4960
Epoch 92
Train on 2804 samples, validate on 500 samples
Epoch 1/1
2804/2804 [==============================] - 0s 49us/step - loss: 0.0030 - acc: 0.5785 - val_loss: 0.3033 - val_acc: 0.5800
Epoch 93
Train on 2804 samples, validate on 500 samples
Epoch 1/1
2804/2804 [==============================] - 0s 50us/step - loss: 0.0030 - acc: 0.5909 - val_loss: 0.3528 - val_acc: 0.5220
Epoch 94
Train on 2804 samples, validate on 500 samples
Epoch 1/1
2804/2804 [==============================] - 0s 49us/step - loss: 0.0031 - acc: 0.5785 - val_loss: 0.3544 - val_acc: 0.5120
Epoch 95
Train on 2804 samples, validate on 500 samples
Epoch 1/1
2804/2804 [==============================] - 0s 49us/step - loss: 0.0031 - acc: 0.5567 - val_loss: 0.3314 - val_acc: 0.5400
Epoch 96
Train on 2804 samples, validate on 500 samples
Epoch 1/1
2804/2804 [==============================] - 0s 50us/step - loss: 0.0031 - acc: 0.5738 - val_loss: 0.3489 - val_acc: 0.5260
Epoch 97
Train on 2804 samples, validate on 500 samples
Epoch 1/1
2804/2804 [==============================] - 0s 49us/step - loss: 0.0031 - acc: 0.5649 - val_loss: 0.3374 - val_acc: 0.5360
Epoch 98
Train on 2804 samples, validate on 500 samples
Epoch 1/1
2804/2804 [==============================] - 0s 49us/step - loss: 0.0030 - acc: 0.5859 - val_loss: 0.3105 - val_acc: 0.5740
Epoch 99
Train on 2804 samples, validate on 500 samples
Epoch 1/1
2804/2804 [==============================] - 0s 49us/step - loss: 0.0030 - acc: 0.5838 - val_loss: 0.3183 - val_acc: 0.5640
_________________________________________________________________
Layer (type)                 Output Shape              Param #   
=================================================================
batch_normalization_2 (Batch (None, 510)               2040      
_________________________________________________________________
dense_3 (Dense)              (None, 24)                12264     
_________________________________________________________________
dense_4 (Dense)              (None, 1)                 25        
=================================================================
Total params: 14,329
Trainable params: 13,309
Non-trainable params: 1,020
_________________________________________________________________
None
Epoch 0
Train on 2804 samples, validate on 500 samples
Epoch 1/1
2804/2804 [==============================] - 0s 147us/step - loss: 0.0381 - acc: 0.4850 - val_loss: 0.4435 - val_acc: 0.3560
Epoch 1
Train on 2804 samples, validate on 500 samples
Epoch 1/1
2804/2804 [==============================] - 0s 50us/step - loss: 0.0224 - acc: 0.3384 - val_loss: 0.4738 - val_acc: 0.3280
Epoch 2
Train on 2804 samples, validate on 500 samples
Epoch 1/1
2804/2804 [==============================] - 0s 50us/step - loss: 0.0180 - acc: 0.3338 - val_loss: 0.4531 - val_acc: 0.3380
Epoch 3
Train on 2804 samples, validate on 500 samples
Epoch 1/1
2804/2804 [==============================] - 0s 50us/step - loss: 0.0147 - acc: 0.3563 - val_loss: 0.4284 - val_acc: 0.3640
Epoch 4
Train on 2804 samples, validate on 500 samples
Epoch 1/1
2804/2804 [==============================] - 0s 50us/step - loss: 0.0121 - acc: 0.3802 - val_loss: 0.4097 - val_acc: 0.3900
Epoch 5
Train on 2804 samples, validate on 500 samples
Epoch 1/1
2804/2804 [==============================] - 0s 50us/step - loss: 0.0100 - acc: 0.4173 - val_loss: 0.3910 - val_acc: 0.4140
Epoch 6
Train on 2804 samples, validate on 500 samples
Epoch 1/1
2804/2804 [==============================] - 0s 50us/step - loss: 0.0084 - acc: 0.4433 - val_loss: 0.3827 - val_acc: 0.4360
Epoch 7
Train on 2804 samples, validate on 500 samples
Epoch 1/1
2804/2804 [==============================] - 0s 50us/step - loss: 0.0072 - acc: 0.4672 - val_loss: 0.3662 - val_acc: 0.4520
Epoch 8
Train on 2804 samples, validate on 500 samples
Epoch 1/1
2804/2804 [==============================] - 0s 50us/step - loss: 0.0063 - acc: 0.4765 - val_loss: 0.3613 - val_acc: 0.4700
Epoch 9
Train on 2804 samples, validate on 500 samples
Epoch 1/1
2804/2804 [==============================] - 0s 50us/step - loss: 0.0056 - acc: 0.4982 - val_loss: 0.3621 - val_acc: 0.4720
Epoch 10
Train on 2804 samples, validate on 500 samples
Epoch 1/1
2804/2804 [==============================] - 0s 50us/step - loss: 0.0052 - acc: 0.4854 - val_loss: 0.3634 - val_acc: 0.4800
Epoch 11
Train on 2804 samples, validate on 500 samples
Epoch 1/1
2804/2804 [==============================] - 0s 50us/step - loss: 0.0047 - acc: 0.5128 - val_loss: 0.3591 - val_acc: 0.4980
Epoch 12
Train on 2804 samples, validate on 500 samples
Epoch 1/1
2804/2804 [==============================] - 0s 50us/step - loss: 0.0044 - acc: 0.5111 - val_loss: 0.3393 - val_acc: 0.5200
Epoch 13
Train on 2804 samples, validate on 500 samples
Epoch 1/1
2804/2804 [==============================] - 0s 50us/step - loss: 0.0044 - acc: 0.5082 - val_loss: 0.3614 - val_acc: 0.4780
Epoch 14
Train on 2804 samples, validate on 500 samples
Epoch 1/1
2804/2804 [==============================] - 0s 50us/step - loss: 0.0041 - acc: 0.5118 - val_loss: 0.3561 - val_acc: 0.5020
Epoch 15
Train on 2804 samples, validate on 500 samples
Epoch 1/1
2804/2804 [==============================] - 0s 50us/step - loss: 0.0039 - acc: 0.5307 - val_loss: 0.3573 - val_acc: 0.5100
Epoch 16
Train on 2804 samples, validate on 500 samples
Epoch 1/1
2804/2804 [==============================] - 0s 50us/step - loss: 0.0038 - acc: 0.5203 - val_loss: 0.3290 - val_acc: 0.5440
Epoch 17
Train on 2804 samples, validate on 500 samples
Epoch 1/1
2804/2804 [==============================] - 0s 50us/step - loss: 0.0038 - acc: 0.5339 - val_loss: 0.3611 - val_acc: 0.4960
Epoch 18
Train on 2804 samples, validate on 500 samples
Epoch 1/1
2804/2804 [==============================] - 0s 50us/step - loss: 0.0038 - acc: 0.5235 - val_loss: 0.3657 - val_acc: 0.5060
Epoch 19
Train on 2804 samples, validate on 500 samples
Epoch 1/1
2804/2804 [==============================] - 0s 50us/step - loss: 0.0038 - acc: 0.5160 - val_loss: 0.3631 - val_acc: 0.5000
Epoch 20
Train on 2804 samples, validate on 500 samples
Epoch 1/1
2804/2804 [==============================] - 0s 50us/step - loss: 0.0038 - acc: 0.5128 - val_loss: 0.3626 - val_acc: 0.4900
Epoch 21
Train on 2804 samples, validate on 500 samples
Epoch 1/1
2804/2804 [==============================] - 0s 50us/step - loss: 0.0037 - acc: 0.5111 - val_loss: 0.3641 - val_acc: 0.5060
Epoch 22
Train on 2804 samples, validate on 500 samples
Epoch 1/1
2804/2804 [==============================] - 0s 50us/step - loss: 0.0036 - acc: 0.5014 - val_loss: 0.3512 - val_acc: 0.5200
Epoch 23
Train on 2804 samples, validate on 500 samples
Epoch 1/1
2804/2804 [==============================] - 0s 50us/step - loss: 0.0037 - acc: 0.5046 - val_loss: 0.3622 - val_acc: 0.5120
Epoch 24
Train on 2804 samples, validate on 500 samples
Epoch 1/1
2804/2804 [==============================] - 0s 50us/step - loss: 0.0037 - acc: 0.5036 - val_loss: 0.3543 - val_acc: 0.5180
Epoch 25
Train on 2804 samples, validate on 500 samples
Epoch 1/1
2804/2804 [==============================] - 0s 50us/step - loss: 0.0035 - acc: 0.5210 - val_loss: 0.3542 - val_acc: 0.4960
Epoch 26
Train on 2804 samples, validate on 500 samples
Epoch 1/1
2804/2804 [==============================] - 0s 50us/step - loss: 0.0035 - acc: 0.5275 - val_loss: 0.3442 - val_acc: 0.5340
Epoch 27
Train on 2804 samples, validate on 500 samples
Epoch 1/1
2804/2804 [==============================] - 0s 50us/step - loss: 0.0034 - acc: 0.5560 - val_loss: 0.3662 - val_acc: 0.4980
Epoch 28
Train on 2804 samples, validate on 500 samples
Epoch 1/1
2804/2804 [==============================] - 0s 50us/step - loss: 0.0037 - acc: 0.4932 - val_loss: 0.4001 - val_acc: 0.4640
Epoch 29
Train on 2804 samples, validate on 500 samples
Epoch 1/1
2804/2804 [==============================] - 0s 50us/step - loss: 0.0038 - acc: 0.4854 - val_loss: 0.3795 - val_acc: 0.4800
Epoch 30
Train on 2804 samples, validate on 500 samples
Epoch 1/1
2804/2804 [==============================] - 0s 50us/step - loss: 0.0035 - acc: 0.5275 - val_loss: 0.3431 - val_acc: 0.5280
Epoch 31
Train on 2804 samples, validate on 500 samples
Epoch 1/1
2804/2804 [==============================] - 0s 50us/step - loss: 0.0036 - acc: 0.5214 - val_loss: 0.3791 - val_acc: 0.4880
Epoch 32
Train on 2804 samples, validate on 500 samples
Epoch 1/1
2804/2804 [==============================] - 0s 50us/step - loss: 0.0036 - acc: 0.5039 - val_loss: 0.3614 - val_acc: 0.4960
Epoch 33
Train on 2804 samples, validate on 500 samples
Epoch 1/1
2804/2804 [==============================] - 0s 50us/step - loss: 0.0034 - acc: 0.5403 - val_loss: 0.3423 - val_acc: 0.5100
Epoch 34
Train on 2804 samples, validate on 500 samples
Epoch 1/1
2804/2804 [==============================] - 0s 50us/step - loss: 0.0034 - acc: 0.5407 - val_loss: 0.3825 - val_acc: 0.4680
Epoch 35
Train on 2804 samples, validate on 500 samples
Epoch 1/1
2804/2804 [==============================] - 0s 50us/step - loss: 0.0036 - acc: 0.5114 - val_loss: 0.3756 - val_acc: 0.4680
Epoch 36
Train on 2804 samples, validate on 500 samples
Epoch 1/1
2804/2804 [==============================] - 0s 50us/step - loss: 0.0035 - acc: 0.5178 - val_loss: 0.3555 - val_acc: 0.5120
Epoch 37
Train on 2804 samples, validate on 500 samples
Epoch 1/1
2804/2804 [==============================] - 0s 50us/step - loss: 0.0034 - acc: 0.5342 - val_loss: 0.4005 - val_acc: 0.4460
Epoch 38
Train on 2804 samples, validate on 500 samples
Epoch 1/1
2804/2804 [==============================] - 0s 50us/step - loss: 0.0035 - acc: 0.5193 - val_loss: 0.3973 - val_acc: 0.4700
Epoch 39
Train on 2804 samples, validate on 500 samples
Epoch 1/1
2804/2804 [==============================] - 0s 50us/step - loss: 0.0037 - acc: 0.4747 - val_loss: 0.3724 - val_acc: 0.4860
Epoch 40
Train on 2804 samples, validate on 500 samples
Epoch 1/1
2804/2804 [==============================] - 0s 50us/step - loss: 0.0036 - acc: 0.4971 - val_loss: 0.4002 - val_acc: 0.4620
Epoch 41
Train on 2804 samples, validate on 500 samples
Epoch 1/1
2804/2804 [==============================] - 0s 50us/step - loss: 0.0035 - acc: 0.5071 - val_loss: 0.3863 - val_acc: 0.4780
Epoch 42
Train on 2804 samples, validate on 500 samples
Epoch 1/1
2804/2804 [==============================] - 0s 50us/step - loss: 0.0035 - acc: 0.5146 - val_loss: 0.4010 - val_acc: 0.4540
Epoch 43
Train on 2804 samples, validate on 500 samples
Epoch 1/1
2804/2804 [==============================] - 0s 50us/step - loss: 0.0034 - acc: 0.4986 - val_loss: 0.3594 - val_acc: 0.4980
Epoch 44
Train on 2804 samples, validate on 500 samples
Epoch 1/1
2804/2804 [==============================] - 0s 50us/step - loss: 0.0033 - acc: 0.5432 - val_loss: 0.3607 - val_acc: 0.5000
Epoch 45
Train on 2804 samples, validate on 500 samples
Epoch 1/1
2804/2804 [==============================] - 0s 50us/step - loss: 0.0035 - acc: 0.5146 - val_loss: 0.3680 - val_acc: 0.4860
Epoch 46
Train on 2804 samples, validate on 500 samples
Epoch 1/1
2804/2804 [==============================] - 0s 50us/step - loss: 0.0035 - acc: 0.5103 - val_loss: 0.3985 - val_acc: 0.4640
Epoch 47
Train on 2804 samples, validate on 500 samples
Epoch 1/1
2804/2804 [==============================] - 0s 50us/step - loss: 0.0033 - acc: 0.5121 - val_loss: 0.3440 - val_acc: 0.5300
Epoch 48
Train on 2804 samples, validate on 500 samples
Epoch 1/1
2804/2804 [==============================] - 0s 50us/step - loss: 0.0035 - acc: 0.5096 - val_loss: 0.3866 - val_acc: 0.4760
Epoch 49
Train on 2804 samples, validate on 500 samples
Epoch 1/1
2804/2804 [==============================] - 0s 50us/step - loss: 0.0035 - acc: 0.5021 - val_loss: 0.3998 - val_acc: 0.4500
Epoch 50
Train on 2804 samples, validate on 500 samples
Epoch 1/1
2804/2804 [==============================] - 0s 50us/step - loss: 0.0033 - acc: 0.5182 - val_loss: 0.3558 - val_acc: 0.5120
Epoch 51
Train on 2804 samples, validate on 500 samples
Epoch 1/1
2804/2804 [==============================] - 0s 50us/step - loss: 0.0035 - acc: 0.5111 - val_loss: 0.3882 - val_acc: 0.4700
Epoch 52
Train on 2804 samples, validate on 500 samples
Epoch 1/1
2804/2804 [==============================] - 0s 50us/step - loss: 0.0034 - acc: 0.4957 - val_loss: 0.3449 - val_acc: 0.5180
Epoch 53
Train on 2804 samples, validate on 500 samples
Epoch 1/1
2804/2804 [==============================] - 0s 50us/step - loss: 0.0032 - acc: 0.5271 - val_loss: 0.3360 - val_acc: 0.5520
Epoch 54
Train on 2804 samples, validate on 500 samples
Epoch 1/1
2804/2804 [==============================] - 0s 50us/step - loss: 0.0036 - acc: 0.5153 - val_loss: 0.4257 - val_acc: 0.4420
Epoch 55
Train on 2804 samples, validate on 500 samples
Epoch 1/1
2804/2804 [==============================] - 0s 50us/step - loss: 0.0035 - acc: 0.4850 - val_loss: 0.3784 - val_acc: 0.4880
Epoch 56
Train on 2804 samples, validate on 500 samples
Epoch 1/1
2804/2804 [==============================] - 0s 50us/step - loss: 0.0033 - acc: 0.5275 - val_loss: 0.3594 - val_acc: 0.5140
Epoch 57
Train on 2804 samples, validate on 500 samples
Epoch 1/1
2804/2804 [==============================] - 0s 50us/step - loss: 0.0032 - acc: 0.5285 - val_loss: 0.3584 - val_acc: 0.5020
Epoch 58
Train on 2804 samples, validate on 500 samples
Epoch 1/1
2804/2804 [==============================] - 0s 50us/step - loss: 0.0032 - acc: 0.5442 - val_loss: 0.3594 - val_acc: 0.5080
Epoch 59
Train on 2804 samples, validate on 500 samples
Epoch 1/1
2804/2804 [==============================] - 0s 50us/step - loss: 0.0031 - acc: 0.5442 - val_loss: 0.3331 - val_acc: 0.5420
Epoch 60
Train on 2804 samples, validate on 500 samples
Epoch 1/1
2804/2804 [==============================] - 0s 50us/step - loss: 0.0032 - acc: 0.5499 - val_loss: 0.3629 - val_acc: 0.5020
Epoch 61
Train on 2804 samples, validate on 500 samples
Epoch 1/1
2804/2804 [==============================] - 0s 50us/step - loss: 0.0032 - acc: 0.5521 - val_loss: 0.3636 - val_acc: 0.5000
Epoch 62
Train on 2804 samples, validate on 500 samples
Epoch 1/1
2804/2804 [==============================] - 0s 50us/step - loss: 0.0032 - acc: 0.5489 - val_loss: 0.3681 - val_acc: 0.5120
Epoch 63
Train on 2804 samples, validate on 500 samples
Epoch 1/1
2804/2804 [==============================] - 0s 50us/step - loss: 0.0034 - acc: 0.4947 - val_loss: 0.3628 - val_acc: 0.4940
Epoch 64
Train on 2804 samples, validate on 500 samples
Epoch 1/1
2804/2804 [==============================] - 0s 50us/step - loss: 0.0032 - acc: 0.5489 - val_loss: 0.3676 - val_acc: 0.5060
Epoch 65
Train on 2804 samples, validate on 500 samples
Epoch 1/1
2804/2804 [==============================] - 0s 50us/step - loss: 0.0032 - acc: 0.5485 - val_loss: 0.3645 - val_acc: 0.4980
Epoch 66
Train on 2804 samples, validate on 500 samples
Epoch 1/1
2804/2804 [==============================] - 0s 50us/step - loss: 0.0033 - acc: 0.5367 - val_loss: 0.3130 - val_acc: 0.5520
Epoch 67
Train on 2804 samples, validate on 500 samples
Epoch 1/1
2804/2804 [==============================] - 0s 50us/step - loss: 0.0033 - acc: 0.5357 - val_loss: 0.3984 - val_acc: 0.4620
Epoch 68
Train on 2804 samples, validate on 500 samples
Epoch 1/1
2804/2804 [==============================] - 0s 50us/step - loss: 0.0034 - acc: 0.5328 - val_loss: 0.4110 - val_acc: 0.4560
Epoch 69
Train on 2804 samples, validate on 500 samples
Epoch 1/1
2804/2804 [==============================] - 0s 50us/step - loss: 0.0032 - acc: 0.5189 - val_loss: 0.3459 - val_acc: 0.5180
Epoch 70
Train on 2804 samples, validate on 500 samples
Epoch 1/1
2804/2804 [==============================] - 0s 50us/step - loss: 0.0032 - acc: 0.5656 - val_loss: 0.3785 - val_acc: 0.4720
Epoch 71
Train on 2804 samples, validate on 500 samples
Epoch 1/1
2804/2804 [==============================] - 0s 50us/step - loss: 0.0032 - acc: 0.5531 - val_loss: 0.3352 - val_acc: 0.5340
Epoch 72
Train on 2804 samples, validate on 500 samples
Epoch 1/1
2804/2804 [==============================] - 0s 50us/step - loss: 0.0032 - acc: 0.5481 - val_loss: 0.3466 - val_acc: 0.5240
Epoch 73
Train on 2804 samples, validate on 500 samples
Epoch 1/1
2804/2804 [==============================] - 0s 50us/step - loss: 0.0031 - acc: 0.5653 - val_loss: 0.3371 - val_acc: 0.5440
Epoch 74
Train on 2804 samples, validate on 500 samples
Epoch 1/1
2804/2804 [==============================] - 0s 50us/step - loss: 0.0031 - acc: 0.5688 - val_loss: 0.3576 - val_acc: 0.5160
Epoch 75
Train on 2804 samples, validate on 500 samples
Epoch 1/1
2804/2804 [==============================] - 0s 50us/step - loss: 0.0032 - acc: 0.5556 - val_loss: 0.3407 - val_acc: 0.5420
Epoch 76
Train on 2804 samples, validate on 500 samples
Epoch 1/1
2804/2804 [==============================] - 0s 50us/step - loss: 0.0031 - acc: 0.5617 - val_loss: 0.3287 - val_acc: 0.5460
Epoch 77
Train on 2804 samples, validate on 500 samples
Epoch 1/1
2804/2804 [==============================] - 0s 50us/step - loss: 0.0031 - acc: 0.5681 - val_loss: 0.3394 - val_acc: 0.5360
Epoch 78
Train on 2804 samples, validate on 500 samples
Epoch 1/1
2804/2804 [==============================] - 0s 50us/step - loss: 0.0032 - acc: 0.5556 - val_loss: 0.3375 - val_acc: 0.5440
Epoch 79
Train on 2804 samples, validate on 500 samples
Epoch 1/1
2804/2804 [==============================] - 0s 50us/step - loss: 0.0032 - acc: 0.5649 - val_loss: 0.3455 - val_acc: 0.5220
Epoch 80
Train on 2804 samples, validate on 500 samples
Epoch 1/1
2804/2804 [==============================] - 0s 50us/step - loss: 0.0030 - acc: 0.5749 - val_loss: 0.3347 - val_acc: 0.5260
Epoch 81
Train on 2804 samples, validate on 500 samples
Epoch 1/1
2804/2804 [==============================] - 0s 50us/step - loss: 0.0031 - acc: 0.5621 - val_loss: 0.3506 - val_acc: 0.5140
Epoch 82
Train on 2804 samples, validate on 500 samples
Epoch 1/1
2804/2804 [==============================] - 0s 50us/step - loss: 0.0031 - acc: 0.5581 - val_loss: 0.3192 - val_acc: 0.5640
Epoch 83
Train on 2804 samples, validate on 500 samples
Epoch 1/1
2804/2804 [==============================] - 0s 50us/step - loss: 0.0031 - acc: 0.5745 - val_loss: 0.3451 - val_acc: 0.5220
Epoch 84
Train on 2804 samples, validate on 500 samples
Epoch 1/1
2804/2804 [==============================] - 0s 50us/step - loss: 0.0031 - acc: 0.5706 - val_loss: 0.3378 - val_acc: 0.5380
Epoch 85
Train on 2804 samples, validate on 500 samples
Epoch 1/1
2804/2804 [==============================] - 0s 50us/step - loss: 0.0031 - acc: 0.5831 - val_loss: 0.3688 - val_acc: 0.4900
Epoch 86
Train on 2804 samples, validate on 500 samples
Epoch 1/1
2804/2804 [==============================] - 0s 50us/step - loss: 0.0032 - acc: 0.5474 - val_loss: 0.3467 - val_acc: 0.5060
Epoch 87
Train on 2804 samples, validate on 500 samples
Epoch 1/1
2804/2804 [==============================] - 0s 50us/step - loss: 0.0031 - acc: 0.5713 - val_loss: 0.3395 - val_acc: 0.5400
Epoch 88
Train on 2804 samples, validate on 500 samples
Epoch 1/1
2804/2804 [==============================] - 0s 50us/step - loss: 0.0031 - acc: 0.5656 - val_loss: 0.3569 - val_acc: 0.5000
Epoch 89
Train on 2804 samples, validate on 500 samples
Epoch 1/1
2804/2804 [==============================] - 0s 50us/step - loss: 0.0033 - acc: 0.5371 - val_loss: 0.3541 - val_acc: 0.5220
Epoch 90
Train on 2804 samples, validate on 500 samples
Epoch 1/1
2804/2804 [==============================] - 0s 50us/step - loss: 0.0033 - acc: 0.5460 - val_loss: 0.4052 - val_acc: 0.4560
Epoch 91
Train on 2804 samples, validate on 500 samples
Epoch 1/1
2804/2804 [==============================] - 0s 50us/step - loss: 0.0032 - acc: 0.5239 - val_loss: 0.3486 - val_acc: 0.5220
Epoch 92
Train on 2804 samples, validate on 500 samples
Epoch 1/1
2804/2804 [==============================] - 0s 50us/step - loss: 0.0031 - acc: 0.5521 - val_loss: 0.3304 - val_acc: 0.5460
Epoch 93
Train on 2804 samples, validate on 500 samples
Epoch 1/1
2804/2804 [==============================] - 0s 50us/step - loss: 0.0030 - acc: 0.5945 - val_loss: 0.3522 - val_acc: 0.5020
Epoch 94
Train on 2804 samples, validate on 500 samples
Epoch 1/1
2804/2804 [==============================] - 0s 50us/step - loss: 0.0030 - acc: 0.5713 - val_loss: 0.3141 - val_acc: 0.5660
Epoch 95
Train on 2804 samples, validate on 500 samples
Epoch 1/1
2804/2804 [==============================] - 0s 50us/step - loss: 0.0031 - acc: 0.5856 - val_loss: 0.3441 - val_acc: 0.5360
Epoch 96
Train on 2804 samples, validate on 500 samples
Epoch 1/1
2804/2804 [==============================] - 0s 50us/step - loss: 0.0030 - acc: 0.5678 - val_loss: 0.3203 - val_acc: 0.5560
Epoch 97
Train on 2804 samples, validate on 500 samples
Epoch 1/1
2804/2804 [==============================] - 0s 50us/step - loss: 0.0030 - acc: 0.5817 - val_loss: 0.3418 - val_acc: 0.5360
Epoch 98
Train on 2804 samples, validate on 500 samples
Epoch 1/1
2804/2804 [==============================] - 0s 50us/step - loss: 0.0030 - acc: 0.5870 - val_loss: 0.3578 - val_acc: 0.5160
Epoch 99
Train on 2804 samples, validate on 500 samples
Epoch 1/1
2804/2804 [==============================] - 0s 50us/step - loss: 0.0029 - acc: 0.5899 - val_loss: 0.3328 - val_acc: 0.5580
_________________________________________________________________
Layer (type)                 Output Shape              Param #   
=================================================================
batch_normalization_3 (Batch (None, 510)               2040      
_________________________________________________________________
dense_5 (Dense)              (None, 24)                12264     
_________________________________________________________________
dense_6 (Dense)              (None, 1)                 25        
=================================================================
Total params: 14,329
Trainable params: 13,309
Non-trainable params: 1,020
_________________________________________________________________
None
Epoch 0
Train on 2804 samples, validate on 500 samples
Epoch 1/1
2804/2804 [==============================] - 0s 125us/step - loss: 0.0318 - acc: 0.3402 - val_loss: 0.5595 - val_acc: 0.2220
Epoch 1
Train on 2804 samples, validate on 500 samples
Epoch 1/1
2804/2804 [==============================] - 0s 50us/step - loss: 0.0209 - acc: 0.2525 - val_loss: 0.5486 - val_acc: 0.2380
Epoch 2
Train on 2804 samples, validate on 500 samples
Epoch 1/1
2804/2804 [==============================] - 0s 50us/step - loss: 0.0167 - acc: 0.2578 - val_loss: 0.5139 - val_acc: 0.2560
Epoch 3
Train on 2804 samples, validate on 500 samples
Epoch 1/1
2804/2804 [==============================] - 0s 51us/step - loss: 0.0133 - acc: 0.3028 - val_loss: 0.4659 - val_acc: 0.2980
Epoch 4
Train on 2804 samples, validate on 500 samples
Epoch 1/1
2804/2804 [==============================] - 0s 50us/step - loss: 0.0108 - acc: 0.3445 - val_loss: 0.4374 - val_acc: 0.3400
Epoch 5
Train on 2804 samples, validate on 500 samples
Epoch 1/1
2804/2804 [==============================] - 0s 50us/step - loss: 0.0089 - acc: 0.3709 - val_loss: 0.4316 - val_acc: 0.3600
Epoch 6
Train on 2804 samples, validate on 500 samples
Epoch 1/1
2804/2804 [==============================] - 0s 50us/step - loss: 0.0073 - acc: 0.3955 - val_loss: 0.3947 - val_acc: 0.3940
Epoch 7
Train on 2804 samples, validate on 500 samples
Epoch 1/1
2804/2804 [==============================] - 0s 50us/step - loss: 0.0063 - acc: 0.4454 - val_loss: 0.3897 - val_acc: 0.4140
Epoch 8
Train on 2804 samples, validate on 500 samples
Epoch 1/1
2804/2804 [==============================] - 0s 50us/step - loss: 0.0055 - acc: 0.4365 - val_loss: 0.3794 - val_acc: 0.4320
Epoch 9
Train on 2804 samples, validate on 500 samples
Epoch 1/1
2804/2804 [==============================] - 0s 50us/step - loss: 0.0049 - acc: 0.4733 - val_loss: 0.3771 - val_acc: 0.4520
Epoch 10
Train on 2804 samples, validate on 500 samples
Epoch 1/1
2804/2804 [==============================] - 0s 50us/step - loss: 0.0046 - acc: 0.4825 - val_loss: 0.3837 - val_acc: 0.4620
Epoch 11
Train on 2804 samples, validate on 500 samples
Epoch 1/1
2804/2804 [==============================] - 0s 50us/step - loss: 0.0043 - acc: 0.4857 - val_loss: 0.3608 - val_acc: 0.4920
Epoch 12
Train on 2804 samples, validate on 500 samples
Epoch 1/1
2804/2804 [==============================] - 0s 50us/step - loss: 0.0041 - acc: 0.5075 - val_loss: 0.3660 - val_acc: 0.4740
Epoch 13
Train on 2804 samples, validate on 500 samples
Epoch 1/1
2804/2804 [==============================] - 0s 50us/step - loss: 0.0040 - acc: 0.5093 - val_loss: 0.3696 - val_acc: 0.4660
Epoch 14
Train on 2804 samples, validate on 500 samples
Epoch 1/1
2804/2804 [==============================] - 0s 50us/step - loss: 0.0039 - acc: 0.4982 - val_loss: 0.3434 - val_acc: 0.4960
Epoch 15
Train on 2804 samples, validate on 500 samples
Epoch 1/1
2804/2804 [==============================] - 0s 50us/step - loss: 0.0038 - acc: 0.5260 - val_loss: 0.3655 - val_acc: 0.4980
Epoch 16
Train on 2804 samples, validate on 500 samples
Epoch 1/1
2804/2804 [==============================] - 0s 50us/step - loss: 0.0037 - acc: 0.5271 - val_loss: 0.3608 - val_acc: 0.4880
Epoch 17
Train on 2804 samples, validate on 500 samples
Epoch 1/1
2804/2804 [==============================] - 0s 50us/step - loss: 0.0038 - acc: 0.5089 - val_loss: 0.3957 - val_acc: 0.4560
Epoch 18
Train on 2804 samples, validate on 500 samples
Epoch 1/1
2804/2804 [==============================] - 0s 50us/step - loss: 0.0038 - acc: 0.5093 - val_loss: 0.3835 - val_acc: 0.4760
Epoch 19
Train on 2804 samples, validate on 500 samples
Epoch 1/1
2804/2804 [==============================] - 0s 50us/step - loss: 0.0038 - acc: 0.4968 - val_loss: 0.3835 - val_acc: 0.4740
Epoch 20
Train on 2804 samples, validate on 500 samples
Epoch 1/1
2804/2804 [==============================] - 0s 50us/step - loss: 0.0036 - acc: 0.5182 - val_loss: 0.3668 - val_acc: 0.5140
Epoch 21
Train on 2804 samples, validate on 500 samples
Epoch 1/1
2804/2804 [==============================] - 0s 50us/step - loss: 0.0037 - acc: 0.4979 - val_loss: 0.3913 - val_acc: 0.4660
Epoch 22
Train on 2804 samples, validate on 500 samples
Epoch 1/1
2804/2804 [==============================] - 0s 50us/step - loss: 0.0036 - acc: 0.5128 - val_loss: 0.3525 - val_acc: 0.5280
Epoch 23
Train on 2804 samples, validate on 500 samples
Epoch 1/1
2804/2804 [==============================] - 0s 50us/step - loss: 0.0037 - acc: 0.5125 - val_loss: 0.3780 - val_acc: 0.4860
Epoch 24
Train on 2804 samples, validate on 500 samples
Epoch 1/1
2804/2804 [==============================] - 0s 50us/step - loss: 0.0036 - acc: 0.5121 - val_loss: 0.3678 - val_acc: 0.4980
Epoch 25
Train on 2804 samples, validate on 500 samples
Epoch 1/1
2804/2804 [==============================] - 0s 50us/step - loss: 0.0039 - acc: 0.5089 - val_loss: 0.3985 - val_acc: 0.4580
Epoch 26
Train on 2804 samples, validate on 500 samples
Epoch 1/1
2804/2804 [==============================] - 0s 50us/step - loss: 0.0045 - acc: 0.4312 - val_loss: 0.4677 - val_acc: 0.4020
Epoch 27
Train on 2804 samples, validate on 500 samples
Epoch 1/1
2804/2804 [==============================] - 0s 50us/step - loss: 0.0043 - acc: 0.3987 - val_loss: 0.4246 - val_acc: 0.4120
Epoch 28
Train on 2804 samples, validate on 500 samples
Epoch 1/1
2804/2804 [==============================] - 0s 50us/step - loss: 0.0038 - acc: 0.4658 - val_loss: 0.4032 - val_acc: 0.4520
Epoch 29
Train on 2804 samples, validate on 500 samples
Epoch 1/1
2804/2804 [==============================] - 0s 50us/step - loss: 0.0035 - acc: 0.4857 - val_loss: 0.3825 - val_acc: 0.4880
Epoch 30
Train on 2804 samples, validate on 500 samples
Epoch 1/1
2804/2804 [==============================] - 0s 50us/step - loss: 0.0035 - acc: 0.4822 - val_loss: 0.3719 - val_acc: 0.4900
Epoch 31
Train on 2804 samples, validate on 500 samples
Epoch 1/1
2804/2804 [==============================] - 0s 50us/step - loss: 0.0035 - acc: 0.5111 - val_loss: 0.4205 - val_acc: 0.4380
Epoch 32
Train on 2804 samples, validate on 500 samples
Epoch 1/1
2804/2804 [==============================] - 0s 50us/step - loss: 0.0035 - acc: 0.4954 - val_loss: 0.3842 - val_acc: 0.4700
Epoch 33
Train on 2804 samples, validate on 500 samples
Epoch 1/1
2804/2804 [==============================] - 0s 50us/step - loss: 0.0034 - acc: 0.5011 - val_loss: 0.3710 - val_acc: 0.4980
Epoch 34
Train on 2804 samples, validate on 500 samples
Epoch 1/1
2804/2804 [==============================] - 0s 50us/step - loss: 0.0036 - acc: 0.4996 - val_loss: 0.3951 - val_acc: 0.4660
Epoch 35
Train on 2804 samples, validate on 500 samples
Epoch 1/1
2804/2804 [==============================] - 0s 50us/step - loss: 0.0034 - acc: 0.5160 - val_loss: 0.3713 - val_acc: 0.4920
Epoch 36
Train on 2804 samples, validate on 500 samples
Epoch 1/1
2804/2804 [==============================] - 0s 50us/step - loss: 0.0033 - acc: 0.5253 - val_loss: 0.3449 - val_acc: 0.5220
Epoch 37
Train on 2804 samples, validate on 500 samples
Epoch 1/1
2804/2804 [==============================] - 0s 50us/step - loss: 0.0036 - acc: 0.5029 - val_loss: 0.4211 - val_acc: 0.4540
Epoch 38
Train on 2804 samples, validate on 500 samples
Epoch 1/1
2804/2804 [==============================] - 0s 50us/step - loss: 0.0037 - acc: 0.4872 - val_loss: 0.3716 - val_acc: 0.4960
Epoch 39
Train on 2804 samples, validate on 500 samples
Epoch 1/1
2804/2804 [==============================] - 0s 52us/step - loss: 0.0035 - acc: 0.5021 - val_loss: 0.3615 - val_acc: 0.5100
Epoch 40
Train on 2804 samples, validate on 500 samples
Epoch 1/1
2804/2804 [==============================] - 0s 50us/step - loss: 0.0035 - acc: 0.4882 - val_loss: 0.3635 - val_acc: 0.4960
Epoch 41
Train on 2804 samples, validate on 500 samples
Epoch 1/1
2804/2804 [==============================] - 0s 50us/step - loss: 0.0033 - acc: 0.5250 - val_loss: 0.3631 - val_acc: 0.5300
Epoch 42
Train on 2804 samples, validate on 500 samples
Epoch 1/1
2804/2804 [==============================] - 0s 50us/step - loss: 0.0035 - acc: 0.5086 - val_loss: 0.3682 - val_acc: 0.4980
Epoch 43
Train on 2804 samples, validate on 500 samples
Epoch 1/1
2804/2804 [==============================] - 0s 50us/step - loss: 0.0035 - acc: 0.5011 - val_loss: 0.3707 - val_acc: 0.4940
Epoch 44
Train on 2804 samples, validate on 500 samples
Epoch 1/1
2804/2804 [==============================] - 0s 50us/step - loss: 0.0036 - acc: 0.4954 - val_loss: 0.3760 - val_acc: 0.5040
Epoch 45
Train on 2804 samples, validate on 500 samples
Epoch 1/1
2804/2804 [==============================] - 0s 50us/step - loss: 0.0035 - acc: 0.4961 - val_loss: 0.3800 - val_acc: 0.4920
Epoch 46
Train on 2804 samples, validate on 500 samples
Epoch 1/1
2804/2804 [==============================] - 0s 50us/step - loss: 0.0035 - acc: 0.5078 - val_loss: 0.3980 - val_acc: 0.4760
Epoch 47
Train on 2804 samples, validate on 500 samples
Epoch 1/1
2804/2804 [==============================] - 0s 50us/step - loss: 0.0034 - acc: 0.5068 - val_loss: 0.3663 - val_acc: 0.4980
Epoch 48
Train on 2804 samples, validate on 500 samples
Epoch 1/1
2804/2804 [==============================] - 0s 50us/step - loss: 0.0034 - acc: 0.5364 - val_loss: 0.3953 - val_acc: 0.4600
Epoch 49
Train on 2804 samples, validate on 500 samples
Epoch 1/1
2804/2804 [==============================] - 0s 51us/step - loss: 0.0034 - acc: 0.4968 - val_loss: 0.3654 - val_acc: 0.5000
Epoch 50
Train on 2804 samples, validate on 500 samples
Epoch 1/1
2804/2804 [==============================] - 0s 50us/step - loss: 0.0035 - acc: 0.5057 - val_loss: 0.3752 - val_acc: 0.4980
Epoch 51
Train on 2804 samples, validate on 500 samples
Epoch 1/1
2804/2804 [==============================] - 0s 51us/step - loss: 0.0035 - acc: 0.5317 - val_loss: 0.4131 - val_acc: 0.4540
Epoch 52
Train on 2804 samples, validate on 500 samples
Epoch 1/1
2804/2804 [==============================] - 0s 50us/step - loss: 0.0036 - acc: 0.4775 - val_loss: 0.3868 - val_acc: 0.4540
Epoch 53
Train on 2804 samples, validate on 500 samples
Epoch 1/1
2804/2804 [==============================] - 0s 50us/step - loss: 0.0033 - acc: 0.5399 - val_loss: 0.3629 - val_acc: 0.4960
Epoch 54
Train on 2804 samples, validate on 500 samples
Epoch 1/1
2804/2804 [==============================] - 0s 50us/step - loss: 0.0033 - acc: 0.5282 - val_loss: 0.3175 - val_acc: 0.5700
Epoch 55
Train on 2804 samples, validate on 500 samples
Epoch 1/1
2804/2804 [==============================] - 0s 51us/step - loss: 0.0034 - acc: 0.5342 - val_loss: 0.4078 - val_acc: 0.4640
Epoch 56
Train on 2804 samples, validate on 500 samples
Epoch 1/1
2804/2804 [==============================] - 0s 50us/step - loss: 0.0034 - acc: 0.5064 - val_loss: 0.3628 - val_acc: 0.5360
Epoch 57
Train on 2804 samples, validate on 500 samples
Epoch 1/1
2804/2804 [==============================] - 0s 50us/step - loss: 0.0034 - acc: 0.5235 - val_loss: 0.3975 - val_acc: 0.4820
Epoch 58
Train on 2804 samples, validate on 500 samples
Epoch 1/1
2804/2804 [==============================] - 0s 51us/step - loss: 0.0037 - acc: 0.4825 - val_loss: 0.4161 - val_acc: 0.4480
Epoch 59
Train on 2804 samples, validate on 500 samples
Epoch 1/1
2804/2804 [==============================] - 0s 50us/step - loss: 0.0035 - acc: 0.4982 - val_loss: 0.3933 - val_acc: 0.4480
Epoch 60
Train on 2804 samples, validate on 500 samples
Epoch 1/1
2804/2804 [==============================] - 0s 50us/step - loss: 0.0033 - acc: 0.5160 - val_loss: 0.3681 - val_acc: 0.4860
Epoch 61
Train on 2804 samples, validate on 500 samples
Epoch 1/1
2804/2804 [==============================] - 0s 50us/step - loss: 0.0033 - acc: 0.5232 - val_loss: 0.3591 - val_acc: 0.5140
Epoch 62
Train on 2804 samples, validate on 500 samples
Epoch 1/1
2804/2804 [==============================] - 0s 50us/step - loss: 0.0031 - acc: 0.5531 - val_loss: 0.3409 - val_acc: 0.5240
Epoch 63
Train on 2804 samples, validate on 500 samples
Epoch 1/1
2804/2804 [==============================] - 0s 50us/step - loss: 0.0033 - acc: 0.5403 - val_loss: 0.3709 - val_acc: 0.5040
Epoch 64
Train on 2804 samples, validate on 500 samples
Epoch 1/1
2804/2804 [==============================] - 0s 50us/step - loss: 0.0032 - acc: 0.5332 - val_loss: 0.3643 - val_acc: 0.5000
Epoch 65
Train on 2804 samples, validate on 500 samples
Epoch 1/1
2804/2804 [==============================] - 0s 50us/step - loss: 0.0031 - acc: 0.5581 - val_loss: 0.3223 - val_acc: 0.5600
Epoch 66
Train on 2804 samples, validate on 500 samples
Epoch 1/1
2804/2804 [==============================] - 0s 50us/step - loss: 0.0031 - acc: 0.5656 - val_loss: 0.3313 - val_acc: 0.5480
Epoch 67
Train on 2804 samples, validate on 500 samples
Epoch 1/1
2804/2804 [==============================] - 0s 50us/step - loss: 0.0032 - acc: 0.5417 - val_loss: 0.3207 - val_acc: 0.5500
Epoch 68
Train on 2804 samples, validate on 500 samples
Epoch 1/1
2804/2804 [==============================] - 0s 51us/step - loss: 0.0031 - acc: 0.5631 - val_loss: 0.3304 - val_acc: 0.5540
Epoch 69
Train on 2804 samples, validate on 500 samples
Epoch 1/1
2804/2804 [==============================] - 0s 50us/step - loss: 0.0032 - acc: 0.5735 - val_loss: 0.3839 - val_acc: 0.4840
Epoch 70
Train on 2804 samples, validate on 500 samples
Epoch 1/1
2804/2804 [==============================] - 0s 50us/step - loss: 0.0034 - acc: 0.5207 - val_loss: 0.3768 - val_acc: 0.4780
Epoch 71
Train on 2804 samples, validate on 500 samples
Epoch 1/1
2804/2804 [==============================] - 0s 50us/step - loss: 0.0032 - acc: 0.5524 - val_loss: 0.3567 - val_acc: 0.4980
Epoch 72
Train on 2804 samples, validate on 500 samples
Epoch 1/1
2804/2804 [==============================] - 0s 50us/step - loss: 0.0031 - acc: 0.5599 - val_loss: 0.3168 - val_acc: 0.5660
Epoch 73
Train on 2804 samples, validate on 500 samples
Epoch 1/1
2804/2804 [==============================] - 0s 50us/step - loss: 0.0031 - acc: 0.5603 - val_loss: 0.3427 - val_acc: 0.5120
Epoch 74
Train on 2804 samples, validate on 500 samples
Epoch 1/1
2804/2804 [==============================] - 0s 51us/step - loss: 0.0031 - acc: 0.5667 - val_loss: 0.3298 - val_acc: 0.5460
Epoch 75
Train on 2804 samples, validate on 500 samples
Epoch 1/1
2804/2804 [==============================] - 0s 50us/step - loss: 0.0031 - acc: 0.5660 - val_loss: 0.3372 - val_acc: 0.5560
Epoch 76
Train on 2804 samples, validate on 500 samples
Epoch 1/1
2804/2804 [==============================] - 0s 51us/step - loss: 0.0031 - acc: 0.5649 - val_loss: 0.3449 - val_acc: 0.5320
Epoch 77
Train on 2804 samples, validate on 500 samples
Epoch 1/1
2804/2804 [==============================] - 0s 50us/step - loss: 0.0032 - acc: 0.5578 - val_loss: 0.3487 - val_acc: 0.5320
Epoch 78
Train on 2804 samples, validate on 500 samples
Epoch 1/1
2804/2804 [==============================] - 0s 50us/step - loss: 0.0031 - acc: 0.5667 - val_loss: 0.3065 - val_acc: 0.5900
Epoch 79
Train on 2804 samples, validate on 500 samples
Epoch 1/1
2804/2804 [==============================] - 0s 50us/step - loss: 0.0032 - acc: 0.5542 - val_loss: 0.3305 - val_acc: 0.5580
Epoch 80
Train on 2804 samples, validate on 500 samples
Epoch 1/1
2804/2804 [==============================] - 0s 50us/step - loss: 0.0033 - acc: 0.5314 - val_loss: 0.3477 - val_acc: 0.5320
Epoch 81
Train on 2804 samples, validate on 500 samples
Epoch 1/1
2804/2804 [==============================] - 0s 50us/step - loss: 0.0032 - acc: 0.5656 - val_loss: 0.3441 - val_acc: 0.5340
Epoch 82
Train on 2804 samples, validate on 500 samples
Epoch 1/1
2804/2804 [==============================] - 0s 50us/step - loss: 0.0032 - acc: 0.5432 - val_loss: 0.3111 - val_acc: 0.5700
Epoch 83
Train on 2804 samples, validate on 500 samples
Epoch 1/1
2804/2804 [==============================] - 0s 50us/step - loss: 0.0031 - acc: 0.5720 - val_loss: 0.3181 - val_acc: 0.5720
Epoch 84
Train on 2804 samples, validate on 500 samples
Epoch 1/1
2804/2804 [==============================] - 0s 51us/step - loss: 0.0031 - acc: 0.5571 - val_loss: 0.3535 - val_acc: 0.5040
Epoch 85
Train on 2804 samples, validate on 500 samples
Epoch 1/1
2804/2804 [==============================] - 0s 50us/step - loss: 0.0031 - acc: 0.5628 - val_loss: 0.3329 - val_acc: 0.5360
Epoch 86
Train on 2804 samples, validate on 500 samples
Epoch 1/1
2804/2804 [==============================] - 0s 50us/step - loss: 0.0031 - acc: 0.5435 - val_loss: 0.3369 - val_acc: 0.5280
Epoch 87
Train on 2804 samples, validate on 500 samples
Epoch 1/1
2804/2804 [==============================] - 0s 50us/step - loss: 0.0031 - acc: 0.5628 - val_loss: 0.3228 - val_acc: 0.5560
Epoch 88
Train on 2804 samples, validate on 500 samples
Epoch 1/1
2804/2804 [==============================] - 0s 50us/step - loss: 0.0032 - acc: 0.5489 - val_loss: 0.3739 - val_acc: 0.5060
Epoch 89
Train on 2804 samples, validate on 500 samples
Epoch 1/1
2804/2804 [==============================] - 0s 50us/step - loss: 0.0032 - acc: 0.5456 - val_loss: 0.3461 - val_acc: 0.5280
Epoch 90
Train on 2804 samples, validate on 500 samples
Epoch 1/1
2804/2804 [==============================] - 0s 50us/step - loss: 0.0030 - acc: 0.5827 - val_loss: 0.3300 - val_acc: 0.5560
Epoch 91
Train on 2804 samples, validate on 500 samples
Epoch 1/1
2804/2804 [==============================] - 0s 50us/step - loss: 0.0029 - acc: 0.5977 - val_loss: 0.3226 - val_acc: 0.5620
Epoch 92
Train on 2804 samples, validate on 500 samples
Epoch 1/1
2804/2804 [==============================] - 0s 50us/step - loss: 0.0031 - acc: 0.5767 - val_loss: 0.3484 - val_acc: 0.5260
Epoch 93
Train on 2804 samples, validate on 500 samples
Epoch 1/1
2804/2804 [==============================] - 0s 50us/step - loss: 0.0031 - acc: 0.5717 - val_loss: 0.3297 - val_acc: 0.5380
Epoch 94
Train on 2804 samples, validate on 500 samples
Epoch 1/1
2804/2804 [==============================] - 0s 50us/step - loss: 0.0031 - acc: 0.5635 - val_loss: 0.3281 - val_acc: 0.5500
Epoch 95
Train on 2804 samples, validate on 500 samples
Epoch 1/1
2804/2804 [==============================] - 0s 50us/step - loss: 0.0031 - acc: 0.5720 - val_loss: 0.3309 - val_acc: 0.5460
Epoch 96
Train on 2804 samples, validate on 500 samples
Epoch 1/1
2804/2804 [==============================] - 0s 50us/step - loss: 0.0032 - acc: 0.5578 - val_loss: 0.3281 - val_acc: 0.5440
Epoch 97
Train on 2804 samples, validate on 500 samples
Epoch 1/1
2804/2804 [==============================] - 0s 50us/step - loss: 0.0029 - acc: 0.5831 - val_loss: 0.2914 - val_acc: 0.5960
Epoch 98
Train on 2804 samples, validate on 500 samples
Epoch 1/1
2804/2804 [==============================] - 0s 50us/step - loss: 0.0029 - acc: 0.6059 - val_loss: 0.3080 - val_acc: 0.5600
Epoch 99
Train on 2804 samples, validate on 500 samples
Epoch 1/1
2804/2804 [==============================] - 0s 50us/step - loss: 0.0030 - acc: 0.6049 - val_loss: 0.3395 - val_acc: 0.5420
Neck alphas removed: 0.9313131313131313
Nuclear recoils removed: 0.4878658101356174
