Epoch 1/500
2018-10-14 10:37:07.548436: I tensorflow/core/platform/cpu_feature_guard.cc:140] Your CPU supports instructions that this TensorFlow binary was not compiled to use: AVX2 FMA
2018-10-14 10:37:07.625820: I tensorflow/stream_executor/cuda/cuda_gpu_executor.cc:898] successful NUMA node read from SysFS had negative value (-1), but there must be at least one NUMA node, so returning NUMA node zero
2018-10-14 10:37:07.626135: I tensorflow/core/common_runtime/gpu/gpu_device.cc:1356] Found device 0 with properties: 
name: GeForce GTX 1080 major: 6 minor: 1 memoryClockRate(GHz): 1.8475
pciBusID: 0000:01:00.0
totalMemory: 7.93GiB freeMemory: 7.49GiB
2018-10-14 10:37:07.626147: I tensorflow/core/common_runtime/gpu/gpu_device.cc:1435] Adding visible gpu devices: 0
2018-10-14 10:37:07.778282: I tensorflow/core/common_runtime/gpu/gpu_device.cc:923] Device interconnect StreamExecutor with strength 1 edge matrix:
2018-10-14 10:37:07.778309: I tensorflow/core/common_runtime/gpu/gpu_device.cc:929]      0 
2018-10-14 10:37:07.778314: I tensorflow/core/common_runtime/gpu/gpu_device.cc:942] 0:   N 
2018-10-14 10:37:07.778431: I tensorflow/core/common_runtime/gpu/gpu_device.cc:1053] Created TensorFlow device (/job:localhost/replica:0/task:0/device:GPU:0 with 7233 MB memory) -> physical GPU (device: 0, name: GeForce GTX 1080, pci bus id: 0000:01:00.0, compute capability: 6.1)
3304/3304 [==============================] - 8s 2ms/step - loss: 0.0804 - acc: 0.9101
Epoch 2/500
3304/3304 [==============================] - 5s 1ms/step - loss: 0.0666 - acc: 0.9277
Epoch 3/500
3304/3304 [==============================] - 5s 1ms/step - loss: 0.0612 - acc: 0.9301
Epoch 4/500
3304/3304 [==============================] - 5s 1ms/step - loss: 0.0559 - acc: 0.9343
Epoch 5/500
3304/3304 [==============================] - 5s 1ms/step - loss: 0.0522 - acc: 0.9392
Epoch 6/500
3304/3304 [==============================] - 5s 1ms/step - loss: 0.0498 - acc: 0.9404
Epoch 7/500
3304/3304 [==============================] - 5s 1ms/step - loss: 0.0468 - acc: 0.9452
Epoch 8/500
3304/3304 [==============================] - 5s 1ms/step - loss: 0.0447 - acc: 0.9498
Epoch 9/500
3304/3304 [==============================] - 5s 1ms/step - loss: 0.0434 - acc: 0.9501
Epoch 10/500
3304/3304 [==============================] - 5s 1ms/step - loss: 0.0419 - acc: 0.9531
Epoch 11/500
3304/3304 [==============================] - 5s 1ms/step - loss: 0.0392 - acc: 0.9588
Epoch 12/500
3304/3304 [==============================] - 5s 1ms/step - loss: 0.0389 - acc: 0.9561
Epoch 13/500
3304/3304 [==============================] - 5s 1ms/step - loss: 0.0366 - acc: 0.9619
Epoch 14/500
3304/3304 [==============================] - 5s 1ms/step - loss: 0.0358 - acc: 0.9613
Epoch 15/500
3304/3304 [==============================] - 5s 1ms/step - loss: 0.0341 - acc: 0.9664
Epoch 16/500
3304/3304 [==============================] - 5s 1ms/step - loss: 0.0332 - acc: 0.9670
Epoch 17/500
3304/3304 [==============================] - 5s 1ms/step - loss: 0.0318 - acc: 0.9685
Epoch 18/500
3304/3304 [==============================] - 5s 1ms/step - loss: 0.0312 - acc: 0.9715
Epoch 19/500
3304/3304 [==============================] - 5s 1ms/step - loss: 0.0302 - acc: 0.9706
Epoch 20/500
3304/3304 [==============================] - 5s 1ms/step - loss: 0.0290 - acc: 0.9734
Epoch 21/500
3304/3304 [==============================] - 5s 1ms/step - loss: 0.0276 - acc: 0.9740
Epoch 22/500
3304/3304 [==============================] - 5s 1ms/step - loss: 0.0271 - acc: 0.9755
Epoch 23/500
3304/3304 [==============================] - 5s 1ms/step - loss: 0.0258 - acc: 0.9773
Epoch 24/500
3304/3304 [==============================] - 5s 1ms/step - loss: 0.0254 - acc: 0.9773
Epoch 25/500
3304/3304 [==============================] - 5s 1ms/step - loss: 0.0244 - acc: 0.9782
Epoch 26/500
3304/3304 [==============================] - 5s 1ms/step - loss: 0.0236 - acc: 0.9782
Epoch 27/500
3304/3304 [==============================] - 5s 1ms/step - loss: 0.0231 - acc: 0.9800
Epoch 28/500
3304/3304 [==============================] - 5s 1ms/step - loss: 0.0225 - acc: 0.9803
Epoch 29/500
3304/3304 [==============================] - 5s 1ms/step - loss: 0.0217 - acc: 0.9806
Epoch 30/500
3304/3304 [==============================] - 5s 1ms/step - loss: 0.0214 - acc: 0.9809
Epoch 31/500
3304/3304 [==============================] - 5s 1ms/step - loss: 0.0208 - acc: 0.9815
Epoch 32/500
3304/3304 [==============================] - 5s 1ms/step - loss: 0.0202 - acc: 0.9818
Epoch 33/500
3304/3304 [==============================] - 5s 1ms/step - loss: 0.0196 - acc: 0.9821
Epoch 34/500
3304/3304 [==============================] - 5s 1ms/step - loss: 0.0191 - acc: 0.9831
Epoch 35/500
3304/3304 [==============================] - 5s 1ms/step - loss: 0.0186 - acc: 0.9834
Epoch 36/500
3304/3304 [==============================] - 5s 1ms/step - loss: 0.0182 - acc: 0.9834
Epoch 37/500
3304/3304 [==============================] - 5s 1ms/step - loss: 0.0183 - acc: 0.9834
Epoch 38/500
3304/3304 [==============================] - 5s 1ms/step - loss: 0.0181 - acc: 0.9837
Epoch 39/500
3304/3304 [==============================] - 5s 1ms/step - loss: 0.0176 - acc: 0.9834
Epoch 40/500
3304/3304 [==============================] - 5s 1ms/step - loss: 0.0185 - acc: 0.9840
Epoch 41/500
3304/3304 [==============================] - 5s 1ms/step - loss: 0.0173 - acc: 0.9840
Epoch 42/500
3304/3304 [==============================] - 5s 1ms/step - loss: 0.0169 - acc: 0.9840
Epoch 43/500
3304/3304 [==============================] - 5s 1ms/step - loss: 0.0168 - acc: 0.9840
Epoch 44/500
3304/3304 [==============================] - 5s 1ms/step - loss: 0.0168 - acc: 0.9840
Epoch 45/500
3304/3304 [==============================] - 5s 1ms/step - loss: 0.0166 - acc: 0.9843
Epoch 46/500
3304/3304 [==============================] - 5s 1ms/step - loss: 0.0163 - acc: 0.9846
Epoch 47/500
3304/3304 [==============================] - 5s 1ms/step - loss: 0.0161 - acc: 0.9846
Epoch 48/500
3304/3304 [==============================] - 5s 1ms/step - loss: 0.0160 - acc: 0.9846
Epoch 49/500
3304/3304 [==============================] - 5s 1ms/step - loss: 0.0160 - acc: 0.9846
Epoch 50/500
3304/3304 [==============================] - 5s 1ms/step - loss: 0.0160 - acc: 0.9846
Epoch 51/500
3304/3304 [==============================] - 5s 1ms/step - loss: 0.0157 - acc: 0.9849
Epoch 52/500
3304/3304 [==============================] - 5s 1ms/step - loss: 0.0157 - acc: 0.9849
Epoch 53/500
3304/3304 [==============================] - 5s 1ms/step - loss: 0.0155 - acc: 0.9849
Epoch 54/500
3304/3304 [==============================] - 5s 1ms/step - loss: 0.0155 - acc: 0.9849
Epoch 55/500
3304/3304 [==============================] - 5s 1ms/step - loss: 0.0156 - acc: 0.9849
Epoch 56/500
3304/3304 [==============================] - 5s 1ms/step - loss: 0.0152 - acc: 0.9852
Epoch 57/500
3304/3304 [==============================] - 5s 1ms/step - loss: 0.0152 - acc: 0.9852
Epoch 58/500
3304/3304 [==============================] - 5s 1ms/step - loss: 0.0149 - acc: 0.9855
Epoch 59/500
3304/3304 [==============================] - 5s 1ms/step - loss: 0.0148 - acc: 0.9855
Epoch 60/500
3304/3304 [==============================] - 5s 1ms/step - loss: 0.0148 - acc: 0.9855
Epoch 61/500
3304/3304 [==============================] - 5s 1ms/step - loss: 0.0148 - acc: 0.9855
Epoch 62/500
3304/3304 [==============================] - 5s 1ms/step - loss: 0.0148 - acc: 0.9855
Epoch 63/500
3304/3304 [==============================] - 5s 1ms/step - loss: 0.0147 - acc: 0.9855
Epoch 64/500
3304/3304 [==============================] - 5s 1ms/step - loss: 0.0147 - acc: 0.9855
Epoch 65/500
3304/3304 [==============================] - 5s 1ms/step - loss: 0.0147 - acc: 0.9858
Epoch 66/500
3304/3304 [==============================] - 5s 1ms/step - loss: 0.0145 - acc: 0.9858
Epoch 67/500
3304/3304 [==============================] - 5s 1ms/step - loss: 0.0144 - acc: 0.9858
Epoch 68/500
3304/3304 [==============================] - 5s 1ms/step - loss: 0.0144 - acc: 0.9858
Epoch 69/500
3304/3304 [==============================] - 5s 1ms/step - loss: 0.0144 - acc: 0.9858
Epoch 70/500
3304/3304 [==============================] - 5s 1ms/step - loss: 0.0144 - acc: 0.9858
Epoch 71/500
3304/3304 [==============================] - 5s 1ms/step - loss: 0.0144 - acc: 0.9858
Epoch 72/500
3304/3304 [==============================] - 5s 1ms/step - loss: 0.0144 - acc: 0.9858
Epoch 73/500
3304/3304 [==============================] - 5s 1ms/step - loss: 0.0143 - acc: 0.9858
Epoch 74/500
3304/3304 [==============================] - 5s 1ms/step - loss: 0.0143 - acc: 0.9858
Epoch 75/500
3304/3304 [==============================] - 5s 1ms/step - loss: 0.0143 - acc: 0.9858
Epoch 76/500
3304/3304 [==============================] - 5s 1ms/step - loss: 0.0143 - acc: 0.9858
Epoch 77/500
3304/3304 [==============================] - 5s 1ms/step - loss: 0.0143 - acc: 0.9858
Epoch 78/500
3304/3304 [==============================] - 5s 1ms/step - loss: 0.0143 - acc: 0.9858
Epoch 79/500
3304/3304 [==============================] - 5s 1ms/step - loss: 0.0143 - acc: 0.9858
Epoch 80/500
3304/3304 [==============================] - 5s 1ms/step - loss: 0.0143 - acc: 0.9858
Epoch 81/500
3304/3304 [==============================] - 5s 1ms/step - loss: 0.0143 - acc: 0.9858
