Using TensorFlow backend.
/usr/lib/python3.6/importlib/_bootstrap.py:219: RuntimeWarning: numpy.dtype size changed, may indicate binary incompatibility. Expected 96, got 88
  return f(*args, **kwds)
_________________________________________________________________
Layer (type)                 Output Shape              Param #   
=================================================================
batch_normalization_1 (Batch (None, 255)               1020      
_________________________________________________________________
dense_1 (Dense)              (None, 24)                6144      
_________________________________________________________________
batch_normalization_2 (Batch (None, 24)                96        
_________________________________________________________________
dense_2 (Dense)              (None, 1)                 25        
=================================================================
Total params: 7,285
Trainable params: 6,727
Non-trainable params: 558
_________________________________________________________________
None
Epoch 0
Train on 2804 samples, validate on 500 samples
Epoch 1/1
2018-10-27 11:41:23.391869: I tensorflow/core/platform/cpu_feature_guard.cc:140] Your CPU supports instructions that this TensorFlow binary was not compiled to use: AVX2 FMA
2018-10-27 11:41:23.458174: I tensorflow/stream_executor/cuda/cuda_gpu_executor.cc:898] successful NUMA node read from SysFS had negative value (-1), but there must be at least one NUMA node, so returning NUMA node zero
2018-10-27 11:41:23.458490: I tensorflow/core/common_runtime/gpu/gpu_device.cc:1356] Found device 0 with properties: 
name: GeForce GTX 1080 major: 6 minor: 1 memoryClockRate(GHz): 1.8475
pciBusID: 0000:01:00.0
totalMemory: 7.93GiB freeMemory: 7.35GiB
2018-10-27 11:41:23.458503: I tensorflow/core/common_runtime/gpu/gpu_device.cc:1435] Adding visible gpu devices: 0
2018-10-27 11:41:23.609224: I tensorflow/core/common_runtime/gpu/gpu_device.cc:923] Device interconnect StreamExecutor with strength 1 edge matrix:
2018-10-27 11:41:23.609251: I tensorflow/core/common_runtime/gpu/gpu_device.cc:929]      0 
2018-10-27 11:41:23.609258: I tensorflow/core/common_runtime/gpu/gpu_device.cc:942] 0:   N 
2018-10-27 11:41:23.609377: I tensorflow/core/common_runtime/gpu/gpu_device.cc:1053] Created TensorFlow device (/job:localhost/replica:0/task:0/device:GPU:0 with 7097 MB memory) -> physical GPU (device: 0, name: GeForce GTX 1080, pci bus id: 0000:01:00.0, compute capability: 6.1)
2804/2804 [==============================] - 1s 298us/step - loss: 0.0582 - acc: 0.4486 - val_loss: 0.3729 - val_acc: 0.4760
Epoch 1
Train on 2804 samples, validate on 500 samples
Epoch 1/1
2804/2804 [==============================] - 0s 67us/step - loss: 0.0383 - acc: 0.4237 - val_loss: 0.3924 - val_acc: 0.4360
Epoch 2
Train on 2804 samples, validate on 500 samples
Epoch 1/1
2804/2804 [==============================] - 0s 72us/step - loss: 0.0297 - acc: 0.4044 - val_loss: 0.3938 - val_acc: 0.4240
Epoch 3
Train on 2804 samples, validate on 500 samples
Epoch 1/1
2804/2804 [==============================] - 0s 68us/step - loss: 0.0233 - acc: 0.4108 - val_loss: 0.3874 - val_acc: 0.4340
Epoch 4
Train on 2804 samples, validate on 500 samples
Epoch 1/1
2804/2804 [==============================] - 0s 67us/step - loss: 0.0185 - acc: 0.4201 - val_loss: 0.3851 - val_acc: 0.4340
Epoch 5
Train on 2804 samples, validate on 500 samples
Epoch 1/1
2804/2804 [==============================] - 0s 67us/step - loss: 0.0148 - acc: 0.4337 - val_loss: 0.3762 - val_acc: 0.4340
Epoch 6
Train on 2804 samples, validate on 500 samples
Epoch 1/1
2804/2804 [==============================] - 0s 68us/step - loss: 0.0118 - acc: 0.4576 - val_loss: 0.3671 - val_acc: 0.4600
Epoch 7
Train on 2804 samples, validate on 500 samples
Epoch 1/1
2804/2804 [==============================] - 0s 67us/step - loss: 0.0094 - acc: 0.4650 - val_loss: 0.3569 - val_acc: 0.4800
Epoch 8
Train on 2804 samples, validate on 500 samples
Epoch 1/1
2804/2804 [==============================] - 0s 67us/step - loss: 0.0077 - acc: 0.4822 - val_loss: 0.3483 - val_acc: 0.4940
Epoch 9
Train on 2804 samples, validate on 500 samples
Epoch 1/1
2804/2804 [==============================] - 0s 68us/step - loss: 0.0064 - acc: 0.4914 - val_loss: 0.3405 - val_acc: 0.5240
Epoch 10
Train on 2804 samples, validate on 500 samples
Epoch 1/1
2804/2804 [==============================] - 0s 67us/step - loss: 0.0057 - acc: 0.5100 - val_loss: 0.3526 - val_acc: 0.5100
Epoch 11
Train on 2804 samples, validate on 500 samples
Epoch 1/1
2804/2804 [==============================] - 0s 67us/step - loss: 0.0055 - acc: 0.4950 - val_loss: 0.3602 - val_acc: 0.5180
Epoch 12
Train on 2804 samples, validate on 500 samples
Epoch 1/1
2804/2804 [==============================] - 0s 67us/step - loss: 0.0054 - acc: 0.5029 - val_loss: 0.3719 - val_acc: 0.4900
Epoch 13
Train on 2804 samples, validate on 500 samples
Epoch 1/1
2804/2804 [==============================] - 0s 67us/step - loss: 0.0047 - acc: 0.5225 - val_loss: 0.3457 - val_acc: 0.5020
Epoch 14
Train on 2804 samples, validate on 500 samples
Epoch 1/1
2804/2804 [==============================] - 0s 69us/step - loss: 0.0044 - acc: 0.5185 - val_loss: 0.3390 - val_acc: 0.5080
Epoch 15
Train on 2804 samples, validate on 500 samples
Epoch 1/1
2804/2804 [==============================] - 0s 68us/step - loss: 0.0050 - acc: 0.5025 - val_loss: 0.4074 - val_acc: 0.4620
Epoch 16
Train on 2804 samples, validate on 500 samples
Epoch 1/1
2804/2804 [==============================] - 0s 69us/step - loss: 0.0048 - acc: 0.4704 - val_loss: 0.3646 - val_acc: 0.4780
Epoch 17
Train on 2804 samples, validate on 500 samples
Epoch 1/1
2804/2804 [==============================] - 0s 67us/step - loss: 0.0041 - acc: 0.4982 - val_loss: 0.3417 - val_acc: 0.5040
Epoch 18
Train on 2804 samples, validate on 500 samples
Epoch 1/1
2804/2804 [==============================] - 0s 67us/step - loss: 0.0037 - acc: 0.5292 - val_loss: 0.3319 - val_acc: 0.5300
Epoch 19
Train on 2804 samples, validate on 500 samples
Epoch 1/1
2804/2804 [==============================] - 0s 67us/step - loss: 0.0034 - acc: 0.5435 - val_loss: 0.3211 - val_acc: 0.5480
Epoch 20
Train on 2804 samples, validate on 500 samples
Epoch 1/1
2804/2804 [==============================] - 0s 67us/step - loss: 0.0036 - acc: 0.5492 - val_loss: 0.3729 - val_acc: 0.5060
Epoch 21
Train on 2804 samples, validate on 500 samples
Epoch 1/1
2804/2804 [==============================] - 0s 67us/step - loss: 0.0039 - acc: 0.5082 - val_loss: 0.3304 - val_acc: 0.5300
Epoch 22
Train on 2804 samples, validate on 500 samples
Epoch 1/1
2804/2804 [==============================] - 0s 67us/step - loss: 0.0035 - acc: 0.5335 - val_loss: 0.3029 - val_acc: 0.5520
Epoch 23
Train on 2804 samples, validate on 500 samples
Epoch 1/1
2804/2804 [==============================] - 0s 67us/step - loss: 0.0034 - acc: 0.5549 - val_loss: 0.3698 - val_acc: 0.4980
Epoch 24
Train on 2804 samples, validate on 500 samples
Epoch 1/1
2804/2804 [==============================] - 0s 68us/step - loss: 0.0056 - acc: 0.4918 - val_loss: 0.4143 - val_acc: 0.4480
Epoch 25
Train on 2804 samples, validate on 500 samples
Epoch 1/1
2804/2804 [==============================] - 0s 68us/step - loss: 0.0049 - acc: 0.4697 - val_loss: 0.3532 - val_acc: 0.4880
Epoch 26
Train on 2804 samples, validate on 500 samples
Epoch 1/1
2804/2804 [==============================] - 0s 67us/step - loss: 0.0040 - acc: 0.5007 - val_loss: 0.3287 - val_acc: 0.5120
Epoch 27
Train on 2804 samples, validate on 500 samples
Epoch 1/1
2804/2804 [==============================] - 0s 68us/step - loss: 0.0034 - acc: 0.5417 - val_loss: 0.2911 - val_acc: 0.5620
Epoch 28
Train on 2804 samples, validate on 500 samples
Epoch 1/1
2804/2804 [==============================] - 0s 68us/step - loss: 0.0030 - acc: 0.5703 - val_loss: 0.3101 - val_acc: 0.5420
Epoch 29
Train on 2804 samples, validate on 500 samples
Epoch 1/1
2804/2804 [==============================] - 0s 68us/step - loss: 0.0037 - acc: 0.5678 - val_loss: 0.4014 - val_acc: 0.4580
Epoch 30
Train on 2804 samples, validate on 500 samples
Epoch 1/1
2804/2804 [==============================] - 0s 68us/step - loss: 0.0052 - acc: 0.4968 - val_loss: 0.4124 - val_acc: 0.4420
Epoch 31
Train on 2804 samples, validate on 500 samples
Epoch 1/1
2804/2804 [==============================] - 0s 67us/step - loss: 0.0046 - acc: 0.4861 - val_loss: 0.3711 - val_acc: 0.4920
Epoch 32
Train on 2804 samples, validate on 500 samples
Epoch 1/1
2804/2804 [==============================] - 0s 67us/step - loss: 0.0038 - acc: 0.5218 - val_loss: 0.3124 - val_acc: 0.5440
Epoch 33
Train on 2804 samples, validate on 500 samples
Epoch 1/1
2804/2804 [==============================] - 0s 67us/step - loss: 0.0034 - acc: 0.5474 - val_loss: 0.2954 - val_acc: 0.5700
Epoch 34
Train on 2804 samples, validate on 500 samples
Epoch 1/1
2804/2804 [==============================] - 0s 67us/step - loss: 0.0030 - acc: 0.5813 - val_loss: 0.2842 - val_acc: 0.6160
Epoch 35
Train on 2804 samples, validate on 500 samples
Epoch 1/1
2804/2804 [==============================] - 0s 67us/step - loss: 0.0029 - acc: 0.6041 - val_loss: 0.3168 - val_acc: 0.5600
Epoch 36
Train on 2804 samples, validate on 500 samples
Epoch 1/1
2804/2804 [==============================] - 0s 67us/step - loss: 0.0039 - acc: 0.5535 - val_loss: 0.3977 - val_acc: 0.4920
Epoch 37
Train on 2804 samples, validate on 500 samples
Epoch 1/1
2804/2804 [==============================] - 0s 68us/step - loss: 0.0039 - acc: 0.5399 - val_loss: 0.3393 - val_acc: 0.5360
Epoch 38
Train on 2804 samples, validate on 500 samples
Epoch 1/1
2804/2804 [==============================] - 0s 68us/step - loss: 0.0035 - acc: 0.5421 - val_loss: 0.3135 - val_acc: 0.5600
Epoch 39
Train on 2804 samples, validate on 500 samples
Epoch 1/1
2804/2804 [==============================] - 0s 67us/step - loss: 0.0031 - acc: 0.5813 - val_loss: 0.2874 - val_acc: 0.5900
Epoch 40
Train on 2804 samples, validate on 500 samples
Epoch 1/1
2804/2804 [==============================] - 0s 67us/step - loss: 0.0030 - acc: 0.6041 - val_loss: 0.2984 - val_acc: 0.5980
Epoch 41
Train on 2804 samples, validate on 500 samples
Epoch 1/1
2804/2804 [==============================] - 0s 67us/step - loss: 0.0040 - acc: 0.5788 - val_loss: 0.4255 - val_acc: 0.4540
Epoch 42
Train on 2804 samples, validate on 500 samples
Epoch 1/1
2804/2804 [==============================] - 0s 67us/step - loss: 0.0048 - acc: 0.5118 - val_loss: 0.3765 - val_acc: 0.5000
Epoch 43
Train on 2804 samples, validate on 500 samples
Epoch 1/1
2804/2804 [==============================] - 0s 67us/step - loss: 0.0038 - acc: 0.5289 - val_loss: 0.3122 - val_acc: 0.5700
Epoch 44
Train on 2804 samples, validate on 500 samples
Epoch 1/1
2804/2804 [==============================] - 0s 68us/step - loss: 0.0033 - acc: 0.5795 - val_loss: 0.2879 - val_acc: 0.6260
Epoch 45
Train on 2804 samples, validate on 500 samples
Epoch 1/1
2804/2804 [==============================] - 0s 67us/step - loss: 0.0030 - acc: 0.6241 - val_loss: 0.2912 - val_acc: 0.6220
Epoch 46
Train on 2804 samples, validate on 500 samples
Epoch 1/1
2804/2804 [==============================] - 0s 67us/step - loss: 0.0032 - acc: 0.6138 - val_loss: 0.3136 - val_acc: 0.5800
Epoch 47
Train on 2804 samples, validate on 500 samples
Epoch 1/1
2804/2804 [==============================] - 0s 67us/step - loss: 0.0049 - acc: 0.5728 - val_loss: 0.4262 - val_acc: 0.4660
Epoch 48
Train on 2804 samples, validate on 500 samples
Epoch 1/1
2804/2804 [==============================] - 0s 68us/step - loss: 0.0046 - acc: 0.5021 - val_loss: 0.3579 - val_acc: 0.5320
Epoch 49
Train on 2804 samples, validate on 500 samples
Epoch 1/1
2804/2804 [==============================] - 0s 67us/step - loss: 0.0037 - acc: 0.5553 - val_loss: 0.2905 - val_acc: 0.6100
Epoch 50
Train on 2804 samples, validate on 500 samples
Epoch 1/1
2804/2804 [==============================] - 0s 67us/step - loss: 0.0031 - acc: 0.6024 - val_loss: 0.2761 - val_acc: 0.6420
Epoch 51
Train on 2804 samples, validate on 500 samples
Epoch 1/1
2804/2804 [==============================] - 0s 67us/step - loss: 0.0029 - acc: 0.6298 - val_loss: 0.3032 - val_acc: 0.5960
Epoch 52
Train on 2804 samples, validate on 500 samples
Epoch 1/1
2804/2804 [==============================] - 0s 68us/step - loss: 0.0038 - acc: 0.5920 - val_loss: 0.3485 - val_acc: 0.5520
Epoch 53
Train on 2804 samples, validate on 500 samples
Epoch 1/1
2804/2804 [==============================] - 0s 68us/step - loss: 0.0042 - acc: 0.5760 - val_loss: 0.3448 - val_acc: 0.5420
Epoch 54
Train on 2804 samples, validate on 500 samples
Epoch 1/1
2804/2804 [==============================] - 0s 68us/step - loss: 0.0042 - acc: 0.5399 - val_loss: 0.3485 - val_acc: 0.5500
Epoch 55
Train on 2804 samples, validate on 500 samples
Epoch 1/1
2804/2804 [==============================] - 0s 67us/step - loss: 0.0034 - acc: 0.5767 - val_loss: 0.2774 - val_acc: 0.6340
Epoch 56
Train on 2804 samples, validate on 500 samples
Epoch 1/1
2804/2804 [==============================] - 0s 68us/step - loss: 0.0029 - acc: 0.6366 - val_loss: 0.2797 - val_acc: 0.6400
Epoch 57
Train on 2804 samples, validate on 500 samples
Epoch 1/1
2804/2804 [==============================] - 0s 67us/step - loss: 0.0033 - acc: 0.6266 - val_loss: 0.3121 - val_acc: 0.5860
Epoch 58
Train on 2804 samples, validate on 500 samples
Epoch 1/1
2804/2804 [==============================] - 0s 67us/step - loss: 0.0032 - acc: 0.6234 - val_loss: 0.2759 - val_acc: 0.6340
Epoch 59
Train on 2804 samples, validate on 500 samples
Epoch 1/1
2804/2804 [==============================] - 0s 67us/step - loss: 0.0029 - acc: 0.6594 - val_loss: 0.2789 - val_acc: 0.6380
Epoch 60
Train on 2804 samples, validate on 500 samples
Epoch 1/1
2804/2804 [==============================] - 0s 68us/step - loss: 0.0037 - acc: 0.6352 - val_loss: 0.3612 - val_acc: 0.5280
Epoch 61
Train on 2804 samples, validate on 500 samples
Epoch 1/1
2804/2804 [==============================] - 0s 67us/step - loss: 0.0043 - acc: 0.5999 - val_loss: 0.3512 - val_acc: 0.5600
Epoch 62
Train on 2804 samples, validate on 500 samples
Epoch 1/1
2804/2804 [==============================] - 0s 67us/step - loss: 0.0040 - acc: 0.5831 - val_loss: 0.3277 - val_acc: 0.5720
Epoch 63
Train on 2804 samples, validate on 500 samples
Epoch 1/1
2804/2804 [==============================] - 0s 68us/step - loss: 0.0036 - acc: 0.6113 - val_loss: 0.2991 - val_acc: 0.6100
Epoch 64
Train on 2804 samples, validate on 500 samples
Epoch 1/1
2804/2804 [==============================] - 0s 68us/step - loss: 0.0032 - acc: 0.6377 - val_loss: 0.2487 - val_acc: 0.6900
Epoch 65
Train on 2804 samples, validate on 500 samples
Epoch 1/1
2804/2804 [==============================] - 0s 68us/step - loss: 0.0029 - acc: 0.6719 - val_loss: 0.2452 - val_acc: 0.7020
Epoch 66
Train on 2804 samples, validate on 500 samples
Epoch 1/1
2804/2804 [==============================] - 0s 68us/step - loss: 0.0031 - acc: 0.6641 - val_loss: 0.2608 - val_acc: 0.6680
Epoch 67
Train on 2804 samples, validate on 500 samples
Epoch 1/1
2804/2804 [==============================] - 0s 67us/step - loss: 0.0031 - acc: 0.6623 - val_loss: 0.2618 - val_acc: 0.6700
Epoch 68
Train on 2804 samples, validate on 500 samples
Epoch 1/1
2804/2804 [==============================] - 0s 68us/step - loss: 0.0035 - acc: 0.6708 - val_loss: 0.3574 - val_acc: 0.5520
Epoch 69
Train on 2804 samples, validate on 500 samples
Epoch 1/1
2804/2804 [==============================] - 0s 67us/step - loss: 0.0043 - acc: 0.6006 - val_loss: 0.3658 - val_acc: 0.5500
Epoch 70
Train on 2804 samples, validate on 500 samples
Epoch 1/1
2804/2804 [==============================] - 0s 67us/step - loss: 0.0040 - acc: 0.5867 - val_loss: 0.3045 - val_acc: 0.6020
Epoch 71
Train on 2804 samples, validate on 500 samples
Epoch 1/1
2804/2804 [==============================] - 0s 67us/step - loss: 0.0035 - acc: 0.6309 - val_loss: 0.2568 - val_acc: 0.6740
Epoch 72
Train on 2804 samples, validate on 500 samples
Epoch 1/1
2804/2804 [==============================] - 0s 67us/step - loss: 0.0035 - acc: 0.6466 - val_loss: 0.2862 - val_acc: 0.6340
Epoch 73
Train on 2804 samples, validate on 500 samples
Epoch 1/1
2804/2804 [==============================] - 0s 68us/step - loss: 0.0035 - acc: 0.6348 - val_loss: 0.2883 - val_acc: 0.6540
Epoch 74
Train on 2804 samples, validate on 500 samples
Epoch 1/1
2804/2804 [==============================] - 0s 67us/step - loss: 0.0037 - acc: 0.6377 - val_loss: 0.3296 - val_acc: 0.5880
Epoch 75
Train on 2804 samples, validate on 500 samples
Epoch 1/1
2804/2804 [==============================] - 0s 67us/step - loss: 0.0041 - acc: 0.6134 - val_loss: 0.3308 - val_acc: 0.5740
Epoch 76
Train on 2804 samples, validate on 500 samples
Epoch 1/1
2804/2804 [==============================] - 0s 67us/step - loss: 0.0042 - acc: 0.5870 - val_loss: 0.3040 - val_acc: 0.6080
Epoch 77
Train on 2804 samples, validate on 500 samples
Epoch 1/1
2804/2804 [==============================] - 0s 67us/step - loss: 0.0036 - acc: 0.6120 - val_loss: 0.2761 - val_acc: 0.6440
Epoch 78
Train on 2804 samples, validate on 500 samples
Epoch 1/1
2804/2804 [==============================] - 0s 67us/step - loss: 0.0030 - acc: 0.6434 - val_loss: 0.2370 - val_acc: 0.7020
Epoch 79
Train on 2804 samples, validate on 500 samples
Epoch 1/1
2804/2804 [==============================] - 0s 68us/step - loss: 0.0027 - acc: 0.6908 - val_loss: 0.2386 - val_acc: 0.7260
Epoch 80
Train on 2804 samples, validate on 500 samples
Epoch 1/1
2804/2804 [==============================] - 0s 67us/step - loss: 0.0026 - acc: 0.7058 - val_loss: 0.2474 - val_acc: 0.6960
Epoch 81
Train on 2804 samples, validate on 500 samples
Epoch 1/1
2804/2804 [==============================] - 0s 67us/step - loss: 0.0031 - acc: 0.6787 - val_loss: 0.3389 - val_acc: 0.5900
Epoch 82
Train on 2804 samples, validate on 500 samples
Epoch 1/1
2804/2804 [==============================] - 0s 67us/step - loss: 0.0043 - acc: 0.6427 - val_loss: 0.3448 - val_acc: 0.5740
Epoch 83
Train on 2804 samples, validate on 500 samples
Epoch 1/1
2804/2804 [==============================] - 0s 67us/step - loss: 0.0045 - acc: 0.6066 - val_loss: 0.3391 - val_acc: 0.5560
Epoch 84
Train on 2804 samples, validate on 500 samples
Epoch 1/1
2804/2804 [==============================] - 0s 68us/step - loss: 0.0039 - acc: 0.5984 - val_loss: 0.2944 - val_acc: 0.6160
Epoch 85
Train on 2804 samples, validate on 500 samples
Epoch 1/1
2804/2804 [==============================] - 0s 68us/step - loss: 0.0032 - acc: 0.6362 - val_loss: 0.2426 - val_acc: 0.6960
Epoch 86
Train on 2804 samples, validate on 500 samples
Epoch 1/1
2804/2804 [==============================] - 0s 68us/step - loss: 0.0029 - acc: 0.6744 - val_loss: 0.2411 - val_acc: 0.7120
Epoch 87
Train on 2804 samples, validate on 500 samples
Epoch 1/1
2804/2804 [==============================] - 0s 67us/step - loss: 0.0031 - acc: 0.6833 - val_loss: 0.2384 - val_acc: 0.7120
Epoch 88
Train on 2804 samples, validate on 500 samples
Epoch 1/1
2804/2804 [==============================] - 0s 67us/step - loss: 0.0037 - acc: 0.6680 - val_loss: 0.3128 - val_acc: 0.6160
Epoch 89
Train on 2804 samples, validate on 500 samples
Epoch 1/1
2804/2804 [==============================] - 0s 68us/step - loss: 0.0041 - acc: 0.6462 - val_loss: 0.3150 - val_acc: 0.6060
Epoch 90
Train on 2804 samples, validate on 500 samples
Epoch 1/1
2804/2804 [==============================] - 0s 68us/step - loss: 0.0037 - acc: 0.6362 - val_loss: 0.2911 - val_acc: 0.6260
Epoch 91
Train on 2804 samples, validate on 500 samples
Epoch 1/1
2804/2804 [==============================] - 0s 67us/step - loss: 0.0033 - acc: 0.6523 - val_loss: 0.2602 - val_acc: 0.7000
Epoch 92
Train on 2804 samples, validate on 500 samples
Epoch 1/1
2804/2804 [==============================] - 0s 68us/step - loss: 0.0032 - acc: 0.6748 - val_loss: 0.2798 - val_acc: 0.6700
Epoch 93
Train on 2804 samples, validate on 500 samples
Epoch 1/1
2804/2804 [==============================] - 0s 68us/step - loss: 0.0035 - acc: 0.6623 - val_loss: 0.2817 - val_acc: 0.6460
Epoch 94
Train on 2804 samples, validate on 500 samples
Epoch 1/1
2804/2804 [==============================] - 0s 67us/step - loss: 0.0036 - acc: 0.6480 - val_loss: 0.2845 - val_acc: 0.6460
Epoch 95
Train on 2804 samples, validate on 500 samples
Epoch 1/1
2804/2804 [==============================] - 0s 68us/step - loss: 0.0036 - acc: 0.6573 - val_loss: 0.3220 - val_acc: 0.5940
Epoch 96
Train on 2804 samples, validate on 500 samples
Epoch 1/1
2804/2804 [==============================] - 0s 68us/step - loss: 0.0033 - acc: 0.6523 - val_loss: 0.2895 - val_acc: 0.6460
Epoch 97
Train on 2804 samples, validate on 500 samples
Epoch 1/1
2804/2804 [==============================] - 0s 67us/step - loss: 0.0033 - acc: 0.6562 - val_loss: 0.2863 - val_acc: 0.6600
Epoch 98
Train on 2804 samples, validate on 500 samples
Epoch 1/1
2804/2804 [==============================] - 0s 67us/step - loss: 0.0032 - acc: 0.6662 - val_loss: 0.2665 - val_acc: 0.6760
Epoch 99
Train on 2804 samples, validate on 500 samples
Epoch 1/1
2804/2804 [==============================] - 0s 68us/step - loss: 0.0030 - acc: 0.6794 - val_loss: 0.2353 - val_acc: 0.7240
_________________________________________________________________
Layer (type)                 Output Shape              Param #   
=================================================================
batch_normalization_3 (Batch (None, 255)               1020      
_________________________________________________________________
dense_3 (Dense)              (None, 24)                6144      
_________________________________________________________________
batch_normalization_4 (Batch (None, 24)                96        
_________________________________________________________________
dense_4 (Dense)              (None, 1)                 25        
=================================================================
Total params: 7,285
Trainable params: 6,727
Non-trainable params: 558
_________________________________________________________________
None
Epoch 0
Train on 2804 samples, validate on 500 samples
Epoch 1/1
2804/2804 [==============================] - 1s 179us/step - loss: 0.0559 - acc: 0.4579 - val_loss: 0.4367 - val_acc: 0.4300
Epoch 1
Train on 2804 samples, validate on 500 samples
Epoch 1/1
2804/2804 [==============================] - 0s 68us/step - loss: 0.0387 - acc: 0.4262 - val_loss: 0.4548 - val_acc: 0.3920
Epoch 2
Train on 2804 samples, validate on 500 samples
Epoch 1/1
2804/2804 [==============================] - 0s 68us/step - loss: 0.0308 - acc: 0.4098 - val_loss: 0.4651 - val_acc: 0.3740
Epoch 3
Train on 2804 samples, validate on 500 samples
Epoch 1/1
2804/2804 [==============================] - 0s 69us/step - loss: 0.0246 - acc: 0.4237 - val_loss: 0.4577 - val_acc: 0.3800
Epoch 4
Train on 2804 samples, validate on 500 samples
Epoch 1/1
2804/2804 [==============================] - 0s 69us/step - loss: 0.0196 - acc: 0.4294 - val_loss: 0.4555 - val_acc: 0.3780
Epoch 5
Train on 2804 samples, validate on 500 samples
Epoch 1/1
2804/2804 [==============================] - 0s 68us/step - loss: 0.0154 - acc: 0.4486 - val_loss: 0.4440 - val_acc: 0.3820
Epoch 6
Train on 2804 samples, validate on 500 samples
Epoch 1/1
2804/2804 [==============================] - 0s 68us/step - loss: 0.0122 - acc: 0.4611 - val_loss: 0.4306 - val_acc: 0.4000
Epoch 7
Train on 2804 samples, validate on 500 samples
Epoch 1/1
2804/2804 [==============================] - 0s 68us/step - loss: 0.0097 - acc: 0.4768 - val_loss: 0.4139 - val_acc: 0.4200
Epoch 8
Train on 2804 samples, validate on 500 samples
Epoch 1/1
2804/2804 [==============================] - 0s 68us/step - loss: 0.0078 - acc: 0.4947 - val_loss: 0.4014 - val_acc: 0.4420
Epoch 9
Train on 2804 samples, validate on 500 samples
Epoch 1/1
2804/2804 [==============================] - 0s 68us/step - loss: 0.0069 - acc: 0.4850 - val_loss: 0.4029 - val_acc: 0.4620
Epoch 10
Train on 2804 samples, validate on 500 samples
Epoch 1/1
2804/2804 [==============================] - 0s 69us/step - loss: 0.0079 - acc: 0.4526 - val_loss: 0.4570 - val_acc: 0.4220
Epoch 11
Train on 2804 samples, validate on 500 samples
Epoch 1/1
2804/2804 [==============================] - 0s 68us/step - loss: 0.0073 - acc: 0.4408 - val_loss: 0.4436 - val_acc: 0.4160
Epoch 12
Train on 2804 samples, validate on 500 samples
Epoch 1/1
2804/2804 [==============================] - 0s 69us/step - loss: 0.0062 - acc: 0.4444 - val_loss: 0.4197 - val_acc: 0.4300
Epoch 13
Train on 2804 samples, validate on 500 samples
Epoch 1/1
2804/2804 [==============================] - 0s 68us/step - loss: 0.0053 - acc: 0.4672 - val_loss: 0.3925 - val_acc: 0.4540
Epoch 14
Train on 2804 samples, validate on 500 samples
Epoch 1/1
2804/2804 [==============================] - 0s 68us/step - loss: 0.0044 - acc: 0.4864 - val_loss: 0.3644 - val_acc: 0.4740
Epoch 15
Train on 2804 samples, validate on 500 samples
Epoch 1/1
2804/2804 [==============================] - 0s 68us/step - loss: 0.0038 - acc: 0.5118 - val_loss: 0.3474 - val_acc: 0.5020
Epoch 16
Train on 2804 samples, validate on 500 samples
Epoch 1/1
2804/2804 [==============================] - 0s 68us/step - loss: 0.0037 - acc: 0.5128 - val_loss: 0.3719 - val_acc: 0.4800
Epoch 17
Train on 2804 samples, validate on 500 samples
Epoch 1/1
2804/2804 [==============================] - 0s 68us/step - loss: 0.0045 - acc: 0.4889 - val_loss: 0.3982 - val_acc: 0.4700
Epoch 18
Train on 2804 samples, validate on 500 samples
Epoch 1/1
2804/2804 [==============================] - 0s 68us/step - loss: 0.0044 - acc: 0.4832 - val_loss: 0.3834 - val_acc: 0.4700
Epoch 19
Train on 2804 samples, validate on 500 samples
Epoch 1/1
2804/2804 [==============================] - 0s 69us/step - loss: 0.0044 - acc: 0.4736 - val_loss: 0.3838 - val_acc: 0.4680
Epoch 20
Train on 2804 samples, validate on 500 samples
Epoch 1/1
2804/2804 [==============================] - 0s 68us/step - loss: 0.0052 - acc: 0.4483 - val_loss: 0.4128 - val_acc: 0.4180
Epoch 21
Train on 2804 samples, validate on 500 samples
Epoch 1/1
2804/2804 [==============================] - 0s 68us/step - loss: 0.0047 - acc: 0.4451 - val_loss: 0.3592 - val_acc: 0.4880
Epoch 22
Train on 2804 samples, validate on 500 samples
Epoch 1/1
2804/2804 [==============================] - 0s 68us/step - loss: 0.0042 - acc: 0.4718 - val_loss: 0.3541 - val_acc: 0.4980
Epoch 23
Train on 2804 samples, validate on 500 samples
Epoch 1/1
2804/2804 [==============================] - 0s 68us/step - loss: 0.0038 - acc: 0.4807 - val_loss: 0.3181 - val_acc: 0.5460
Epoch 24
Train on 2804 samples, validate on 500 samples
Epoch 1/1
2804/2804 [==============================] - 0s 68us/step - loss: 0.0033 - acc: 0.5243 - val_loss: 0.3014 - val_acc: 0.5660
Epoch 25
Train on 2804 samples, validate on 500 samples
Epoch 1/1
2804/2804 [==============================] - 0s 68us/step - loss: 0.0034 - acc: 0.5332 - val_loss: 0.3413 - val_acc: 0.5220
Epoch 26
Train on 2804 samples, validate on 500 samples
Epoch 1/1
2804/2804 [==============================] - 0s 68us/step - loss: 0.0040 - acc: 0.5128 - val_loss: 0.3698 - val_acc: 0.4960
Epoch 27
Train on 2804 samples, validate on 500 samples
Epoch 1/1
2804/2804 [==============================] - 0s 68us/step - loss: 0.0043 - acc: 0.4779 - val_loss: 0.3593 - val_acc: 0.4820
Epoch 28
Train on 2804 samples, validate on 500 samples
Epoch 1/1
2804/2804 [==============================] - 0s 68us/step - loss: 0.0039 - acc: 0.4868 - val_loss: 0.3473 - val_acc: 0.4900
Epoch 29
Train on 2804 samples, validate on 500 samples
Epoch 1/1
2804/2804 [==============================] - 0s 69us/step - loss: 0.0036 - acc: 0.5189 - val_loss: 0.3329 - val_acc: 0.5320
Epoch 30
Train on 2804 samples, validate on 500 samples
Epoch 1/1
2804/2804 [==============================] - 0s 68us/step - loss: 0.0031 - acc: 0.5521 - val_loss: 0.3014 - val_acc: 0.5720
Epoch 31
Train on 2804 samples, validate on 500 samples
Epoch 1/1
2804/2804 [==============================] - 0s 68us/step - loss: 0.0032 - acc: 0.5695 - val_loss: 0.3608 - val_acc: 0.4960
Epoch 32
Train on 2804 samples, validate on 500 samples
Epoch 1/1
2804/2804 [==============================] - 0s 68us/step - loss: 0.0042 - acc: 0.5139 - val_loss: 0.3837 - val_acc: 0.4960
Epoch 33
Train on 2804 samples, validate on 500 samples
Epoch 1/1
2804/2804 [==============================] - 0s 69us/step - loss: 0.0046 - acc: 0.4807 - val_loss: 0.3675 - val_acc: 0.4920
Epoch 34
Train on 2804 samples, validate on 500 samples
Epoch 1/1
2804/2804 [==============================] - 0s 68us/step - loss: 0.0040 - acc: 0.4872 - val_loss: 0.3461 - val_acc: 0.5000
Epoch 35
Train on 2804 samples, validate on 500 samples
Epoch 1/1
2804/2804 [==============================] - 0s 68us/step - loss: 0.0035 - acc: 0.5157 - val_loss: 0.3072 - val_acc: 0.5400
Epoch 36
Train on 2804 samples, validate on 500 samples
Epoch 1/1
2804/2804 [==============================] - 0s 68us/step - loss: 0.0032 - acc: 0.5467 - val_loss: 0.3015 - val_acc: 0.5720
Epoch 37
Train on 2804 samples, validate on 500 samples
Epoch 1/1
2804/2804 [==============================] - 0s 68us/step - loss: 0.0038 - acc: 0.5310 - val_loss: 0.3681 - val_acc: 0.5200
Epoch 38
Train on 2804 samples, validate on 500 samples
Epoch 1/1
2804/2804 [==============================] - 0s 68us/step - loss: 0.0038 - acc: 0.5089 - val_loss: 0.3527 - val_acc: 0.5300
Epoch 39
Train on 2804 samples, validate on 500 samples
Epoch 1/1
2804/2804 [==============================] - 0s 68us/step - loss: 0.0035 - acc: 0.5225 - val_loss: 0.3323 - val_acc: 0.5480
Epoch 40
Train on 2804 samples, validate on 500 samples
Epoch 1/1
2804/2804 [==============================] - 0s 68us/step - loss: 0.0032 - acc: 0.5467 - val_loss: 0.3039 - val_acc: 0.5680
Epoch 41
Train on 2804 samples, validate on 500 samples
Epoch 1/1
2804/2804 [==============================] - 0s 68us/step - loss: 0.0031 - acc: 0.5881 - val_loss: 0.3177 - val_acc: 0.5740
Epoch 42
Train on 2804 samples, validate on 500 samples
Epoch 1/1
2804/2804 [==============================] - 0s 68us/step - loss: 0.0034 - acc: 0.5571 - val_loss: 0.3391 - val_acc: 0.5360
Epoch 43
Train on 2804 samples, validate on 500 samples
Epoch 1/1
2804/2804 [==============================] - 0s 68us/step - loss: 0.0045 - acc: 0.5275 - val_loss: 0.4132 - val_acc: 0.4560
Epoch 44
Train on 2804 samples, validate on 500 samples
Epoch 1/1
2804/2804 [==============================] - 0s 68us/step - loss: 0.0040 - acc: 0.5025 - val_loss: 0.3399 - val_acc: 0.5320
Epoch 45
Train on 2804 samples, validate on 500 samples
Epoch 1/1
2804/2804 [==============================] - 0s 68us/step - loss: 0.0034 - acc: 0.5364 - val_loss: 0.2877 - val_acc: 0.6080
Epoch 46
Train on 2804 samples, validate on 500 samples
Epoch 1/1
2804/2804 [==============================] - 0s 68us/step - loss: 0.0030 - acc: 0.5795 - val_loss: 0.2930 - val_acc: 0.6000
Epoch 47
Train on 2804 samples, validate on 500 samples
Epoch 1/1
2804/2804 [==============================] - 0s 68us/step - loss: 0.0031 - acc: 0.6024 - val_loss: 0.3240 - val_acc: 0.5520
Epoch 48
Train on 2804 samples, validate on 500 samples
Epoch 1/1
2804/2804 [==============================] - 0s 68us/step - loss: 0.0041 - acc: 0.5549 - val_loss: 0.3760 - val_acc: 0.5200
Epoch 49
Train on 2804 samples, validate on 500 samples
Epoch 1/1
2804/2804 [==============================] - 0s 68us/step - loss: 0.0038 - acc: 0.5460 - val_loss: 0.3352 - val_acc: 0.5680
Epoch 50
Train on 2804 samples, validate on 500 samples
Epoch 1/1
2804/2804 [==============================] - 0s 68us/step - loss: 0.0033 - acc: 0.5906 - val_loss: 0.2835 - val_acc: 0.6440
Epoch 51
Train on 2804 samples, validate on 500 samples
Epoch 1/1
2804/2804 [==============================] - 0s 68us/step - loss: 0.0031 - acc: 0.6123 - val_loss: 0.2960 - val_acc: 0.6320
Epoch 52
Train on 2804 samples, validate on 500 samples
Epoch 1/1
2804/2804 [==============================] - 0s 69us/step - loss: 0.0035 - acc: 0.5856 - val_loss: 0.3486 - val_acc: 0.5420
Epoch 53
Train on 2804 samples, validate on 500 samples
Epoch 1/1
2804/2804 [==============================] - 0s 68us/step - loss: 0.0040 - acc: 0.5481 - val_loss: 0.3619 - val_acc: 0.5220
Epoch 54
Train on 2804 samples, validate on 500 samples
Epoch 1/1
2804/2804 [==============================] - 0s 68us/step - loss: 0.0043 - acc: 0.5389 - val_loss: 0.3779 - val_acc: 0.4920
Epoch 55
Train on 2804 samples, validate on 500 samples
Epoch 1/1
2804/2804 [==============================] - 0s 68us/step - loss: 0.0037 - acc: 0.5624 - val_loss: 0.3127 - val_acc: 0.5780
Epoch 56
Train on 2804 samples, validate on 500 samples
Epoch 1/1
2804/2804 [==============================] - 0s 68us/step - loss: 0.0031 - acc: 0.6041 - val_loss: 0.2713 - val_acc: 0.6440
Epoch 57
Train on 2804 samples, validate on 500 samples
Epoch 1/1
2804/2804 [==============================] - 0s 68us/step - loss: 0.0029 - acc: 0.6380 - val_loss: 0.2548 - val_acc: 0.6740
Epoch 58
Train on 2804 samples, validate on 500 samples
Epoch 1/1
2804/2804 [==============================] - 0s 68us/step - loss: 0.0030 - acc: 0.6644 - val_loss: 0.2769 - val_acc: 0.6600
Epoch 59
Train on 2804 samples, validate on 500 samples
Epoch 1/1
2804/2804 [==============================] - 0s 68us/step - loss: 0.0045 - acc: 0.5995 - val_loss: 0.3760 - val_acc: 0.5160
Epoch 60
Train on 2804 samples, validate on 500 samples
Epoch 1/1
2804/2804 [==============================] - 0s 68us/step - loss: 0.0040 - acc: 0.5745 - val_loss: 0.3129 - val_acc: 0.5960
Epoch 61
Train on 2804 samples, validate on 500 samples
Epoch 1/1
2804/2804 [==============================] - 0s 68us/step - loss: 0.0036 - acc: 0.5842 - val_loss: 0.2992 - val_acc: 0.6080
Epoch 62
Train on 2804 samples, validate on 500 samples
Epoch 1/1
2804/2804 [==============================] - 0s 69us/step - loss: 0.0033 - acc: 0.6116 - val_loss: 0.3082 - val_acc: 0.6060
Epoch 63
Train on 2804 samples, validate on 500 samples
Epoch 1/1
2804/2804 [==============================] - 0s 68us/step - loss: 0.0030 - acc: 0.6270 - val_loss: 0.2770 - val_acc: 0.6600
Epoch 64
Train on 2804 samples, validate on 500 samples
Epoch 1/1
2804/2804 [==============================] - 0s 68us/step - loss: 0.0032 - acc: 0.6266 - val_loss: 0.2897 - val_acc: 0.6360
Epoch 65
Train on 2804 samples, validate on 500 samples
Epoch 1/1
2804/2804 [==============================] - 0s 68us/step - loss: 0.0030 - acc: 0.6380 - val_loss: 0.2859 - val_acc: 0.6400
Epoch 66
Train on 2804 samples, validate on 500 samples
Epoch 1/1
2804/2804 [==============================] - 0s 68us/step - loss: 0.0029 - acc: 0.6498 - val_loss: 0.2780 - val_acc: 0.6540
Epoch 67
Train on 2804 samples, validate on 500 samples
Epoch 1/1
2804/2804 [==============================] - 0s 68us/step - loss: 0.0031 - acc: 0.6658 - val_loss: 0.2918 - val_acc: 0.6340
Epoch 68
Train on 2804 samples, validate on 500 samples
Epoch 1/1
2804/2804 [==============================] - 0s 68us/step - loss: 0.0041 - acc: 0.6041 - val_loss: 0.3586 - val_acc: 0.5420
Epoch 69
Train on 2804 samples, validate on 500 samples
Epoch 1/1
2804/2804 [==============================] - 0s 68us/step - loss: 0.0039 - acc: 0.5963 - val_loss: 0.3131 - val_acc: 0.6020
Epoch 70
Train on 2804 samples, validate on 500 samples
Epoch 1/1
2804/2804 [==============================] - 0s 68us/step - loss: 0.0037 - acc: 0.6070 - val_loss: 0.2955 - val_acc: 0.6360
Epoch 71
Train on 2804 samples, validate on 500 samples
Epoch 1/1
2804/2804 [==============================] - 0s 68us/step - loss: 0.0031 - acc: 0.6262 - val_loss: 0.2677 - val_acc: 0.6740
Epoch 72
Train on 2804 samples, validate on 500 samples
Epoch 1/1
2804/2804 [==============================] - 0s 68us/step - loss: 0.0028 - acc: 0.6591 - val_loss: 0.2559 - val_acc: 0.6820
Epoch 73
Train on 2804 samples, validate on 500 samples
Epoch 1/1
2804/2804 [==============================] - 0s 69us/step - loss: 0.0032 - acc: 0.6537 - val_loss: 0.3321 - val_acc: 0.5780
Epoch 74
Train on 2804 samples, validate on 500 samples
Epoch 1/1
2804/2804 [==============================] - 0s 68us/step - loss: 0.0037 - acc: 0.6230 - val_loss: 0.3158 - val_acc: 0.6040
Epoch 75
Train on 2804 samples, validate on 500 samples
Epoch 1/1
2804/2804 [==============================] - 0s 68us/step - loss: 0.0032 - acc: 0.6352 - val_loss: 0.2744 - val_acc: 0.6560
Epoch 76
Train on 2804 samples, validate on 500 samples
Epoch 1/1
2804/2804 [==============================] - 0s 68us/step - loss: 0.0028 - acc: 0.6626 - val_loss: 0.2544 - val_acc: 0.7000
Epoch 77
Train on 2804 samples, validate on 500 samples
Epoch 1/1
2804/2804 [==============================] - 0s 68us/step - loss: 0.0026 - acc: 0.7051 - val_loss: 0.2660 - val_acc: 0.6900
Epoch 78
Train on 2804 samples, validate on 500 samples
Epoch 1/1
2804/2804 [==============================] - 0s 68us/step - loss: 0.0029 - acc: 0.6858 - val_loss: 0.2870 - val_acc: 0.6480
Epoch 79
Train on 2804 samples, validate on 500 samples
Epoch 1/1
2804/2804 [==============================] - 0s 68us/step - loss: 0.0044 - acc: 0.6238 - val_loss: 0.3855 - val_acc: 0.5380
Epoch 80
Train on 2804 samples, validate on 500 samples
Epoch 1/1
2804/2804 [==============================] - 0s 68us/step - loss: 0.0042 - acc: 0.5966 - val_loss: 0.3550 - val_acc: 0.5640
Epoch 81
Train on 2804 samples, validate on 500 samples
Epoch 1/1
2804/2804 [==============================] - 0s 68us/step - loss: 0.0036 - acc: 0.5991 - val_loss: 0.2869 - val_acc: 0.6380
Epoch 82
Train on 2804 samples, validate on 500 samples
Epoch 1/1
2804/2804 [==============================] - 0s 68us/step - loss: 0.0031 - acc: 0.6505 - val_loss: 0.2516 - val_acc: 0.6920
Epoch 83
Train on 2804 samples, validate on 500 samples
Epoch 1/1
2804/2804 [==============================] - 0s 68us/step - loss: 0.0029 - acc: 0.6769 - val_loss: 0.2438 - val_acc: 0.7080
Epoch 84
Train on 2804 samples, validate on 500 samples
Epoch 1/1
2804/2804 [==============================] - 0s 68us/step - loss: 0.0027 - acc: 0.6979 - val_loss: 0.2261 - val_acc: 0.7360
Epoch 85
Train on 2804 samples, validate on 500 samples
Epoch 1/1
2804/2804 [==============================] - 0s 68us/step - loss: 0.0028 - acc: 0.6890 - val_loss: 0.2818 - val_acc: 0.6800
Epoch 86
Train on 2804 samples, validate on 500 samples
Epoch 1/1
2804/2804 [==============================] - 0s 68us/step - loss: 0.0038 - acc: 0.6655 - val_loss: 0.2979 - val_acc: 0.6480
Epoch 87
Train on 2804 samples, validate on 500 samples
Epoch 1/1
2804/2804 [==============================] - 0s 68us/step - loss: 0.0037 - acc: 0.6348 - val_loss: 0.2903 - val_acc: 0.6620
Epoch 88
Train on 2804 samples, validate on 500 samples
Epoch 1/1
2804/2804 [==============================] - 0s 69us/step - loss: 0.0037 - acc: 0.6427 - val_loss: 0.2822 - val_acc: 0.6560
Epoch 89
Train on 2804 samples, validate on 500 samples
Epoch 1/1
2804/2804 [==============================] - 0s 68us/step - loss: 0.0031 - acc: 0.6519 - val_loss: 0.2563 - val_acc: 0.6840
Epoch 90
Train on 2804 samples, validate on 500 samples
Epoch 1/1
2804/2804 [==============================] - 0s 69us/step - loss: 0.0028 - acc: 0.6801 - val_loss: 0.2410 - val_acc: 0.7280
Epoch 91
Train on 2804 samples, validate on 500 samples
Epoch 1/1
2804/2804 [==============================] - 0s 68us/step - loss: 0.0027 - acc: 0.7058 - val_loss: 0.2495 - val_acc: 0.7020
Epoch 92
Train on 2804 samples, validate on 500 samples
Epoch 1/1
2804/2804 [==============================] - 0s 68us/step - loss: 0.0033 - acc: 0.6972 - val_loss: 0.2821 - val_acc: 0.6720
Epoch 93
Train on 2804 samples, validate on 500 samples
Epoch 1/1
2804/2804 [==============================] - 0s 68us/step - loss: 0.0040 - acc: 0.6455 - val_loss: 0.3464 - val_acc: 0.5660
Epoch 94
Train on 2804 samples, validate on 500 samples
Epoch 1/1
2804/2804 [==============================] - 0s 68us/step - loss: 0.0036 - acc: 0.6355 - val_loss: 0.3055 - val_acc: 0.6220
Epoch 95
Train on 2804 samples, validate on 500 samples
Epoch 1/1
2804/2804 [==============================] - 0s 68us/step - loss: 0.0032 - acc: 0.6587 - val_loss: 0.2551 - val_acc: 0.6900
Epoch 96
Train on 2804 samples, validate on 500 samples
Epoch 1/1
2804/2804 [==============================] - 0s 68us/step - loss: 0.0028 - acc: 0.6919 - val_loss: 0.2239 - val_acc: 0.7160
Epoch 97
Train on 2804 samples, validate on 500 samples
Epoch 1/1
2804/2804 [==============================] - 0s 68us/step - loss: 0.0025 - acc: 0.7200 - val_loss: 0.2143 - val_acc: 0.7380
Epoch 98
Train on 2804 samples, validate on 500 samples
Epoch 1/1
2804/2804 [==============================] - 0s 68us/step - loss: 0.0023 - acc: 0.7504 - val_loss: 0.2175 - val_acc: 0.7420
Epoch 99
Train on 2804 samples, validate on 500 samples
Epoch 1/1
2804/2804 [==============================] - 0s 68us/step - loss: 0.0032 - acc: 0.7165 - val_loss: 0.2857 - val_acc: 0.6460
_________________________________________________________________
Layer (type)                 Output Shape              Param #   
=================================================================
batch_normalization_5 (Batch (None, 255)               1020      
_________________________________________________________________
dense_5 (Dense)              (None, 24)                6144      
_________________________________________________________________
batch_normalization_6 (Batch (None, 24)                96        
_________________________________________________________________
dense_6 (Dense)              (None, 1)                 25        
=================================================================
Total params: 7,285
Trainable params: 6,727
Non-trainable params: 558
_________________________________________________________________
None
Epoch 0
Train on 2804 samples, validate on 500 samples
Epoch 1/1
2804/2804 [==============================] - 1s 190us/step - loss: 0.0576 - acc: 0.4419 - val_loss: 0.4212 - val_acc: 0.3840
Epoch 1
Train on 2804 samples, validate on 500 samples
Epoch 1/1
2804/2804 [==============================] - 0s 68us/step - loss: 0.0372 - acc: 0.4073 - val_loss: 0.4379 - val_acc: 0.3880
Epoch 2
Train on 2804 samples, validate on 500 samples
Epoch 1/1
2804/2804 [==============================] - 0s 69us/step - loss: 0.0289 - acc: 0.4055 - val_loss: 0.4427 - val_acc: 0.3900
Epoch 3
Train on 2804 samples, validate on 500 samples
Epoch 1/1
2804/2804 [==============================] - 0s 69us/step - loss: 0.0227 - acc: 0.4055 - val_loss: 0.4426 - val_acc: 0.3780
Epoch 4
Train on 2804 samples, validate on 500 samples
Epoch 1/1
2804/2804 [==============================] - 0s 69us/step - loss: 0.0177 - acc: 0.4158 - val_loss: 0.4365 - val_acc: 0.3740
Epoch 5
Train on 2804 samples, validate on 500 samples
Epoch 1/1
2804/2804 [==============================] - 0s 69us/step - loss: 0.0139 - acc: 0.4290 - val_loss: 0.4267 - val_acc: 0.4020
Epoch 6
Train on 2804 samples, validate on 500 samples
Epoch 1/1
2804/2804 [==============================] - 0s 68us/step - loss: 0.0111 - acc: 0.4408 - val_loss: 0.4209 - val_acc: 0.3940
Epoch 7
Train on 2804 samples, validate on 500 samples
Epoch 1/1
2804/2804 [==============================] - 0s 68us/step - loss: 0.0090 - acc: 0.4504 - val_loss: 0.4139 - val_acc: 0.4040
Epoch 8
Train on 2804 samples, validate on 500 samples
Epoch 1/1
2804/2804 [==============================] - 0s 68us/step - loss: 0.0074 - acc: 0.4686 - val_loss: 0.4086 - val_acc: 0.4080
Epoch 9
Train on 2804 samples, validate on 500 samples
Epoch 1/1
2804/2804 [==============================] - 0s 68us/step - loss: 0.0063 - acc: 0.4772 - val_loss: 0.3968 - val_acc: 0.4320
Epoch 10
Train on 2804 samples, validate on 500 samples
Epoch 1/1
2804/2804 [==============================] - 0s 68us/step - loss: 0.0055 - acc: 0.4929 - val_loss: 0.3853 - val_acc: 0.4700
Epoch 11
Train on 2804 samples, validate on 500 samples
Epoch 1/1
2804/2804 [==============================] - 0s 69us/step - loss: 0.0054 - acc: 0.4765 - val_loss: 0.4101 - val_acc: 0.4600
Epoch 12
Train on 2804 samples, validate on 500 samples
Epoch 1/1
2804/2804 [==============================] - 0s 68us/step - loss: 0.0056 - acc: 0.4690 - val_loss: 0.4149 - val_acc: 0.4420
Epoch 13
Train on 2804 samples, validate on 500 samples
Epoch 1/1
2804/2804 [==============================] - 0s 69us/step - loss: 0.0051 - acc: 0.4597 - val_loss: 0.3909 - val_acc: 0.4660
Epoch 14
Train on 2804 samples, validate on 500 samples
Epoch 1/1
2804/2804 [==============================] - 0s 69us/step - loss: 0.0047 - acc: 0.4668 - val_loss: 0.3849 - val_acc: 0.4860
Epoch 15
Train on 2804 samples, validate on 500 samples
Epoch 1/1
2804/2804 [==============================] - 0s 68us/step - loss: 0.0042 - acc: 0.4772 - val_loss: 0.3602 - val_acc: 0.4940
Epoch 16
Train on 2804 samples, validate on 500 samples
Epoch 1/1
2804/2804 [==============================] - 0s 68us/step - loss: 0.0038 - acc: 0.4950 - val_loss: 0.3399 - val_acc: 0.5080
Epoch 17
Train on 2804 samples, validate on 500 samples
Epoch 1/1
2804/2804 [==============================] - 0s 68us/step - loss: 0.0035 - acc: 0.5178 - val_loss: 0.3588 - val_acc: 0.5120
Epoch 18
Train on 2804 samples, validate on 500 samples
Epoch 1/1
2804/2804 [==============================] - 0s 68us/step - loss: 0.0039 - acc: 0.4989 - val_loss: 0.3612 - val_acc: 0.5080
Epoch 19
Train on 2804 samples, validate on 500 samples
Epoch 1/1
2804/2804 [==============================] - 0s 69us/step - loss: 0.0039 - acc: 0.4815 - val_loss: 0.3471 - val_acc: 0.4960
Epoch 20
Train on 2804 samples, validate on 500 samples
Epoch 1/1
2804/2804 [==============================] - 0s 68us/step - loss: 0.0034 - acc: 0.5057 - val_loss: 0.3358 - val_acc: 0.5260
Epoch 21
Train on 2804 samples, validate on 500 samples
Epoch 1/1
2804/2804 [==============================] - 0s 69us/step - loss: 0.0032 - acc: 0.5275 - val_loss: 0.3417 - val_acc: 0.5200
Epoch 22
Train on 2804 samples, validate on 500 samples
Epoch 1/1
2804/2804 [==============================] - 0s 68us/step - loss: 0.0036 - acc: 0.5182 - val_loss: 0.3713 - val_acc: 0.5080
Epoch 23
Train on 2804 samples, validate on 500 samples
Epoch 1/1
2804/2804 [==============================] - 0s 68us/step - loss: 0.0045 - acc: 0.4971 - val_loss: 0.3660 - val_acc: 0.5020
Epoch 24
Train on 2804 samples, validate on 500 samples
Epoch 1/1
2804/2804 [==============================] - 0s 68us/step - loss: 0.0045 - acc: 0.4818 - val_loss: 0.3943 - val_acc: 0.4700
Epoch 25
Train on 2804 samples, validate on 500 samples
Epoch 1/1
2804/2804 [==============================] - 0s 69us/step - loss: 0.0043 - acc: 0.4800 - val_loss: 0.3784 - val_acc: 0.4760
Epoch 26
Train on 2804 samples, validate on 500 samples
Epoch 1/1
2804/2804 [==============================] - 0s 69us/step - loss: 0.0039 - acc: 0.4907 - val_loss: 0.3605 - val_acc: 0.4960
Epoch 27
Train on 2804 samples, validate on 500 samples
Epoch 1/1
2804/2804 [==============================] - 0s 68us/step - loss: 0.0037 - acc: 0.5050 - val_loss: 0.3521 - val_acc: 0.4960
Epoch 28
Train on 2804 samples, validate on 500 samples
Epoch 1/1
2804/2804 [==============================] - 0s 68us/step - loss: 0.0037 - acc: 0.5096 - val_loss: 0.3543 - val_acc: 0.4920
Epoch 29
Train on 2804 samples, validate on 500 samples
Epoch 1/1
2804/2804 [==============================] - 0s 69us/step - loss: 0.0034 - acc: 0.5278 - val_loss: 0.3500 - val_acc: 0.5040
Epoch 30
Train on 2804 samples, validate on 500 samples
Epoch 1/1
2804/2804 [==============================] - 0s 68us/step - loss: 0.0040 - acc: 0.5043 - val_loss: 0.3865 - val_acc: 0.4820
Epoch 31
Train on 2804 samples, validate on 500 samples
Epoch 1/1
2804/2804 [==============================] - 0s 68us/step - loss: 0.0043 - acc: 0.4872 - val_loss: 0.3760 - val_acc: 0.5060
Epoch 32
Train on 2804 samples, validate on 500 samples
Epoch 1/1
2804/2804 [==============================] - 0s 69us/step - loss: 0.0039 - acc: 0.4982 - val_loss: 0.3628 - val_acc: 0.4720
Epoch 33
Train on 2804 samples, validate on 500 samples
Epoch 1/1
2804/2804 [==============================] - 0s 69us/step - loss: 0.0038 - acc: 0.5011 - val_loss: 0.3506 - val_acc: 0.5060
Epoch 34
Train on 2804 samples, validate on 500 samples
Epoch 1/1
2804/2804 [==============================] - 0s 68us/step - loss: 0.0032 - acc: 0.5367 - val_loss: 0.3004 - val_acc: 0.5680
Epoch 35
Train on 2804 samples, validate on 500 samples
Epoch 1/1
2804/2804 [==============================] - 0s 69us/step - loss: 0.0028 - acc: 0.5820 - val_loss: 0.2816 - val_acc: 0.6120
Epoch 36
Train on 2804 samples, validate on 500 samples
Epoch 1/1
2804/2804 [==============================] - 0s 68us/step - loss: 0.0029 - acc: 0.6049 - val_loss: 0.3588 - val_acc: 0.5140
Epoch 37
Train on 2804 samples, validate on 500 samples
Epoch 1/1
2804/2804 [==============================] - 0s 68us/step - loss: 0.0050 - acc: 0.5164 - val_loss: 0.4136 - val_acc: 0.4720
Epoch 38
Train on 2804 samples, validate on 500 samples
Epoch 1/1
2804/2804 [==============================] - 0s 69us/step - loss: 0.0047 - acc: 0.4790 - val_loss: 0.3480 - val_acc: 0.5340
Epoch 39
Train on 2804 samples, validate on 500 samples
Epoch 1/1
2804/2804 [==============================] - 0s 68us/step - loss: 0.0041 - acc: 0.5111 - val_loss: 0.3143 - val_acc: 0.5540
Epoch 40
Train on 2804 samples, validate on 500 samples
Epoch 1/1
2804/2804 [==============================] - 0s 69us/step - loss: 0.0035 - acc: 0.5478 - val_loss: 0.2908 - val_acc: 0.6080
Epoch 41
Train on 2804 samples, validate on 500 samples
Epoch 1/1
2804/2804 [==============================] - 0s 68us/step - loss: 0.0030 - acc: 0.5863 - val_loss: 0.2779 - val_acc: 0.6100
Epoch 42
Train on 2804 samples, validate on 500 samples
Epoch 1/1
2804/2804 [==============================] - 0s 68us/step - loss: 0.0029 - acc: 0.6188 - val_loss: 0.2837 - val_acc: 0.6220
Epoch 43
Train on 2804 samples, validate on 500 samples
Epoch 1/1
2804/2804 [==============================] - 0s 69us/step - loss: 0.0035 - acc: 0.5806 - val_loss: 0.3459 - val_acc: 0.5460
Epoch 44
Train on 2804 samples, validate on 500 samples
Epoch 1/1
2804/2804 [==============================] - 0s 69us/step - loss: 0.0041 - acc: 0.5710 - val_loss: 0.3693 - val_acc: 0.5180
Epoch 45
Train on 2804 samples, validate on 500 samples
Epoch 1/1
2804/2804 [==============================] - 0s 68us/step - loss: 0.0049 - acc: 0.5182 - val_loss: 0.4099 - val_acc: 0.4380
Epoch 46
Train on 2804 samples, validate on 500 samples
Epoch 1/1
2804/2804 [==============================] - 0s 68us/step - loss: 0.0042 - acc: 0.5228 - val_loss: 0.3469 - val_acc: 0.5080
Epoch 47
Train on 2804 samples, validate on 500 samples
Epoch 1/1
2804/2804 [==============================] - 0s 69us/step - loss: 0.0034 - acc: 0.5621 - val_loss: 0.2851 - val_acc: 0.5940
Epoch 48
Train on 2804 samples, validate on 500 samples
Epoch 1/1
2804/2804 [==============================] - 0s 68us/step - loss: 0.0030 - acc: 0.6102 - val_loss: 0.2576 - val_acc: 0.6540
Epoch 49
Train on 2804 samples, validate on 500 samples
Epoch 1/1
2804/2804 [==============================] - 0s 69us/step - loss: 0.0028 - acc: 0.6398 - val_loss: 0.3004 - val_acc: 0.5860
Epoch 50
Train on 2804 samples, validate on 500 samples
Epoch 1/1
2804/2804 [==============================] - 0s 68us/step - loss: 0.0034 - acc: 0.6041 - val_loss: 0.3105 - val_acc: 0.5800
Epoch 51
Train on 2804 samples, validate on 500 samples
Epoch 1/1
2804/2804 [==============================] - 0s 68us/step - loss: 0.0038 - acc: 0.5899 - val_loss: 0.3470 - val_acc: 0.5540
Epoch 52
Train on 2804 samples, validate on 500 samples
Epoch 1/1
2804/2804 [==============================] - 0s 68us/step - loss: 0.0036 - acc: 0.5735 - val_loss: 0.2989 - val_acc: 0.6120
Epoch 53
Train on 2804 samples, validate on 500 samples
Epoch 1/1
2804/2804 [==============================] - 0s 69us/step - loss: 0.0032 - acc: 0.6230 - val_loss: 0.2657 - val_acc: 0.6500
Epoch 54
Train on 2804 samples, validate on 500 samples
Epoch 1/1
2804/2804 [==============================] - 0s 69us/step - loss: 0.0029 - acc: 0.6398 - val_loss: 0.2454 - val_acc: 0.6820
Epoch 55
Train on 2804 samples, validate on 500 samples
Epoch 1/1
2804/2804 [==============================] - 0s 69us/step - loss: 0.0026 - acc: 0.6705 - val_loss: 0.2308 - val_acc: 0.7180
Epoch 56
Train on 2804 samples, validate on 500 samples
Epoch 1/1
2804/2804 [==============================] - 0s 69us/step - loss: 0.0032 - acc: 0.6637 - val_loss: 0.2991 - val_acc: 0.6000
Epoch 57
Train on 2804 samples, validate on 500 samples
Epoch 1/1
2804/2804 [==============================] - 0s 68us/step - loss: 0.0042 - acc: 0.5956 - val_loss: 0.3043 - val_acc: 0.5940
Epoch 58
Train on 2804 samples, validate on 500 samples
Epoch 1/1
2804/2804 [==============================] - 0s 68us/step - loss: 0.0038 - acc: 0.5991 - val_loss: 0.2772 - val_acc: 0.6400
Epoch 59
Train on 2804 samples, validate on 500 samples
Epoch 1/1
2804/2804 [==============================] - 0s 68us/step - loss: 0.0032 - acc: 0.6451 - val_loss: 0.2523 - val_acc: 0.6800
Epoch 60
Train on 2804 samples, validate on 500 samples
Epoch 1/1
2804/2804 [==============================] - 0s 68us/step - loss: 0.0031 - acc: 0.6687 - val_loss: 0.2664 - val_acc: 0.6620
Epoch 61
Train on 2804 samples, validate on 500 samples
Epoch 1/1
2804/2804 [==============================] - 0s 69us/step - loss: 0.0031 - acc: 0.6591 - val_loss: 0.2401 - val_acc: 0.6940
Epoch 62
Train on 2804 samples, validate on 500 samples
Epoch 1/1
2804/2804 [==============================] - 0s 69us/step - loss: 0.0030 - acc: 0.6887 - val_loss: 0.2448 - val_acc: 0.6900
Epoch 63
Train on 2804 samples, validate on 500 samples
Epoch 1/1
2804/2804 [==============================] - 0s 69us/step - loss: 0.0032 - acc: 0.6844 - val_loss: 0.2802 - val_acc: 0.6360
Epoch 64
Train on 2804 samples, validate on 500 samples
Epoch 1/1
2804/2804 [==============================] - 0s 68us/step - loss: 0.0042 - acc: 0.6138 - val_loss: 0.3972 - val_acc: 0.5220
Epoch 65
Train on 2804 samples, validate on 500 samples
Epoch 1/1
2804/2804 [==============================] - 0s 69us/step - loss: 0.0039 - acc: 0.6095 - val_loss: 0.3199 - val_acc: 0.5820
Epoch 66
Train on 2804 samples, validate on 500 samples
Epoch 1/1
2804/2804 [==============================] - 0s 69us/step - loss: 0.0035 - acc: 0.6234 - val_loss: 0.2988 - val_acc: 0.6160
Epoch 67
Train on 2804 samples, validate on 500 samples
Epoch 1/1
2804/2804 [==============================] - 0s 68us/step - loss: 0.0030 - acc: 0.6509 - val_loss: 0.2548 - val_acc: 0.6620
Epoch 68
Train on 2804 samples, validate on 500 samples
Epoch 1/1
2804/2804 [==============================] - 0s 68us/step - loss: 0.0031 - acc: 0.6723 - val_loss: 0.2790 - val_acc: 0.6460
Epoch 69
Train on 2804 samples, validate on 500 samples
Epoch 1/1
2804/2804 [==============================] - 0s 69us/step - loss: 0.0035 - acc: 0.6501 - val_loss: 0.3053 - val_acc: 0.6140
Epoch 70
Train on 2804 samples, validate on 500 samples
Epoch 1/1
2804/2804 [==============================] - 0s 68us/step - loss: 0.0034 - acc: 0.6416 - val_loss: 0.2903 - val_acc: 0.6240
Epoch 71
Train on 2804 samples, validate on 500 samples
Epoch 1/1
2804/2804 [==============================] - 0s 68us/step - loss: 0.0031 - acc: 0.6601 - val_loss: 0.2615 - val_acc: 0.6540
Epoch 72
Train on 2804 samples, validate on 500 samples
Epoch 1/1
2804/2804 [==============================] - 0s 68us/step - loss: 0.0031 - acc: 0.6694 - val_loss: 0.2648 - val_acc: 0.6840
Epoch 73
Train on 2804 samples, validate on 500 samples
Epoch 1/1
2804/2804 [==============================] - 0s 68us/step - loss: 0.0028 - acc: 0.6812 - val_loss: 0.2587 - val_acc: 0.6900
Epoch 74
Train on 2804 samples, validate on 500 samples
Epoch 1/1
2804/2804 [==============================] - 0s 68us/step - loss: 0.0026 - acc: 0.7136 - val_loss: 0.2230 - val_acc: 0.7360
Epoch 75
Train on 2804 samples, validate on 500 samples
Epoch 1/1
2804/2804 [==============================] - 0s 68us/step - loss: 0.0036 - acc: 0.6801 - val_loss: 0.2867 - val_acc: 0.6360
Epoch 76
Train on 2804 samples, validate on 500 samples
Epoch 1/1
2804/2804 [==============================] - 0s 69us/step - loss: 0.0037 - acc: 0.6526 - val_loss: 0.3078 - val_acc: 0.6220
Epoch 77
Train on 2804 samples, validate on 500 samples
Epoch 1/1
2804/2804 [==============================] - 0s 68us/step - loss: 0.0037 - acc: 0.6523 - val_loss: 0.2955 - val_acc: 0.6100
Epoch 78
Train on 2804 samples, validate on 500 samples
Epoch 1/1
2804/2804 [==============================] - 0s 68us/step - loss: 0.0035 - acc: 0.6394 - val_loss: 0.2947 - val_acc: 0.6180
Epoch 79
Train on 2804 samples, validate on 500 samples
Epoch 1/1
2804/2804 [==============================] - 0s 68us/step - loss: 0.0033 - acc: 0.6541 - val_loss: 0.2684 - val_acc: 0.6420
Epoch 80
Train on 2804 samples, validate on 500 samples
Epoch 1/1
2804/2804 [==============================] - 0s 68us/step - loss: 0.0032 - acc: 0.6541 - val_loss: 0.2883 - val_acc: 0.6140
Epoch 81
Train on 2804 samples, validate on 500 samples
Epoch 1/1
2804/2804 [==============================] - 0s 68us/step - loss: 0.0032 - acc: 0.6587 - val_loss: 0.2995 - val_acc: 0.6240
Epoch 82
Train on 2804 samples, validate on 500 samples
Epoch 1/1
2804/2804 [==============================] - 0s 68us/step - loss: 0.0034 - acc: 0.6480 - val_loss: 0.2840 - val_acc: 0.6560
Epoch 83
Train on 2804 samples, validate on 500 samples
Epoch 1/1
2804/2804 [==============================] - 0s 68us/step - loss: 0.0035 - acc: 0.6362 - val_loss: 0.2835 - val_acc: 0.6660
Epoch 84
Train on 2804 samples, validate on 500 samples
Epoch 1/1
2804/2804 [==============================] - 0s 69us/step - loss: 0.0030 - acc: 0.6694 - val_loss: 0.2403 - val_acc: 0.7080
Epoch 85
Train on 2804 samples, validate on 500 samples
Epoch 1/1
2804/2804 [==============================] - 0s 69us/step - loss: 0.0027 - acc: 0.6994 - val_loss: 0.2215 - val_acc: 0.7300
Epoch 86
Train on 2804 samples, validate on 500 samples
Epoch 1/1
2804/2804 [==============================] - 0s 69us/step - loss: 0.0025 - acc: 0.7215 - val_loss: 0.2200 - val_acc: 0.7320
Epoch 87
Train on 2804 samples, validate on 500 samples
Epoch 1/1
2804/2804 [==============================] - 0s 68us/step - loss: 0.0027 - acc: 0.7240 - val_loss: 0.2640 - val_acc: 0.6800
Epoch 88
Train on 2804 samples, validate on 500 samples
Epoch 1/1
2804/2804 [==============================] - 0s 68us/step - loss: 0.0030 - acc: 0.6915 - val_loss: 0.2685 - val_acc: 0.6600
Epoch 89
Train on 2804 samples, validate on 500 samples
Epoch 1/1
2804/2804 [==============================] - 0s 68us/step - loss: 0.0029 - acc: 0.6965 - val_loss: 0.2645 - val_acc: 0.6740
Epoch 90
Train on 2804 samples, validate on 500 samples
Epoch 1/1
2804/2804 [==============================] - 0s 68us/step - loss: 0.0029 - acc: 0.7040 - val_loss: 0.2499 - val_acc: 0.6920
Epoch 91
Train on 2804 samples, validate on 500 samples
Epoch 1/1
2804/2804 [==============================] - 0s 68us/step - loss: 0.0033 - acc: 0.6812 - val_loss: 0.3056 - val_acc: 0.6300
Epoch 92
Train on 2804 samples, validate on 500 samples
Epoch 1/1
2804/2804 [==============================] - 0s 69us/step - loss: 0.0036 - acc: 0.6566 - val_loss: 0.3309 - val_acc: 0.5940
Epoch 93
Train on 2804 samples, validate on 500 samples
Epoch 1/1
2804/2804 [==============================] - 0s 69us/step - loss: 0.0035 - acc: 0.6405 - val_loss: 0.2791 - val_acc: 0.6400
Epoch 94
Train on 2804 samples, validate on 500 samples
Epoch 1/1
2804/2804 [==============================] - 0s 69us/step - loss: 0.0035 - acc: 0.6555 - val_loss: 0.2935 - val_acc: 0.6220
Epoch 95
Train on 2804 samples, validate on 500 samples
Epoch 1/1
2804/2804 [==============================] - 0s 69us/step - loss: 0.0035 - acc: 0.6369 - val_loss: 0.2723 - val_acc: 0.6440
Epoch 96
Train on 2804 samples, validate on 500 samples
Epoch 1/1
2804/2804 [==============================] - 0s 69us/step - loss: 0.0032 - acc: 0.6701 - val_loss: 0.2498 - val_acc: 0.6760
Epoch 97
Train on 2804 samples, validate on 500 samples
Epoch 1/1
2804/2804 [==============================] - 0s 69us/step - loss: 0.0029 - acc: 0.6819 - val_loss: 0.2484 - val_acc: 0.6840
Epoch 98
Train on 2804 samples, validate on 500 samples
Epoch 1/1
2804/2804 [==============================] - 0s 69us/step - loss: 0.0027 - acc: 0.6890 - val_loss: 0.2438 - val_acc: 0.7060
Epoch 99
Train on 2804 samples, validate on 500 samples
Epoch 1/1
2804/2804 [==============================] - 0s 68us/step - loss: 0.0028 - acc: 0.7040 - val_loss: 0.2503 - val_acc: 0.7000
Neck alphas removed: 0.9166666666666666
Nuclear recoils removed: 0.35873715124816447
