Using TensorFlow backend.
_________________________________________________________________
Layer (type)                 Output Shape              Param #   
=================================================================
batch_normalization_1 (Batch (None, 16)                64        
_________________________________________________________________
dense_1 (Dense)              (None, 8)                 136       
_________________________________________________________________
dropout_1 (Dropout)          (None, 8)                 0         
_________________________________________________________________
dense_2 (Dense)              (None, 1)                 9         
=================================================================
Total params: 209
Trainable params: 177
Non-trainable params: 32
_________________________________________________________________
None
Train on 40 samples, validate on 11 samples
Epoch 1/200
2018-08-09 07:11:40.874931: I tensorflow/core/platform/cpu_feature_guard.cc:141] Your CPU supports instructions that this TensorFlow binary was not compiled to use: AVX2 FMA
2018-08-09 07:11:41.080989: I tensorflow/core/common_runtime/gpu/gpu_device.cc:1392] Found device 0 with properties: 
name: GeForce GTX 1060 6GB major: 6 minor: 1 memoryClockRate(GHz): 1.759
pciBusID: 0000:03:00.0
totalMemory: 5.93GiB freeMemory: 5.73GiB
2018-08-09 07:11:41.081033: I tensorflow/core/common_runtime/gpu/gpu_device.cc:1471] Adding visible gpu devices: 0
2018-08-09 07:11:41.345339: I tensorflow/core/common_runtime/gpu/gpu_device.cc:952] Device interconnect StreamExecutor with strength 1 edge matrix:
2018-08-09 07:11:41.345391: I tensorflow/core/common_runtime/gpu/gpu_device.cc:958]      0 
2018-08-09 07:11:41.345398: I tensorflow/core/common_runtime/gpu/gpu_device.cc:971] 0:   N 
2018-08-09 07:11:41.345605: I tensorflow/core/common_runtime/gpu/gpu_device.cc:1084] Created TensorFlow device (/job:localhost/replica:0/task:0/device:GPU:0 with 5506 MB memory) -> physical GPU (device: 0, name: GeForce GTX 1060 6GB, pci bus id: 0000:03:00.0, compute capability: 6.1)
40/40 [==============================] - 1s 26ms/step - loss: 0.2777 - acc: 0.4500 - val_loss: 0.2222 - val_acc: 0.8182
Epoch 2/200
40/40 [==============================] - 0s 292us/step - loss: 0.2869 - acc: 0.5000 - val_loss: 0.1776 - val_acc: 0.8182
Epoch 3/200
40/40 [==============================] - 0s 289us/step - loss: 0.2742 - acc: 0.5500 - val_loss: 0.1626 - val_acc: 0.9091
Epoch 4/200
40/40 [==============================] - 0s 314us/step - loss: 0.2794 - acc: 0.4500 - val_loss: 0.1573 - val_acc: 0.9091
Epoch 5/200
40/40 [==============================] - 0s 325us/step - loss: 0.2648 - acc: 0.5750 - val_loss: 0.1418 - val_acc: 0.9091
Epoch 6/200
40/40 [==============================] - 0s 361us/step - loss: 0.2678 - acc: 0.5500 - val_loss: 0.1380 - val_acc: 0.9091
Epoch 7/200
40/40 [==============================] - 0s 386us/step - loss: 0.2699 - acc: 0.5750 - val_loss: 0.1293 - val_acc: 0.9091
Epoch 8/200
40/40 [==============================] - 0s 340us/step - loss: 0.2709 - acc: 0.6000 - val_loss: 0.1279 - val_acc: 0.9091
Epoch 9/200
40/40 [==============================] - 0s 313us/step - loss: 0.2582 - acc: 0.6000 - val_loss: 0.1266 - val_acc: 0.9091
Epoch 10/200
40/40 [==============================] - 0s 307us/step - loss: 0.2501 - acc: 0.5750 - val_loss: 0.1231 - val_acc: 0.9091
Epoch 11/200
40/40 [==============================] - 0s 323us/step - loss: 0.2341 - acc: 0.6250 - val_loss: 0.1181 - val_acc: 0.9091
Epoch 12/200
40/40 [==============================] - 0s 334us/step - loss: 0.2455 - acc: 0.5750 - val_loss: 0.1147 - val_acc: 0.9091
Epoch 13/200
40/40 [==============================] - 0s 348us/step - loss: 0.2491 - acc: 0.6250 - val_loss: 0.1119 - val_acc: 0.9091
Epoch 14/200
40/40 [==============================] - 0s 343us/step - loss: 0.2194 - acc: 0.7000 - val_loss: 0.1076 - val_acc: 0.9091
Epoch 15/200
40/40 [==============================] - 0s 282us/step - loss: 0.2290 - acc: 0.6500 - val_loss: 0.1047 - val_acc: 1.0000
Epoch 16/200
40/40 [==============================] - 0s 330us/step - loss: 0.2255 - acc: 0.7000 - val_loss: 0.1022 - val_acc: 1.0000
Epoch 17/200
40/40 [==============================] - 0s 331us/step - loss: 0.1917 - acc: 0.7500 - val_loss: 0.0990 - val_acc: 1.0000
Epoch 18/200
40/40 [==============================] - 0s 336us/step - loss: 0.1948 - acc: 0.7000 - val_loss: 0.0972 - val_acc: 1.0000
Epoch 19/200
40/40 [==============================] - 0s 340us/step - loss: 0.2308 - acc: 0.6500 - val_loss: 0.0947 - val_acc: 1.0000
Epoch 20/200
40/40 [==============================] - 0s 365us/step - loss: 0.2147 - acc: 0.7250 - val_loss: 0.0921 - val_acc: 1.0000
Epoch 21/200
40/40 [==============================] - 0s 368us/step - loss: 0.1987 - acc: 0.7250 - val_loss: 0.0901 - val_acc: 1.0000
Epoch 22/200
40/40 [==============================] - 0s 419us/step - loss: 0.1951 - acc: 0.7000 - val_loss: 0.0870 - val_acc: 1.0000
Epoch 23/200
40/40 [==============================] - 0s 324us/step - loss: 0.1967 - acc: 0.7750 - val_loss: 0.0854 - val_acc: 1.0000
Epoch 24/200
40/40 [==============================] - 0s 327us/step - loss: 0.1919 - acc: 0.7500 - val_loss: 0.0832 - val_acc: 1.0000
Epoch 25/200
40/40 [==============================] - 0s 326us/step - loss: 0.2087 - acc: 0.7750 - val_loss: 0.0811 - val_acc: 1.0000
Epoch 26/200
40/40 [==============================] - 0s 350us/step - loss: 0.1573 - acc: 0.8500 - val_loss: 0.0802 - val_acc: 1.0000
Epoch 27/200
40/40 [==============================] - 0s 343us/step - loss: 0.1661 - acc: 0.7750 - val_loss: 0.0787 - val_acc: 1.0000
Epoch 28/200
40/40 [==============================] - 0s 339us/step - loss: 0.1597 - acc: 0.8250 - val_loss: 0.0785 - val_acc: 1.0000
Epoch 29/200
40/40 [==============================] - 0s 366us/step - loss: 0.1836 - acc: 0.7750 - val_loss: 0.0775 - val_acc: 1.0000
Epoch 30/200
40/40 [==============================] - 0s 365us/step - loss: 0.1813 - acc: 0.7500 - val_loss: 0.0769 - val_acc: 1.0000
Epoch 31/200
40/40 [==============================] - 0s 348us/step - loss: 0.1823 - acc: 0.7500 - val_loss: 0.0761 - val_acc: 1.0000
Epoch 32/200
40/40 [==============================] - 0s 363us/step - loss: 0.1662 - acc: 0.8000 - val_loss: 0.0755 - val_acc: 1.0000
Epoch 33/200
40/40 [==============================] - 0s 351us/step - loss: 0.1400 - acc: 0.8500 - val_loss: 0.0750 - val_acc: 1.0000
Epoch 34/200
40/40 [==============================] - 0s 356us/step - loss: 0.1659 - acc: 0.8000 - val_loss: 0.0744 - val_acc: 1.0000
Epoch 35/200
40/40 [==============================] - 0s 347us/step - loss: 0.1464 - acc: 0.8000 - val_loss: 0.0740 - val_acc: 1.0000
Epoch 36/200
40/40 [==============================] - 0s 319us/step - loss: 0.1606 - acc: 0.7750 - val_loss: 0.0729 - val_acc: 1.0000
Epoch 37/200
40/40 [==============================] - 0s 321us/step - loss: 0.1658 - acc: 0.8250 - val_loss: 0.0724 - val_acc: 1.0000
Epoch 38/200
40/40 [==============================] - 0s 322us/step - loss: 0.1520 - acc: 0.7500 - val_loss: 0.0717 - val_acc: 1.0000
Epoch 39/200
40/40 [==============================] - 0s 335us/step - loss: 0.1289 - acc: 0.9000 - val_loss: 0.0708 - val_acc: 1.0000
Epoch 40/200
40/40 [==============================] - 0s 330us/step - loss: 0.1759 - acc: 0.8000 - val_loss: 0.0700 - val_acc: 1.0000
Epoch 41/200
40/40 [==============================] - 0s 349us/step - loss: 0.1509 - acc: 0.7750 - val_loss: 0.0693 - val_acc: 1.0000
Epoch 42/200
40/40 [==============================] - 0s 336us/step - loss: 0.1457 - acc: 0.8000 - val_loss: 0.0691 - val_acc: 1.0000
Epoch 43/200
40/40 [==============================] - 0s 337us/step - loss: 0.1346 - acc: 0.8500 - val_loss: 0.0687 - val_acc: 1.0000
Epoch 44/200
40/40 [==============================] - 0s 343us/step - loss: 0.1481 - acc: 0.8250 - val_loss: 0.0674 - val_acc: 1.0000
Epoch 45/200
40/40 [==============================] - 0s 349us/step - loss: 0.1272 - acc: 0.9000 - val_loss: 0.0666 - val_acc: 1.0000
Epoch 46/200
40/40 [==============================] - 0s 346us/step - loss: 0.1603 - acc: 0.7750 - val_loss: 0.0654 - val_acc: 1.0000
Epoch 47/200
40/40 [==============================] - 0s 311us/step - loss: 0.1383 - acc: 0.8750 - val_loss: 0.0649 - val_acc: 1.0000
Epoch 48/200
40/40 [==============================] - 0s 378us/step - loss: 0.1500 - acc: 0.7750 - val_loss: 0.0636 - val_acc: 1.0000
Epoch 49/200
40/40 [==============================] - 0s 354us/step - loss: 0.1272 - acc: 0.8500 - val_loss: 0.0629 - val_acc: 1.0000
Epoch 50/200
40/40 [==============================] - 0s 347us/step - loss: 0.1329 - acc: 0.8500 - val_loss: 0.0620 - val_acc: 1.0000
Epoch 51/200
40/40 [==============================] - 0s 345us/step - loss: 0.1527 - acc: 0.7750 - val_loss: 0.0609 - val_acc: 1.0000
Epoch 52/200
40/40 [==============================] - 0s 330us/step - loss: 0.1283 - acc: 0.8250 - val_loss: 0.0605 - val_acc: 1.0000
Epoch 53/200
40/40 [==============================] - 0s 346us/step - loss: 0.1433 - acc: 0.8500 - val_loss: 0.0604 - val_acc: 1.0000
Epoch 54/200
40/40 [==============================] - 0s 341us/step - loss: 0.1317 - acc: 0.8000 - val_loss: 0.0600 - val_acc: 1.0000
Epoch 55/200
40/40 [==============================] - 0s 354us/step - loss: 0.1323 - acc: 0.8250 - val_loss: 0.0590 - val_acc: 1.0000
Epoch 56/200
40/40 [==============================] - 0s 317us/step - loss: 0.1207 - acc: 0.8250 - val_loss: 0.0585 - val_acc: 1.0000
Epoch 57/200
40/40 [==============================] - 0s 353us/step - loss: 0.1295 - acc: 0.7750 - val_loss: 0.0584 - val_acc: 1.0000
Epoch 58/200
40/40 [==============================] - 0s 345us/step - loss: 0.1387 - acc: 0.8500 - val_loss: 0.0580 - val_acc: 1.0000
Epoch 59/200
40/40 [==============================] - 0s 341us/step - loss: 0.1276 - acc: 0.8250 - val_loss: 0.0573 - val_acc: 1.0000
Epoch 60/200
40/40 [==============================] - 0s 359us/step - loss: 0.1305 - acc: 0.8000 - val_loss: 0.0571 - val_acc: 1.0000
Epoch 61/200
40/40 [==============================] - 0s 337us/step - loss: 0.1105 - acc: 0.8750 - val_loss: 0.0567 - val_acc: 1.0000
Epoch 62/200
40/40 [==============================] - 0s 334us/step - loss: 0.1418 - acc: 0.8000 - val_loss: 0.0563 - val_acc: 1.0000
Epoch 63/200
40/40 [==============================] - 0s 364us/step - loss: 0.1276 - acc: 0.8500 - val_loss: 0.0559 - val_acc: 1.0000
Epoch 64/200
40/40 [==============================] - 0s 347us/step - loss: 0.1430 - acc: 0.8000 - val_loss: 0.0558 - val_acc: 1.0000
Epoch 65/200
40/40 [==============================] - 0s 347us/step - loss: 0.1290 - acc: 0.8000 - val_loss: 0.0555 - val_acc: 1.0000
Epoch 66/200
40/40 [==============================] - 0s 359us/step - loss: 0.1270 - acc: 0.8500 - val_loss: 0.0549 - val_acc: 1.0000
Epoch 67/200
40/40 [==============================] - 0s 350us/step - loss: 0.1274 - acc: 0.8500 - val_loss: 0.0541 - val_acc: 1.0000
Epoch 68/200
40/40 [==============================] - 0s 359us/step - loss: 0.0945 - acc: 0.8500 - val_loss: 0.0536 - val_acc: 1.0000
Epoch 69/200
40/40 [==============================] - 0s 361us/step - loss: 0.1352 - acc: 0.8500 - val_loss: 0.0529 - val_acc: 1.0000
Epoch 70/200
40/40 [==============================] - 0s 353us/step - loss: 0.1254 - acc: 0.8000 - val_loss: 0.0526 - val_acc: 1.0000
Epoch 71/200
40/40 [==============================] - 0s 368us/step - loss: 0.1029 - acc: 0.8500 - val_loss: 0.0524 - val_acc: 1.0000
Epoch 72/200
40/40 [==============================] - 0s 355us/step - loss: 0.1197 - acc: 0.8250 - val_loss: 0.0520 - val_acc: 1.0000
Epoch 73/200
40/40 [==============================] - 0s 355us/step - loss: 0.1197 - acc: 0.8750 - val_loss: 0.0514 - val_acc: 1.0000
Epoch 74/200
40/40 [==============================] - 0s 349us/step - loss: 0.1221 - acc: 0.8000 - val_loss: 0.0510 - val_acc: 1.0000
Epoch 75/200
40/40 [==============================] - 0s 358us/step - loss: 0.1166 - acc: 0.8500 - val_loss: 0.0506 - val_acc: 1.0000
Epoch 76/200
40/40 [==============================] - 0s 358us/step - loss: 0.1081 - acc: 0.8500 - val_loss: 0.0504 - val_acc: 1.0000
Epoch 77/200
40/40 [==============================] - 0s 344us/step - loss: 0.1232 - acc: 0.8250 - val_loss: 0.0499 - val_acc: 1.0000
Epoch 78/200
40/40 [==============================] - 0s 352us/step - loss: 0.1271 - acc: 0.8000 - val_loss: 0.0497 - val_acc: 1.0000
Epoch 79/200
40/40 [==============================] - 0s 353us/step - loss: 0.1086 - acc: 0.8500 - val_loss: 0.0493 - val_acc: 1.0000
Epoch 80/200
40/40 [==============================] - 0s 338us/step - loss: 0.0954 - acc: 0.8750 - val_loss: 0.0496 - val_acc: 1.0000
Epoch 81/200
40/40 [==============================] - 0s 355us/step - loss: 0.1165 - acc: 0.8500 - val_loss: 0.0497 - val_acc: 1.0000
Epoch 82/200
40/40 [==============================] - 0s 340us/step - loss: 0.1123 - acc: 0.8250 - val_loss: 0.0502 - val_acc: 1.0000
Epoch 83/200
40/40 [==============================] - 0s 352us/step - loss: 0.1205 - acc: 0.8750 - val_loss: 0.0507 - val_acc: 1.0000
Epoch 84/200
40/40 [==============================] - 0s 347us/step - loss: 0.1153 - acc: 0.8500 - val_loss: 0.0505 - val_acc: 1.0000
Epoch 85/200
40/40 [==============================] - 0s 341us/step - loss: 0.1135 - acc: 0.8250 - val_loss: 0.0507 - val_acc: 1.0000
Epoch 86/200
40/40 [==============================] - 0s 334us/step - loss: 0.1075 - acc: 0.8250 - val_loss: 0.0507 - val_acc: 1.0000
Epoch 87/200
40/40 [==============================] - 0s 350us/step - loss: 0.0944 - acc: 0.8500 - val_loss: 0.0507 - val_acc: 1.0000
Epoch 88/200
40/40 [==============================] - 0s 366us/step - loss: 0.0899 - acc: 0.8750 - val_loss: 0.0505 - val_acc: 1.0000
Epoch 89/200
40/40 [==============================] - 0s 337us/step - loss: 0.1491 - acc: 0.8250 - val_loss: 0.0507 - val_acc: 1.0000
Epoch 90/200
40/40 [==============================] - 0s 331us/step - loss: 0.1081 - acc: 0.8500 - val_loss: 0.0506 - val_acc: 1.0000
Epoch 91/200
40/40 [==============================] - 0s 324us/step - loss: 0.1228 - acc: 0.8500 - val_loss: 0.0505 - val_acc: 1.0000
Epoch 92/200
40/40 [==============================] - 0s 362us/step - loss: 0.1215 - acc: 0.8500 - val_loss: 0.0502 - val_acc: 1.0000
Epoch 93/200
40/40 [==============================] - 0s 353us/step - loss: 0.1135 - acc: 0.8500 - val_loss: 0.0503 - val_acc: 1.0000
Epoch 94/200
40/40 [==============================] - 0s 329us/step - loss: 0.0957 - acc: 0.9000 - val_loss: 0.0503 - val_acc: 1.0000
Epoch 95/200
40/40 [==============================] - 0s 337us/step - loss: 0.0977 - acc: 0.9250 - val_loss: 0.0506 - val_acc: 1.0000
Epoch 96/200
40/40 [==============================] - 0s 328us/step - loss: 0.1185 - acc: 0.8000 - val_loss: 0.0499 - val_acc: 1.0000
Epoch 97/200
40/40 [==============================] - 0s 366us/step - loss: 0.1114 - acc: 0.8500 - val_loss: 0.0500 - val_acc: 1.0000
Epoch 98/200
40/40 [==============================] - 0s 334us/step - loss: 0.1100 - acc: 0.8250 - val_loss: 0.0501 - val_acc: 1.0000
Epoch 99/200
40/40 [==============================] - 0s 299us/step - loss: 0.1111 - acc: 0.8500 - val_loss: 0.0502 - val_acc: 1.0000
Epoch 100/200
40/40 [==============================] - 0s 320us/step - loss: 0.1277 - acc: 0.8000 - val_loss: 0.0503 - val_acc: 1.0000
Epoch 101/200
40/40 [==============================] - 0s 307us/step - loss: 0.0986 - acc: 0.8750 - val_loss: 0.0509 - val_acc: 1.0000
Epoch 102/200
40/40 [==============================] - 0s 322us/step - loss: 0.1358 - acc: 0.7750 - val_loss: 0.0507 - val_acc: 1.0000
Epoch 103/200
40/40 [==============================] - 0s 342us/step - loss: 0.1066 - acc: 0.8000 - val_loss: 0.0511 - val_acc: 1.0000
Epoch 104/200
40/40 [==============================] - 0s 363us/step - loss: 0.1137 - acc: 0.8250 - val_loss: 0.0513 - val_acc: 1.0000
Epoch 105/200
40/40 [==============================] - 0s 373us/step - loss: 0.1202 - acc: 0.8250 - val_loss: 0.0521 - val_acc: 1.0000
Epoch 106/200
40/40 [==============================] - 0s 332us/step - loss: 0.1089 - acc: 0.8250 - val_loss: 0.0528 - val_acc: 1.0000
Epoch 107/200
40/40 [==============================] - 0s 348us/step - loss: 0.1125 - acc: 0.8500 - val_loss: 0.0539 - val_acc: 1.0000
Epoch 108/200
40/40 [==============================] - 0s 314us/step - loss: 0.0929 - acc: 0.9000 - val_loss: 0.0550 - val_acc: 1.0000
Epoch 109/200
40/40 [==============================] - 0s 331us/step - loss: 0.1099 - acc: 0.8500 - val_loss: 0.0559 - val_acc: 1.0000
Epoch 110/200
40/40 [==============================] - 0s 342us/step - loss: 0.1025 - acc: 0.8750 - val_loss: 0.0564 - val_acc: 1.0000
Epoch 111/200
40/40 [==============================] - 0s 339us/step - loss: 0.0824 - acc: 0.8750 - val_loss: 0.0571 - val_acc: 1.0000
Epoch 112/200
40/40 [==============================] - 0s 336us/step - loss: 0.1162 - acc: 0.8750 - val_loss: 0.0583 - val_acc: 1.0000
Epoch 113/200
40/40 [==============================] - 0s 340us/step - loss: 0.1001 - acc: 0.8250 - val_loss: 0.0583 - val_acc: 1.0000
Epoch 114/200
40/40 [==============================] - 0s 332us/step - loss: 0.1005 - acc: 0.9000 - val_loss: 0.0586 - val_acc: 1.0000
Epoch 115/200
40/40 [==============================] - 0s 365us/step - loss: 0.0912 - acc: 0.9250 - val_loss: 0.0584 - val_acc: 1.0000
Epoch 116/200
40/40 [==============================] - 0s 357us/step - loss: 0.1057 - acc: 0.8500 - val_loss: 0.0587 - val_acc: 1.0000
Epoch 117/200
40/40 [==============================] - 0s 330us/step - loss: 0.1078 - acc: 0.8750 - val_loss: 0.0585 - val_acc: 1.0000
Epoch 118/200
40/40 [==============================] - 0s 329us/step - loss: 0.1287 - acc: 0.8000 - val_loss: 0.0571 - val_acc: 1.0000
Epoch 119/200
40/40 [==============================] - 0s 340us/step - loss: 0.1066 - acc: 0.8750 - val_loss: 0.0567 - val_acc: 1.0000
Epoch 120/200
40/40 [==============================] - 0s 344us/step - loss: 0.0919 - acc: 0.9000 - val_loss: 0.0557 - val_acc: 1.0000
Epoch 121/200
40/40 [==============================] - 0s 343us/step - loss: 0.0934 - acc: 0.9000 - val_loss: 0.0551 - val_acc: 1.0000
Epoch 122/200
40/40 [==============================] - 0s 327us/step - loss: 0.0812 - acc: 0.9250 - val_loss: 0.0544 - val_acc: 1.0000
Epoch 123/200
40/40 [==============================] - 0s 342us/step - loss: 0.1078 - acc: 0.8250 - val_loss: 0.0542 - val_acc: 1.0000
Epoch 124/200
40/40 [==============================] - 0s 353us/step - loss: 0.0991 - acc: 0.8750 - val_loss: 0.0546 - val_acc: 1.0000
Epoch 125/200
40/40 [==============================] - 0s 325us/step - loss: 0.1009 - acc: 0.8500 - val_loss: 0.0549 - val_acc: 1.0000
Epoch 126/200
40/40 [==============================] - 0s 335us/step - loss: 0.1117 - acc: 0.8250 - val_loss: 0.0545 - val_acc: 1.0000
Epoch 127/200
40/40 [==============================] - 0s 343us/step - loss: 0.0884 - acc: 0.8750 - val_loss: 0.0550 - val_acc: 1.0000
Epoch 128/200
40/40 [==============================] - 0s 328us/step - loss: 0.0910 - acc: 0.8500 - val_loss: 0.0551 - val_acc: 1.0000
Epoch 129/200
40/40 [==============================] - 0s 368us/step - loss: 0.1019 - acc: 0.8500 - val_loss: 0.0546 - val_acc: 1.0000
Epoch 130/200
40/40 [==============================] - 0s 351us/step - loss: 0.1018 - acc: 0.9000 - val_loss: 0.0545 - val_acc: 1.0000
Epoch 131/200
40/40 [==============================] - 0s 354us/step - loss: 0.1069 - acc: 0.9000 - val_loss: 0.0539 - val_acc: 1.0000
Epoch 132/200
40/40 [==============================] - 0s 345us/step - loss: 0.0917 - acc: 0.8750 - val_loss: 0.0533 - val_acc: 1.0000
Epoch 133/200
40/40 [==============================] - 0s 350us/step - loss: 0.0890 - acc: 0.8750 - val_loss: 0.0524 - val_acc: 1.0000
Epoch 134/200
40/40 [==============================] - 0s 335us/step - loss: 0.1167 - acc: 0.8500 - val_loss: 0.0524 - val_acc: 1.0000
Epoch 135/200
40/40 [==============================] - 0s 330us/step - loss: 0.1256 - acc: 0.8000 - val_loss: 0.0521 - val_acc: 1.0000
Epoch 136/200
40/40 [==============================] - 0s 341us/step - loss: 0.0912 - acc: 0.8750 - val_loss: 0.0525 - val_acc: 1.0000
Epoch 137/200
40/40 [==============================] - 0s 352us/step - loss: 0.0846 - acc: 0.9000 - val_loss: 0.0527 - val_acc: 1.0000
Epoch 138/200
40/40 [==============================] - 0s 355us/step - loss: 0.0844 - acc: 0.9250 - val_loss: 0.0518 - val_acc: 1.0000
Epoch 139/200
40/40 [==============================] - 0s 352us/step - loss: 0.0960 - acc: 0.9000 - val_loss: 0.0518 - val_acc: 1.0000
Epoch 140/200
40/40 [==============================] - 0s 356us/step - loss: 0.0746 - acc: 0.9250 - val_loss: 0.0516 - val_acc: 1.0000
Epoch 141/200
40/40 [==============================] - 0s 344us/step - loss: 0.0905 - acc: 0.8500 - val_loss: 0.0515 - val_acc: 1.0000
Epoch 142/200
40/40 [==============================] - 0s 448us/step - loss: 0.0594 - acc: 0.9750 - val_loss: 0.0514 - val_acc: 1.0000
Epoch 143/200
40/40 [==============================] - 0s 335us/step - loss: 0.0792 - acc: 0.9000 - val_loss: 0.0514 - val_acc: 1.0000
Epoch 144/200
40/40 [==============================] - 0s 322us/step - loss: 0.1048 - acc: 0.8750 - val_loss: 0.0509 - val_acc: 1.0000
Epoch 145/200
40/40 [==============================] - 0s 321us/step - loss: 0.1218 - acc: 0.8000 - val_loss: 0.0506 - val_acc: 1.0000
Epoch 146/200
40/40 [==============================] - 0s 346us/step - loss: 0.0734 - acc: 0.9500 - val_loss: 0.0502 - val_acc: 1.0000
Epoch 147/200
40/40 [==============================] - 0s 354us/step - loss: 0.0757 - acc: 0.9000 - val_loss: 0.0498 - val_acc: 1.0000
Epoch 148/200
40/40 [==============================] - 0s 360us/step - loss: 0.1022 - acc: 0.8250 - val_loss: 0.0494 - val_acc: 1.0000
Epoch 149/200
40/40 [==============================] - 0s 348us/step - loss: 0.1241 - acc: 0.7750 - val_loss: 0.0491 - val_acc: 1.0000
Epoch 150/200
40/40 [==============================] - 0s 353us/step - loss: 0.0937 - acc: 0.8750 - val_loss: 0.0480 - val_acc: 1.0000
Epoch 151/200
40/40 [==============================] - 0s 370us/step - loss: 0.0912 - acc: 0.9000 - val_loss: 0.0463 - val_acc: 1.0000
Epoch 152/200
40/40 [==============================] - 0s 348us/step - loss: 0.1014 - acc: 0.8500 - val_loss: 0.0450 - val_acc: 1.0000
Epoch 153/200
40/40 [==============================] - 0s 352us/step - loss: 0.0854 - acc: 0.9000 - val_loss: 0.0446 - val_acc: 1.0000
Epoch 154/200
40/40 [==============================] - 0s 337us/step - loss: 0.1061 - acc: 0.8250 - val_loss: 0.0444 - val_acc: 1.0000
Epoch 155/200
40/40 [==============================] - 0s 349us/step - loss: 0.0971 - acc: 0.8750 - val_loss: 0.0441 - val_acc: 1.0000
Epoch 156/200
40/40 [==============================] - 0s 368us/step - loss: 0.0773 - acc: 0.9000 - val_loss: 0.0437 - val_acc: 1.0000
Epoch 157/200
40/40 [==============================] - 0s 353us/step - loss: 0.0871 - acc: 0.8750 - val_loss: 0.0436 - val_acc: 1.0000
Epoch 158/200
40/40 [==============================] - 0s 357us/step - loss: 0.1454 - acc: 0.7750 - val_loss: 0.0437 - val_acc: 1.0000
Epoch 159/200
40/40 [==============================] - 0s 360us/step - loss: 0.0935 - acc: 0.8750 - val_loss: 0.0434 - val_acc: 1.0000
Epoch 160/200
40/40 [==============================] - 0s 363us/step - loss: 0.0841 - acc: 0.9000 - val_loss: 0.0429 - val_acc: 1.0000
Epoch 161/200
40/40 [==============================] - 0s 340us/step - loss: 0.0863 - acc: 0.9000 - val_loss: 0.0425 - val_acc: 1.0000
Epoch 162/200
40/40 [==============================] - 0s 344us/step - loss: 0.1159 - acc: 0.8000 - val_loss: 0.0421 - val_acc: 1.0000
Epoch 163/200
40/40 [==============================] - 0s 360us/step - loss: 0.1042 - acc: 0.8500 - val_loss: 0.0413 - val_acc: 1.0000
Epoch 164/200
40/40 [==============================] - 0s 340us/step - loss: 0.0829 - acc: 0.8750 - val_loss: 0.0406 - val_acc: 1.0000
Epoch 165/200
40/40 [==============================] - 0s 330us/step - loss: 0.0921 - acc: 0.8500 - val_loss: 0.0406 - val_acc: 1.0000
Epoch 166/200
40/40 [==============================] - 0s 338us/step - loss: 0.1068 - acc: 0.8000 - val_loss: 0.0406 - val_acc: 1.0000
Epoch 167/200
40/40 [==============================] - 0s 365us/step - loss: 0.0908 - acc: 0.8500 - val_loss: 0.0411 - val_acc: 1.0000
Epoch 168/200
40/40 [==============================] - 0s 369us/step - loss: 0.0979 - acc: 0.8500 - val_loss: 0.0412 - val_acc: 1.0000
Epoch 169/200
40/40 [==============================] - 0s 365us/step - loss: 0.0852 - acc: 0.8750 - val_loss: 0.0413 - val_acc: 1.0000
Epoch 170/200
40/40 [==============================] - 0s 356us/step - loss: 0.0874 - acc: 0.9000 - val_loss: 0.0417 - val_acc: 1.0000
Epoch 171/200
40/40 [==============================] - 0s 367us/step - loss: 0.0910 - acc: 0.8750 - val_loss: 0.0420 - val_acc: 1.0000
Epoch 172/200
40/40 [==============================] - 0s 363us/step - loss: 0.0905 - acc: 0.8750 - val_loss: 0.0421 - val_acc: 1.0000
Epoch 173/200
40/40 [==============================] - 0s 365us/step - loss: 0.1119 - acc: 0.8250 - val_loss: 0.0427 - val_acc: 1.0000
Epoch 174/200
40/40 [==============================] - 0s 350us/step - loss: 0.0800 - acc: 0.8750 - val_loss: 0.0434 - val_acc: 1.0000
Epoch 175/200
40/40 [==============================] - 0s 365us/step - loss: 0.1065 - acc: 0.8250 - val_loss: 0.0438 - val_acc: 1.0000
Epoch 176/200
40/40 [==============================] - 0s 353us/step - loss: 0.0843 - acc: 0.8250 - val_loss: 0.0435 - val_acc: 1.0000
Epoch 177/200
40/40 [==============================] - 0s 341us/step - loss: 0.0867 - acc: 0.9000 - val_loss: 0.0436 - val_acc: 1.0000
Epoch 178/200
40/40 [==============================] - 0s 348us/step - loss: 0.0860 - acc: 0.8750 - val_loss: 0.0430 - val_acc: 1.0000
Epoch 179/200
40/40 [==============================] - 0s 347us/step - loss: 0.0924 - acc: 0.8250 - val_loss: 0.0431 - val_acc: 1.0000
Epoch 180/200
40/40 [==============================] - 0s 349us/step - loss: 0.1101 - acc: 0.8000 - val_loss: 0.0437 - val_acc: 1.0000
Epoch 181/200
40/40 [==============================] - 0s 326us/step - loss: 0.0914 - acc: 0.8750 - val_loss: 0.0438 - val_acc: 1.0000
Epoch 182/200
40/40 [==============================] - 0s 345us/step - loss: 0.0840 - acc: 0.8750 - val_loss: 0.0439 - val_acc: 1.0000
Epoch 183/200
40/40 [==============================] - 0s 366us/step - loss: 0.1021 - acc: 0.8250 - val_loss: 0.0445 - val_acc: 1.0000
Epoch 184/200
40/40 [==============================] - 0s 356us/step - loss: 0.1222 - acc: 0.8500 - val_loss: 0.0441 - val_acc: 1.0000
Epoch 185/200
40/40 [==============================] - 0s 350us/step - loss: 0.0931 - acc: 0.8750 - val_loss: 0.0446 - val_acc: 1.0000
Epoch 186/200
40/40 [==============================] - 0s 351us/step - loss: 0.0992 - acc: 0.8500 - val_loss: 0.0441 - val_acc: 1.0000
Epoch 187/200
40/40 [==============================] - 0s 372us/step - loss: 0.0949 - acc: 0.8750 - val_loss: 0.0435 - val_acc: 1.0000
Epoch 188/200
40/40 [==============================] - 0s 353us/step - loss: 0.0736 - acc: 0.9000 - val_loss: 0.0431 - val_acc: 1.0000
Epoch 189/200
40/40 [==============================] - 0s 349us/step - loss: 0.0885 - acc: 0.8750 - val_loss: 0.0428 - val_acc: 1.0000
Epoch 190/200
40/40 [==============================] - 0s 336us/step - loss: 0.0960 - acc: 0.8750 - val_loss: 0.0430 - val_acc: 1.0000
Epoch 191/200
40/40 [==============================] - 0s 350us/step - loss: 0.0797 - acc: 0.9000 - val_loss: 0.0423 - val_acc: 1.0000
Epoch 192/200
40/40 [==============================] - 0s 361us/step - loss: 0.0969 - acc: 0.8500 - val_loss: 0.0417 - val_acc: 1.0000
Epoch 193/200
40/40 [==============================] - 0s 370us/step - loss: 0.0970 - acc: 0.9000 - val_loss: 0.0421 - val_acc: 1.0000
Epoch 194/200
40/40 [==============================] - 0s 362us/step - loss: 0.0999 - acc: 0.8500 - val_loss: 0.0425 - val_acc: 1.0000
Epoch 195/200
40/40 [==============================] - 0s 392us/step - loss: 0.0826 - acc: 0.8500 - val_loss: 0.0430 - val_acc: 1.0000
Epoch 196/200
40/40 [==============================] - 0s 366us/step - loss: 0.0678 - acc: 0.8750 - val_loss: 0.0430 - val_acc: 1.0000
Epoch 197/200
40/40 [==============================] - 0s 341us/step - loss: 0.0783 - acc: 0.9000 - val_loss: 0.0433 - val_acc: 1.0000
Epoch 198/200
40/40 [==============================] - 0s 357us/step - loss: 0.0961 - acc: 0.8750 - val_loss: 0.0443 - val_acc: 1.0000
Epoch 199/200
40/40 [==============================] - 0s 348us/step - loss: 0.0911 - acc: 0.8750 - val_loss: 0.0445 - val_acc: 1.0000
Epoch 200/200
40/40 [==============================] - 0s 370us/step - loss: 0.0677 - acc: 0.9500 - val_loss: 0.0444 - val_acc: 1.0000
