Using TensorFlow backend.
/usr/lib/python3.6/importlib/_bootstrap.py:219: RuntimeWarning: numpy.dtype size changed, may indicate binary incompatibility. Expected 96, got 88
  return f(*args, **kwds)
_________________________________________________________________
Layer (type)                 Output Shape              Param #   
=================================================================
batch_normalization_1 (Batch (None, 255)               1020      
_________________________________________________________________
dense_1 (Dense)              (None, 24)                6144      
_________________________________________________________________
dropout_1 (Dropout)          (None, 24)                0         
_________________________________________________________________
dense_2 (Dense)              (None, 1)                 25        
=================================================================
Total params: 7,189
Trainable params: 6,679
Non-trainable params: 510
_________________________________________________________________
None
Epoch 0
Train on 2804 samples, validate on 500 samples
Epoch 1/1
2018-10-27 11:17:54.675467: I tensorflow/core/platform/cpu_feature_guard.cc:140] Your CPU supports instructions that this TensorFlow binary was not compiled to use: AVX2 FMA
2018-10-27 11:17:54.760869: I tensorflow/stream_executor/cuda/cuda_gpu_executor.cc:898] successful NUMA node read from SysFS had negative value (-1), but there must be at least one NUMA node, so returning NUMA node zero
2018-10-27 11:17:54.761191: I tensorflow/core/common_runtime/gpu/gpu_device.cc:1356] Found device 0 with properties: 
name: GeForce GTX 1080 major: 6 minor: 1 memoryClockRate(GHz): 1.8475
pciBusID: 0000:01:00.0
totalMemory: 7.93GiB freeMemory: 7.35GiB
2018-10-27 11:17:54.761203: I tensorflow/core/common_runtime/gpu/gpu_device.cc:1435] Adding visible gpu devices: 0
2018-10-27 11:17:54.919513: I tensorflow/core/common_runtime/gpu/gpu_device.cc:923] Device interconnect StreamExecutor with strength 1 edge matrix:
2018-10-27 11:17:54.919543: I tensorflow/core/common_runtime/gpu/gpu_device.cc:929]      0 
2018-10-27 11:17:54.919548: I tensorflow/core/common_runtime/gpu/gpu_device.cc:942] 0:   N 
2018-10-27 11:17:54.919691: I tensorflow/core/common_runtime/gpu/gpu_device.cc:1053] Created TensorFlow device (/job:localhost/replica:0/task:0/device:GPU:0 with 7098 MB memory) -> physical GPU (device: 0, name: GeForce GTX 1080, pci bus id: 0000:01:00.0, compute capability: 6.1)
2804/2804 [==============================] - 1s 275us/step - loss: 0.0538 - acc: 0.2236 - val_loss: 0.5856 - val_acc: 0.1560
Epoch 1
Train on 2804 samples, validate on 500 samples
Epoch 1/1
2804/2804 [==============================] - 0s 59us/step - loss: 0.0370 - acc: 0.1683 - val_loss: 0.5633 - val_acc: 0.1720
Epoch 2
Train on 2804 samples, validate on 500 samples
Epoch 1/1
2804/2804 [==============================] - 0s 51us/step - loss: 0.0280 - acc: 0.1876 - val_loss: 0.5139 - val_acc: 0.2060
Epoch 3
Train on 2804 samples, validate on 500 samples
Epoch 1/1
2804/2804 [==============================] - 0s 51us/step - loss: 0.0213 - acc: 0.2175 - val_loss: 0.4697 - val_acc: 0.2420
Epoch 4
Train on 2804 samples, validate on 500 samples
Epoch 1/1
2804/2804 [==============================] - 0s 51us/step - loss: 0.0165 - acc: 0.2582 - val_loss: 0.4358 - val_acc: 0.2980
Epoch 5
Train on 2804 samples, validate on 500 samples
Epoch 1/1
2804/2804 [==============================] - 0s 51us/step - loss: 0.0133 - acc: 0.3003 - val_loss: 0.4107 - val_acc: 0.3420
Epoch 6
Train on 2804 samples, validate on 500 samples
Epoch 1/1
2804/2804 [==============================] - 0s 51us/step - loss: 0.0111 - acc: 0.3438 - val_loss: 0.3938 - val_acc: 0.3720
Epoch 7
Train on 2804 samples, validate on 500 samples
Epoch 1/1
2804/2804 [==============================] - 0s 51us/step - loss: 0.0097 - acc: 0.3880 - val_loss: 0.3895 - val_acc: 0.3900
Epoch 8
Train on 2804 samples, validate on 500 samples
Epoch 1/1
2804/2804 [==============================] - 0s 51us/step - loss: 0.0088 - acc: 0.4069 - val_loss: 0.3830 - val_acc: 0.4200
Epoch 9
Train on 2804 samples, validate on 500 samples
Epoch 1/1
2804/2804 [==============================] - 0s 51us/step - loss: 0.0081 - acc: 0.4515 - val_loss: 0.3814 - val_acc: 0.4360
Epoch 10
Train on 2804 samples, validate on 500 samples
Epoch 1/1
2804/2804 [==============================] - 0s 51us/step - loss: 0.0080 - acc: 0.4362 - val_loss: 0.3747 - val_acc: 0.4460
Epoch 11
Train on 2804 samples, validate on 500 samples
Epoch 1/1
2804/2804 [==============================] - 0s 51us/step - loss: 0.0077 - acc: 0.4565 - val_loss: 0.3781 - val_acc: 0.4340
Epoch 12
Train on 2804 samples, validate on 500 samples
Epoch 1/1
2804/2804 [==============================] - 0s 51us/step - loss: 0.0074 - acc: 0.4579 - val_loss: 0.3793 - val_acc: 0.4420
Epoch 13
Train on 2804 samples, validate on 500 samples
Epoch 1/1
2804/2804 [==============================] - 0s 52us/step - loss: 0.0073 - acc: 0.4718 - val_loss: 0.3787 - val_acc: 0.4340
Epoch 14
Train on 2804 samples, validate on 500 samples
Epoch 1/1
2804/2804 [==============================] - 0s 51us/step - loss: 0.0072 - acc: 0.4626 - val_loss: 0.3785 - val_acc: 0.4440
Epoch 15
Train on 2804 samples, validate on 500 samples
Epoch 1/1
2804/2804 [==============================] - 0s 51us/step - loss: 0.0071 - acc: 0.4597 - val_loss: 0.3725 - val_acc: 0.4560
Epoch 16
Train on 2804 samples, validate on 500 samples
Epoch 1/1
2804/2804 [==============================] - 0s 51us/step - loss: 0.0071 - acc: 0.4772 - val_loss: 0.3622 - val_acc: 0.4680
Epoch 17
Train on 2804 samples, validate on 500 samples
Epoch 1/1
2804/2804 [==============================] - 0s 51us/step - loss: 0.0072 - acc: 0.4540 - val_loss: 0.3882 - val_acc: 0.4300
Epoch 18
Train on 2804 samples, validate on 500 samples
Epoch 1/1
2804/2804 [==============================] - 0s 51us/step - loss: 0.0071 - acc: 0.4547 - val_loss: 0.3669 - val_acc: 0.4740
Epoch 19
Train on 2804 samples, validate on 500 samples
Epoch 1/1
2804/2804 [==============================] - 0s 51us/step - loss: 0.0071 - acc: 0.4561 - val_loss: 0.3841 - val_acc: 0.4420
Epoch 20
Train on 2804 samples, validate on 500 samples
Epoch 1/1
2804/2804 [==============================] - 0s 51us/step - loss: 0.0070 - acc: 0.4711 - val_loss: 0.3697 - val_acc: 0.4720
Epoch 21
Train on 2804 samples, validate on 500 samples
Epoch 1/1
2804/2804 [==============================] - 0s 51us/step - loss: 0.0070 - acc: 0.4683 - val_loss: 0.3909 - val_acc: 0.4260
Epoch 22
Train on 2804 samples, validate on 500 samples
Epoch 1/1
2804/2804 [==============================] - 0s 51us/step - loss: 0.0070 - acc: 0.4872 - val_loss: 0.3838 - val_acc: 0.4480
Epoch 23
Train on 2804 samples, validate on 500 samples
Epoch 1/1
2804/2804 [==============================] - 0s 51us/step - loss: 0.0069 - acc: 0.4540 - val_loss: 0.3796 - val_acc: 0.4360
Epoch 24
Train on 2804 samples, validate on 500 samples
Epoch 1/1
2804/2804 [==============================] - 0s 51us/step - loss: 0.0069 - acc: 0.4683 - val_loss: 0.3870 - val_acc: 0.4340
Epoch 25
Train on 2804 samples, validate on 500 samples
Epoch 1/1
2804/2804 [==============================] - 0s 51us/step - loss: 0.0071 - acc: 0.4515 - val_loss: 0.3866 - val_acc: 0.4200
Epoch 26
Train on 2804 samples, validate on 500 samples
Epoch 1/1
2804/2804 [==============================] - 0s 51us/step - loss: 0.0071 - acc: 0.4504 - val_loss: 0.3998 - val_acc: 0.4240
Epoch 27
Train on 2804 samples, validate on 500 samples
Epoch 1/1
2804/2804 [==============================] - 0s 51us/step - loss: 0.0071 - acc: 0.4558 - val_loss: 0.3999 - val_acc: 0.4240
Epoch 28
Train on 2804 samples, validate on 500 samples
Epoch 1/1
2804/2804 [==============================] - 0s 51us/step - loss: 0.0068 - acc: 0.4754 - val_loss: 0.3822 - val_acc: 0.4440
Epoch 29
Train on 2804 samples, validate on 500 samples
Epoch 1/1
2804/2804 [==============================] - 0s 51us/step - loss: 0.0069 - acc: 0.4508 - val_loss: 0.3656 - val_acc: 0.4700
Epoch 30
Train on 2804 samples, validate on 500 samples
Epoch 1/1
2804/2804 [==============================] - 0s 52us/step - loss: 0.0068 - acc: 0.4843 - val_loss: 0.3911 - val_acc: 0.4380
Epoch 31
Train on 2804 samples, validate on 500 samples
Epoch 1/1
2804/2804 [==============================] - 0s 51us/step - loss: 0.0067 - acc: 0.4743 - val_loss: 0.3533 - val_acc: 0.4760
Epoch 32
Train on 2804 samples, validate on 500 samples
Epoch 1/1
2804/2804 [==============================] - 0s 51us/step - loss: 0.0069 - acc: 0.4979 - val_loss: 0.4216 - val_acc: 0.4040
Epoch 33
Train on 2804 samples, validate on 500 samples
Epoch 1/1
2804/2804 [==============================] - 0s 51us/step - loss: 0.0069 - acc: 0.4679 - val_loss: 0.3943 - val_acc: 0.4280
Epoch 34
Train on 2804 samples, validate on 500 samples
Epoch 1/1
2804/2804 [==============================] - 0s 51us/step - loss: 0.0069 - acc: 0.4576 - val_loss: 0.3769 - val_acc: 0.4460
Epoch 35
Train on 2804 samples, validate on 500 samples
Epoch 1/1
2804/2804 [==============================] - 0s 51us/step - loss: 0.0068 - acc: 0.4886 - val_loss: 0.3829 - val_acc: 0.4540
Epoch 36
Train on 2804 samples, validate on 500 samples
Epoch 1/1
2804/2804 [==============================] - 0s 51us/step - loss: 0.0071 - acc: 0.4775 - val_loss: 0.3953 - val_acc: 0.4120
Epoch 37
Train on 2804 samples, validate on 500 samples
Epoch 1/1
2804/2804 [==============================] - 0s 51us/step - loss: 0.0070 - acc: 0.4544 - val_loss: 0.3998 - val_acc: 0.4220
Epoch 38
Train on 2804 samples, validate on 500 samples
Epoch 1/1
2804/2804 [==============================] - 0s 51us/step - loss: 0.0068 - acc: 0.4754 - val_loss: 0.3939 - val_acc: 0.4320
Epoch 39
Train on 2804 samples, validate on 500 samples
Epoch 1/1
2804/2804 [==============================] - 0s 51us/step - loss: 0.0068 - acc: 0.4693 - val_loss: 0.3742 - val_acc: 0.4640
Epoch 40
Train on 2804 samples, validate on 500 samples
Epoch 1/1
2804/2804 [==============================] - 0s 51us/step - loss: 0.0068 - acc: 0.4964 - val_loss: 0.4046 - val_acc: 0.4400
Epoch 41
Train on 2804 samples, validate on 500 samples
Epoch 1/1
2804/2804 [==============================] - 0s 51us/step - loss: 0.0068 - acc: 0.4754 - val_loss: 0.3843 - val_acc: 0.4560
Epoch 42
Train on 2804 samples, validate on 500 samples
Epoch 1/1
2804/2804 [==============================] - 0s 51us/step - loss: 0.0066 - acc: 0.4918 - val_loss: 0.3871 - val_acc: 0.4540
Epoch 43
Train on 2804 samples, validate on 500 samples
Epoch 1/1
2804/2804 [==============================] - 0s 51us/step - loss: 0.0068 - acc: 0.4736 - val_loss: 0.3724 - val_acc: 0.4800
Epoch 44
Train on 2804 samples, validate on 500 samples
Epoch 1/1
2804/2804 [==============================] - 0s 51us/step - loss: 0.0067 - acc: 0.5036 - val_loss: 0.3807 - val_acc: 0.4620
Epoch 45
Train on 2804 samples, validate on 500 samples
Epoch 1/1
2804/2804 [==============================] - 0s 51us/step - loss: 0.0069 - acc: 0.4533 - val_loss: 0.3706 - val_acc: 0.4600
Epoch 46
Train on 2804 samples, validate on 500 samples
Epoch 1/1
2804/2804 [==============================] - 0s 51us/step - loss: 0.0067 - acc: 0.4775 - val_loss: 0.3554 - val_acc: 0.4720
Epoch 47
Train on 2804 samples, validate on 500 samples
Epoch 1/1
2804/2804 [==============================] - 0s 51us/step - loss: 0.0066 - acc: 0.5096 - val_loss: 0.3981 - val_acc: 0.4240
Epoch 48
Train on 2804 samples, validate on 500 samples
Epoch 1/1
2804/2804 [==============================] - 0s 51us/step - loss: 0.0068 - acc: 0.4643 - val_loss: 0.3881 - val_acc: 0.4480
Epoch 49
Train on 2804 samples, validate on 500 samples
Epoch 1/1
2804/2804 [==============================] - 0s 51us/step - loss: 0.0066 - acc: 0.4879 - val_loss: 0.3572 - val_acc: 0.4780
Epoch 50
Train on 2804 samples, validate on 500 samples
Epoch 1/1
2804/2804 [==============================] - 0s 51us/step - loss: 0.0066 - acc: 0.4971 - val_loss: 0.3712 - val_acc: 0.4660
Epoch 51
Train on 2804 samples, validate on 500 samples
Epoch 1/1
2804/2804 [==============================] - 0s 51us/step - loss: 0.0065 - acc: 0.5029 - val_loss: 0.3639 - val_acc: 0.4700
Epoch 52
Train on 2804 samples, validate on 500 samples
Epoch 1/1
2804/2804 [==============================] - 0s 51us/step - loss: 0.0066 - acc: 0.4872 - val_loss: 0.3733 - val_acc: 0.4600
Epoch 53
Train on 2804 samples, validate on 500 samples
Epoch 1/1
2804/2804 [==============================] - 0s 51us/step - loss: 0.0067 - acc: 0.4914 - val_loss: 0.3905 - val_acc: 0.4320
Epoch 54
Train on 2804 samples, validate on 500 samples
Epoch 1/1
2804/2804 [==============================] - 0s 51us/step - loss: 0.0067 - acc: 0.4793 - val_loss: 0.3929 - val_acc: 0.4320
Epoch 55
Train on 2804 samples, validate on 500 samples
Epoch 1/1
2804/2804 [==============================] - 0s 51us/step - loss: 0.0065 - acc: 0.4847 - val_loss: 0.3492 - val_acc: 0.4920
Epoch 56
Train on 2804 samples, validate on 500 samples
Epoch 1/1
2804/2804 [==============================] - 0s 51us/step - loss: 0.0065 - acc: 0.5150 - val_loss: 0.3648 - val_acc: 0.4700
Epoch 57
Train on 2804 samples, validate on 500 samples
Epoch 1/1
2804/2804 [==============================] - 0s 51us/step - loss: 0.0068 - acc: 0.4971 - val_loss: 0.4031 - val_acc: 0.4160
Epoch 58
Train on 2804 samples, validate on 500 samples
Epoch 1/1
2804/2804 [==============================] - 0s 51us/step - loss: 0.0064 - acc: 0.4982 - val_loss: 0.3511 - val_acc: 0.4940
Epoch 59
Train on 2804 samples, validate on 500 samples
Epoch 1/1
2804/2804 [==============================] - 0s 51us/step - loss: 0.0066 - acc: 0.5086 - val_loss: 0.3734 - val_acc: 0.4780
Epoch 60
Train on 2804 samples, validate on 500 samples
Epoch 1/1
2804/2804 [==============================] - 0s 51us/step - loss: 0.0063 - acc: 0.5146 - val_loss: 0.3272 - val_acc: 0.5120
Epoch 61
Train on 2804 samples, validate on 500 samples
Epoch 1/1
2804/2804 [==============================] - 0s 51us/step - loss: 0.0066 - acc: 0.5032 - val_loss: 0.3664 - val_acc: 0.4720
Epoch 62
Train on 2804 samples, validate on 500 samples
Epoch 1/1
2804/2804 [==============================] - 0s 51us/step - loss: 0.0064 - acc: 0.5232 - val_loss: 0.3711 - val_acc: 0.4660
Epoch 63
Train on 2804 samples, validate on 500 samples
Epoch 1/1
2804/2804 [==============================] - 0s 51us/step - loss: 0.0066 - acc: 0.5089 - val_loss: 0.3774 - val_acc: 0.4600
Epoch 64
Train on 2804 samples, validate on 500 samples
Epoch 1/1
2804/2804 [==============================] - 0s 51us/step - loss: 0.0064 - acc: 0.5207 - val_loss: 0.3658 - val_acc: 0.4800
Epoch 65
Train on 2804 samples, validate on 500 samples
Epoch 1/1
2804/2804 [==============================] - 0s 51us/step - loss: 0.0063 - acc: 0.5328 - val_loss: 0.3495 - val_acc: 0.4800
Epoch 66
Train on 2804 samples, validate on 500 samples
Epoch 1/1
2804/2804 [==============================] - 0s 51us/step - loss: 0.0070 - acc: 0.5128 - val_loss: 0.4100 - val_acc: 0.4260
Epoch 67
Train on 2804 samples, validate on 500 samples
Epoch 1/1
2804/2804 [==============================] - 0s 51us/step - loss: 0.0067 - acc: 0.4757 - val_loss: 0.3561 - val_acc: 0.4720
Epoch 68
Train on 2804 samples, validate on 500 samples
Epoch 1/1
2804/2804 [==============================] - 0s 51us/step - loss: 0.0065 - acc: 0.5068 - val_loss: 0.3620 - val_acc: 0.4800
Epoch 69
Train on 2804 samples, validate on 500 samples
Epoch 1/1
2804/2804 [==============================] - 0s 51us/step - loss: 0.0063 - acc: 0.5111 - val_loss: 0.3499 - val_acc: 0.4940
Epoch 70
Train on 2804 samples, validate on 500 samples
Epoch 1/1
2804/2804 [==============================] - 0s 51us/step - loss: 0.0062 - acc: 0.5207 - val_loss: 0.3427 - val_acc: 0.5120
Epoch 71
Train on 2804 samples, validate on 500 samples
Epoch 1/1
2804/2804 [==============================] - 0s 51us/step - loss: 0.0063 - acc: 0.5264 - val_loss: 0.3458 - val_acc: 0.4940
Epoch 72
Train on 2804 samples, validate on 500 samples
Epoch 1/1
2804/2804 [==============================] - 0s 51us/step - loss: 0.0065 - acc: 0.5300 - val_loss: 0.3677 - val_acc: 0.4840
Epoch 73
Train on 2804 samples, validate on 500 samples
Epoch 1/1
2804/2804 [==============================] - 0s 51us/step - loss: 0.0065 - acc: 0.5036 - val_loss: 0.3550 - val_acc: 0.4980
Epoch 74
Train on 2804 samples, validate on 500 samples
Epoch 1/1
2804/2804 [==============================] - 0s 51us/step - loss: 0.0063 - acc: 0.5332 - val_loss: 0.3630 - val_acc: 0.4820
Epoch 75
Train on 2804 samples, validate on 500 samples
Epoch 1/1
2804/2804 [==============================] - 0s 51us/step - loss: 0.0066 - acc: 0.5107 - val_loss: 0.3579 - val_acc: 0.4760
Epoch 76
Train on 2804 samples, validate on 500 samples
Epoch 1/1
2804/2804 [==============================] - 0s 51us/step - loss: 0.0065 - acc: 0.4971 - val_loss: 0.3678 - val_acc: 0.4680
Epoch 77
Train on 2804 samples, validate on 500 samples
Epoch 1/1
2804/2804 [==============================] - 0s 51us/step - loss: 0.0062 - acc: 0.5310 - val_loss: 0.3410 - val_acc: 0.4980
Epoch 78
Train on 2804 samples, validate on 500 samples
Epoch 1/1
2804/2804 [==============================] - 0s 51us/step - loss: 0.0065 - acc: 0.5310 - val_loss: 0.3770 - val_acc: 0.4700
Epoch 79
Train on 2804 samples, validate on 500 samples
Epoch 1/1
2804/2804 [==============================] - 0s 51us/step - loss: 0.0063 - acc: 0.5160 - val_loss: 0.3747 - val_acc: 0.4700
Epoch 80
Train on 2804 samples, validate on 500 samples
Epoch 1/1
2804/2804 [==============================] - 0s 51us/step - loss: 0.0064 - acc: 0.5342 - val_loss: 0.3490 - val_acc: 0.5080
Epoch 81
Train on 2804 samples, validate on 500 samples
Epoch 1/1
2804/2804 [==============================] - 0s 51us/step - loss: 0.0064 - acc: 0.5346 - val_loss: 0.3842 - val_acc: 0.4620
Epoch 82
Train on 2804 samples, validate on 500 samples
Epoch 1/1
2804/2804 [==============================] - 0s 51us/step - loss: 0.0063 - acc: 0.5153 - val_loss: 0.3463 - val_acc: 0.4880
Epoch 83
Train on 2804 samples, validate on 500 samples
Epoch 1/1
2804/2804 [==============================] - 0s 51us/step - loss: 0.0063 - acc: 0.5353 - val_loss: 0.3672 - val_acc: 0.4740
Epoch 84
Train on 2804 samples, validate on 500 samples
Epoch 1/1
2804/2804 [==============================] - 0s 51us/step - loss: 0.0061 - acc: 0.5300 - val_loss: 0.3409 - val_acc: 0.5120
Epoch 85
Train on 2804 samples, validate on 500 samples
Epoch 1/1
2804/2804 [==============================] - 0s 51us/step - loss: 0.0064 - acc: 0.5556 - val_loss: 0.3732 - val_acc: 0.4640
Epoch 86
Train on 2804 samples, validate on 500 samples
Epoch 1/1
2804/2804 [==============================] - 0s 51us/step - loss: 0.0065 - acc: 0.5075 - val_loss: 0.3542 - val_acc: 0.4820
Epoch 87
Train on 2804 samples, validate on 500 samples
Epoch 1/1
2804/2804 [==============================] - 0s 51us/step - loss: 0.0064 - acc: 0.5346 - val_loss: 0.3822 - val_acc: 0.4580
Epoch 88
Train on 2804 samples, validate on 500 samples
Epoch 1/1
2804/2804 [==============================] - 0s 51us/step - loss: 0.0063 - acc: 0.5239 - val_loss: 0.3483 - val_acc: 0.5020
Epoch 89
Train on 2804 samples, validate on 500 samples
Epoch 1/1
2804/2804 [==============================] - 0s 51us/step - loss: 0.0063 - acc: 0.5517 - val_loss: 0.3982 - val_acc: 0.4320
Epoch 90
Train on 2804 samples, validate on 500 samples
Epoch 1/1
2804/2804 [==============================] - 0s 51us/step - loss: 0.0064 - acc: 0.4993 - val_loss: 0.3341 - val_acc: 0.5320
Epoch 91
Train on 2804 samples, validate on 500 samples
Epoch 1/1
2804/2804 [==============================] - 0s 51us/step - loss: 0.0064 - acc: 0.5442 - val_loss: 0.3603 - val_acc: 0.4940
Epoch 92
Train on 2804 samples, validate on 500 samples
Epoch 1/1
2804/2804 [==============================] - 0s 51us/step - loss: 0.0061 - acc: 0.5446 - val_loss: 0.3368 - val_acc: 0.5220
Epoch 93
Train on 2804 samples, validate on 500 samples
Epoch 1/1
2804/2804 [==============================] - 0s 51us/step - loss: 0.0063 - acc: 0.5460 - val_loss: 0.3608 - val_acc: 0.4920
Epoch 94
Train on 2804 samples, validate on 500 samples
Epoch 1/1
2804/2804 [==============================] - 0s 51us/step - loss: 0.0061 - acc: 0.5289 - val_loss: 0.3316 - val_acc: 0.5180
Epoch 95
Train on 2804 samples, validate on 500 samples
Epoch 1/1
2804/2804 [==============================] - 0s 51us/step - loss: 0.0062 - acc: 0.5610 - val_loss: 0.3731 - val_acc: 0.4740
Epoch 96
Train on 2804 samples, validate on 500 samples
Epoch 1/1
2804/2804 [==============================] - 0s 51us/step - loss: 0.0064 - acc: 0.5185 - val_loss: 0.3391 - val_acc: 0.5140
Epoch 97
Train on 2804 samples, validate on 500 samples
Epoch 1/1
2804/2804 [==============================] - 0s 51us/step - loss: 0.0063 - acc: 0.5374 - val_loss: 0.3435 - val_acc: 0.5200
Epoch 98
Train on 2804 samples, validate on 500 samples
Epoch 1/1
2804/2804 [==============================] - 0s 51us/step - loss: 0.0061 - acc: 0.5481 - val_loss: 0.3353 - val_acc: 0.5180
Epoch 99
Train on 2804 samples, validate on 500 samples
Epoch 1/1
2804/2804 [==============================] - 0s 51us/step - loss: 0.0062 - acc: 0.5382 - val_loss: 0.3391 - val_acc: 0.5060
_________________________________________________________________
Layer (type)                 Output Shape              Param #   
=================================================================
batch_normalization_2 (Batch (None, 255)               1020      
_________________________________________________________________
dense_3 (Dense)              (None, 24)                6144      
_________________________________________________________________
dropout_2 (Dropout)          (None, 24)                0         
_________________________________________________________________
dense_4 (Dense)              (None, 1)                 25        
=================================================================
Total params: 7,189
Trainable params: 6,679
Non-trainable params: 510
_________________________________________________________________
None
Epoch 0
Train on 2804 samples, validate on 500 samples
Epoch 1/1
2804/2804 [==============================] - 0s 154us/step - loss: 0.0500 - acc: 0.2118 - val_loss: 0.6083 - val_acc: 0.1480
Epoch 1
Train on 2804 samples, validate on 500 samples
Epoch 1/1
2804/2804 [==============================] - 0s 52us/step - loss: 0.0341 - acc: 0.1480 - val_loss: 0.5793 - val_acc: 0.1420
Epoch 2
Train on 2804 samples, validate on 500 samples
Epoch 1/1
2804/2804 [==============================] - 0s 51us/step - loss: 0.0248 - acc: 0.1623 - val_loss: 0.5322 - val_acc: 0.1600
Epoch 3
Train on 2804 samples, validate on 500 samples
Epoch 1/1
2804/2804 [==============================] - 0s 51us/step - loss: 0.0185 - acc: 0.1833 - val_loss: 0.4782 - val_acc: 0.2120
Epoch 4
Train on 2804 samples, validate on 500 samples
Epoch 1/1
2804/2804 [==============================] - 0s 51us/step - loss: 0.0144 - acc: 0.2261 - val_loss: 0.4383 - val_acc: 0.2520
Epoch 5
Train on 2804 samples, validate on 500 samples
Epoch 1/1
2804/2804 [==============================] - 0s 51us/step - loss: 0.0117 - acc: 0.2860 - val_loss: 0.4098 - val_acc: 0.3100
Epoch 6
Train on 2804 samples, validate on 500 samples
Epoch 1/1
2804/2804 [==============================] - 0s 51us/step - loss: 0.0103 - acc: 0.3260 - val_loss: 0.4072 - val_acc: 0.3260
Epoch 7
Train on 2804 samples, validate on 500 samples
Epoch 1/1
2804/2804 [==============================] - 0s 51us/step - loss: 0.0092 - acc: 0.3327 - val_loss: 0.4020 - val_acc: 0.3540
Epoch 8
Train on 2804 samples, validate on 500 samples
Epoch 1/1
2804/2804 [==============================] - 0s 51us/step - loss: 0.0085 - acc: 0.3745 - val_loss: 0.4071 - val_acc: 0.3700
Epoch 9
Train on 2804 samples, validate on 500 samples
Epoch 1/1
2804/2804 [==============================] - 0s 51us/step - loss: 0.0080 - acc: 0.3976 - val_loss: 0.4046 - val_acc: 0.3760
Epoch 10
Train on 2804 samples, validate on 500 samples
Epoch 1/1
2804/2804 [==============================] - 0s 51us/step - loss: 0.0078 - acc: 0.4009 - val_loss: 0.3990 - val_acc: 0.3980
Epoch 11
Train on 2804 samples, validate on 500 samples
Epoch 1/1
2804/2804 [==============================] - 0s 51us/step - loss: 0.0074 - acc: 0.4223 - val_loss: 0.3831 - val_acc: 0.4380
Epoch 12
Train on 2804 samples, validate on 500 samples
Epoch 1/1
2804/2804 [==============================] - 0s 51us/step - loss: 0.0073 - acc: 0.4276 - val_loss: 0.3928 - val_acc: 0.4160
Epoch 13
Train on 2804 samples, validate on 500 samples
Epoch 1/1
2804/2804 [==============================] - 0s 52us/step - loss: 0.0073 - acc: 0.4408 - val_loss: 0.3976 - val_acc: 0.4260
Epoch 14
Train on 2804 samples, validate on 500 samples
Epoch 1/1
2804/2804 [==============================] - 0s 51us/step - loss: 0.0072 - acc: 0.4383 - val_loss: 0.3914 - val_acc: 0.4300
Epoch 15
Train on 2804 samples, validate on 500 samples
Epoch 1/1
2804/2804 [==============================] - 0s 51us/step - loss: 0.0071 - acc: 0.4540 - val_loss: 0.3884 - val_acc: 0.4260
Epoch 16
Train on 2804 samples, validate on 500 samples
Epoch 1/1
2804/2804 [==============================] - 0s 51us/step - loss: 0.0071 - acc: 0.4497 - val_loss: 0.3888 - val_acc: 0.4420
Epoch 17
Train on 2804 samples, validate on 500 samples
Epoch 1/1
2804/2804 [==============================] - 0s 51us/step - loss: 0.0073 - acc: 0.4379 - val_loss: 0.3900 - val_acc: 0.4320
Epoch 18
Train on 2804 samples, validate on 500 samples
Epoch 1/1
2804/2804 [==============================] - 0s 51us/step - loss: 0.0071 - acc: 0.4472 - val_loss: 0.3804 - val_acc: 0.4500
Epoch 19
Train on 2804 samples, validate on 500 samples
Epoch 1/1
2804/2804 [==============================] - 0s 51us/step - loss: 0.0072 - acc: 0.4522 - val_loss: 0.3961 - val_acc: 0.4200
Epoch 20
Train on 2804 samples, validate on 500 samples
Epoch 1/1
2804/2804 [==============================] - 0s 51us/step - loss: 0.0070 - acc: 0.4433 - val_loss: 0.3821 - val_acc: 0.4520
Epoch 21
Train on 2804 samples, validate on 500 samples
Epoch 1/1
2804/2804 [==============================] - 0s 51us/step - loss: 0.0070 - acc: 0.4579 - val_loss: 0.4071 - val_acc: 0.4140
Epoch 22
Train on 2804 samples, validate on 500 samples
Epoch 1/1
2804/2804 [==============================] - 0s 51us/step - loss: 0.0073 - acc: 0.4294 - val_loss: 0.3962 - val_acc: 0.4320
Epoch 23
Train on 2804 samples, validate on 500 samples
Epoch 1/1
2804/2804 [==============================] - 0s 51us/step - loss: 0.0069 - acc: 0.4522 - val_loss: 0.3877 - val_acc: 0.4400
Epoch 24
Train on 2804 samples, validate on 500 samples
Epoch 1/1
2804/2804 [==============================] - 0s 51us/step - loss: 0.0068 - acc: 0.4647 - val_loss: 0.3814 - val_acc: 0.4440
Epoch 25
Train on 2804 samples, validate on 500 samples
Epoch 1/1
2804/2804 [==============================] - 0s 51us/step - loss: 0.0068 - acc: 0.4697 - val_loss: 0.3843 - val_acc: 0.4600
Epoch 26
Train on 2804 samples, validate on 500 samples
Epoch 1/1
2804/2804 [==============================] - 0s 51us/step - loss: 0.0068 - acc: 0.4675 - val_loss: 0.3766 - val_acc: 0.4600
Epoch 27
Train on 2804 samples, validate on 500 samples
Epoch 1/1
2804/2804 [==============================] - 0s 51us/step - loss: 0.0067 - acc: 0.4857 - val_loss: 0.3667 - val_acc: 0.4740
Epoch 28
Train on 2804 samples, validate on 500 samples
Epoch 1/1
2804/2804 [==============================] - 0s 51us/step - loss: 0.0072 - acc: 0.4533 - val_loss: 0.3850 - val_acc: 0.4420
Epoch 29
Train on 2804 samples, validate on 500 samples
Epoch 1/1
2804/2804 [==============================] - 0s 51us/step - loss: 0.0067 - acc: 0.4893 - val_loss: 0.3589 - val_acc: 0.4820
Epoch 30
Train on 2804 samples, validate on 500 samples
Epoch 1/1
2804/2804 [==============================] - 0s 51us/step - loss: 0.0068 - acc: 0.4661 - val_loss: 0.3746 - val_acc: 0.4600
Epoch 31
Train on 2804 samples, validate on 500 samples
Epoch 1/1
2804/2804 [==============================] - 0s 51us/step - loss: 0.0068 - acc: 0.5029 - val_loss: 0.3955 - val_acc: 0.4200
Epoch 32
Train on 2804 samples, validate on 500 samples
Epoch 1/1
2804/2804 [==============================] - 0s 51us/step - loss: 0.0066 - acc: 0.4797 - val_loss: 0.3467 - val_acc: 0.4860
Epoch 33
Train on 2804 samples, validate on 500 samples
Epoch 1/1
2804/2804 [==============================] - 0s 51us/step - loss: 0.0069 - acc: 0.4807 - val_loss: 0.4115 - val_acc: 0.4040
Epoch 34
Train on 2804 samples, validate on 500 samples
Epoch 1/1
2804/2804 [==============================] - 0s 51us/step - loss: 0.0066 - acc: 0.4882 - val_loss: 0.3555 - val_acc: 0.4800
Epoch 35
Train on 2804 samples, validate on 500 samples
Epoch 1/1
2804/2804 [==============================] - 0s 51us/step - loss: 0.0069 - acc: 0.4907 - val_loss: 0.3834 - val_acc: 0.4420
Epoch 36
Train on 2804 samples, validate on 500 samples
Epoch 1/1
2804/2804 [==============================] - 0s 51us/step - loss: 0.0070 - acc: 0.4661 - val_loss: 0.3884 - val_acc: 0.4500
Epoch 37
Train on 2804 samples, validate on 500 samples
Epoch 1/1
2804/2804 [==============================] - 0s 51us/step - loss: 0.0067 - acc: 0.4818 - val_loss: 0.3726 - val_acc: 0.4440
Epoch 38
Train on 2804 samples, validate on 500 samples
Epoch 1/1
2804/2804 [==============================] - 0s 51us/step - loss: 0.0067 - acc: 0.4864 - val_loss: 0.3894 - val_acc: 0.4420
Epoch 39
Train on 2804 samples, validate on 500 samples
Epoch 1/1
2804/2804 [==============================] - 0s 51us/step - loss: 0.0066 - acc: 0.4779 - val_loss: 0.3376 - val_acc: 0.5020
Epoch 40
Train on 2804 samples, validate on 500 samples
Epoch 1/1
2804/2804 [==============================] - 0s 51us/step - loss: 0.0067 - acc: 0.5068 - val_loss: 0.3876 - val_acc: 0.4380
Epoch 41
Train on 2804 samples, validate on 500 samples
Epoch 1/1
2804/2804 [==============================] - 0s 51us/step - loss: 0.0068 - acc: 0.4704 - val_loss: 0.3474 - val_acc: 0.5000
Epoch 42
Train on 2804 samples, validate on 500 samples
Epoch 1/1
2804/2804 [==============================] - 0s 51us/step - loss: 0.0069 - acc: 0.4782 - val_loss: 0.3850 - val_acc: 0.4600
Epoch 43
Train on 2804 samples, validate on 500 samples
Epoch 1/1
2804/2804 [==============================] - 0s 51us/step - loss: 0.0068 - acc: 0.4775 - val_loss: 0.3857 - val_acc: 0.4320
Epoch 44
Train on 2804 samples, validate on 500 samples
Epoch 1/1
2804/2804 [==============================] - 0s 51us/step - loss: 0.0066 - acc: 0.4797 - val_loss: 0.3575 - val_acc: 0.4760
Epoch 45
Train on 2804 samples, validate on 500 samples
Epoch 1/1
2804/2804 [==============================] - 0s 51us/step - loss: 0.0065 - acc: 0.5064 - val_loss: 0.3693 - val_acc: 0.4640
Epoch 46
Train on 2804 samples, validate on 500 samples
Epoch 1/1
2804/2804 [==============================] - 0s 51us/step - loss: 0.0065 - acc: 0.4996 - val_loss: 0.3550 - val_acc: 0.4780
Epoch 47
Train on 2804 samples, validate on 500 samples
Epoch 1/1
2804/2804 [==============================] - 0s 51us/step - loss: 0.0069 - acc: 0.4779 - val_loss: 0.3732 - val_acc: 0.4400
Epoch 48
Train on 2804 samples, validate on 500 samples
Epoch 1/1
2804/2804 [==============================] - 0s 51us/step - loss: 0.0067 - acc: 0.5004 - val_loss: 0.3744 - val_acc: 0.4620
Epoch 49
Train on 2804 samples, validate on 500 samples
Epoch 1/1
2804/2804 [==============================] - 0s 51us/step - loss: 0.0064 - acc: 0.5107 - val_loss: 0.3379 - val_acc: 0.5100
Epoch 50
Train on 2804 samples, validate on 500 samples
Epoch 1/1
2804/2804 [==============================] - 0s 51us/step - loss: 0.0064 - acc: 0.5321 - val_loss: 0.3888 - val_acc: 0.4280
Epoch 51
Train on 2804 samples, validate on 500 samples
Epoch 1/1
2804/2804 [==============================] - 0s 51us/step - loss: 0.0064 - acc: 0.5157 - val_loss: 0.3392 - val_acc: 0.4960
Epoch 52
Train on 2804 samples, validate on 500 samples
Epoch 1/1
2804/2804 [==============================] - 0s 51us/step - loss: 0.0067 - acc: 0.5221 - val_loss: 0.3938 - val_acc: 0.4500
Epoch 53
Train on 2804 samples, validate on 500 samples
Epoch 1/1
2804/2804 [==============================] - 0s 51us/step - loss: 0.0066 - acc: 0.4875 - val_loss: 0.3603 - val_acc: 0.4680
Epoch 54
Train on 2804 samples, validate on 500 samples
Epoch 1/1
2804/2804 [==============================] - 0s 51us/step - loss: 0.0066 - acc: 0.5182 - val_loss: 0.3713 - val_acc: 0.4780
Epoch 55
Train on 2804 samples, validate on 500 samples
Epoch 1/1
2804/2804 [==============================] - 0s 51us/step - loss: 0.0064 - acc: 0.5100 - val_loss: 0.3371 - val_acc: 0.5200
Epoch 56
Train on 2804 samples, validate on 500 samples
Epoch 1/1
2804/2804 [==============================] - 0s 51us/step - loss: 0.0067 - acc: 0.5150 - val_loss: 0.3664 - val_acc: 0.4780
Epoch 57
Train on 2804 samples, validate on 500 samples
Epoch 1/1
2804/2804 [==============================] - 0s 51us/step - loss: 0.0065 - acc: 0.5061 - val_loss: 0.3579 - val_acc: 0.4920
Epoch 58
Train on 2804 samples, validate on 500 samples
Epoch 1/1
2804/2804 [==============================] - 0s 51us/step - loss: 0.0062 - acc: 0.5296 - val_loss: 0.3454 - val_acc: 0.5060
Epoch 59
Train on 2804 samples, validate on 500 samples
Epoch 1/1
2804/2804 [==============================] - 0s 51us/step - loss: 0.0064 - acc: 0.5292 - val_loss: 0.3899 - val_acc: 0.4540
Epoch 60
Train on 2804 samples, validate on 500 samples
Epoch 1/1
2804/2804 [==============================] - 0s 51us/step - loss: 0.0066 - acc: 0.5039 - val_loss: 0.3824 - val_acc: 0.4460
Epoch 61
Train on 2804 samples, validate on 500 samples
Epoch 1/1
2804/2804 [==============================] - 0s 51us/step - loss: 0.0064 - acc: 0.5018 - val_loss: 0.3384 - val_acc: 0.5060
Epoch 62
Train on 2804 samples, validate on 500 samples
Epoch 1/1
2804/2804 [==============================] - 0s 52us/step - loss: 0.0065 - acc: 0.5228 - val_loss: 0.3901 - val_acc: 0.4400
Epoch 63
Train on 2804 samples, validate on 500 samples
Epoch 1/1
2804/2804 [==============================] - 0s 51us/step - loss: 0.0066 - acc: 0.4882 - val_loss: 0.3531 - val_acc: 0.4800
Epoch 64
Train on 2804 samples, validate on 500 samples
Epoch 1/1
2804/2804 [==============================] - 0s 51us/step - loss: 0.0067 - acc: 0.4979 - val_loss: 0.3917 - val_acc: 0.4440
Epoch 65
Train on 2804 samples, validate on 500 samples
Epoch 1/1
2804/2804 [==============================] - 0s 51us/step - loss: 0.0063 - acc: 0.5157 - val_loss: 0.3405 - val_acc: 0.5040
Epoch 66
Train on 2804 samples, validate on 500 samples
Epoch 1/1
2804/2804 [==============================] - 0s 51us/step - loss: 0.0065 - acc: 0.5275 - val_loss: 0.3716 - val_acc: 0.4760
Epoch 67
Train on 2804 samples, validate on 500 samples
Epoch 1/1
2804/2804 [==============================] - 0s 51us/step - loss: 0.0064 - acc: 0.5093 - val_loss: 0.3537 - val_acc: 0.4820
Epoch 68
Train on 2804 samples, validate on 500 samples
Epoch 1/1
2804/2804 [==============================] - 0s 52us/step - loss: 0.0064 - acc: 0.5300 - val_loss: 0.3716 - val_acc: 0.4820
Epoch 69
Train on 2804 samples, validate on 500 samples
Epoch 1/1
2804/2804 [==============================] - 0s 51us/step - loss: 0.0064 - acc: 0.5257 - val_loss: 0.3894 - val_acc: 0.4540
Epoch 70
Train on 2804 samples, validate on 500 samples
Epoch 1/1
2804/2804 [==============================] - 0s 51us/step - loss: 0.0065 - acc: 0.5032 - val_loss: 0.3780 - val_acc: 0.4500
Epoch 71
Train on 2804 samples, validate on 500 samples
Epoch 1/1
2804/2804 [==============================] - 0s 51us/step - loss: 0.0063 - acc: 0.5196 - val_loss: 0.3530 - val_acc: 0.4860
Epoch 72
Train on 2804 samples, validate on 500 samples
Epoch 1/1
2804/2804 [==============================] - 0s 51us/step - loss: 0.0063 - acc: 0.5267 - val_loss: 0.3525 - val_acc: 0.5000
Epoch 73
Train on 2804 samples, validate on 500 samples
Epoch 1/1
2804/2804 [==============================] - 0s 51us/step - loss: 0.0064 - acc: 0.5350 - val_loss: 0.3749 - val_acc: 0.4520
Epoch 74
Train on 2804 samples, validate on 500 samples
Epoch 1/1
2804/2804 [==============================] - 0s 51us/step - loss: 0.0063 - acc: 0.5071 - val_loss: 0.3382 - val_acc: 0.5000
Epoch 75
Train on 2804 samples, validate on 500 samples
Epoch 1/1
2804/2804 [==============================] - 0s 51us/step - loss: 0.0062 - acc: 0.5417 - val_loss: 0.3409 - val_acc: 0.5040
Epoch 76
Train on 2804 samples, validate on 500 samples
Epoch 1/1
2804/2804 [==============================] - 0s 51us/step - loss: 0.0065 - acc: 0.5346 - val_loss: 0.3961 - val_acc: 0.4260
Epoch 77
Train on 2804 samples, validate on 500 samples
Epoch 1/1
2804/2804 [==============================] - 0s 51us/step - loss: 0.0062 - acc: 0.5178 - val_loss: 0.3323 - val_acc: 0.5260
Epoch 78
Train on 2804 samples, validate on 500 samples
Epoch 1/1
2804/2804 [==============================] - 0s 51us/step - loss: 0.0064 - acc: 0.5314 - val_loss: 0.3605 - val_acc: 0.4860
Epoch 79
Train on 2804 samples, validate on 500 samples
Epoch 1/1
2804/2804 [==============================] - 0s 51us/step - loss: 0.0066 - acc: 0.5096 - val_loss: 0.3713 - val_acc: 0.4880
Epoch 80
Train on 2804 samples, validate on 500 samples
Epoch 1/1
2804/2804 [==============================] - 0s 51us/step - loss: 0.0061 - acc: 0.5396 - val_loss: 0.3559 - val_acc: 0.5000
Epoch 81
Train on 2804 samples, validate on 500 samples
Epoch 1/1
2804/2804 [==============================] - 0s 51us/step - loss: 0.0062 - acc: 0.5278 - val_loss: 0.3350 - val_acc: 0.5240
Epoch 82
Train on 2804 samples, validate on 500 samples
Epoch 1/1
2804/2804 [==============================] - 0s 51us/step - loss: 0.0064 - acc: 0.5407 - val_loss: 0.3685 - val_acc: 0.4860
Epoch 83
Train on 2804 samples, validate on 500 samples
Epoch 1/1
2804/2804 [==============================] - 0s 51us/step - loss: 0.0062 - acc: 0.5325 - val_loss: 0.3441 - val_acc: 0.5020
Epoch 84
Train on 2804 samples, validate on 500 samples
Epoch 1/1
2804/2804 [==============================] - 0s 51us/step - loss: 0.0064 - acc: 0.5357 - val_loss: 0.3517 - val_acc: 0.5020
Epoch 85
Train on 2804 samples, validate on 500 samples
Epoch 1/1
2804/2804 [==============================] - 0s 51us/step - loss: 0.0064 - acc: 0.5096 - val_loss: 0.3340 - val_acc: 0.5280
Epoch 86
Train on 2804 samples, validate on 500 samples
Epoch 1/1
2804/2804 [==============================] - 0s 51us/step - loss: 0.0062 - acc: 0.5335 - val_loss: 0.3420 - val_acc: 0.5100
Epoch 87
Train on 2804 samples, validate on 500 samples
Epoch 1/1
2804/2804 [==============================] - 0s 51us/step - loss: 0.0063 - acc: 0.5264 - val_loss: 0.3391 - val_acc: 0.5080
Epoch 88
Train on 2804 samples, validate on 500 samples
Epoch 1/1
2804/2804 [==============================] - 0s 51us/step - loss: 0.0065 - acc: 0.5207 - val_loss: 0.3654 - val_acc: 0.4760
Epoch 89
Train on 2804 samples, validate on 500 samples
Epoch 1/1
2804/2804 [==============================] - 0s 51us/step - loss: 0.0064 - acc: 0.5118 - val_loss: 0.3271 - val_acc: 0.5240
Epoch 90
Train on 2804 samples, validate on 500 samples
Epoch 1/1
2804/2804 [==============================] - 0s 51us/step - loss: 0.0064 - acc: 0.5200 - val_loss: 0.3525 - val_acc: 0.4900
Epoch 91
Train on 2804 samples, validate on 500 samples
Epoch 1/1
2804/2804 [==============================] - 0s 51us/step - loss: 0.0062 - acc: 0.5296 - val_loss: 0.3572 - val_acc: 0.4900
Epoch 92
Train on 2804 samples, validate on 500 samples
Epoch 1/1
2804/2804 [==============================] - 0s 51us/step - loss: 0.0064 - acc: 0.5307 - val_loss: 0.3652 - val_acc: 0.4700
Epoch 93
Train on 2804 samples, validate on 500 samples
Epoch 1/1
2804/2804 [==============================] - 0s 51us/step - loss: 0.0063 - acc: 0.5325 - val_loss: 0.3607 - val_acc: 0.5020
Epoch 94
Train on 2804 samples, validate on 500 samples
Epoch 1/1
2804/2804 [==============================] - 0s 51us/step - loss: 0.0061 - acc: 0.5428 - val_loss: 0.3336 - val_acc: 0.5160
Epoch 95
Train on 2804 samples, validate on 500 samples
Epoch 1/1
2804/2804 [==============================] - 0s 51us/step - loss: 0.0063 - acc: 0.5300 - val_loss: 0.3524 - val_acc: 0.5060
Epoch 96
Train on 2804 samples, validate on 500 samples
Epoch 1/1
2804/2804 [==============================] - 0s 51us/step - loss: 0.0064 - acc: 0.5228 - val_loss: 0.3673 - val_acc: 0.4880
Epoch 97
Train on 2804 samples, validate on 500 samples
Epoch 1/1
2804/2804 [==============================] - 0s 52us/step - loss: 0.0059 - acc: 0.5446 - val_loss: 0.3276 - val_acc: 0.5360
Epoch 98
Train on 2804 samples, validate on 500 samples
Epoch 1/1
2804/2804 [==============================] - 0s 51us/step - loss: 0.0060 - acc: 0.5596 - val_loss: 0.3369 - val_acc: 0.5020
Epoch 99
Train on 2804 samples, validate on 500 samples
Epoch 1/1
2804/2804 [==============================] - 0s 51us/step - loss: 0.0060 - acc: 0.5535 - val_loss: 0.3414 - val_acc: 0.5120
_________________________________________________________________
Layer (type)                 Output Shape              Param #   
=================================================================
batch_normalization_3 (Batch (None, 255)               1020      
_________________________________________________________________
dense_5 (Dense)              (None, 24)                6144      
_________________________________________________________________
dropout_3 (Dropout)          (None, 24)                0         
_________________________________________________________________
dense_6 (Dense)              (None, 1)                 25        
=================================================================
Total params: 7,189
Trainable params: 6,679
Non-trainable params: 510
_________________________________________________________________
None
Epoch 0
Train on 2804 samples, validate on 500 samples
Epoch 1/1
2804/2804 [==============================] - 0s 134us/step - loss: 0.0597 - acc: 0.4326 - val_loss: 0.4558 - val_acc: 0.3040
Epoch 1
Train on 2804 samples, validate on 500 samples
Epoch 1/1
2804/2804 [==============================] - 0s 52us/step - loss: 0.0382 - acc: 0.2593 - val_loss: 0.4961 - val_acc: 0.2520
Epoch 2
Train on 2804 samples, validate on 500 samples
Epoch 1/1
2804/2804 [==============================] - 0s 52us/step - loss: 0.0289 - acc: 0.2386 - val_loss: 0.4703 - val_acc: 0.2680
Epoch 3
Train on 2804 samples, validate on 500 samples
Epoch 1/1
2804/2804 [==============================] - 0s 52us/step - loss: 0.0225 - acc: 0.2568 - val_loss: 0.4466 - val_acc: 0.2880
Epoch 4
Train on 2804 samples, validate on 500 samples
Epoch 1/1
2804/2804 [==============================] - 0s 52us/step - loss: 0.0177 - acc: 0.2743 - val_loss: 0.4207 - val_acc: 0.3040
Epoch 5
Train on 2804 samples, validate on 500 samples
Epoch 1/1
2804/2804 [==============================] - 0s 52us/step - loss: 0.0144 - acc: 0.3056 - val_loss: 0.4068 - val_acc: 0.3260
Epoch 6
Train on 2804 samples, validate on 500 samples
Epoch 1/1
2804/2804 [==============================] - 0s 52us/step - loss: 0.0124 - acc: 0.3156 - val_loss: 0.3958 - val_acc: 0.3520
Epoch 7
Train on 2804 samples, validate on 500 samples
Epoch 1/1
2804/2804 [==============================] - 0s 52us/step - loss: 0.0106 - acc: 0.3527 - val_loss: 0.3863 - val_acc: 0.3800
Epoch 8
Train on 2804 samples, validate on 500 samples
Epoch 1/1
2804/2804 [==============================] - 0s 52us/step - loss: 0.0095 - acc: 0.3791 - val_loss: 0.3878 - val_acc: 0.3900
Epoch 9
Train on 2804 samples, validate on 500 samples
Epoch 1/1
2804/2804 [==============================] - 0s 52us/step - loss: 0.0088 - acc: 0.4037 - val_loss: 0.3914 - val_acc: 0.4000
Epoch 10
Train on 2804 samples, validate on 500 samples
Epoch 1/1
2804/2804 [==============================] - 0s 52us/step - loss: 0.0082 - acc: 0.4144 - val_loss: 0.3828 - val_acc: 0.4160
Epoch 11
Train on 2804 samples, validate on 500 samples
Epoch 1/1
2804/2804 [==============================] - 0s 52us/step - loss: 0.0079 - acc: 0.4330 - val_loss: 0.3830 - val_acc: 0.4240
Epoch 12
Train on 2804 samples, validate on 500 samples
Epoch 1/1
2804/2804 [==============================] - 0s 52us/step - loss: 0.0077 - acc: 0.4376 - val_loss: 0.3906 - val_acc: 0.4120
Epoch 13
Train on 2804 samples, validate on 500 samples
Epoch 1/1
2804/2804 [==============================] - 0s 52us/step - loss: 0.0075 - acc: 0.4476 - val_loss: 0.3892 - val_acc: 0.4220
Epoch 14
Train on 2804 samples, validate on 500 samples
Epoch 1/1
2804/2804 [==============================] - 0s 52us/step - loss: 0.0072 - acc: 0.4601 - val_loss: 0.3676 - val_acc: 0.4540
Epoch 15
Train on 2804 samples, validate on 500 samples
Epoch 1/1
2804/2804 [==============================] - 0s 52us/step - loss: 0.0073 - acc: 0.4572 - val_loss: 0.3774 - val_acc: 0.4400
Epoch 16
Train on 2804 samples, validate on 500 samples
Epoch 1/1
2804/2804 [==============================] - 0s 52us/step - loss: 0.0072 - acc: 0.4640 - val_loss: 0.3749 - val_acc: 0.4360
Epoch 17
Train on 2804 samples, validate on 500 samples
Epoch 1/1
2804/2804 [==============================] - 0s 52us/step - loss: 0.0070 - acc: 0.4811 - val_loss: 0.3737 - val_acc: 0.4680
Epoch 18
Train on 2804 samples, validate on 500 samples
Epoch 1/1
2804/2804 [==============================] - 0s 52us/step - loss: 0.0074 - acc: 0.4515 - val_loss: 0.3896 - val_acc: 0.4460
Epoch 19
Train on 2804 samples, validate on 500 samples
Epoch 1/1
2804/2804 [==============================] - 0s 51us/step - loss: 0.0072 - acc: 0.4365 - val_loss: 0.3888 - val_acc: 0.4280
Epoch 20
Train on 2804 samples, validate on 500 samples
Epoch 1/1
2804/2804 [==============================] - 0s 52us/step - loss: 0.0070 - acc: 0.4740 - val_loss: 0.3713 - val_acc: 0.4600
Epoch 21
Train on 2804 samples, validate on 500 samples
Epoch 1/1
2804/2804 [==============================] - 0s 51us/step - loss: 0.0071 - acc: 0.4579 - val_loss: 0.3916 - val_acc: 0.4300
Epoch 22
Train on 2804 samples, validate on 500 samples
Epoch 1/1
2804/2804 [==============================] - 0s 52us/step - loss: 0.0070 - acc: 0.4472 - val_loss: 0.3861 - val_acc: 0.4240
Epoch 23
Train on 2804 samples, validate on 500 samples
Epoch 1/1
2804/2804 [==============================] - 0s 52us/step - loss: 0.0070 - acc: 0.4661 - val_loss: 0.3815 - val_acc: 0.4340
Epoch 24
Train on 2804 samples, validate on 500 samples
Epoch 1/1
2804/2804 [==============================] - 0s 51us/step - loss: 0.0068 - acc: 0.4811 - val_loss: 0.3589 - val_acc: 0.4760
Epoch 25
Train on 2804 samples, validate on 500 samples
Epoch 1/1
2804/2804 [==============================] - 0s 52us/step - loss: 0.0071 - acc: 0.4697 - val_loss: 0.3826 - val_acc: 0.4340
Epoch 26
Train on 2804 samples, validate on 500 samples
Epoch 1/1
2804/2804 [==============================] - 0s 52us/step - loss: 0.0069 - acc: 0.4754 - val_loss: 0.3858 - val_acc: 0.4300
Epoch 27
Train on 2804 samples, validate on 500 samples
Epoch 1/1
2804/2804 [==============================] - 0s 52us/step - loss: 0.0070 - acc: 0.4729 - val_loss: 0.3831 - val_acc: 0.4400
Epoch 28
Train on 2804 samples, validate on 500 samples
Epoch 1/1
2804/2804 [==============================] - 0s 52us/step - loss: 0.0070 - acc: 0.4686 - val_loss: 0.3803 - val_acc: 0.4360
Epoch 29
Train on 2804 samples, validate on 500 samples
Epoch 1/1
2804/2804 [==============================] - 0s 52us/step - loss: 0.0070 - acc: 0.4558 - val_loss: 0.3637 - val_acc: 0.4640
Epoch 30
Train on 2804 samples, validate on 500 samples
Epoch 1/1
2804/2804 [==============================] - 0s 52us/step - loss: 0.0069 - acc: 0.4733 - val_loss: 0.3850 - val_acc: 0.4380
Epoch 31
Train on 2804 samples, validate on 500 samples
Epoch 1/1
2804/2804 [==============================] - 0s 52us/step - loss: 0.0067 - acc: 0.4932 - val_loss: 0.3699 - val_acc: 0.4720
Epoch 32
Train on 2804 samples, validate on 500 samples
Epoch 1/1
2804/2804 [==============================] - 0s 51us/step - loss: 0.0070 - acc: 0.4668 - val_loss: 0.3875 - val_acc: 0.4440
Epoch 33
Train on 2804 samples, validate on 500 samples
Epoch 1/1
2804/2804 [==============================] - 0s 52us/step - loss: 0.0069 - acc: 0.4850 - val_loss: 0.4206 - val_acc: 0.4080
Epoch 34
Train on 2804 samples, validate on 500 samples
Epoch 1/1
2804/2804 [==============================] - 0s 52us/step - loss: 0.0068 - acc: 0.4547 - val_loss: 0.3722 - val_acc: 0.4500
Epoch 35
Train on 2804 samples, validate on 500 samples
Epoch 1/1
2804/2804 [==============================] - 0s 52us/step - loss: 0.0067 - acc: 0.4897 - val_loss: 0.3809 - val_acc: 0.4580
Epoch 36
Train on 2804 samples, validate on 500 samples
Epoch 1/1
2804/2804 [==============================] - 0s 52us/step - loss: 0.0068 - acc: 0.4761 - val_loss: 0.3640 - val_acc: 0.4740
Epoch 37
Train on 2804 samples, validate on 500 samples
Epoch 1/1
2804/2804 [==============================] - 0s 52us/step - loss: 0.0069 - acc: 0.4840 - val_loss: 0.3863 - val_acc: 0.4340
Epoch 38
Train on 2804 samples, validate on 500 samples
Epoch 1/1
2804/2804 [==============================] - 0s 52us/step - loss: 0.0067 - acc: 0.4864 - val_loss: 0.3726 - val_acc: 0.4700
Epoch 39
Train on 2804 samples, validate on 500 samples
Epoch 1/1
2804/2804 [==============================] - 0s 52us/step - loss: 0.0066 - acc: 0.5118 - val_loss: 0.3686 - val_acc: 0.4600
Epoch 40
Train on 2804 samples, validate on 500 samples
Epoch 1/1
2804/2804 [==============================] - 0s 52us/step - loss: 0.0070 - acc: 0.4526 - val_loss: 0.3694 - val_acc: 0.4560
Epoch 41
Train on 2804 samples, validate on 500 samples
Epoch 1/1
2804/2804 [==============================] - 0s 52us/step - loss: 0.0066 - acc: 0.4971 - val_loss: 0.3507 - val_acc: 0.4800
Epoch 42
Train on 2804 samples, validate on 500 samples
Epoch 1/1
2804/2804 [==============================] - 0s 52us/step - loss: 0.0068 - acc: 0.4857 - val_loss: 0.3740 - val_acc: 0.4600
Epoch 43
Train on 2804 samples, validate on 500 samples
Epoch 1/1
2804/2804 [==============================] - 0s 52us/step - loss: 0.0067 - acc: 0.4936 - val_loss: 0.3785 - val_acc: 0.4460
Epoch 44
Train on 2804 samples, validate on 500 samples
Epoch 1/1
2804/2804 [==============================] - 0s 52us/step - loss: 0.0067 - acc: 0.4868 - val_loss: 0.3619 - val_acc: 0.4880
Epoch 45
Train on 2804 samples, validate on 500 samples
Epoch 1/1
2804/2804 [==============================] - 0s 52us/step - loss: 0.0066 - acc: 0.5007 - val_loss: 0.3676 - val_acc: 0.4740
Epoch 46
Train on 2804 samples, validate on 500 samples
Epoch 1/1
2804/2804 [==============================] - 0s 51us/step - loss: 0.0069 - acc: 0.4797 - val_loss: 0.4112 - val_acc: 0.4220
Epoch 47
Train on 2804 samples, validate on 500 samples
Epoch 1/1
2804/2804 [==============================] - 0s 52us/step - loss: 0.0068 - acc: 0.4761 - val_loss: 0.3769 - val_acc: 0.4520
Epoch 48
Train on 2804 samples, validate on 500 samples
Epoch 1/1
2804/2804 [==============================] - 0s 52us/step - loss: 0.0067 - acc: 0.4922 - val_loss: 0.3866 - val_acc: 0.4500
Epoch 49
Train on 2804 samples, validate on 500 samples
Epoch 1/1
2804/2804 [==============================] - 0s 52us/step - loss: 0.0067 - acc: 0.4782 - val_loss: 0.3551 - val_acc: 0.4820
Epoch 50
Train on 2804 samples, validate on 500 samples
Epoch 1/1
2804/2804 [==============================] - 0s 52us/step - loss: 0.0068 - acc: 0.4861 - val_loss: 0.3771 - val_acc: 0.4540
Epoch 51
Train on 2804 samples, validate on 500 samples
Epoch 1/1
2804/2804 [==============================] - 0s 52us/step - loss: 0.0065 - acc: 0.4900 - val_loss: 0.3427 - val_acc: 0.5040
Epoch 52
Train on 2804 samples, validate on 500 samples
Epoch 1/1
2804/2804 [==============================] - 0s 52us/step - loss: 0.0067 - acc: 0.4986 - val_loss: 0.3769 - val_acc: 0.4400
Epoch 53
Train on 2804 samples, validate on 500 samples
Epoch 1/1
2804/2804 [==============================] - 0s 52us/step - loss: 0.0065 - acc: 0.5128 - val_loss: 0.3590 - val_acc: 0.4620
Epoch 54
Train on 2804 samples, validate on 500 samples
Epoch 1/1
2804/2804 [==============================] - 0s 52us/step - loss: 0.0065 - acc: 0.5178 - val_loss: 0.3500 - val_acc: 0.4820
Epoch 55
Train on 2804 samples, validate on 500 samples
Epoch 1/1
2804/2804 [==============================] - 0s 52us/step - loss: 0.0066 - acc: 0.5128 - val_loss: 0.3651 - val_acc: 0.4640
Epoch 56
Train on 2804 samples, validate on 500 samples
Epoch 1/1
2804/2804 [==============================] - 0s 52us/step - loss: 0.0065 - acc: 0.5193 - val_loss: 0.3710 - val_acc: 0.4760
Epoch 57
Train on 2804 samples, validate on 500 samples
Epoch 1/1
2804/2804 [==============================] - 0s 51us/step - loss: 0.0066 - acc: 0.5057 - val_loss: 0.3963 - val_acc: 0.4340
Epoch 58
Train on 2804 samples, validate on 500 samples
Epoch 1/1
2804/2804 [==============================] - 0s 52us/step - loss: 0.0065 - acc: 0.4929 - val_loss: 0.3572 - val_acc: 0.4760
Epoch 59
Train on 2804 samples, validate on 500 samples
Epoch 1/1
2804/2804 [==============================] - 0s 52us/step - loss: 0.0067 - acc: 0.4954 - val_loss: 0.4034 - val_acc: 0.4160
Epoch 60
Train on 2804 samples, validate on 500 samples
Epoch 1/1
2804/2804 [==============================] - 0s 52us/step - loss: 0.0065 - acc: 0.5057 - val_loss: 0.3693 - val_acc: 0.4680
Epoch 61
Train on 2804 samples, validate on 500 samples
Epoch 1/1
2804/2804 [==============================] - 0s 52us/step - loss: 0.0067 - acc: 0.4929 - val_loss: 0.3705 - val_acc: 0.4700
Epoch 62
Train on 2804 samples, validate on 500 samples
Epoch 1/1
2804/2804 [==============================] - 0s 52us/step - loss: 0.0064 - acc: 0.5061 - val_loss: 0.3602 - val_acc: 0.4600
Epoch 63
Train on 2804 samples, validate on 500 samples
Epoch 1/1
2804/2804 [==============================] - 0s 52us/step - loss: 0.0065 - acc: 0.5118 - val_loss: 0.3705 - val_acc: 0.4680
Epoch 64
Train on 2804 samples, validate on 500 samples
Epoch 1/1
2804/2804 [==============================] - 0s 52us/step - loss: 0.0066 - acc: 0.5207 - val_loss: 0.3553 - val_acc: 0.4980
Epoch 65
Train on 2804 samples, validate on 500 samples
Epoch 1/1
2804/2804 [==============================] - 0s 52us/step - loss: 0.0065 - acc: 0.5139 - val_loss: 0.3726 - val_acc: 0.4500
Epoch 66
Train on 2804 samples, validate on 500 samples
Epoch 1/1
2804/2804 [==============================] - 0s 52us/step - loss: 0.0063 - acc: 0.5271 - val_loss: 0.3547 - val_acc: 0.4860
Epoch 67
Train on 2804 samples, validate on 500 samples
Epoch 1/1
2804/2804 [==============================] - 0s 52us/step - loss: 0.0065 - acc: 0.5182 - val_loss: 0.3867 - val_acc: 0.4500
Epoch 68
Train on 2804 samples, validate on 500 samples
Epoch 1/1
2804/2804 [==============================] - 0s 52us/step - loss: 0.0062 - acc: 0.5364 - val_loss: 0.3566 - val_acc: 0.4820
Epoch 69
Train on 2804 samples, validate on 500 samples
Epoch 1/1
2804/2804 [==============================] - 0s 52us/step - loss: 0.0065 - acc: 0.5164 - val_loss: 0.3578 - val_acc: 0.4820
Epoch 70
Train on 2804 samples, validate on 500 samples
Epoch 1/1
2804/2804 [==============================] - 0s 52us/step - loss: 0.0064 - acc: 0.5157 - val_loss: 0.3305 - val_acc: 0.5220
Epoch 71
Train on 2804 samples, validate on 500 samples
Epoch 1/1
2804/2804 [==============================] - 0s 52us/step - loss: 0.0061 - acc: 0.5403 - val_loss: 0.3263 - val_acc: 0.5240
Epoch 72
Train on 2804 samples, validate on 500 samples
Epoch 1/1
2804/2804 [==============================] - 0s 52us/step - loss: 0.0064 - acc: 0.5464 - val_loss: 0.3825 - val_acc: 0.4460
Epoch 73
Train on 2804 samples, validate on 500 samples
Epoch 1/1
2804/2804 [==============================] - 0s 52us/step - loss: 0.0065 - acc: 0.4961 - val_loss: 0.3465 - val_acc: 0.4980
Epoch 74
Train on 2804 samples, validate on 500 samples
Epoch 1/1
2804/2804 [==============================] - 0s 52us/step - loss: 0.0064 - acc: 0.5300 - val_loss: 0.3722 - val_acc: 0.4760
Epoch 75
Train on 2804 samples, validate on 500 samples
Epoch 1/1
2804/2804 [==============================] - 0s 52us/step - loss: 0.0066 - acc: 0.5053 - val_loss: 0.3727 - val_acc: 0.4680
Epoch 76
Train on 2804 samples, validate on 500 samples
Epoch 1/1
2804/2804 [==============================] - 0s 52us/step - loss: 0.0063 - acc: 0.5075 - val_loss: 0.3643 - val_acc: 0.4600
Epoch 77
Train on 2804 samples, validate on 500 samples
Epoch 1/1
2804/2804 [==============================] - 0s 52us/step - loss: 0.0062 - acc: 0.5335 - val_loss: 0.3432 - val_acc: 0.5040
Epoch 78
Train on 2804 samples, validate on 500 samples
Epoch 1/1
2804/2804 [==============================] - 0s 52us/step - loss: 0.0063 - acc: 0.5300 - val_loss: 0.3622 - val_acc: 0.4660
Epoch 79
Train on 2804 samples, validate on 500 samples
Epoch 1/1
2804/2804 [==============================] - 0s 51us/step - loss: 0.0065 - acc: 0.5086 - val_loss: 0.3852 - val_acc: 0.4420
Epoch 80
Train on 2804 samples, validate on 500 samples
Epoch 1/1
2804/2804 [==============================] - 0s 52us/step - loss: 0.0065 - acc: 0.5153 - val_loss: 0.3403 - val_acc: 0.4980
Epoch 81
Train on 2804 samples, validate on 500 samples
Epoch 1/1
2804/2804 [==============================] - 0s 52us/step - loss: 0.0063 - acc: 0.5339 - val_loss: 0.3583 - val_acc: 0.4880
Epoch 82
Train on 2804 samples, validate on 500 samples
Epoch 1/1
2804/2804 [==============================] - 0s 52us/step - loss: 0.0061 - acc: 0.5271 - val_loss: 0.3323 - val_acc: 0.5120
Epoch 83
Train on 2804 samples, validate on 500 samples
Epoch 1/1
2804/2804 [==============================] - 0s 52us/step - loss: 0.0062 - acc: 0.5428 - val_loss: 0.3525 - val_acc: 0.4880
Epoch 84
Train on 2804 samples, validate on 500 samples
Epoch 1/1
2804/2804 [==============================] - 0s 52us/step - loss: 0.0063 - acc: 0.5185 - val_loss: 0.3283 - val_acc: 0.5240
Epoch 85
Train on 2804 samples, validate on 500 samples
Epoch 1/1
2804/2804 [==============================] - 0s 52us/step - loss: 0.0064 - acc: 0.5478 - val_loss: 0.3819 - val_acc: 0.4640
Epoch 86
Train on 2804 samples, validate on 500 samples
Epoch 1/1
2804/2804 [==============================] - 0s 52us/step - loss: 0.0065 - acc: 0.4932 - val_loss: 0.3497 - val_acc: 0.4920
Epoch 87
Train on 2804 samples, validate on 500 samples
Epoch 1/1
2804/2804 [==============================] - 0s 51us/step - loss: 0.0064 - acc: 0.5346 - val_loss: 0.3714 - val_acc: 0.4820
Epoch 88
Train on 2804 samples, validate on 500 samples
Epoch 1/1
2804/2804 [==============================] - 0s 52us/step - loss: 0.0063 - acc: 0.5125 - val_loss: 0.3418 - val_acc: 0.5240
Epoch 89
Train on 2804 samples, validate on 500 samples
Epoch 1/1
2804/2804 [==============================] - 0s 52us/step - loss: 0.0064 - acc: 0.5196 - val_loss: 0.3535 - val_acc: 0.4960
Epoch 90
Train on 2804 samples, validate on 500 samples
Epoch 1/1
2804/2804 [==============================] - 0s 52us/step - loss: 0.0062 - acc: 0.5300 - val_loss: 0.3510 - val_acc: 0.4920
Epoch 91
Train on 2804 samples, validate on 500 samples
Epoch 1/1
2804/2804 [==============================] - 0s 52us/step - loss: 0.0063 - acc: 0.5285 - val_loss: 0.3533 - val_acc: 0.4900
Epoch 92
Train on 2804 samples, validate on 500 samples
Epoch 1/1
2804/2804 [==============================] - 0s 52us/step - loss: 0.0060 - acc: 0.5357 - val_loss: 0.3269 - val_acc: 0.5220
Epoch 93
Train on 2804 samples, validate on 500 samples
Epoch 1/1
2804/2804 [==============================] - 0s 52us/step - loss: 0.0061 - acc: 0.5514 - val_loss: 0.3363 - val_acc: 0.5040
Epoch 94
Train on 2804 samples, validate on 500 samples
Epoch 1/1
2804/2804 [==============================] - 0s 52us/step - loss: 0.0064 - acc: 0.5357 - val_loss: 0.3551 - val_acc: 0.4900
Epoch 95
Train on 2804 samples, validate on 500 samples
Epoch 1/1
2804/2804 [==============================] - 0s 52us/step - loss: 0.0062 - acc: 0.5300 - val_loss: 0.3246 - val_acc: 0.5320
Epoch 96
Train on 2804 samples, validate on 500 samples
Epoch 1/1
2804/2804 [==============================] - 0s 52us/step - loss: 0.0065 - acc: 0.5342 - val_loss: 0.3748 - val_acc: 0.4740
Epoch 97
Train on 2804 samples, validate on 500 samples
Epoch 1/1
2804/2804 [==============================] - 0s 51us/step - loss: 0.0062 - acc: 0.5314 - val_loss: 0.3451 - val_acc: 0.5040
Epoch 98
Train on 2804 samples, validate on 500 samples
Epoch 1/1
2804/2804 [==============================] - 0s 52us/step - loss: 0.0062 - acc: 0.5503 - val_loss: 0.3553 - val_acc: 0.4840
Epoch 99
Train on 2804 samples, validate on 500 samples
Epoch 1/1
2804/2804 [==============================] - 0s 51us/step - loss: 0.0063 - acc: 0.5214 - val_loss: 0.3463 - val_acc: 0.5060
Neck alphas removed: 0.9697674418604652
Nuclear recoils removed: 0.5405543398978847
